[2025-09-09T02:10:50.330+0000] {processor.py:161} INFO - Started process (PID=163) to work on /opt/airflow/dags/orchestration.py
[2025-09-09T02:10:50.335+0000] {processor.py:830} INFO - Processing file /opt/airflow/dags/orchestration.py for tasks to queue
[2025-09-09T02:10:50.342+0000] {logging_mixin.py:188} INFO - [2025-09-09T02:10:50.340+0000] {dagbag.py:538} INFO - Filling up the DagBag from /opt/airflow/dags/orchestration.py
[2025-09-09T02:10:51.182+0000] {processor.py:840} INFO - DAG(s) 'ml_pipeline_orchestration' retrieved from /opt/airflow/dags/orchestration.py
[2025-09-09T02:10:57.045+0000] {logging_mixin.py:188} INFO - [2025-09-09T02:10:57.044+0000] {override.py:1769} INFO - Created Permission View: can read on DAG:ml_pipeline_orchestration
[2025-09-09T02:10:57.090+0000] {logging_mixin.py:188} INFO - [2025-09-09T02:10:57.089+0000] {override.py:1769} INFO - Created Permission View: can edit on DAG:ml_pipeline_orchestration
[2025-09-09T02:10:57.122+0000] {logging_mixin.py:188} INFO - [2025-09-09T02:10:57.122+0000] {override.py:1769} INFO - Created Permission View: can delete on DAG:ml_pipeline_orchestration
[2025-09-09T02:10:57.125+0000] {logging_mixin.py:188} INFO - [2025-09-09T02:10:57.124+0000] {dag.py:3036} INFO - Sync 1 DAGs
[2025-09-09T02:10:57.167+0000] {logging_mixin.py:188} INFO - [2025-09-09T02:10:57.166+0000] {dag.py:3058} INFO - Creating ORM DAG for ml_pipeline_orchestration
[2025-09-09T02:10:57.219+0000] {logging_mixin.py:188} INFO - [2025-09-09T02:10:57.218+0000] {dag.py:3823} INFO - Setting next_dagrun for ml_pipeline_orchestration to 2025-09-08 00:00:00+00:00, run_after=2025-09-09 00:00:00+00:00
[2025-09-09T02:10:57.290+0000] {processor.py:183} INFO - Processing /opt/airflow/dags/orchestration.py took 6.973 seconds
[2025-09-09T02:11:27.788+0000] {processor.py:161} INFO - Started process (PID=183) to work on /opt/airflow/dags/orchestration.py
[2025-09-09T02:11:27.793+0000] {processor.py:830} INFO - Processing file /opt/airflow/dags/orchestration.py for tasks to queue
[2025-09-09T02:11:27.797+0000] {logging_mixin.py:188} INFO - [2025-09-09T02:11:27.796+0000] {dagbag.py:538} INFO - Filling up the DagBag from /opt/airflow/dags/orchestration.py
[2025-09-09T02:11:27.919+0000] {processor.py:840} INFO - DAG(s) 'ml_pipeline_orchestration' retrieved from /opt/airflow/dags/orchestration.py
[2025-09-09T02:11:27.975+0000] {logging_mixin.py:188} INFO - [2025-09-09T02:11:27.974+0000] {dag.py:3036} INFO - Sync 1 DAGs
[2025-09-09T02:11:28.038+0000] {logging_mixin.py:188} INFO - [2025-09-09T02:11:28.037+0000] {dag.py:3823} INFO - Setting next_dagrun for ml_pipeline_orchestration to 2025-09-08 00:00:00+00:00, run_after=2025-09-09 00:00:00+00:00
[2025-09-09T02:11:28.285+0000] {processor.py:183} INFO - Processing /opt/airflow/dags/orchestration.py took 0.516 seconds
[2025-09-09T02:11:58.442+0000] {processor.py:161} INFO - Started process (PID=198) to work on /opt/airflow/dags/orchestration.py
[2025-09-09T02:11:58.447+0000] {processor.py:830} INFO - Processing file /opt/airflow/dags/orchestration.py for tasks to queue
[2025-09-09T02:11:58.454+0000] {logging_mixin.py:188} INFO - [2025-09-09T02:11:58.453+0000] {dagbag.py:538} INFO - Filling up the DagBag from /opt/airflow/dags/orchestration.py
[2025-09-09T02:11:58.602+0000] {processor.py:840} INFO - DAG(s) 'ml_pipeline_orchestration' retrieved from /opt/airflow/dags/orchestration.py
[2025-09-09T02:11:58.667+0000] {logging_mixin.py:188} INFO - [2025-09-09T02:11:58.666+0000] {dag.py:3036} INFO - Sync 1 DAGs
[2025-09-09T02:11:58.796+0000] {logging_mixin.py:188} INFO - [2025-09-09T02:11:58.796+0000] {dag.py:3823} INFO - Setting next_dagrun for ml_pipeline_orchestration to 2025-09-08 00:00:00+00:00, run_after=2025-09-09 00:00:00+00:00
[2025-09-09T02:11:58.902+0000] {processor.py:183} INFO - Processing /opt/airflow/dags/orchestration.py took 0.483 seconds
[2025-09-09T02:12:29.408+0000] {processor.py:161} INFO - Started process (PID=213) to work on /opt/airflow/dags/orchestration.py
[2025-09-09T02:12:29.413+0000] {processor.py:830} INFO - Processing file /opt/airflow/dags/orchestration.py for tasks to queue
[2025-09-09T02:12:29.419+0000] {logging_mixin.py:188} INFO - [2025-09-09T02:12:29.417+0000] {dagbag.py:538} INFO - Filling up the DagBag from /opt/airflow/dags/orchestration.py
[2025-09-09T02:12:29.543+0000] {processor.py:840} INFO - DAG(s) 'ml_pipeline_orchestration' retrieved from /opt/airflow/dags/orchestration.py
[2025-09-09T02:12:29.604+0000] {logging_mixin.py:188} INFO - [2025-09-09T02:12:29.603+0000] {dag.py:3036} INFO - Sync 1 DAGs
[2025-09-09T02:12:29.691+0000] {logging_mixin.py:188} INFO - [2025-09-09T02:12:29.691+0000] {dag.py:3823} INFO - Setting next_dagrun for ml_pipeline_orchestration to 2025-09-08 00:00:00+00:00, run_after=2025-09-09 00:00:00+00:00
[2025-09-09T02:12:30.168+0000] {processor.py:183} INFO - Processing /opt/airflow/dags/orchestration.py took 0.778 seconds
[2025-09-09T02:13:00.595+0000] {processor.py:161} INFO - Started process (PID=228) to work on /opt/airflow/dags/orchestration.py
[2025-09-09T02:13:00.597+0000] {processor.py:830} INFO - Processing file /opt/airflow/dags/orchestration.py for tasks to queue
[2025-09-09T02:13:00.601+0000] {logging_mixin.py:188} INFO - [2025-09-09T02:13:00.600+0000] {dagbag.py:538} INFO - Filling up the DagBag from /opt/airflow/dags/orchestration.py
[2025-09-09T02:13:00.724+0000] {processor.py:840} INFO - DAG(s) 'ml_pipeline_orchestration' retrieved from /opt/airflow/dags/orchestration.py
[2025-09-09T02:13:00.774+0000] {logging_mixin.py:188} INFO - [2025-09-09T02:13:00.773+0000] {dag.py:3036} INFO - Sync 1 DAGs
[2025-09-09T02:13:00.846+0000] {logging_mixin.py:188} INFO - [2025-09-09T02:13:00.845+0000] {dag.py:3823} INFO - Setting next_dagrun for ml_pipeline_orchestration to 2025-09-08 00:00:00+00:00, run_after=2025-09-09 00:00:00+00:00
[2025-09-09T02:13:00.915+0000] {processor.py:183} INFO - Processing /opt/airflow/dags/orchestration.py took 0.332 seconds
[2025-09-09T02:13:31.239+0000] {processor.py:161} INFO - Started process (PID=243) to work on /opt/airflow/dags/orchestration.py
[2025-09-09T02:13:31.242+0000] {processor.py:830} INFO - Processing file /opt/airflow/dags/orchestration.py for tasks to queue
[2025-09-09T02:13:31.250+0000] {logging_mixin.py:188} INFO - [2025-09-09T02:13:31.248+0000] {dagbag.py:538} INFO - Filling up the DagBag from /opt/airflow/dags/orchestration.py
[2025-09-09T02:13:31.388+0000] {processor.py:840} INFO - DAG(s) 'ml_pipeline_orchestration' retrieved from /opt/airflow/dags/orchestration.py
[2025-09-09T02:13:31.400+0000] {logging_mixin.py:188} INFO - [2025-09-09T02:13:31.399+0000] {dag.py:3036} INFO - Sync 1 DAGs
[2025-09-09T02:13:31.483+0000] {logging_mixin.py:188} INFO - [2025-09-09T02:13:31.482+0000] {dag.py:3823} INFO - Setting next_dagrun for ml_pipeline_orchestration to 2025-09-08 00:00:00+00:00, run_after=2025-09-09 00:00:00+00:00
[2025-09-09T02:13:31.595+0000] {processor.py:183} INFO - Processing /opt/airflow/dags/orchestration.py took 0.372 seconds
[2025-09-09T02:14:02.085+0000] {processor.py:161} INFO - Started process (PID=258) to work on /opt/airflow/dags/orchestration.py
[2025-09-09T02:14:02.090+0000] {processor.py:830} INFO - Processing file /opt/airflow/dags/orchestration.py for tasks to queue
[2025-09-09T02:14:02.095+0000] {logging_mixin.py:188} INFO - [2025-09-09T02:14:02.094+0000] {dagbag.py:538} INFO - Filling up the DagBag from /opt/airflow/dags/orchestration.py
[2025-09-09T02:14:02.211+0000] {processor.py:840} INFO - DAG(s) 'ml_pipeline_orchestration' retrieved from /opt/airflow/dags/orchestration.py
[2025-09-09T02:14:03.192+0000] {logging_mixin.py:188} INFO - [2025-09-09T02:14:03.191+0000] {dag.py:3036} INFO - Sync 1 DAGs
[2025-09-09T02:14:03.253+0000] {logging_mixin.py:188} INFO - [2025-09-09T02:14:03.252+0000] {dag.py:3823} INFO - Setting next_dagrun for ml_pipeline_orchestration to 2025-09-08 00:00:00+00:00, run_after=2025-09-09 00:00:00+00:00
[2025-09-09T02:14:03.320+0000] {processor.py:183} INFO - Processing /opt/airflow/dags/orchestration.py took 1.256 seconds
[2025-09-09T02:14:33.881+0000] {processor.py:161} INFO - Started process (PID=273) to work on /opt/airflow/dags/orchestration.py
[2025-09-09T02:14:33.889+0000] {processor.py:830} INFO - Processing file /opt/airflow/dags/orchestration.py for tasks to queue
[2025-09-09T02:14:33.917+0000] {logging_mixin.py:188} INFO - [2025-09-09T02:14:33.915+0000] {dagbag.py:538} INFO - Filling up the DagBag from /opt/airflow/dags/orchestration.py
[2025-09-09T02:14:34.019+0000] {processor.py:840} INFO - DAG(s) 'ml_pipeline_orchestration' retrieved from /opt/airflow/dags/orchestration.py
[2025-09-09T02:14:34.064+0000] {logging_mixin.py:188} INFO - [2025-09-09T02:14:34.063+0000] {dag.py:3036} INFO - Sync 1 DAGs
[2025-09-09T02:14:34.132+0000] {logging_mixin.py:188} INFO - [2025-09-09T02:14:34.131+0000] {dag.py:3823} INFO - Setting next_dagrun for ml_pipeline_orchestration to 2025-09-08 00:00:00+00:00, run_after=2025-09-09 00:00:00+00:00
[2025-09-09T02:14:34.229+0000] {processor.py:183} INFO - Processing /opt/airflow/dags/orchestration.py took 0.372 seconds
[2025-09-09T02:15:04.784+0000] {processor.py:161} INFO - Started process (PID=288) to work on /opt/airflow/dags/orchestration.py
[2025-09-09T02:15:04.790+0000] {processor.py:830} INFO - Processing file /opt/airflow/dags/orchestration.py for tasks to queue
[2025-09-09T02:15:04.795+0000] {logging_mixin.py:188} INFO - [2025-09-09T02:15:04.793+0000] {dagbag.py:538} INFO - Filling up the DagBag from /opt/airflow/dags/orchestration.py
[2025-09-09T02:15:04.915+0000] {processor.py:840} INFO - DAG(s) 'ml_pipeline_orchestration' retrieved from /opt/airflow/dags/orchestration.py
[2025-09-09T02:15:04.961+0000] {logging_mixin.py:188} INFO - [2025-09-09T02:15:04.960+0000] {dag.py:3036} INFO - Sync 1 DAGs
[2025-09-09T02:15:05.015+0000] {logging_mixin.py:188} INFO - [2025-09-09T02:15:05.014+0000] {dag.py:3823} INFO - Setting next_dagrun for ml_pipeline_orchestration to 2025-09-08 00:00:00+00:00, run_after=2025-09-09 00:00:00+00:00
[2025-09-09T02:15:05.166+0000] {processor.py:183} INFO - Processing /opt/airflow/dags/orchestration.py took 0.413 seconds
[2025-09-09T02:15:35.711+0000] {processor.py:161} INFO - Started process (PID=303) to work on /opt/airflow/dags/orchestration.py
[2025-09-09T02:15:35.719+0000] {processor.py:830} INFO - Processing file /opt/airflow/dags/orchestration.py for tasks to queue
[2025-09-09T02:15:35.726+0000] {logging_mixin.py:188} INFO - [2025-09-09T02:15:35.724+0000] {dagbag.py:538} INFO - Filling up the DagBag from /opt/airflow/dags/orchestration.py
[2025-09-09T02:15:35.848+0000] {processor.py:840} INFO - DAG(s) 'ml_pipeline_orchestration' retrieved from /opt/airflow/dags/orchestration.py
[2025-09-09T02:15:35.910+0000] {logging_mixin.py:188} INFO - [2025-09-09T02:15:35.910+0000] {dag.py:3036} INFO - Sync 1 DAGs
[2025-09-09T02:15:35.966+0000] {logging_mixin.py:188} INFO - [2025-09-09T02:15:35.965+0000] {dag.py:3823} INFO - Setting next_dagrun for ml_pipeline_orchestration to 2025-09-08 00:00:00+00:00, run_after=2025-09-09 00:00:00+00:00
[2025-09-09T02:15:36.195+0000] {processor.py:183} INFO - Processing /opt/airflow/dags/orchestration.py took 0.515 seconds
[2025-09-09T02:16:06.382+0000] {processor.py:161} INFO - Started process (PID=318) to work on /opt/airflow/dags/orchestration.py
[2025-09-09T02:16:06.387+0000] {processor.py:830} INFO - Processing file /opt/airflow/dags/orchestration.py for tasks to queue
[2025-09-09T02:16:06.394+0000] {logging_mixin.py:188} INFO - [2025-09-09T02:16:06.392+0000] {dagbag.py:538} INFO - Filling up the DagBag from /opt/airflow/dags/orchestration.py
[2025-09-09T02:16:06.521+0000] {processor.py:840} INFO - DAG(s) 'ml_pipeline_orchestration' retrieved from /opt/airflow/dags/orchestration.py
[2025-09-09T02:16:06.577+0000] {logging_mixin.py:188} INFO - [2025-09-09T02:16:06.576+0000] {dag.py:3036} INFO - Sync 1 DAGs
[2025-09-09T02:16:06.642+0000] {logging_mixin.py:188} INFO - [2025-09-09T02:16:06.641+0000] {dag.py:3823} INFO - Setting next_dagrun for ml_pipeline_orchestration to 2025-09-08 00:00:00+00:00, run_after=2025-09-09 00:00:00+00:00
[2025-09-09T02:16:06.788+0000] {processor.py:183} INFO - Processing /opt/airflow/dags/orchestration.py took 0.421 seconds
[2025-09-09T02:16:37.195+0000] {processor.py:161} INFO - Started process (PID=333) to work on /opt/airflow/dags/orchestration.py
[2025-09-09T02:16:37.199+0000] {processor.py:830} INFO - Processing file /opt/airflow/dags/orchestration.py for tasks to queue
[2025-09-09T02:16:37.203+0000] {logging_mixin.py:188} INFO - [2025-09-09T02:16:37.201+0000] {dagbag.py:538} INFO - Filling up the DagBag from /opt/airflow/dags/orchestration.py
[2025-09-09T02:16:37.321+0000] {processor.py:840} INFO - DAG(s) 'ml_pipeline_orchestration' retrieved from /opt/airflow/dags/orchestration.py
[2025-09-09T02:16:37.370+0000] {logging_mixin.py:188} INFO - [2025-09-09T02:16:37.370+0000] {dag.py:3036} INFO - Sync 1 DAGs
[2025-09-09T02:16:37.449+0000] {logging_mixin.py:188} INFO - [2025-09-09T02:16:37.449+0000] {dag.py:3823} INFO - Setting next_dagrun for ml_pipeline_orchestration to 2025-09-08 00:00:00+00:00, run_after=2025-09-09 00:00:00+00:00
[2025-09-09T02:16:37.807+0000] {processor.py:183} INFO - Processing /opt/airflow/dags/orchestration.py took 0.624 seconds
[2025-09-09T02:17:08.542+0000] {processor.py:161} INFO - Started process (PID=348) to work on /opt/airflow/dags/orchestration.py
[2025-09-09T02:17:08.548+0000] {processor.py:830} INFO - Processing file /opt/airflow/dags/orchestration.py for tasks to queue
[2025-09-09T02:17:08.555+0000] {logging_mixin.py:188} INFO - [2025-09-09T02:17:08.554+0000] {dagbag.py:538} INFO - Filling up the DagBag from /opt/airflow/dags/orchestration.py
[2025-09-09T02:17:08.748+0000] {processor.py:840} INFO - DAG(s) 'ml_pipeline_orchestration' retrieved from /opt/airflow/dags/orchestration.py
[2025-09-09T02:17:08.814+0000] {logging_mixin.py:188} INFO - [2025-09-09T02:17:08.814+0000] {dag.py:3036} INFO - Sync 1 DAGs
[2025-09-09T02:17:08.891+0000] {logging_mixin.py:188} INFO - [2025-09-09T02:17:08.890+0000] {dag.py:3823} INFO - Setting next_dagrun for ml_pipeline_orchestration to 2025-09-08 00:00:00+00:00, run_after=2025-09-09 00:00:00+00:00
[2025-09-09T02:17:09.135+0000] {processor.py:183} INFO - Processing /opt/airflow/dags/orchestration.py took 0.621 seconds
[2025-09-09T02:17:39.727+0000] {processor.py:161} INFO - Started process (PID=363) to work on /opt/airflow/dags/orchestration.py
[2025-09-09T02:17:39.732+0000] {processor.py:830} INFO - Processing file /opt/airflow/dags/orchestration.py for tasks to queue
[2025-09-09T02:17:39.739+0000] {logging_mixin.py:188} INFO - [2025-09-09T02:17:39.738+0000] {dagbag.py:538} INFO - Filling up the DagBag from /opt/airflow/dags/orchestration.py
[2025-09-09T02:17:39.954+0000] {processor.py:840} INFO - DAG(s) 'ml_pipeline_orchestration' retrieved from /opt/airflow/dags/orchestration.py
[2025-09-09T02:17:40.057+0000] {logging_mixin.py:188} INFO - [2025-09-09T02:17:40.056+0000] {dag.py:3036} INFO - Sync 1 DAGs
[2025-09-09T02:17:40.189+0000] {logging_mixin.py:188} INFO - [2025-09-09T02:17:40.185+0000] {dag.py:3823} INFO - Setting next_dagrun for ml_pipeline_orchestration to 2025-09-08 00:00:00+00:00, run_after=2025-09-09 00:00:00+00:00
[2025-09-09T02:17:40.490+0000] {processor.py:183} INFO - Processing /opt/airflow/dags/orchestration.py took 0.788 seconds
[2025-09-09T02:18:11.137+0000] {processor.py:161} INFO - Started process (PID=378) to work on /opt/airflow/dags/orchestration.py
[2025-09-09T02:18:11.141+0000] {processor.py:830} INFO - Processing file /opt/airflow/dags/orchestration.py for tasks to queue
[2025-09-09T02:18:11.147+0000] {logging_mixin.py:188} INFO - [2025-09-09T02:18:11.146+0000] {dagbag.py:538} INFO - Filling up the DagBag from /opt/airflow/dags/orchestration.py
[2025-09-09T02:18:11.311+0000] {processor.py:840} INFO - DAG(s) 'ml_pipeline_orchestration' retrieved from /opt/airflow/dags/orchestration.py
[2025-09-09T02:18:11.388+0000] {logging_mixin.py:188} INFO - [2025-09-09T02:18:11.388+0000] {dag.py:3036} INFO - Sync 1 DAGs
[2025-09-09T02:18:11.451+0000] {logging_mixin.py:188} INFO - [2025-09-09T02:18:11.450+0000] {dag.py:3823} INFO - Setting next_dagrun for ml_pipeline_orchestration to 2025-09-08 00:00:00+00:00, run_after=2025-09-09 00:00:00+00:00
[2025-09-09T02:18:11.553+0000] {processor.py:183} INFO - Processing /opt/airflow/dags/orchestration.py took 0.431 seconds
[2025-09-09T02:18:42.030+0000] {processor.py:161} INFO - Started process (PID=393) to work on /opt/airflow/dags/orchestration.py
[2025-09-09T02:18:42.036+0000] {processor.py:830} INFO - Processing file /opt/airflow/dags/orchestration.py for tasks to queue
[2025-09-09T02:18:42.040+0000] {logging_mixin.py:188} INFO - [2025-09-09T02:18:42.038+0000] {dagbag.py:538} INFO - Filling up the DagBag from /opt/airflow/dags/orchestration.py
[2025-09-09T02:18:42.154+0000] {processor.py:840} INFO - DAG(s) 'ml_pipeline_orchestration' retrieved from /opt/airflow/dags/orchestration.py
[2025-09-09T02:18:42.205+0000] {logging_mixin.py:188} INFO - [2025-09-09T02:18:42.205+0000] {dag.py:3036} INFO - Sync 1 DAGs
[2025-09-09T02:18:42.299+0000] {logging_mixin.py:188} INFO - [2025-09-09T02:18:42.298+0000] {dag.py:3823} INFO - Setting next_dagrun for ml_pipeline_orchestration to 2025-09-08 00:00:00+00:00, run_after=2025-09-09 00:00:00+00:00
[2025-09-09T02:18:42.595+0000] {processor.py:183} INFO - Processing /opt/airflow/dags/orchestration.py took 0.577 seconds
[2025-09-09T02:19:13.078+0000] {processor.py:161} INFO - Started process (PID=408) to work on /opt/airflow/dags/orchestration.py
[2025-09-09T02:19:13.082+0000] {processor.py:830} INFO - Processing file /opt/airflow/dags/orchestration.py for tasks to queue
[2025-09-09T02:19:13.088+0000] {logging_mixin.py:188} INFO - [2025-09-09T02:19:13.087+0000] {dagbag.py:538} INFO - Filling up the DagBag from /opt/airflow/dags/orchestration.py
[2025-09-09T02:19:13.193+0000] {processor.py:840} INFO - DAG(s) 'ml_pipeline_orchestration' retrieved from /opt/airflow/dags/orchestration.py
[2025-09-09T02:19:13.241+0000] {logging_mixin.py:188} INFO - [2025-09-09T02:19:13.241+0000] {dag.py:3036} INFO - Sync 1 DAGs
[2025-09-09T02:19:13.310+0000] {logging_mixin.py:188} INFO - [2025-09-09T02:19:13.310+0000] {dag.py:3823} INFO - Setting next_dagrun for ml_pipeline_orchestration to 2025-09-08 00:00:00+00:00, run_after=2025-09-09 00:00:00+00:00
[2025-09-09T02:19:13.444+0000] {processor.py:183} INFO - Processing /opt/airflow/dags/orchestration.py took 0.380 seconds
[2025-09-09T02:19:44.014+0000] {processor.py:161} INFO - Started process (PID=423) to work on /opt/airflow/dags/orchestration.py
[2025-09-09T02:19:44.019+0000] {processor.py:830} INFO - Processing file /opt/airflow/dags/orchestration.py for tasks to queue
[2025-09-09T02:19:44.024+0000] {logging_mixin.py:188} INFO - [2025-09-09T02:19:44.023+0000] {dagbag.py:538} INFO - Filling up the DagBag from /opt/airflow/dags/orchestration.py
[2025-09-09T02:19:44.130+0000] {processor.py:840} INFO - DAG(s) 'ml_pipeline_orchestration' retrieved from /opt/airflow/dags/orchestration.py
[2025-09-09T02:19:44.181+0000] {logging_mixin.py:188} INFO - [2025-09-09T02:19:44.180+0000] {dag.py:3036} INFO - Sync 1 DAGs
[2025-09-09T02:19:44.268+0000] {logging_mixin.py:188} INFO - [2025-09-09T02:19:44.268+0000] {dag.py:3823} INFO - Setting next_dagrun for ml_pipeline_orchestration to 2025-09-08 00:00:00+00:00, run_after=2025-09-09 00:00:00+00:00
[2025-09-09T02:19:44.390+0000] {processor.py:183} INFO - Processing /opt/airflow/dags/orchestration.py took 0.391 seconds
[2025-09-09T02:20:14.603+0000] {processor.py:161} INFO - Started process (PID=438) to work on /opt/airflow/dags/orchestration.py
[2025-09-09T02:20:14.609+0000] {processor.py:830} INFO - Processing file /opt/airflow/dags/orchestration.py for tasks to queue
[2025-09-09T02:20:14.616+0000] {logging_mixin.py:188} INFO - [2025-09-09T02:20:14.614+0000] {dagbag.py:538} INFO - Filling up the DagBag from /opt/airflow/dags/orchestration.py
[2025-09-09T02:20:14.788+0000] {processor.py:840} INFO - DAG(s) 'ml_pipeline_orchestration' retrieved from /opt/airflow/dags/orchestration.py
[2025-09-09T02:20:14.867+0000] {logging_mixin.py:188} INFO - [2025-09-09T02:20:14.866+0000] {dag.py:3036} INFO - Sync 1 DAGs
[2025-09-09T02:20:14.979+0000] {logging_mixin.py:188} INFO - [2025-09-09T02:20:14.979+0000] {dag.py:3823} INFO - Setting next_dagrun for ml_pipeline_orchestration to 2025-09-08 00:00:00+00:00, run_after=2025-09-09 00:00:00+00:00
[2025-09-09T02:20:15.870+0000] {processor.py:183} INFO - Processing /opt/airflow/dags/orchestration.py took 1.286 seconds
[2025-09-09T02:20:46.387+0000] {processor.py:161} INFO - Started process (PID=453) to work on /opt/airflow/dags/orchestration.py
[2025-09-09T02:20:46.392+0000] {processor.py:830} INFO - Processing file /opt/airflow/dags/orchestration.py for tasks to queue
[2025-09-09T02:20:46.399+0000] {logging_mixin.py:188} INFO - [2025-09-09T02:20:46.398+0000] {dagbag.py:538} INFO - Filling up the DagBag from /opt/airflow/dags/orchestration.py
[2025-09-09T02:20:46.519+0000] {processor.py:840} INFO - DAG(s) 'ml_pipeline_orchestration' retrieved from /opt/airflow/dags/orchestration.py
[2025-09-09T02:20:46.581+0000] {logging_mixin.py:188} INFO - [2025-09-09T02:20:46.581+0000] {dag.py:3036} INFO - Sync 1 DAGs
[2025-09-09T02:20:46.654+0000] {logging_mixin.py:188} INFO - [2025-09-09T02:20:46.653+0000] {dag.py:3823} INFO - Setting next_dagrun for ml_pipeline_orchestration to 2025-09-08 00:00:00+00:00, run_after=2025-09-09 00:00:00+00:00
[2025-09-09T02:20:46.733+0000] {processor.py:183} INFO - Processing /opt/airflow/dags/orchestration.py took 0.365 seconds
[2025-09-09T02:21:17.061+0000] {processor.py:161} INFO - Started process (PID=468) to work on /opt/airflow/dags/orchestration.py
[2025-09-09T02:21:17.067+0000] {processor.py:830} INFO - Processing file /opt/airflow/dags/orchestration.py for tasks to queue
[2025-09-09T02:21:17.080+0000] {logging_mixin.py:188} INFO - [2025-09-09T02:21:17.078+0000] {dagbag.py:538} INFO - Filling up the DagBag from /opt/airflow/dags/orchestration.py
[2025-09-09T02:21:17.227+0000] {processor.py:840} INFO - DAG(s) 'ml_pipeline_orchestration' retrieved from /opt/airflow/dags/orchestration.py
[2025-09-09T02:21:17.556+0000] {logging_mixin.py:188} INFO - [2025-09-09T02:21:17.556+0000] {dag.py:3036} INFO - Sync 1 DAGs
[2025-09-09T02:21:17.608+0000] {logging_mixin.py:188} INFO - [2025-09-09T02:21:17.608+0000] {dag.py:3823} INFO - Setting next_dagrun for ml_pipeline_orchestration to 2025-09-08 00:00:00+00:00, run_after=2025-09-09 00:00:00+00:00
[2025-09-09T02:21:17.678+0000] {processor.py:183} INFO - Processing /opt/airflow/dags/orchestration.py took 0.644 seconds
[2025-09-09T02:21:48.215+0000] {processor.py:161} INFO - Started process (PID=483) to work on /opt/airflow/dags/orchestration.py
[2025-09-09T02:21:48.228+0000] {processor.py:830} INFO - Processing file /opt/airflow/dags/orchestration.py for tasks to queue
[2025-09-09T02:21:48.237+0000] {logging_mixin.py:188} INFO - [2025-09-09T02:21:48.231+0000] {dagbag.py:538} INFO - Filling up the DagBag from /opt/airflow/dags/orchestration.py
[2025-09-09T02:21:48.350+0000] {processor.py:840} INFO - DAG(s) 'ml_pipeline_orchestration' retrieved from /opt/airflow/dags/orchestration.py
[2025-09-09T02:21:48.398+0000] {logging_mixin.py:188} INFO - [2025-09-09T02:21:48.397+0000] {dag.py:3036} INFO - Sync 1 DAGs
[2025-09-09T02:21:48.455+0000] {logging_mixin.py:188} INFO - [2025-09-09T02:21:48.455+0000] {dag.py:3823} INFO - Setting next_dagrun for ml_pipeline_orchestration to 2025-09-08 00:00:00+00:00, run_after=2025-09-09 00:00:00+00:00
[2025-09-09T02:21:48.629+0000] {processor.py:183} INFO - Processing /opt/airflow/dags/orchestration.py took 0.426 seconds
[2025-09-09T02:22:19.163+0000] {processor.py:161} INFO - Started process (PID=514) to work on /opt/airflow/dags/orchestration.py
[2025-09-09T02:22:19.180+0000] {processor.py:830} INFO - Processing file /opt/airflow/dags/orchestration.py for tasks to queue
[2025-09-09T02:22:19.187+0000] {logging_mixin.py:188} INFO - [2025-09-09T02:22:19.185+0000] {dagbag.py:538} INFO - Filling up the DagBag from /opt/airflow/dags/orchestration.py
[2025-09-09T02:22:19.387+0000] {processor.py:840} INFO - DAG(s) 'ml_pipeline_orchestration' retrieved from /opt/airflow/dags/orchestration.py
[2025-09-09T02:22:19.457+0000] {logging_mixin.py:188} INFO - [2025-09-09T02:22:19.457+0000] {dag.py:3036} INFO - Sync 1 DAGs
[2025-09-09T02:22:19.526+0000] {logging_mixin.py:188} INFO - [2025-09-09T02:22:19.526+0000] {dag.py:3823} INFO - Setting next_dagrun for ml_pipeline_orchestration to 2025-09-09 00:00:00+00:00, run_after=2025-09-10 00:00:00+00:00
[2025-09-09T02:22:19.720+0000] {processor.py:183} INFO - Processing /opt/airflow/dags/orchestration.py took 0.587 seconds
[2025-09-09T02:22:50.262+0000] {processor.py:161} INFO - Started process (PID=531) to work on /opt/airflow/dags/orchestration.py
[2025-09-09T02:22:50.266+0000] {processor.py:830} INFO - Processing file /opt/airflow/dags/orchestration.py for tasks to queue
[2025-09-09T02:22:50.271+0000] {logging_mixin.py:188} INFO - [2025-09-09T02:22:50.270+0000] {dagbag.py:538} INFO - Filling up the DagBag from /opt/airflow/dags/orchestration.py
[2025-09-09T02:22:50.399+0000] {processor.py:840} INFO - DAG(s) 'ml_pipeline_orchestration' retrieved from /opt/airflow/dags/orchestration.py
[2025-09-09T02:22:50.453+0000] {logging_mixin.py:188} INFO - [2025-09-09T02:22:50.452+0000] {dag.py:3036} INFO - Sync 1 DAGs
[2025-09-09T02:22:50.559+0000] {logging_mixin.py:188} INFO - [2025-09-09T02:22:50.558+0000] {dag.py:3823} INFO - Setting next_dagrun for ml_pipeline_orchestration to 2025-09-09 00:00:00+00:00, run_after=2025-09-10 00:00:00+00:00
[2025-09-09T02:22:50.699+0000] {processor.py:183} INFO - Processing /opt/airflow/dags/orchestration.py took 0.449 seconds
[2025-09-09T02:23:20.881+0000] {processor.py:161} INFO - Started process (PID=546) to work on /opt/airflow/dags/orchestration.py
[2025-09-09T02:23:20.886+0000] {processor.py:830} INFO - Processing file /opt/airflow/dags/orchestration.py for tasks to queue
[2025-09-09T02:23:20.891+0000] {logging_mixin.py:188} INFO - [2025-09-09T02:23:20.889+0000] {dagbag.py:538} INFO - Filling up the DagBag from /opt/airflow/dags/orchestration.py
[2025-09-09T02:23:21.030+0000] {processor.py:840} INFO - DAG(s) 'ml_pipeline_orchestration' retrieved from /opt/airflow/dags/orchestration.py
[2025-09-09T02:23:21.110+0000] {logging_mixin.py:188} INFO - [2025-09-09T02:23:21.109+0000] {dag.py:3036} INFO - Sync 1 DAGs
[2025-09-09T02:23:21.187+0000] {logging_mixin.py:188} INFO - [2025-09-09T02:23:21.187+0000] {dag.py:3823} INFO - Setting next_dagrun for ml_pipeline_orchestration to 2025-09-09 00:00:00+00:00, run_after=2025-09-10 00:00:00+00:00
[2025-09-09T02:23:21.282+0000] {processor.py:183} INFO - Processing /opt/airflow/dags/orchestration.py took 0.418 seconds
[2025-09-09T02:23:51.731+0000] {processor.py:161} INFO - Started process (PID=561) to work on /opt/airflow/dags/orchestration.py
[2025-09-09T02:23:51.734+0000] {processor.py:830} INFO - Processing file /opt/airflow/dags/orchestration.py for tasks to queue
[2025-09-09T02:23:51.739+0000] {logging_mixin.py:188} INFO - [2025-09-09T02:23:51.737+0000] {dagbag.py:538} INFO - Filling up the DagBag from /opt/airflow/dags/orchestration.py
[2025-09-09T02:23:51.943+0000] {processor.py:840} INFO - DAG(s) 'ml_pipeline_orchestration' retrieved from /opt/airflow/dags/orchestration.py
[2025-09-09T02:23:52.032+0000] {logging_mixin.py:188} INFO - [2025-09-09T02:23:52.032+0000] {dag.py:3036} INFO - Sync 1 DAGs
[2025-09-09T02:23:52.182+0000] {logging_mixin.py:188} INFO - [2025-09-09T02:23:52.178+0000] {dag.py:3823} INFO - Setting next_dagrun for ml_pipeline_orchestration to 2025-09-09 00:00:00+00:00, run_after=2025-09-10 00:00:00+00:00
[2025-09-09T02:23:52.300+0000] {processor.py:183} INFO - Processing /opt/airflow/dags/orchestration.py took 0.582 seconds
[2025-09-09T02:24:24.101+0000] {processor.py:161} INFO - Started process (PID=579) to work on /opt/airflow/dags/orchestration.py
[2025-09-09T02:24:24.120+0000] {processor.py:830} INFO - Processing file /opt/airflow/dags/orchestration.py for tasks to queue
[2025-09-09T02:24:24.175+0000] {logging_mixin.py:188} INFO - [2025-09-09T02:24:24.168+0000] {dagbag.py:538} INFO - Filling up the DagBag from /opt/airflow/dags/orchestration.py
[2025-09-09T02:24:29.414+0000] {processor.py:840} INFO - DAG(s) 'ml_pipeline_orchestration' retrieved from /opt/airflow/dags/orchestration.py
[2025-09-09T02:24:31.408+0000] {logging_mixin.py:188} INFO - [2025-09-09T02:24:31.394+0000] {dag.py:3036} INFO - Sync 1 DAGs
[2025-09-09T02:24:33.206+0000] {logging_mixin.py:188} INFO - [2025-09-09T02:24:33.203+0000] {dag.py:3823} INFO - Setting next_dagrun for ml_pipeline_orchestration to 2025-09-09 00:00:00+00:00, run_after=2025-09-10 00:00:00+00:00
[2025-09-09T02:24:35.152+0000] {processor.py:183} INFO - Processing /opt/airflow/dags/orchestration.py took 11.138 seconds
[2025-09-09T02:25:06.073+0000] {processor.py:161} INFO - Started process (PID=596) to work on /opt/airflow/dags/orchestration.py
[2025-09-09T02:25:06.076+0000] {processor.py:830} INFO - Processing file /opt/airflow/dags/orchestration.py for tasks to queue
[2025-09-09T02:25:06.081+0000] {logging_mixin.py:188} INFO - [2025-09-09T02:25:06.079+0000] {dagbag.py:538} INFO - Filling up the DagBag from /opt/airflow/dags/orchestration.py
[2025-09-09T02:25:06.225+0000] {processor.py:840} INFO - DAG(s) 'ml_pipeline_orchestration' retrieved from /opt/airflow/dags/orchestration.py
[2025-09-09T02:25:06.284+0000] {logging_mixin.py:188} INFO - [2025-09-09T02:25:06.283+0000] {dag.py:3036} INFO - Sync 1 DAGs
[2025-09-09T02:25:06.340+0000] {logging_mixin.py:188} INFO - [2025-09-09T02:25:06.340+0000] {dag.py:3823} INFO - Setting next_dagrun for ml_pipeline_orchestration to 2025-09-09 00:00:00+00:00, run_after=2025-09-10 00:00:00+00:00
[2025-09-09T02:25:06.427+0000] {processor.py:183} INFO - Processing /opt/airflow/dags/orchestration.py took 0.371 seconds
[2025-09-09T02:25:36.965+0000] {processor.py:161} INFO - Started process (PID=611) to work on /opt/airflow/dags/orchestration.py
[2025-09-09T02:25:36.971+0000] {processor.py:830} INFO - Processing file /opt/airflow/dags/orchestration.py for tasks to queue
[2025-09-09T02:25:36.977+0000] {logging_mixin.py:188} INFO - [2025-09-09T02:25:36.975+0000] {dagbag.py:538} INFO - Filling up the DagBag from /opt/airflow/dags/orchestration.py
[2025-09-09T02:25:37.134+0000] {processor.py:840} INFO - DAG(s) 'ml_pipeline_orchestration' retrieved from /opt/airflow/dags/orchestration.py
[2025-09-09T02:25:37.190+0000] {logging_mixin.py:188} INFO - [2025-09-09T02:25:37.189+0000] {dag.py:3036} INFO - Sync 1 DAGs
[2025-09-09T02:25:37.251+0000] {logging_mixin.py:188} INFO - [2025-09-09T02:25:37.251+0000] {dag.py:3823} INFO - Setting next_dagrun for ml_pipeline_orchestration to 2025-09-09 00:00:00+00:00, run_after=2025-09-10 00:00:00+00:00
[2025-09-09T02:25:37.338+0000] {processor.py:183} INFO - Processing /opt/airflow/dags/orchestration.py took 0.402 seconds
[2025-09-09T02:26:08.057+0000] {processor.py:161} INFO - Started process (PID=626) to work on /opt/airflow/dags/orchestration.py
[2025-09-09T02:26:08.063+0000] {processor.py:830} INFO - Processing file /opt/airflow/dags/orchestration.py for tasks to queue
[2025-09-09T02:26:08.067+0000] {logging_mixin.py:188} INFO - [2025-09-09T02:26:08.066+0000] {dagbag.py:538} INFO - Filling up the DagBag from /opt/airflow/dags/orchestration.py
[2025-09-09T02:26:08.218+0000] {processor.py:840} INFO - DAG(s) 'ml_pipeline_orchestration' retrieved from /opt/airflow/dags/orchestration.py
[2025-09-09T02:26:08.273+0000] {logging_mixin.py:188} INFO - [2025-09-09T02:26:08.272+0000] {dag.py:3036} INFO - Sync 1 DAGs
[2025-09-09T02:26:08.332+0000] {logging_mixin.py:188} INFO - [2025-09-09T02:26:08.331+0000] {dag.py:3823} INFO - Setting next_dagrun for ml_pipeline_orchestration to 2025-09-09 00:00:00+00:00, run_after=2025-09-10 00:00:00+00:00
[2025-09-09T02:26:08.417+0000] {processor.py:183} INFO - Processing /opt/airflow/dags/orchestration.py took 0.382 seconds
[2025-09-09T02:26:39.158+0000] {processor.py:161} INFO - Started process (PID=641) to work on /opt/airflow/dags/orchestration.py
[2025-09-09T02:26:39.163+0000] {processor.py:830} INFO - Processing file /opt/airflow/dags/orchestration.py for tasks to queue
[2025-09-09T02:26:39.170+0000] {logging_mixin.py:188} INFO - [2025-09-09T02:26:39.167+0000] {dagbag.py:538} INFO - Filling up the DagBag from /opt/airflow/dags/orchestration.py
[2025-09-09T02:26:39.300+0000] {processor.py:840} INFO - DAG(s) 'ml_pipeline_orchestration' retrieved from /opt/airflow/dags/orchestration.py
[2025-09-09T02:26:39.340+0000] {logging_mixin.py:188} INFO - [2025-09-09T02:26:39.339+0000] {dag.py:3036} INFO - Sync 1 DAGs
[2025-09-09T02:26:39.398+0000] {logging_mixin.py:188} INFO - [2025-09-09T02:26:39.398+0000] {dag.py:3823} INFO - Setting next_dagrun for ml_pipeline_orchestration to 2025-09-09 00:00:00+00:00, run_after=2025-09-10 00:00:00+00:00
[2025-09-09T02:26:39.483+0000] {processor.py:183} INFO - Processing /opt/airflow/dags/orchestration.py took 0.336 seconds
[2025-09-09T02:27:10.077+0000] {processor.py:161} INFO - Started process (PID=656) to work on /opt/airflow/dags/orchestration.py
[2025-09-09T02:27:10.081+0000] {processor.py:830} INFO - Processing file /opt/airflow/dags/orchestration.py for tasks to queue
[2025-09-09T02:27:10.086+0000] {logging_mixin.py:188} INFO - [2025-09-09T02:27:10.084+0000] {dagbag.py:538} INFO - Filling up the DagBag from /opt/airflow/dags/orchestration.py
[2025-09-09T02:27:10.170+0000] {processor.py:840} INFO - DAG(s) 'ml_pipeline_orchestration' retrieved from /opt/airflow/dags/orchestration.py
[2025-09-09T02:27:10.211+0000] {logging_mixin.py:188} INFO - [2025-09-09T02:27:10.210+0000] {dag.py:3036} INFO - Sync 1 DAGs
[2025-09-09T02:27:10.268+0000] {logging_mixin.py:188} INFO - [2025-09-09T02:27:10.268+0000] {dag.py:3823} INFO - Setting next_dagrun for ml_pipeline_orchestration to 2025-09-09 00:00:00+00:00, run_after=2025-09-10 00:00:00+00:00
[2025-09-09T02:27:10.344+0000] {processor.py:183} INFO - Processing /opt/airflow/dags/orchestration.py took 0.284 seconds
[2025-09-09T02:27:41.179+0000] {processor.py:161} INFO - Started process (PID=675) to work on /opt/airflow/dags/orchestration.py
[2025-09-09T02:27:41.185+0000] {processor.py:830} INFO - Processing file /opt/airflow/dags/orchestration.py for tasks to queue
[2025-09-09T02:27:41.190+0000] {logging_mixin.py:188} INFO - [2025-09-09T02:27:41.188+0000] {dagbag.py:538} INFO - Filling up the DagBag from /opt/airflow/dags/orchestration.py
[2025-09-09T02:27:41.341+0000] {processor.py:840} INFO - DAG(s) 'ml_pipeline_orchestration' retrieved from /opt/airflow/dags/orchestration.py
[2025-09-09T02:27:41.388+0000] {logging_mixin.py:188} INFO - [2025-09-09T02:27:41.387+0000] {dag.py:3036} INFO - Sync 1 DAGs
[2025-09-09T02:27:41.462+0000] {logging_mixin.py:188} INFO - [2025-09-09T02:27:41.461+0000] {dag.py:3823} INFO - Setting next_dagrun for ml_pipeline_orchestration to 2025-09-09 00:00:00+00:00, run_after=2025-09-10 00:00:00+00:00
[2025-09-09T02:27:41.583+0000] {processor.py:183} INFO - Processing /opt/airflow/dags/orchestration.py took 0.428 seconds
[2025-09-09T02:28:12.129+0000] {processor.py:161} INFO - Started process (PID=690) to work on /opt/airflow/dags/orchestration.py
[2025-09-09T02:28:12.132+0000] {processor.py:830} INFO - Processing file /opt/airflow/dags/orchestration.py for tasks to queue
[2025-09-09T02:28:12.136+0000] {logging_mixin.py:188} INFO - [2025-09-09T02:28:12.135+0000] {dagbag.py:538} INFO - Filling up the DagBag from /opt/airflow/dags/orchestration.py
[2025-09-09T02:28:12.239+0000] {processor.py:840} INFO - DAG(s) 'ml_pipeline_orchestration' retrieved from /opt/airflow/dags/orchestration.py
[2025-09-09T02:28:12.282+0000] {logging_mixin.py:188} INFO - [2025-09-09T02:28:12.281+0000] {dag.py:3036} INFO - Sync 1 DAGs
[2025-09-09T02:28:12.343+0000] {logging_mixin.py:188} INFO - [2025-09-09T02:28:12.343+0000] {dag.py:3823} INFO - Setting next_dagrun for ml_pipeline_orchestration to 2025-09-09 00:00:00+00:00, run_after=2025-09-10 00:00:00+00:00
[2025-09-09T02:28:12.425+0000] {processor.py:183} INFO - Processing /opt/airflow/dags/orchestration.py took 0.314 seconds
[2025-09-09T02:28:43.336+0000] {processor.py:161} INFO - Started process (PID=705) to work on /opt/airflow/dags/orchestration.py
[2025-09-09T02:28:43.340+0000] {processor.py:830} INFO - Processing file /opt/airflow/dags/orchestration.py for tasks to queue
[2025-09-09T02:28:43.345+0000] {logging_mixin.py:188} INFO - [2025-09-09T02:28:43.344+0000] {dagbag.py:538} INFO - Filling up the DagBag from /opt/airflow/dags/orchestration.py
[2025-09-09T02:28:43.491+0000] {processor.py:840} INFO - DAG(s) 'ml_pipeline_orchestration' retrieved from /opt/airflow/dags/orchestration.py
[2025-09-09T02:28:43.541+0000] {logging_mixin.py:188} INFO - [2025-09-09T02:28:43.540+0000] {dag.py:3036} INFO - Sync 1 DAGs
[2025-09-09T02:28:43.600+0000] {logging_mixin.py:188} INFO - [2025-09-09T02:28:43.600+0000] {dag.py:3823} INFO - Setting next_dagrun for ml_pipeline_orchestration to 2025-09-09 00:00:00+00:00, run_after=2025-09-10 00:00:00+00:00
[2025-09-09T02:28:43.672+0000] {processor.py:183} INFO - Processing /opt/airflow/dags/orchestration.py took 0.355 seconds
[2025-09-09T02:29:13.794+0000] {processor.py:161} INFO - Started process (PID=718) to work on /opt/airflow/dags/orchestration.py
[2025-09-09T02:29:13.797+0000] {processor.py:830} INFO - Processing file /opt/airflow/dags/orchestration.py for tasks to queue
[2025-09-09T02:29:13.801+0000] {logging_mixin.py:188} INFO - [2025-09-09T02:29:13.800+0000] {dagbag.py:538} INFO - Filling up the DagBag from /opt/airflow/dags/orchestration.py
[2025-09-09T02:29:13.899+0000] {processor.py:840} INFO - DAG(s) 'ml_pipeline_orchestration' retrieved from /opt/airflow/dags/orchestration.py
[2025-09-09T02:29:13.952+0000] {logging_mixin.py:188} INFO - [2025-09-09T02:29:13.951+0000] {dag.py:3036} INFO - Sync 1 DAGs
[2025-09-09T02:29:14.014+0000] {logging_mixin.py:188} INFO - [2025-09-09T02:29:14.014+0000] {dag.py:3823} INFO - Setting next_dagrun for ml_pipeline_orchestration to 2025-09-09 00:00:00+00:00, run_after=2025-09-10 00:00:00+00:00
[2025-09-09T02:29:14.910+0000] {processor.py:183} INFO - Processing /opt/airflow/dags/orchestration.py took 1.128 seconds
[2025-09-09T02:29:45.411+0000] {processor.py:161} INFO - Started process (PID=735) to work on /opt/airflow/dags/orchestration.py
[2025-09-09T02:29:45.417+0000] {processor.py:830} INFO - Processing file /opt/airflow/dags/orchestration.py for tasks to queue
[2025-09-09T02:29:45.425+0000] {logging_mixin.py:188} INFO - [2025-09-09T02:29:45.423+0000] {dagbag.py:538} INFO - Filling up the DagBag from /opt/airflow/dags/orchestration.py
[2025-09-09T02:29:45.612+0000] {processor.py:840} INFO - DAG(s) 'ml_pipeline_orchestration' retrieved from /opt/airflow/dags/orchestration.py
[2025-09-09T02:29:45.669+0000] {logging_mixin.py:188} INFO - [2025-09-09T02:29:45.669+0000] {dag.py:3036} INFO - Sync 1 DAGs
[2025-09-09T02:29:45.748+0000] {logging_mixin.py:188} INFO - [2025-09-09T02:29:45.748+0000] {dag.py:3823} INFO - Setting next_dagrun for ml_pipeline_orchestration to 2025-09-09 00:00:00+00:00, run_after=2025-09-10 00:00:00+00:00
[2025-09-09T02:29:45.859+0000] {processor.py:183} INFO - Processing /opt/airflow/dags/orchestration.py took 0.470 seconds
[2025-09-09T02:30:16.573+0000] {processor.py:161} INFO - Started process (PID=750) to work on /opt/airflow/dags/orchestration.py
[2025-09-09T02:30:16.576+0000] {processor.py:830} INFO - Processing file /opt/airflow/dags/orchestration.py for tasks to queue
[2025-09-09T02:30:16.578+0000] {logging_mixin.py:188} INFO - [2025-09-09T02:30:16.578+0000] {dagbag.py:538} INFO - Filling up the DagBag from /opt/airflow/dags/orchestration.py
[2025-09-09T02:30:16.674+0000] {processor.py:840} INFO - DAG(s) 'ml_pipeline_orchestration' retrieved from /opt/airflow/dags/orchestration.py
[2025-09-09T02:30:16.715+0000] {logging_mixin.py:188} INFO - [2025-09-09T02:30:16.714+0000] {dag.py:3036} INFO - Sync 1 DAGs
[2025-09-09T02:30:16.771+0000] {logging_mixin.py:188} INFO - [2025-09-09T02:30:16.771+0000] {dag.py:3823} INFO - Setting next_dagrun for ml_pipeline_orchestration to 2025-09-09 00:00:00+00:00, run_after=2025-09-10 00:00:00+00:00
[2025-09-09T02:30:16.887+0000] {processor.py:183} INFO - Processing /opt/airflow/dags/orchestration.py took 0.325 seconds
[2025-09-09T02:30:47.701+0000] {processor.py:161} INFO - Started process (PID=765) to work on /opt/airflow/dags/orchestration.py
[2025-09-09T02:30:47.705+0000] {processor.py:830} INFO - Processing file /opt/airflow/dags/orchestration.py for tasks to queue
[2025-09-09T02:30:47.712+0000] {logging_mixin.py:188} INFO - [2025-09-09T02:30:47.710+0000] {dagbag.py:538} INFO - Filling up the DagBag from /opt/airflow/dags/orchestration.py
[2025-09-09T02:30:47.849+0000] {processor.py:840} INFO - DAG(s) 'ml_pipeline_orchestration' retrieved from /opt/airflow/dags/orchestration.py
[2025-09-09T02:30:47.897+0000] {logging_mixin.py:188} INFO - [2025-09-09T02:30:47.896+0000] {dag.py:3036} INFO - Sync 1 DAGs
[2025-09-09T02:30:47.956+0000] {logging_mixin.py:188} INFO - [2025-09-09T02:30:47.956+0000] {dag.py:3823} INFO - Setting next_dagrun for ml_pipeline_orchestration to 2025-09-09 00:00:00+00:00, run_after=2025-09-10 00:00:00+00:00
[2025-09-09T02:30:48.090+0000] {processor.py:183} INFO - Processing /opt/airflow/dags/orchestration.py took 0.413 seconds
[2025-09-09T02:31:18.747+0000] {processor.py:161} INFO - Started process (PID=780) to work on /opt/airflow/dags/orchestration.py
[2025-09-09T02:31:18.754+0000] {processor.py:830} INFO - Processing file /opt/airflow/dags/orchestration.py for tasks to queue
[2025-09-09T02:31:18.761+0000] {logging_mixin.py:188} INFO - [2025-09-09T02:31:18.759+0000] {dagbag.py:538} INFO - Filling up the DagBag from /opt/airflow/dags/orchestration.py
[2025-09-09T02:31:18.946+0000] {processor.py:840} INFO - DAG(s) 'ml_pipeline_orchestration' retrieved from /opt/airflow/dags/orchestration.py
[2025-09-09T02:31:18.993+0000] {logging_mixin.py:188} INFO - [2025-09-09T02:31:18.993+0000] {dag.py:3036} INFO - Sync 1 DAGs
[2025-09-09T02:31:19.053+0000] {logging_mixin.py:188} INFO - [2025-09-09T02:31:19.053+0000] {dag.py:3823} INFO - Setting next_dagrun for ml_pipeline_orchestration to 2025-09-09 00:00:00+00:00, run_after=2025-09-10 00:00:00+00:00
[2025-09-09T02:31:19.106+0000] {processor.py:183} INFO - Processing /opt/airflow/dags/orchestration.py took 0.383 seconds
[2025-09-09T02:31:49.848+0000] {processor.py:161} INFO - Started process (PID=795) to work on /opt/airflow/dags/orchestration.py
[2025-09-09T02:31:49.854+0000] {processor.py:830} INFO - Processing file /opt/airflow/dags/orchestration.py for tasks to queue
[2025-09-09T02:31:49.859+0000] {logging_mixin.py:188} INFO - [2025-09-09T02:31:49.858+0000] {dagbag.py:538} INFO - Filling up the DagBag from /opt/airflow/dags/orchestration.py
[2025-09-09T02:31:50.001+0000] {processor.py:840} INFO - DAG(s) 'ml_pipeline_orchestration' retrieved from /opt/airflow/dags/orchestration.py
[2025-09-09T02:31:50.045+0000] {logging_mixin.py:188} INFO - [2025-09-09T02:31:50.045+0000] {dag.py:3036} INFO - Sync 1 DAGs
[2025-09-09T02:31:50.104+0000] {logging_mixin.py:188} INFO - [2025-09-09T02:31:50.103+0000] {dag.py:3823} INFO - Setting next_dagrun for ml_pipeline_orchestration to 2025-09-09 00:00:00+00:00, run_after=2025-09-10 00:00:00+00:00
[2025-09-09T02:31:50.188+0000] {processor.py:183} INFO - Processing /opt/airflow/dags/orchestration.py took 0.362 seconds
[2025-09-09T02:32:20.966+0000] {processor.py:161} INFO - Started process (PID=810) to work on /opt/airflow/dags/orchestration.py
[2025-09-09T02:32:20.971+0000] {processor.py:830} INFO - Processing file /opt/airflow/dags/orchestration.py for tasks to queue
[2025-09-09T02:32:20.974+0000] {logging_mixin.py:188} INFO - [2025-09-09T02:32:20.973+0000] {dagbag.py:538} INFO - Filling up the DagBag from /opt/airflow/dags/orchestration.py
[2025-09-09T02:32:21.072+0000] {processor.py:840} INFO - DAG(s) 'ml_pipeline_orchestration' retrieved from /opt/airflow/dags/orchestration.py
[2025-09-09T02:32:21.110+0000] {logging_mixin.py:188} INFO - [2025-09-09T02:32:21.110+0000] {dag.py:3036} INFO - Sync 1 DAGs
[2025-09-09T02:32:21.165+0000] {logging_mixin.py:188} INFO - [2025-09-09T02:32:21.165+0000] {dag.py:3823} INFO - Setting next_dagrun for ml_pipeline_orchestration to 2025-09-09 00:00:00+00:00, run_after=2025-09-10 00:00:00+00:00
[2025-09-09T02:32:21.253+0000] {processor.py:183} INFO - Processing /opt/airflow/dags/orchestration.py took 0.312 seconds
[2025-09-09T02:32:51.878+0000] {processor.py:161} INFO - Started process (PID=825) to work on /opt/airflow/dags/orchestration.py
[2025-09-09T02:32:51.884+0000] {processor.py:830} INFO - Processing file /opt/airflow/dags/orchestration.py for tasks to queue
[2025-09-09T02:32:51.890+0000] {logging_mixin.py:188} INFO - [2025-09-09T02:32:51.888+0000] {dagbag.py:538} INFO - Filling up the DagBag from /opt/airflow/dags/orchestration.py
[2025-09-09T02:32:52.074+0000] {processor.py:840} INFO - DAG(s) 'ml_pipeline_orchestration' retrieved from /opt/airflow/dags/orchestration.py
[2025-09-09T02:32:52.128+0000] {logging_mixin.py:188} INFO - [2025-09-09T02:32:52.127+0000] {dag.py:3036} INFO - Sync 1 DAGs
[2025-09-09T02:32:52.191+0000] {logging_mixin.py:188} INFO - [2025-09-09T02:32:52.191+0000] {dag.py:3823} INFO - Setting next_dagrun for ml_pipeline_orchestration to 2025-09-09 00:00:00+00:00, run_after=2025-09-10 00:00:00+00:00
[2025-09-09T02:32:52.274+0000] {processor.py:183} INFO - Processing /opt/airflow/dags/orchestration.py took 0.422 seconds
[2025-09-09T02:33:23.009+0000] {processor.py:161} INFO - Started process (PID=840) to work on /opt/airflow/dags/orchestration.py
[2025-09-09T02:33:23.013+0000] {processor.py:830} INFO - Processing file /opt/airflow/dags/orchestration.py for tasks to queue
[2025-09-09T02:33:23.018+0000] {logging_mixin.py:188} INFO - [2025-09-09T02:33:23.016+0000] {dagbag.py:538} INFO - Filling up the DagBag from /opt/airflow/dags/orchestration.py
[2025-09-09T02:33:23.152+0000] {processor.py:840} INFO - DAG(s) 'ml_pipeline_orchestration' retrieved from /opt/airflow/dags/orchestration.py
[2025-09-09T02:33:23.196+0000] {logging_mixin.py:188} INFO - [2025-09-09T02:33:23.196+0000] {dag.py:3036} INFO - Sync 1 DAGs
[2025-09-09T02:33:23.255+0000] {logging_mixin.py:188} INFO - [2025-09-09T02:33:23.255+0000] {dag.py:3823} INFO - Setting next_dagrun for ml_pipeline_orchestration to 2025-09-09 00:00:00+00:00, run_after=2025-09-10 00:00:00+00:00
[2025-09-09T02:33:23.313+0000] {processor.py:183} INFO - Processing /opt/airflow/dags/orchestration.py took 0.328 seconds
[2025-09-09T02:33:54.053+0000] {processor.py:161} INFO - Started process (PID=855) to work on /opt/airflow/dags/orchestration.py
[2025-09-09T02:33:54.058+0000] {processor.py:830} INFO - Processing file /opt/airflow/dags/orchestration.py for tasks to queue
[2025-09-09T02:33:54.063+0000] {logging_mixin.py:188} INFO - [2025-09-09T02:33:54.061+0000] {dagbag.py:538} INFO - Filling up the DagBag from /opt/airflow/dags/orchestration.py
[2025-09-09T02:33:54.183+0000] {processor.py:840} INFO - DAG(s) 'ml_pipeline_orchestration' retrieved from /opt/airflow/dags/orchestration.py
[2025-09-09T02:33:54.235+0000] {logging_mixin.py:188} INFO - [2025-09-09T02:33:54.235+0000] {dag.py:3036} INFO - Sync 1 DAGs
[2025-09-09T02:33:54.294+0000] {logging_mixin.py:188} INFO - [2025-09-09T02:33:54.293+0000] {dag.py:3823} INFO - Setting next_dagrun for ml_pipeline_orchestration to 2025-09-09 00:00:00+00:00, run_after=2025-09-10 00:00:00+00:00
[2025-09-09T02:33:54.354+0000] {processor.py:183} INFO - Processing /opt/airflow/dags/orchestration.py took 0.324 seconds
[2025-09-09T02:34:25.005+0000] {processor.py:161} INFO - Started process (PID=870) to work on /opt/airflow/dags/orchestration.py
[2025-09-09T02:34:25.008+0000] {processor.py:830} INFO - Processing file /opt/airflow/dags/orchestration.py for tasks to queue
[2025-09-09T02:34:25.010+0000] {logging_mixin.py:188} INFO - [2025-09-09T02:34:25.009+0000] {dagbag.py:538} INFO - Filling up the DagBag from /opt/airflow/dags/orchestration.py
[2025-09-09T02:34:25.114+0000] {processor.py:840} INFO - DAG(s) 'ml_pipeline_orchestration' retrieved from /opt/airflow/dags/orchestration.py
[2025-09-09T02:34:25.158+0000] {logging_mixin.py:188} INFO - [2025-09-09T02:34:25.157+0000] {dag.py:3036} INFO - Sync 1 DAGs
[2025-09-09T02:34:25.220+0000] {logging_mixin.py:188} INFO - [2025-09-09T02:34:25.220+0000] {dag.py:3823} INFO - Setting next_dagrun for ml_pipeline_orchestration to 2025-09-09 00:00:00+00:00, run_after=2025-09-10 00:00:00+00:00
[2025-09-09T02:34:25.318+0000] {processor.py:183} INFO - Processing /opt/airflow/dags/orchestration.py took 0.322 seconds
[2025-09-09T02:34:56.180+0000] {processor.py:161} INFO - Started process (PID=885) to work on /opt/airflow/dags/orchestration.py
[2025-09-09T02:34:56.186+0000] {processor.py:830} INFO - Processing file /opt/airflow/dags/orchestration.py for tasks to queue
[2025-09-09T02:34:56.191+0000] {logging_mixin.py:188} INFO - [2025-09-09T02:34:56.190+0000] {dagbag.py:538} INFO - Filling up the DagBag from /opt/airflow/dags/orchestration.py
[2025-09-09T02:34:56.338+0000] {processor.py:840} INFO - DAG(s) 'ml_pipeline_orchestration' retrieved from /opt/airflow/dags/orchestration.py
[2025-09-09T02:34:56.393+0000] {logging_mixin.py:188} INFO - [2025-09-09T02:34:56.392+0000] {dag.py:3036} INFO - Sync 1 DAGs
[2025-09-09T02:34:56.447+0000] {logging_mixin.py:188} INFO - [2025-09-09T02:34:56.447+0000] {dag.py:3823} INFO - Setting next_dagrun for ml_pipeline_orchestration to 2025-09-09 00:00:00+00:00, run_after=2025-09-10 00:00:00+00:00
[2025-09-09T02:34:56.528+0000] {processor.py:183} INFO - Processing /opt/airflow/dags/orchestration.py took 0.371 seconds
[2025-09-09T02:35:27.122+0000] {processor.py:161} INFO - Started process (PID=900) to work on /opt/airflow/dags/orchestration.py
[2025-09-09T02:35:27.127+0000] {processor.py:830} INFO - Processing file /opt/airflow/dags/orchestration.py for tasks to queue
[2025-09-09T02:35:27.131+0000] {logging_mixin.py:188} INFO - [2025-09-09T02:35:27.129+0000] {dagbag.py:538} INFO - Filling up the DagBag from /opt/airflow/dags/orchestration.py
[2025-09-09T02:35:27.274+0000] {processor.py:840} INFO - DAG(s) 'ml_pipeline_orchestration' retrieved from /opt/airflow/dags/orchestration.py
[2025-09-09T02:35:27.320+0000] {logging_mixin.py:188} INFO - [2025-09-09T02:35:27.320+0000] {dag.py:3036} INFO - Sync 1 DAGs
[2025-09-09T02:35:27.381+0000] {logging_mixin.py:188} INFO - [2025-09-09T02:35:27.381+0000] {dag.py:3823} INFO - Setting next_dagrun for ml_pipeline_orchestration to 2025-09-09 00:00:00+00:00, run_after=2025-09-10 00:00:00+00:00
[2025-09-09T02:35:27.469+0000] {processor.py:183} INFO - Processing /opt/airflow/dags/orchestration.py took 0.368 seconds
[2025-09-09T02:35:58.276+0000] {processor.py:161} INFO - Started process (PID=915) to work on /opt/airflow/dags/orchestration.py
[2025-09-09T02:35:58.281+0000] {processor.py:830} INFO - Processing file /opt/airflow/dags/orchestration.py for tasks to queue
[2025-09-09T02:35:58.285+0000] {logging_mixin.py:188} INFO - [2025-09-09T02:35:58.284+0000] {dagbag.py:538} INFO - Filling up the DagBag from /opt/airflow/dags/orchestration.py
[2025-09-09T02:35:58.441+0000] {processor.py:840} INFO - DAG(s) 'ml_pipeline_orchestration' retrieved from /opt/airflow/dags/orchestration.py
[2025-09-09T02:35:58.496+0000] {logging_mixin.py:188} INFO - [2025-09-09T02:35:58.495+0000] {dag.py:3036} INFO - Sync 1 DAGs
[2025-09-09T02:35:58.561+0000] {logging_mixin.py:188} INFO - [2025-09-09T02:35:58.560+0000] {dag.py:3823} INFO - Setting next_dagrun for ml_pipeline_orchestration to 2025-09-09 00:00:00+00:00, run_after=2025-09-10 00:00:00+00:00
[2025-09-09T02:35:58.611+0000] {processor.py:183} INFO - Processing /opt/airflow/dags/orchestration.py took 0.359 seconds
[2025-09-09T02:36:29.234+0000] {processor.py:161} INFO - Started process (PID=930) to work on /opt/airflow/dags/orchestration.py
[2025-09-09T02:36:29.240+0000] {processor.py:830} INFO - Processing file /opt/airflow/dags/orchestration.py for tasks to queue
[2025-09-09T02:36:29.248+0000] {logging_mixin.py:188} INFO - [2025-09-09T02:36:29.246+0000] {dagbag.py:538} INFO - Filling up the DagBag from /opt/airflow/dags/orchestration.py
[2025-09-09T02:36:29.409+0000] {processor.py:840} INFO - DAG(s) 'ml_pipeline_orchestration' retrieved from /opt/airflow/dags/orchestration.py
[2025-09-09T02:36:29.477+0000] {logging_mixin.py:188} INFO - [2025-09-09T02:36:29.476+0000] {dag.py:3036} INFO - Sync 1 DAGs
[2025-09-09T02:36:29.547+0000] {logging_mixin.py:188} INFO - [2025-09-09T02:36:29.547+0000] {dag.py:3823} INFO - Setting next_dagrun for ml_pipeline_orchestration to 2025-09-09 00:00:00+00:00, run_after=2025-09-10 00:00:00+00:00
[2025-09-09T02:36:29.670+0000] {processor.py:183} INFO - Processing /opt/airflow/dags/orchestration.py took 0.461 seconds
[2025-09-09T02:37:00.339+0000] {processor.py:161} INFO - Started process (PID=945) to work on /opt/airflow/dags/orchestration.py
[2025-09-09T02:37:00.344+0000] {processor.py:830} INFO - Processing file /opt/airflow/dags/orchestration.py for tasks to queue
[2025-09-09T02:37:00.348+0000] {logging_mixin.py:188} INFO - [2025-09-09T02:37:00.346+0000] {dagbag.py:538} INFO - Filling up the DagBag from /opt/airflow/dags/orchestration.py
[2025-09-09T02:37:00.477+0000] {processor.py:840} INFO - DAG(s) 'ml_pipeline_orchestration' retrieved from /opt/airflow/dags/orchestration.py
[2025-09-09T02:37:00.527+0000] {logging_mixin.py:188} INFO - [2025-09-09T02:37:00.527+0000] {dag.py:3036} INFO - Sync 1 DAGs
[2025-09-09T02:37:00.588+0000] {logging_mixin.py:188} INFO - [2025-09-09T02:37:00.588+0000] {dag.py:3823} INFO - Setting next_dagrun for ml_pipeline_orchestration to 2025-09-09 00:00:00+00:00, run_after=2025-09-10 00:00:00+00:00
[2025-09-09T02:37:00.679+0000] {processor.py:183} INFO - Processing /opt/airflow/dags/orchestration.py took 0.357 seconds
[2025-09-09T02:37:31.439+0000] {processor.py:161} INFO - Started process (PID=960) to work on /opt/airflow/dags/orchestration.py
[2025-09-09T02:37:31.444+0000] {processor.py:830} INFO - Processing file /opt/airflow/dags/orchestration.py for tasks to queue
[2025-09-09T02:37:31.450+0000] {logging_mixin.py:188} INFO - [2025-09-09T02:37:31.448+0000] {dagbag.py:538} INFO - Filling up the DagBag from /opt/airflow/dags/orchestration.py
[2025-09-09T02:37:31.607+0000] {processor.py:840} INFO - DAG(s) 'ml_pipeline_orchestration' retrieved from /opt/airflow/dags/orchestration.py
[2025-09-09T02:37:31.650+0000] {logging_mixin.py:188} INFO - [2025-09-09T02:37:31.650+0000] {dag.py:3036} INFO - Sync 1 DAGs
[2025-09-09T02:37:31.715+0000] {logging_mixin.py:188} INFO - [2025-09-09T02:37:31.715+0000] {dag.py:3823} INFO - Setting next_dagrun for ml_pipeline_orchestration to 2025-09-09 00:00:00+00:00, run_after=2025-09-10 00:00:00+00:00
[2025-09-09T02:37:31.812+0000] {processor.py:183} INFO - Processing /opt/airflow/dags/orchestration.py took 0.396 seconds
[2025-09-09T02:38:02.429+0000] {processor.py:161} INFO - Started process (PID=975) to work on /opt/airflow/dags/orchestration.py
[2025-09-09T02:38:02.435+0000] {processor.py:830} INFO - Processing file /opt/airflow/dags/orchestration.py for tasks to queue
[2025-09-09T02:38:02.439+0000] {logging_mixin.py:188} INFO - [2025-09-09T02:38:02.438+0000] {dagbag.py:538} INFO - Filling up the DagBag from /opt/airflow/dags/orchestration.py
[2025-09-09T02:38:02.557+0000] {processor.py:840} INFO - DAG(s) 'ml_pipeline_orchestration' retrieved from /opt/airflow/dags/orchestration.py
[2025-09-09T02:38:02.599+0000] {logging_mixin.py:188} INFO - [2025-09-09T02:38:02.598+0000] {dag.py:3036} INFO - Sync 1 DAGs
[2025-09-09T02:38:02.666+0000] {logging_mixin.py:188} INFO - [2025-09-09T02:38:02.666+0000] {dag.py:3823} INFO - Setting next_dagrun for ml_pipeline_orchestration to 2025-09-09 00:00:00+00:00, run_after=2025-09-10 00:00:00+00:00
[2025-09-09T02:38:02.742+0000] {processor.py:183} INFO - Processing /opt/airflow/dags/orchestration.py took 0.335 seconds
[2025-09-09T02:38:33.546+0000] {processor.py:161} INFO - Started process (PID=990) to work on /opt/airflow/dags/orchestration.py
[2025-09-09T02:38:33.551+0000] {processor.py:830} INFO - Processing file /opt/airflow/dags/orchestration.py for tasks to queue
[2025-09-09T02:38:33.556+0000] {logging_mixin.py:188} INFO - [2025-09-09T02:38:33.554+0000] {dagbag.py:538} INFO - Filling up the DagBag from /opt/airflow/dags/orchestration.py
[2025-09-09T02:38:33.698+0000] {processor.py:840} INFO - DAG(s) 'ml_pipeline_orchestration' retrieved from /opt/airflow/dags/orchestration.py
[2025-09-09T02:38:33.742+0000] {logging_mixin.py:188} INFO - [2025-09-09T02:38:33.742+0000] {dag.py:3036} INFO - Sync 1 DAGs
[2025-09-09T02:38:33.802+0000] {logging_mixin.py:188} INFO - [2025-09-09T02:38:33.800+0000] {dag.py:3823} INFO - Setting next_dagrun for ml_pipeline_orchestration to 2025-09-09 00:00:00+00:00, run_after=2025-09-10 00:00:00+00:00
[2025-09-09T02:38:33.862+0000] {processor.py:183} INFO - Processing /opt/airflow/dags/orchestration.py took 0.339 seconds
[2025-09-09T02:39:04.524+0000] {processor.py:161} INFO - Started process (PID=1005) to work on /opt/airflow/dags/orchestration.py
[2025-09-09T02:39:04.528+0000] {processor.py:830} INFO - Processing file /opt/airflow/dags/orchestration.py for tasks to queue
[2025-09-09T02:39:04.532+0000] {logging_mixin.py:188} INFO - [2025-09-09T02:39:04.531+0000] {dagbag.py:538} INFO - Filling up the DagBag from /opt/airflow/dags/orchestration.py
[2025-09-09T02:39:04.650+0000] {processor.py:840} INFO - DAG(s) 'ml_pipeline_orchestration' retrieved from /opt/airflow/dags/orchestration.py
[2025-09-09T02:39:04.699+0000] {logging_mixin.py:188} INFO - [2025-09-09T02:39:04.699+0000] {dag.py:3036} INFO - Sync 1 DAGs
[2025-09-09T02:39:04.756+0000] {logging_mixin.py:188} INFO - [2025-09-09T02:39:04.756+0000] {dag.py:3823} INFO - Setting next_dagrun for ml_pipeline_orchestration to 2025-09-09 00:00:00+00:00, run_after=2025-09-10 00:00:00+00:00
[2025-09-09T02:39:04.813+0000] {processor.py:183} INFO - Processing /opt/airflow/dags/orchestration.py took 0.307 seconds
[2025-09-09T02:39:35.277+0000] {processor.py:161} INFO - Started process (PID=1020) to work on /opt/airflow/dags/orchestration.py
[2025-09-09T02:39:35.280+0000] {processor.py:830} INFO - Processing file /opt/airflow/dags/orchestration.py for tasks to queue
[2025-09-09T02:39:35.283+0000] {logging_mixin.py:188} INFO - [2025-09-09T02:39:35.282+0000] {dagbag.py:538} INFO - Filling up the DagBag from /opt/airflow/dags/orchestration.py
[2025-09-09T02:39:35.394+0000] {processor.py:840} INFO - DAG(s) 'ml_pipeline_orchestration' retrieved from /opt/airflow/dags/orchestration.py
[2025-09-09T02:39:35.444+0000] {logging_mixin.py:188} INFO - [2025-09-09T02:39:35.444+0000] {dag.py:3036} INFO - Sync 1 DAGs
[2025-09-09T02:39:35.506+0000] {logging_mixin.py:188} INFO - [2025-09-09T02:39:35.505+0000] {dag.py:3823} INFO - Setting next_dagrun for ml_pipeline_orchestration to 2025-09-09 00:00:00+00:00, run_after=2025-09-10 00:00:00+00:00
[2025-09-09T02:39:35.592+0000] {processor.py:183} INFO - Processing /opt/airflow/dags/orchestration.py took 0.331 seconds
