[2025-09-09T02:10:50.370+0000] {processor.py:161} INFO - Started process (PID=166) to work on /opt/airflow/dags/try.py
[2025-09-09T02:10:50.386+0000] {processor.py:830} INFO - Processing file /opt/airflow/dags/try.py for tasks to queue
[2025-09-09T02:10:50.394+0000] {logging_mixin.py:188} INFO - [2025-09-09T02:10:50.393+0000] {dagbag.py:538} INFO - Filling up the DagBag from /opt/airflow/dags/try.py
[2025-09-09T02:10:50.486+0000] {logging_mixin.py:188} INFO - [2025-09-09T02:10:50.483+0000] {dagbag.py:348} ERROR - Failed to import: /opt/airflow/dags/try.py
Traceback (most recent call last):
  File "/home/airflow/.local/lib/python3.8/site-packages/airflow/models/dagbag.py", line 344, in parse
    loader.exec_module(new_module)
  File "<frozen importlib._bootstrap_external>", line 843, in exec_module
  File "<frozen importlib._bootstrap>", line 219, in _call_with_frames_removed
  File "/opt/airflow/dags/try.py", line 34, in <module>
    ML_DOCKER_IMAGE = Variable.get("ml_docker_image")
  File "/home/airflow/.local/lib/python3.8/site-packages/airflow/models/variable.py", line 143, in get
    raise KeyError(f"Variable {key} does not exist")
KeyError: 'Variable ml_docker_image does not exist'
[2025-09-09T02:10:50.488+0000] {processor.py:842} WARNING - No viable dags retrieved from /opt/airflow/dags/try.py
[2025-09-09T02:10:50.617+0000] {processor.py:183} INFO - Processing /opt/airflow/dags/try.py took 0.260 seconds
[2025-09-09T02:11:21.649+0000] {processor.py:161} INFO - Started process (PID=178) to work on /opt/airflow/dags/try.py
[2025-09-09T02:11:21.654+0000] {processor.py:830} INFO - Processing file /opt/airflow/dags/try.py for tasks to queue
[2025-09-09T02:11:21.658+0000] {logging_mixin.py:188} INFO - [2025-09-09T02:11:21.657+0000] {dagbag.py:538} INFO - Filling up the DagBag from /opt/airflow/dags/try.py
[2025-09-09T02:11:21.817+0000] {logging_mixin.py:188} INFO - [2025-09-09T02:11:21.814+0000] {dagbag.py:348} ERROR - Failed to import: /opt/airflow/dags/try.py
Traceback (most recent call last):
  File "/home/airflow/.local/lib/python3.8/site-packages/airflow/models/dagbag.py", line 344, in parse
    loader.exec_module(new_module)
  File "<frozen importlib._bootstrap_external>", line 843, in exec_module
  File "<frozen importlib._bootstrap>", line 219, in _call_with_frames_removed
  File "/opt/airflow/dags/try.py", line 34, in <module>
    ML_DOCKER_IMAGE = Variable.get("ml_docker_image")
  File "/home/airflow/.local/lib/python3.8/site-packages/airflow/models/variable.py", line 143, in get
    raise KeyError(f"Variable {key} does not exist")
KeyError: 'Variable ml_docker_image does not exist'
[2025-09-09T02:11:21.820+0000] {processor.py:842} WARNING - No viable dags retrieved from /opt/airflow/dags/try.py
[2025-09-09T02:11:22.139+0000] {processor.py:183} INFO - Processing /opt/airflow/dags/try.py took 0.511 seconds
[2025-09-09T02:11:52.598+0000] {processor.py:161} INFO - Started process (PID=193) to work on /opt/airflow/dags/try.py
[2025-09-09T02:11:52.602+0000] {processor.py:830} INFO - Processing file /opt/airflow/dags/try.py for tasks to queue
[2025-09-09T02:11:52.606+0000] {logging_mixin.py:188} INFO - [2025-09-09T02:11:52.604+0000] {dagbag.py:538} INFO - Filling up the DagBag from /opt/airflow/dags/try.py
[2025-09-09T02:11:52.903+0000] {logging_mixin.py:188} INFO - [2025-09-09T02:11:52.900+0000] {dagbag.py:348} ERROR - Failed to import: /opt/airflow/dags/try.py
Traceback (most recent call last):
  File "/home/airflow/.local/lib/python3.8/site-packages/airflow/models/dagbag.py", line 344, in parse
    loader.exec_module(new_module)
  File "<frozen importlib._bootstrap_external>", line 843, in exec_module
  File "<frozen importlib._bootstrap>", line 219, in _call_with_frames_removed
  File "/opt/airflow/dags/try.py", line 34, in <module>
    ML_DOCKER_IMAGE = Variable.get("ml_docker_image")
  File "/home/airflow/.local/lib/python3.8/site-packages/airflow/models/variable.py", line 143, in get
    raise KeyError(f"Variable {key} does not exist")
KeyError: 'Variable ml_docker_image does not exist'
[2025-09-09T02:11:52.905+0000] {processor.py:842} WARNING - No viable dags retrieved from /opt/airflow/dags/try.py
[2025-09-09T02:11:53.251+0000] {processor.py:183} INFO - Processing /opt/airflow/dags/try.py took 0.674 seconds
[2025-09-09T02:12:24.276+0000] {processor.py:161} INFO - Started process (PID=208) to work on /opt/airflow/dags/try.py
[2025-09-09T02:12:24.281+0000] {processor.py:830} INFO - Processing file /opt/airflow/dags/try.py for tasks to queue
[2025-09-09T02:12:24.288+0000] {logging_mixin.py:188} INFO - [2025-09-09T02:12:24.286+0000] {dagbag.py:538} INFO - Filling up the DagBag from /opt/airflow/dags/try.py
[2025-09-09T02:12:24.377+0000] {logging_mixin.py:188} INFO - [2025-09-09T02:12:24.372+0000] {dagbag.py:348} ERROR - Failed to import: /opt/airflow/dags/try.py
Traceback (most recent call last):
  File "/home/airflow/.local/lib/python3.8/site-packages/airflow/models/dagbag.py", line 344, in parse
    loader.exec_module(new_module)
  File "<frozen importlib._bootstrap_external>", line 843, in exec_module
  File "<frozen importlib._bootstrap>", line 219, in _call_with_frames_removed
  File "/opt/airflow/dags/try.py", line 34, in <module>
    ML_DOCKER_IMAGE = Variable.get("ml_docker_image")
  File "/home/airflow/.local/lib/python3.8/site-packages/airflow/models/variable.py", line 143, in get
    raise KeyError(f"Variable {key} does not exist")
KeyError: 'Variable ml_docker_image does not exist'
[2025-09-09T02:12:24.379+0000] {processor.py:842} WARNING - No viable dags retrieved from /opt/airflow/dags/try.py
[2025-09-09T02:12:24.606+0000] {processor.py:183} INFO - Processing /opt/airflow/dags/try.py took 0.350 seconds
[2025-09-09T02:12:55.469+0000] {processor.py:161} INFO - Started process (PID=223) to work on /opt/airflow/dags/try.py
[2025-09-09T02:12:55.474+0000] {processor.py:830} INFO - Processing file /opt/airflow/dags/try.py for tasks to queue
[2025-09-09T02:12:55.478+0000] {logging_mixin.py:188} INFO - [2025-09-09T02:12:55.477+0000] {dagbag.py:538} INFO - Filling up the DagBag from /opt/airflow/dags/try.py
[2025-09-09T02:12:55.540+0000] {logging_mixin.py:188} INFO - [2025-09-09T02:12:55.538+0000] {dagbag.py:348} ERROR - Failed to import: /opt/airflow/dags/try.py
Traceback (most recent call last):
  File "/home/airflow/.local/lib/python3.8/site-packages/airflow/models/dagbag.py", line 344, in parse
    loader.exec_module(new_module)
  File "<frozen importlib._bootstrap_external>", line 843, in exec_module
  File "<frozen importlib._bootstrap>", line 219, in _call_with_frames_removed
  File "/opt/airflow/dags/try.py", line 34, in <module>
    ML_DOCKER_IMAGE = Variable.get("ml_docker_image")
  File "/home/airflow/.local/lib/python3.8/site-packages/airflow/models/variable.py", line 143, in get
    raise KeyError(f"Variable {key} does not exist")
KeyError: 'Variable ml_docker_image does not exist'
[2025-09-09T02:12:55.542+0000] {processor.py:842} WARNING - No viable dags retrieved from /opt/airflow/dags/try.py
[2025-09-09T02:12:55.661+0000] {processor.py:183} INFO - Processing /opt/airflow/dags/try.py took 0.205 seconds
[2025-09-09T02:13:26.160+0000] {processor.py:161} INFO - Started process (PID=238) to work on /opt/airflow/dags/try.py
[2025-09-09T02:13:26.164+0000] {processor.py:830} INFO - Processing file /opt/airflow/dags/try.py for tasks to queue
[2025-09-09T02:13:26.168+0000] {logging_mixin.py:188} INFO - [2025-09-09T02:13:26.167+0000] {dagbag.py:538} INFO - Filling up the DagBag from /opt/airflow/dags/try.py
[2025-09-09T02:13:26.234+0000] {logging_mixin.py:188} INFO - [2025-09-09T02:13:26.231+0000] {dagbag.py:348} ERROR - Failed to import: /opt/airflow/dags/try.py
Traceback (most recent call last):
  File "/home/airflow/.local/lib/python3.8/site-packages/airflow/models/dagbag.py", line 344, in parse
    loader.exec_module(new_module)
  File "<frozen importlib._bootstrap_external>", line 843, in exec_module
  File "<frozen importlib._bootstrap>", line 219, in _call_with_frames_removed
  File "/opt/airflow/dags/try.py", line 34, in <module>
    ML_DOCKER_IMAGE = Variable.get("ml_docker_image")
  File "/home/airflow/.local/lib/python3.8/site-packages/airflow/models/variable.py", line 143, in get
    raise KeyError(f"Variable {key} does not exist")
KeyError: 'Variable ml_docker_image does not exist'
[2025-09-09T02:13:26.237+0000] {processor.py:842} WARNING - No viable dags retrieved from /opt/airflow/dags/try.py
[2025-09-09T02:13:26.278+0000] {processor.py:183} INFO - Processing /opt/airflow/dags/try.py took 0.127 seconds
[2025-09-09T02:13:56.954+0000] {processor.py:161} INFO - Started process (PID=253) to work on /opt/airflow/dags/try.py
[2025-09-09T02:13:56.959+0000] {processor.py:830} INFO - Processing file /opt/airflow/dags/try.py for tasks to queue
[2025-09-09T02:13:56.965+0000] {logging_mixin.py:188} INFO - [2025-09-09T02:13:56.963+0000] {dagbag.py:538} INFO - Filling up the DagBag from /opt/airflow/dags/try.py
[2025-09-09T02:13:57.047+0000] {logging_mixin.py:188} INFO - [2025-09-09T02:13:57.043+0000] {dagbag.py:348} ERROR - Failed to import: /opt/airflow/dags/try.py
Traceback (most recent call last):
  File "/home/airflow/.local/lib/python3.8/site-packages/airflow/models/dagbag.py", line 344, in parse
    loader.exec_module(new_module)
  File "<frozen importlib._bootstrap_external>", line 843, in exec_module
  File "<frozen importlib._bootstrap>", line 219, in _call_with_frames_removed
  File "/opt/airflow/dags/try.py", line 34, in <module>
    ML_DOCKER_IMAGE = Variable.get("ml_docker_image")
  File "/home/airflow/.local/lib/python3.8/site-packages/airflow/models/variable.py", line 143, in get
    raise KeyError(f"Variable {key} does not exist")
KeyError: 'Variable ml_docker_image does not exist'
[2025-09-09T02:13:57.049+0000] {processor.py:842} WARNING - No viable dags retrieved from /opt/airflow/dags/try.py
[2025-09-09T02:13:57.098+0000] {processor.py:183} INFO - Processing /opt/airflow/dags/try.py took 0.164 seconds
[2025-09-09T02:14:27.724+0000] {processor.py:161} INFO - Started process (PID=268) to work on /opt/airflow/dags/try.py
[2025-09-09T02:14:27.730+0000] {processor.py:830} INFO - Processing file /opt/airflow/dags/try.py for tasks to queue
[2025-09-09T02:14:27.738+0000] {logging_mixin.py:188} INFO - [2025-09-09T02:14:27.736+0000] {dagbag.py:538} INFO - Filling up the DagBag from /opt/airflow/dags/try.py
[2025-09-09T02:14:27.829+0000] {logging_mixin.py:188} INFO - [2025-09-09T02:14:27.824+0000] {dagbag.py:348} ERROR - Failed to import: /opt/airflow/dags/try.py
Traceback (most recent call last):
  File "/home/airflow/.local/lib/python3.8/site-packages/airflow/models/dagbag.py", line 344, in parse
    loader.exec_module(new_module)
  File "<frozen importlib._bootstrap_external>", line 843, in exec_module
  File "<frozen importlib._bootstrap>", line 219, in _call_with_frames_removed
  File "/opt/airflow/dags/try.py", line 34, in <module>
    ML_DOCKER_IMAGE = Variable.get("ml_docker_image")
  File "/home/airflow/.local/lib/python3.8/site-packages/airflow/models/variable.py", line 143, in get
    raise KeyError(f"Variable {key} does not exist")
KeyError: 'Variable ml_docker_image does not exist'
[2025-09-09T02:14:27.831+0000] {processor.py:842} WARNING - No viable dags retrieved from /opt/airflow/dags/try.py
[2025-09-09T02:14:27.887+0000] {processor.py:183} INFO - Processing /opt/airflow/dags/try.py took 0.183 seconds
[2025-09-09T02:14:58.613+0000] {processor.py:161} INFO - Started process (PID=283) to work on /opt/airflow/dags/try.py
[2025-09-09T02:14:58.617+0000] {processor.py:830} INFO - Processing file /opt/airflow/dags/try.py for tasks to queue
[2025-09-09T02:14:58.622+0000] {logging_mixin.py:188} INFO - [2025-09-09T02:14:58.621+0000] {dagbag.py:538} INFO - Filling up the DagBag from /opt/airflow/dags/try.py
[2025-09-09T02:14:58.688+0000] {logging_mixin.py:188} INFO - [2025-09-09T02:14:58.685+0000] {dagbag.py:348} ERROR - Failed to import: /opt/airflow/dags/try.py
Traceback (most recent call last):
  File "/home/airflow/.local/lib/python3.8/site-packages/airflow/models/dagbag.py", line 344, in parse
    loader.exec_module(new_module)
  File "<frozen importlib._bootstrap_external>", line 843, in exec_module
  File "<frozen importlib._bootstrap>", line 219, in _call_with_frames_removed
  File "/opt/airflow/dags/try.py", line 34, in <module>
    ML_DOCKER_IMAGE = Variable.get("ml_docker_image")
  File "/home/airflow/.local/lib/python3.8/site-packages/airflow/models/variable.py", line 143, in get
    raise KeyError(f"Variable {key} does not exist")
KeyError: 'Variable ml_docker_image does not exist'
[2025-09-09T02:14:58.689+0000] {processor.py:842} WARNING - No viable dags retrieved from /opt/airflow/dags/try.py
[2025-09-09T02:14:58.797+0000] {processor.py:183} INFO - Processing /opt/airflow/dags/try.py took 0.201 seconds
[2025-09-09T02:15:29.561+0000] {processor.py:161} INFO - Started process (PID=298) to work on /opt/airflow/dags/try.py
[2025-09-09T02:15:29.566+0000] {processor.py:830} INFO - Processing file /opt/airflow/dags/try.py for tasks to queue
[2025-09-09T02:15:29.570+0000] {logging_mixin.py:188} INFO - [2025-09-09T02:15:29.569+0000] {dagbag.py:538} INFO - Filling up the DagBag from /opt/airflow/dags/try.py
[2025-09-09T02:15:29.625+0000] {logging_mixin.py:188} INFO - [2025-09-09T02:15:29.622+0000] {dagbag.py:348} ERROR - Failed to import: /opt/airflow/dags/try.py
Traceback (most recent call last):
  File "/home/airflow/.local/lib/python3.8/site-packages/airflow/models/dagbag.py", line 344, in parse
    loader.exec_module(new_module)
  File "<frozen importlib._bootstrap_external>", line 843, in exec_module
  File "<frozen importlib._bootstrap>", line 219, in _call_with_frames_removed
  File "/opt/airflow/dags/try.py", line 34, in <module>
    ML_DOCKER_IMAGE = Variable.get("ml_docker_image")
  File "/home/airflow/.local/lib/python3.8/site-packages/airflow/models/variable.py", line 143, in get
    raise KeyError(f"Variable {key} does not exist")
KeyError: 'Variable ml_docker_image does not exist'
[2025-09-09T02:15:29.626+0000] {processor.py:842} WARNING - No viable dags retrieved from /opt/airflow/dags/try.py
[2025-09-09T02:15:29.763+0000] {processor.py:183} INFO - Processing /opt/airflow/dags/try.py took 0.210 seconds
[2025-09-09T02:16:00.257+0000] {processor.py:161} INFO - Started process (PID=313) to work on /opt/airflow/dags/try.py
[2025-09-09T02:16:00.261+0000] {processor.py:830} INFO - Processing file /opt/airflow/dags/try.py for tasks to queue
[2025-09-09T02:16:00.267+0000] {logging_mixin.py:188} INFO - [2025-09-09T02:16:00.265+0000] {dagbag.py:538} INFO - Filling up the DagBag from /opt/airflow/dags/try.py
[2025-09-09T02:16:00.341+0000] {logging_mixin.py:188} INFO - [2025-09-09T02:16:00.338+0000] {dagbag.py:348} ERROR - Failed to import: /opt/airflow/dags/try.py
Traceback (most recent call last):
  File "/home/airflow/.local/lib/python3.8/site-packages/airflow/models/dagbag.py", line 344, in parse
    loader.exec_module(new_module)
  File "<frozen importlib._bootstrap_external>", line 843, in exec_module
  File "<frozen importlib._bootstrap>", line 219, in _call_with_frames_removed
  File "/opt/airflow/dags/try.py", line 34, in <module>
    ML_DOCKER_IMAGE = Variable.get("ml_docker_image")
  File "/home/airflow/.local/lib/python3.8/site-packages/airflow/models/variable.py", line 143, in get
    raise KeyError(f"Variable {key} does not exist")
KeyError: 'Variable ml_docker_image does not exist'
[2025-09-09T02:16:00.342+0000] {processor.py:842} WARNING - No viable dags retrieved from /opt/airflow/dags/try.py
[2025-09-09T02:16:00.493+0000] {processor.py:183} INFO - Processing /opt/airflow/dags/try.py took 0.250 seconds
[2025-09-09T02:16:31.088+0000] {processor.py:161} INFO - Started process (PID=328) to work on /opt/airflow/dags/try.py
[2025-09-09T02:16:31.091+0000] {processor.py:830} INFO - Processing file /opt/airflow/dags/try.py for tasks to queue
[2025-09-09T02:16:31.094+0000] {logging_mixin.py:188} INFO - [2025-09-09T02:16:31.093+0000] {dagbag.py:538} INFO - Filling up the DagBag from /opt/airflow/dags/try.py
[2025-09-09T02:16:31.153+0000] {logging_mixin.py:188} INFO - [2025-09-09T02:16:31.150+0000] {dagbag.py:348} ERROR - Failed to import: /opt/airflow/dags/try.py
Traceback (most recent call last):
  File "/home/airflow/.local/lib/python3.8/site-packages/airflow/models/dagbag.py", line 344, in parse
    loader.exec_module(new_module)
  File "<frozen importlib._bootstrap_external>", line 843, in exec_module
  File "<frozen importlib._bootstrap>", line 219, in _call_with_frames_removed
  File "/opt/airflow/dags/try.py", line 34, in <module>
    ML_DOCKER_IMAGE = Variable.get("ml_docker_image")
  File "/home/airflow/.local/lib/python3.8/site-packages/airflow/models/variable.py", line 143, in get
    raise KeyError(f"Variable {key} does not exist")
KeyError: 'Variable ml_docker_image does not exist'
[2025-09-09T02:16:31.154+0000] {processor.py:842} WARNING - No viable dags retrieved from /opt/airflow/dags/try.py
[2025-09-09T02:16:31.373+0000] {processor.py:183} INFO - Processing /opt/airflow/dags/try.py took 0.292 seconds
[2025-09-09T02:17:02.254+0000] {processor.py:161} INFO - Started process (PID=343) to work on /opt/airflow/dags/try.py
[2025-09-09T02:17:02.261+0000] {processor.py:830} INFO - Processing file /opt/airflow/dags/try.py for tasks to queue
[2025-09-09T02:17:02.268+0000] {logging_mixin.py:188} INFO - [2025-09-09T02:17:02.267+0000] {dagbag.py:538} INFO - Filling up the DagBag from /opt/airflow/dags/try.py
[2025-09-09T02:17:02.366+0000] {logging_mixin.py:188} INFO - [2025-09-09T02:17:02.362+0000] {dagbag.py:348} ERROR - Failed to import: /opt/airflow/dags/try.py
Traceback (most recent call last):
  File "/home/airflow/.local/lib/python3.8/site-packages/airflow/models/dagbag.py", line 344, in parse
    loader.exec_module(new_module)
  File "<frozen importlib._bootstrap_external>", line 843, in exec_module
  File "<frozen importlib._bootstrap>", line 219, in _call_with_frames_removed
  File "/opt/airflow/dags/try.py", line 34, in <module>
    ML_DOCKER_IMAGE = Variable.get("ml_docker_image")
  File "/home/airflow/.local/lib/python3.8/site-packages/airflow/models/variable.py", line 143, in get
    raise KeyError(f"Variable {key} does not exist")
KeyError: 'Variable ml_docker_image does not exist'
[2025-09-09T02:17:02.367+0000] {processor.py:842} WARNING - No viable dags retrieved from /opt/airflow/dags/try.py
[2025-09-09T02:17:02.474+0000] {processor.py:183} INFO - Processing /opt/airflow/dags/try.py took 0.241 seconds
[2025-09-09T02:17:32.554+0000] {processor.py:161} INFO - Started process (PID=358) to work on /opt/airflow/dags/try.py
[2025-09-09T02:17:32.566+0000] {processor.py:830} INFO - Processing file /opt/airflow/dags/try.py for tasks to queue
[2025-09-09T02:17:32.573+0000] {logging_mixin.py:188} INFO - [2025-09-09T02:17:32.571+0000] {dagbag.py:538} INFO - Filling up the DagBag from /opt/airflow/dags/try.py
[2025-09-09T02:17:32.694+0000] {logging_mixin.py:188} INFO - [2025-09-09T02:17:32.692+0000] {dagbag.py:348} ERROR - Failed to import: /opt/airflow/dags/try.py
Traceback (most recent call last):
  File "/home/airflow/.local/lib/python3.8/site-packages/airflow/models/dagbag.py", line 344, in parse
    loader.exec_module(new_module)
  File "<frozen importlib._bootstrap_external>", line 843, in exec_module
  File "<frozen importlib._bootstrap>", line 219, in _call_with_frames_removed
  File "/opt/airflow/dags/try.py", line 34, in <module>
    ML_DOCKER_IMAGE = Variable.get("ml_docker_image")
  File "/home/airflow/.local/lib/python3.8/site-packages/airflow/models/variable.py", line 143, in get
    raise KeyError(f"Variable {key} does not exist")
KeyError: 'Variable ml_docker_image does not exist'
[2025-09-09T02:17:32.696+0000] {processor.py:842} WARNING - No viable dags retrieved from /opt/airflow/dags/try.py
[2025-09-09T02:17:32.758+0000] {processor.py:183} INFO - Processing /opt/airflow/dags/try.py took 0.213 seconds
[2025-09-09T02:18:02.927+0000] {processor.py:161} INFO - Started process (PID=373) to work on /opt/airflow/dags/try.py
[2025-09-09T02:18:02.934+0000] {processor.py:830} INFO - Processing file /opt/airflow/dags/try.py for tasks to queue
[2025-09-09T02:18:02.939+0000] {logging_mixin.py:188} INFO - [2025-09-09T02:18:02.938+0000] {dagbag.py:538} INFO - Filling up the DagBag from /opt/airflow/dags/try.py
[2025-09-09T02:18:03.018+0000] {logging_mixin.py:188} INFO - [2025-09-09T02:18:03.016+0000] {dagbag.py:348} ERROR - Failed to import: /opt/airflow/dags/try.py
Traceback (most recent call last):
  File "/home/airflow/.local/lib/python3.8/site-packages/airflow/models/dagbag.py", line 344, in parse
    loader.exec_module(new_module)
  File "<frozen importlib._bootstrap_external>", line 843, in exec_module
  File "<frozen importlib._bootstrap>", line 219, in _call_with_frames_removed
  File "/opt/airflow/dags/try.py", line 34, in <module>
    ML_DOCKER_IMAGE = Variable.get("ml_docker_image")
  File "/home/airflow/.local/lib/python3.8/site-packages/airflow/models/variable.py", line 143, in get
    raise KeyError(f"Variable {key} does not exist")
KeyError: 'Variable ml_docker_image does not exist'
[2025-09-09T02:18:03.020+0000] {processor.py:842} WARNING - No viable dags retrieved from /opt/airflow/dags/try.py
[2025-09-09T02:18:03.134+0000] {processor.py:183} INFO - Processing /opt/airflow/dags/try.py took 0.227 seconds
[2025-09-09T02:18:33.912+0000] {processor.py:161} INFO - Started process (PID=388) to work on /opt/airflow/dags/try.py
[2025-09-09T02:18:33.917+0000] {processor.py:830} INFO - Processing file /opt/airflow/dags/try.py for tasks to queue
[2025-09-09T02:18:33.921+0000] {logging_mixin.py:188} INFO - [2025-09-09T02:18:33.920+0000] {dagbag.py:538} INFO - Filling up the DagBag from /opt/airflow/dags/try.py
[2025-09-09T02:18:34.004+0000] {logging_mixin.py:188} INFO - [2025-09-09T02:18:34.001+0000] {dagbag.py:348} ERROR - Failed to import: /opt/airflow/dags/try.py
Traceback (most recent call last):
  File "/home/airflow/.local/lib/python3.8/site-packages/airflow/models/dagbag.py", line 344, in parse
    loader.exec_module(new_module)
  File "<frozen importlib._bootstrap_external>", line 843, in exec_module
  File "<frozen importlib._bootstrap>", line 219, in _call_with_frames_removed
  File "/opt/airflow/dags/try.py", line 34, in <module>
    ML_DOCKER_IMAGE = Variable.get("ml_docker_image")
  File "/home/airflow/.local/lib/python3.8/site-packages/airflow/models/variable.py", line 143, in get
    raise KeyError(f"Variable {key} does not exist")
KeyError: 'Variable ml_docker_image does not exist'
[2025-09-09T02:18:34.005+0000] {processor.py:842} WARNING - No viable dags retrieved from /opt/airflow/dags/try.py
[2025-09-09T02:18:34.046+0000] {processor.py:183} INFO - Processing /opt/airflow/dags/try.py took 0.143 seconds
[2025-09-09T02:19:04.859+0000] {processor.py:161} INFO - Started process (PID=403) to work on /opt/airflow/dags/try.py
[2025-09-09T02:19:04.865+0000] {processor.py:830} INFO - Processing file /opt/airflow/dags/try.py for tasks to queue
[2025-09-09T02:19:04.872+0000] {logging_mixin.py:188} INFO - [2025-09-09T02:19:04.871+0000] {dagbag.py:538} INFO - Filling up the DagBag from /opt/airflow/dags/try.py
[2025-09-09T02:19:04.957+0000] {logging_mixin.py:188} INFO - [2025-09-09T02:19:04.953+0000] {dagbag.py:348} ERROR - Failed to import: /opt/airflow/dags/try.py
Traceback (most recent call last):
  File "/home/airflow/.local/lib/python3.8/site-packages/airflow/models/dagbag.py", line 344, in parse
    loader.exec_module(new_module)
  File "<frozen importlib._bootstrap_external>", line 843, in exec_module
  File "<frozen importlib._bootstrap>", line 219, in _call_with_frames_removed
  File "/opt/airflow/dags/try.py", line 34, in <module>
    ML_DOCKER_IMAGE = Variable.get("ml_docker_image")
  File "/home/airflow/.local/lib/python3.8/site-packages/airflow/models/variable.py", line 143, in get
    raise KeyError(f"Variable {key} does not exist")
KeyError: 'Variable ml_docker_image does not exist'
[2025-09-09T02:19:04.959+0000] {processor.py:842} WARNING - No viable dags retrieved from /opt/airflow/dags/try.py
[2025-09-09T02:19:05.010+0000] {processor.py:183} INFO - Processing /opt/airflow/dags/try.py took 0.169 seconds
[2025-09-09T02:19:35.776+0000] {processor.py:161} INFO - Started process (PID=418) to work on /opt/airflow/dags/try.py
[2025-09-09T02:19:35.779+0000] {processor.py:830} INFO - Processing file /opt/airflow/dags/try.py for tasks to queue
[2025-09-09T02:19:35.783+0000] {logging_mixin.py:188} INFO - [2025-09-09T02:19:35.782+0000] {dagbag.py:538} INFO - Filling up the DagBag from /opt/airflow/dags/try.py
[2025-09-09T02:19:35.859+0000] {logging_mixin.py:188} INFO - [2025-09-09T02:19:35.854+0000] {dagbag.py:348} ERROR - Failed to import: /opt/airflow/dags/try.py
Traceback (most recent call last):
  File "/home/airflow/.local/lib/python3.8/site-packages/airflow/models/dagbag.py", line 344, in parse
    loader.exec_module(new_module)
  File "<frozen importlib._bootstrap_external>", line 843, in exec_module
  File "<frozen importlib._bootstrap>", line 219, in _call_with_frames_removed
  File "/opt/airflow/dags/try.py", line 34, in <module>
    ML_DOCKER_IMAGE = Variable.get("ml_docker_image")
  File "/home/airflow/.local/lib/python3.8/site-packages/airflow/models/variable.py", line 143, in get
    raise KeyError(f"Variable {key} does not exist")
KeyError: 'Variable ml_docker_image does not exist'
[2025-09-09T02:19:35.862+0000] {processor.py:842} WARNING - No viable dags retrieved from /opt/airflow/dags/try.py
[2025-09-09T02:19:35.921+0000] {processor.py:183} INFO - Processing /opt/airflow/dags/try.py took 0.154 seconds
[2025-09-09T02:20:06.418+0000] {processor.py:161} INFO - Started process (PID=433) to work on /opt/airflow/dags/try.py
[2025-09-09T02:20:06.423+0000] {processor.py:830} INFO - Processing file /opt/airflow/dags/try.py for tasks to queue
[2025-09-09T02:20:06.428+0000] {logging_mixin.py:188} INFO - [2025-09-09T02:20:06.427+0000] {dagbag.py:538} INFO - Filling up the DagBag from /opt/airflow/dags/try.py
[2025-09-09T02:20:06.496+0000] {logging_mixin.py:188} INFO - [2025-09-09T02:20:06.493+0000] {dagbag.py:348} ERROR - Failed to import: /opt/airflow/dags/try.py
Traceback (most recent call last):
  File "/home/airflow/.local/lib/python3.8/site-packages/airflow/models/dagbag.py", line 344, in parse
    loader.exec_module(new_module)
  File "<frozen importlib._bootstrap_external>", line 843, in exec_module
  File "<frozen importlib._bootstrap>", line 219, in _call_with_frames_removed
  File "/opt/airflow/dags/try.py", line 34, in <module>
    ML_DOCKER_IMAGE = Variable.get("ml_docker_image")
  File "/home/airflow/.local/lib/python3.8/site-packages/airflow/models/variable.py", line 143, in get
    raise KeyError(f"Variable {key} does not exist")
KeyError: 'Variable ml_docker_image does not exist'
[2025-09-09T02:20:06.497+0000] {processor.py:842} WARNING - No viable dags retrieved from /opt/airflow/dags/try.py
[2025-09-09T02:20:06.562+0000] {processor.py:183} INFO - Processing /opt/airflow/dags/try.py took 0.156 seconds
[2025-09-09T02:20:37.181+0000] {processor.py:161} INFO - Started process (PID=448) to work on /opt/airflow/dags/try.py
[2025-09-09T02:20:37.187+0000] {processor.py:830} INFO - Processing file /opt/airflow/dags/try.py for tasks to queue
[2025-09-09T02:20:37.193+0000] {logging_mixin.py:188} INFO - [2025-09-09T02:20:37.192+0000] {dagbag.py:538} INFO - Filling up the DagBag from /opt/airflow/dags/try.py
[2025-09-09T02:20:37.276+0000] {logging_mixin.py:188} INFO - [2025-09-09T02:20:37.271+0000] {dagbag.py:348} ERROR - Failed to import: /opt/airflow/dags/try.py
Traceback (most recent call last):
  File "/home/airflow/.local/lib/python3.8/site-packages/airflow/models/dagbag.py", line 344, in parse
    loader.exec_module(new_module)
  File "<frozen importlib._bootstrap_external>", line 843, in exec_module
  File "<frozen importlib._bootstrap>", line 219, in _call_with_frames_removed
  File "/opt/airflow/dags/try.py", line 34, in <module>
    ML_DOCKER_IMAGE = Variable.get("ml_docker_image")
  File "/home/airflow/.local/lib/python3.8/site-packages/airflow/models/variable.py", line 143, in get
    raise KeyError(f"Variable {key} does not exist")
KeyError: 'Variable ml_docker_image does not exist'
[2025-09-09T02:20:37.279+0000] {processor.py:842} WARNING - No viable dags retrieved from /opt/airflow/dags/try.py
[2025-09-09T02:20:37.319+0000] {processor.py:183} INFO - Processing /opt/airflow/dags/try.py took 0.159 seconds
[2025-09-09T02:21:08.230+0000] {processor.py:161} INFO - Started process (PID=463) to work on /opt/airflow/dags/try.py
[2025-09-09T02:21:08.237+0000] {processor.py:830} INFO - Processing file /opt/airflow/dags/try.py for tasks to queue
[2025-09-09T02:21:08.245+0000] {logging_mixin.py:188} INFO - [2025-09-09T02:21:08.243+0000] {dagbag.py:538} INFO - Filling up the DagBag from /opt/airflow/dags/try.py
[2025-09-09T02:21:08.358+0000] {processor.py:840} INFO - DAG(s) 'ml_pipeline_orchestration2' retrieved from /opt/airflow/dags/try.py
[2025-09-09T02:21:08.685+0000] {logging_mixin.py:188} INFO - [2025-09-09T02:21:08.684+0000] {override.py:1769} INFO - Created Permission View: can read on DAG:ml_pipeline_orchestration2
[2025-09-09T02:21:08.718+0000] {logging_mixin.py:188} INFO - [2025-09-09T02:21:08.718+0000] {override.py:1769} INFO - Created Permission View: can edit on DAG:ml_pipeline_orchestration2
[2025-09-09T02:21:08.740+0000] {logging_mixin.py:188} INFO - [2025-09-09T02:21:08.740+0000] {override.py:1769} INFO - Created Permission View: can delete on DAG:ml_pipeline_orchestration2
[2025-09-09T02:21:08.742+0000] {logging_mixin.py:188} INFO - [2025-09-09T02:21:08.741+0000] {dag.py:3036} INFO - Sync 1 DAGs
[2025-09-09T02:21:08.772+0000] {logging_mixin.py:188} INFO - [2025-09-09T02:21:08.771+0000] {dag.py:3058} INFO - Creating ORM DAG for ml_pipeline_orchestration2
[2025-09-09T02:21:08.795+0000] {logging_mixin.py:188} INFO - [2025-09-09T02:21:08.795+0000] {dag.py:3823} INFO - Setting next_dagrun for ml_pipeline_orchestration2 to 2025-09-08 00:00:00+00:00, run_after=2025-09-09 00:00:00+00:00
[2025-09-09T02:21:08.854+0000] {processor.py:183} INFO - Processing /opt/airflow/dags/try.py took 0.642 seconds
[2025-09-09T02:21:39.031+0000] {processor.py:161} INFO - Started process (PID=478) to work on /opt/airflow/dags/try.py
[2025-09-09T02:21:39.036+0000] {processor.py:830} INFO - Processing file /opt/airflow/dags/try.py for tasks to queue
[2025-09-09T02:21:39.056+0000] {logging_mixin.py:188} INFO - [2025-09-09T02:21:39.054+0000] {dagbag.py:538} INFO - Filling up the DagBag from /opt/airflow/dags/try.py
[2025-09-09T02:21:39.182+0000] {processor.py:840} INFO - DAG(s) 'ml_pipeline_orchestration2' retrieved from /opt/airflow/dags/try.py
[2025-09-09T02:21:39.252+0000] {logging_mixin.py:188} INFO - [2025-09-09T02:21:39.251+0000] {dag.py:3036} INFO - Sync 1 DAGs
[2025-09-09T02:21:39.320+0000] {logging_mixin.py:188} INFO - [2025-09-09T02:21:39.320+0000] {dag.py:3823} INFO - Setting next_dagrun for ml_pipeline_orchestration2 to 2025-09-08 00:00:00+00:00, run_after=2025-09-09 00:00:00+00:00
[2025-09-09T02:21:39.400+0000] {processor.py:183} INFO - Processing /opt/airflow/dags/try.py took 0.395 seconds
[2025-09-09T02:22:10.014+0000] {processor.py:161} INFO - Started process (PID=495) to work on /opt/airflow/dags/try.py
[2025-09-09T02:22:10.038+0000] {processor.py:830} INFO - Processing file /opt/airflow/dags/try.py for tasks to queue
[2025-09-09T02:22:10.047+0000] {logging_mixin.py:188} INFO - [2025-09-09T02:22:10.046+0000] {dagbag.py:538} INFO - Filling up the DagBag from /opt/airflow/dags/try.py
[2025-09-09T02:22:10.395+0000] {processor.py:840} INFO - DAG(s) 'ml_pipeline_orchestration2' retrieved from /opt/airflow/dags/try.py
[2025-09-09T02:22:10.534+0000] {logging_mixin.py:188} INFO - [2025-09-09T02:22:10.533+0000] {dag.py:3036} INFO - Sync 1 DAGs
[2025-09-09T02:22:10.668+0000] {logging_mixin.py:188} INFO - [2025-09-09T02:22:10.667+0000] {dag.py:3823} INFO - Setting next_dagrun for ml_pipeline_orchestration2 to 2025-09-08 00:00:00+00:00, run_after=2025-09-09 00:00:00+00:00
[2025-09-09T02:22:11.789+0000] {processor.py:183} INFO - Processing /opt/airflow/dags/try.py took 1.798 seconds
[2025-09-09T02:22:42.101+0000] {processor.py:161} INFO - Started process (PID=526) to work on /opt/airflow/dags/try.py
[2025-09-09T02:22:42.105+0000] {processor.py:830} INFO - Processing file /opt/airflow/dags/try.py for tasks to queue
[2025-09-09T02:22:42.110+0000] {logging_mixin.py:188} INFO - [2025-09-09T02:22:42.109+0000] {dagbag.py:538} INFO - Filling up the DagBag from /opt/airflow/dags/try.py
[2025-09-09T02:22:42.182+0000] {processor.py:840} INFO - DAG(s) 'ml_pipeline_orchestration2' retrieved from /opt/airflow/dags/try.py
[2025-09-09T02:22:42.242+0000] {logging_mixin.py:188} INFO - [2025-09-09T02:22:42.241+0000] {dag.py:3036} INFO - Sync 1 DAGs
[2025-09-09T02:22:42.298+0000] {logging_mixin.py:188} INFO - [2025-09-09T02:22:42.298+0000] {dag.py:3823} INFO - Setting next_dagrun for ml_pipeline_orchestration2 to 2025-09-08 00:00:00+00:00, run_after=2025-09-09 00:00:00+00:00
[2025-09-09T02:22:42.344+0000] {processor.py:183} INFO - Processing /opt/airflow/dags/try.py took 0.253 seconds
[2025-09-09T02:23:13.148+0000] {processor.py:161} INFO - Started process (PID=541) to work on /opt/airflow/dags/try.py
[2025-09-09T02:23:13.156+0000] {processor.py:830} INFO - Processing file /opt/airflow/dags/try.py for tasks to queue
[2025-09-09T02:23:13.162+0000] {logging_mixin.py:188} INFO - [2025-09-09T02:23:13.160+0000] {dagbag.py:538} INFO - Filling up the DagBag from /opt/airflow/dags/try.py
[2025-09-09T02:23:13.352+0000] {processor.py:840} INFO - DAG(s) 'ml_pipeline_orchestration2' retrieved from /opt/airflow/dags/try.py
[2025-09-09T02:23:13.443+0000] {logging_mixin.py:188} INFO - [2025-09-09T02:23:13.442+0000] {dag.py:3036} INFO - Sync 1 DAGs
[2025-09-09T02:23:13.541+0000] {logging_mixin.py:188} INFO - [2025-09-09T02:23:13.539+0000] {dag.py:3823} INFO - Setting next_dagrun for ml_pipeline_orchestration2 to 2025-09-08 00:00:00+00:00, run_after=2025-09-09 00:00:00+00:00
[2025-09-09T02:23:13.688+0000] {processor.py:183} INFO - Processing /opt/airflow/dags/try.py took 0.553 seconds
[2025-09-09T02:23:44.619+0000] {processor.py:161} INFO - Started process (PID=556) to work on /opt/airflow/dags/try.py
[2025-09-09T02:23:44.622+0000] {processor.py:830} INFO - Processing file /opt/airflow/dags/try.py for tasks to queue
[2025-09-09T02:23:44.627+0000] {logging_mixin.py:188} INFO - [2025-09-09T02:23:44.625+0000] {dagbag.py:538} INFO - Filling up the DagBag from /opt/airflow/dags/try.py
[2025-09-09T02:23:44.700+0000] {processor.py:840} INFO - DAG(s) 'ml_pipeline_orchestration2' retrieved from /opt/airflow/dags/try.py
[2025-09-09T02:23:44.765+0000] {logging_mixin.py:188} INFO - [2025-09-09T02:23:44.764+0000] {dag.py:3036} INFO - Sync 1 DAGs
[2025-09-09T02:23:44.877+0000] {logging_mixin.py:188} INFO - [2025-09-09T02:23:44.876+0000] {dag.py:3823} INFO - Setting next_dagrun for ml_pipeline_orchestration2 to 2025-09-08 00:00:00+00:00, run_after=2025-09-09 00:00:00+00:00
[2025-09-09T02:23:45.052+0000] {processor.py:183} INFO - Processing /opt/airflow/dags/try.py took 0.442 seconds
[2025-09-09T02:24:16.161+0000] {processor.py:161} INFO - Started process (PID=571) to work on /opt/airflow/dags/try.py
[2025-09-09T02:24:16.179+0000] {processor.py:830} INFO - Processing file /opt/airflow/dags/try.py for tasks to queue
[2025-09-09T02:24:16.191+0000] {logging_mixin.py:188} INFO - [2025-09-09T02:24:16.187+0000] {dagbag.py:538} INFO - Filling up the DagBag from /opt/airflow/dags/try.py
[2025-09-09T02:24:18.631+0000] {processor.py:840} INFO - DAG(s) 'ml_pipeline_orchestration2' retrieved from /opt/airflow/dags/try.py
[2025-09-09T02:24:19.663+0000] {logging_mixin.py:188} INFO - [2025-09-09T02:24:19.651+0000] {dag.py:3036} INFO - Sync 1 DAGs
[2025-09-09T02:24:20.629+0000] {logging_mixin.py:188} INFO - [2025-09-09T02:24:20.627+0000] {dag.py:3823} INFO - Setting next_dagrun for ml_pipeline_orchestration2 to 2025-09-08 00:00:00+00:00, run_after=2025-09-09 00:00:00+00:00
[2025-09-09T02:24:21.555+0000] {processor.py:183} INFO - Processing /opt/airflow/dags/try.py took 5.528 seconds
[2025-09-09T02:24:53.275+0000] {processor.py:161} INFO - Started process (PID=586) to work on /opt/airflow/dags/try.py
[2025-09-09T02:24:53.423+0000] {processor.py:830} INFO - Processing file /opt/airflow/dags/try.py for tasks to queue
[2025-09-09T02:24:53.458+0000] {logging_mixin.py:188} INFO - [2025-09-09T02:24:53.456+0000] {dagbag.py:538} INFO - Filling up the DagBag from /opt/airflow/dags/try.py
[2025-09-09T02:24:53.729+0000] {processor.py:840} INFO - DAG(s) 'ml_pipeline_orchestration2' retrieved from /opt/airflow/dags/try.py
[2025-09-09T02:24:53.807+0000] {logging_mixin.py:188} INFO - [2025-09-09T02:24:53.806+0000] {dag.py:3036} INFO - Sync 1 DAGs
[2025-09-09T02:24:53.868+0000] {logging_mixin.py:188} INFO - [2025-09-09T02:24:53.867+0000] {dag.py:3823} INFO - Setting next_dagrun for ml_pipeline_orchestration2 to 2025-09-08 00:00:00+00:00, run_after=2025-09-09 00:00:00+00:00
[2025-09-09T02:24:54.195+0000] {processor.py:183} INFO - Processing /opt/airflow/dags/try.py took 1.131 seconds
[2025-09-09T02:25:24.722+0000] {processor.py:161} INFO - Started process (PID=601) to work on /opt/airflow/dags/try.py
[2025-09-09T02:25:24.727+0000] {processor.py:830} INFO - Processing file /opt/airflow/dags/try.py for tasks to queue
[2025-09-09T02:25:24.731+0000] {logging_mixin.py:188} INFO - [2025-09-09T02:25:24.730+0000] {dagbag.py:538} INFO - Filling up the DagBag from /opt/airflow/dags/try.py
[2025-09-09T02:25:24.849+0000] {processor.py:840} INFO - DAG(s) 'ml_pipeline_orchestration2' retrieved from /opt/airflow/dags/try.py
[2025-09-09T02:25:24.899+0000] {logging_mixin.py:188} INFO - [2025-09-09T02:25:24.899+0000] {dag.py:3036} INFO - Sync 1 DAGs
[2025-09-09T02:25:24.962+0000] {logging_mixin.py:188} INFO - [2025-09-09T02:25:24.962+0000] {dag.py:3823} INFO - Setting next_dagrun for ml_pipeline_orchestration2 to 2025-09-08 00:00:00+00:00, run_after=2025-09-09 00:00:00+00:00
[2025-09-09T02:25:25.035+0000] {processor.py:183} INFO - Processing /opt/airflow/dags/try.py took 0.330 seconds
[2025-09-09T02:25:55.381+0000] {processor.py:161} INFO - Started process (PID=616) to work on /opt/airflow/dags/try.py
[2025-09-09T02:25:55.387+0000] {processor.py:830} INFO - Processing file /opt/airflow/dags/try.py for tasks to queue
[2025-09-09T02:25:55.393+0000] {logging_mixin.py:188} INFO - [2025-09-09T02:25:55.391+0000] {dagbag.py:538} INFO - Filling up the DagBag from /opt/airflow/dags/try.py
[2025-09-09T02:25:55.540+0000] {processor.py:840} INFO - DAG(s) 'ml_pipeline_orchestration2' retrieved from /opt/airflow/dags/try.py
[2025-09-09T02:25:55.627+0000] {logging_mixin.py:188} INFO - [2025-09-09T02:25:55.626+0000] {dag.py:3036} INFO - Sync 1 DAGs
[2025-09-09T02:25:55.700+0000] {logging_mixin.py:188} INFO - [2025-09-09T02:25:55.699+0000] {dag.py:3823} INFO - Setting next_dagrun for ml_pipeline_orchestration2 to 2025-09-08 00:00:00+00:00, run_after=2025-09-09 00:00:00+00:00
[2025-09-09T02:25:55.778+0000] {processor.py:183} INFO - Processing /opt/airflow/dags/try.py took 0.423 seconds
[2025-09-09T02:26:26.535+0000] {processor.py:161} INFO - Started process (PID=631) to work on /opt/airflow/dags/try.py
[2025-09-09T02:26:26.541+0000] {processor.py:830} INFO - Processing file /opt/airflow/dags/try.py for tasks to queue
[2025-09-09T02:26:26.548+0000] {logging_mixin.py:188} INFO - [2025-09-09T02:26:26.546+0000] {dagbag.py:538} INFO - Filling up the DagBag from /opt/airflow/dags/try.py
[2025-09-09T02:26:26.712+0000] {processor.py:840} INFO - DAG(s) 'ml_pipeline_orchestration2' retrieved from /opt/airflow/dags/try.py
[2025-09-09T02:26:26.771+0000] {logging_mixin.py:188} INFO - [2025-09-09T02:26:26.770+0000] {dag.py:3036} INFO - Sync 1 DAGs
[2025-09-09T02:26:26.836+0000] {logging_mixin.py:188} INFO - [2025-09-09T02:26:26.835+0000] {dag.py:3823} INFO - Setting next_dagrun for ml_pipeline_orchestration2 to 2025-09-08 00:00:00+00:00, run_after=2025-09-09 00:00:00+00:00
[2025-09-09T02:26:26.929+0000] {processor.py:183} INFO - Processing /opt/airflow/dags/try.py took 0.419 seconds
[2025-09-09T02:26:57.481+0000] {processor.py:161} INFO - Started process (PID=646) to work on /opt/airflow/dags/try.py
[2025-09-09T02:26:57.486+0000] {processor.py:830} INFO - Processing file /opt/airflow/dags/try.py for tasks to queue
[2025-09-09T02:26:57.491+0000] {logging_mixin.py:188} INFO - [2025-09-09T02:26:57.489+0000] {dagbag.py:538} INFO - Filling up the DagBag from /opt/airflow/dags/try.py
[2025-09-09T02:26:57.618+0000] {processor.py:840} INFO - DAG(s) 'ml_pipeline_orchestration2' retrieved from /opt/airflow/dags/try.py
[2025-09-09T02:26:57.665+0000] {logging_mixin.py:188} INFO - [2025-09-09T02:26:57.664+0000] {dag.py:3036} INFO - Sync 1 DAGs
[2025-09-09T02:26:57.730+0000] {logging_mixin.py:188} INFO - [2025-09-09T02:26:57.729+0000] {dag.py:3823} INFO - Setting next_dagrun for ml_pipeline_orchestration2 to 2025-09-08 00:00:00+00:00, run_after=2025-09-09 00:00:00+00:00
[2025-09-09T02:26:57.817+0000] {processor.py:183} INFO - Processing /opt/airflow/dags/try.py took 0.359 seconds
[2025-09-09T02:27:28.571+0000] {processor.py:161} INFO - Started process (PID=665) to work on /opt/airflow/dags/try.py
[2025-09-09T02:27:28.575+0000] {processor.py:830} INFO - Processing file /opt/airflow/dags/try.py for tasks to queue
[2025-09-09T02:27:28.579+0000] {logging_mixin.py:188} INFO - [2025-09-09T02:27:28.578+0000] {dagbag.py:538} INFO - Filling up the DagBag from /opt/airflow/dags/try.py
[2025-09-09T02:27:28.696+0000] {processor.py:840} INFO - DAG(s) 'ml_pipeline_orchestration2' retrieved from /opt/airflow/dags/try.py
[2025-09-09T02:27:28.772+0000] {logging_mixin.py:188} INFO - [2025-09-09T02:27:28.772+0000] {dag.py:3036} INFO - Sync 1 DAGs
[2025-09-09T02:27:28.833+0000] {logging_mixin.py:188} INFO - [2025-09-09T02:27:28.832+0000] {dag.py:3823} INFO - Setting next_dagrun for ml_pipeline_orchestration2 to 2025-09-08 00:00:00+00:00, run_after=2025-09-09 00:00:00+00:00
[2025-09-09T02:27:28.914+0000] {processor.py:183} INFO - Processing /opt/airflow/dags/try.py took 0.357 seconds
[2025-09-09T02:27:59.538+0000] {processor.py:161} INFO - Started process (PID=680) to work on /opt/airflow/dags/try.py
[2025-09-09T02:27:59.545+0000] {processor.py:830} INFO - Processing file /opt/airflow/dags/try.py for tasks to queue
[2025-09-09T02:27:59.552+0000] {logging_mixin.py:188} INFO - [2025-09-09T02:27:59.550+0000] {dagbag.py:538} INFO - Filling up the DagBag from /opt/airflow/dags/try.py
[2025-09-09T02:27:59.696+0000] {processor.py:840} INFO - DAG(s) 'ml_pipeline_orchestration2' retrieved from /opt/airflow/dags/try.py
[2025-09-09T02:27:59.751+0000] {logging_mixin.py:188} INFO - [2025-09-09T02:27:59.751+0000] {dag.py:3036} INFO - Sync 1 DAGs
[2025-09-09T02:27:59.802+0000] {logging_mixin.py:188} INFO - [2025-09-09T02:27:59.801+0000] {dag.py:3823} INFO - Setting next_dagrun for ml_pipeline_orchestration2 to 2025-09-08 00:00:00+00:00, run_after=2025-09-09 00:00:00+00:00
[2025-09-09T02:27:59.859+0000] {processor.py:183} INFO - Processing /opt/airflow/dags/try.py took 0.349 seconds
[2025-09-09T02:28:30.751+0000] {processor.py:161} INFO - Started process (PID=695) to work on /opt/airflow/dags/try.py
[2025-09-09T02:28:30.757+0000] {processor.py:830} INFO - Processing file /opt/airflow/dags/try.py for tasks to queue
[2025-09-09T02:28:30.763+0000] {logging_mixin.py:188} INFO - [2025-09-09T02:28:30.761+0000] {dagbag.py:538} INFO - Filling up the DagBag from /opt/airflow/dags/try.py
[2025-09-09T02:28:30.891+0000] {processor.py:840} INFO - DAG(s) 'ml_pipeline_orchestration2' retrieved from /opt/airflow/dags/try.py
[2025-09-09T02:28:30.953+0000] {logging_mixin.py:188} INFO - [2025-09-09T02:28:30.952+0000] {dag.py:3036} INFO - Sync 1 DAGs
[2025-09-09T02:28:31.015+0000] {logging_mixin.py:188} INFO - [2025-09-09T02:28:31.014+0000] {dag.py:3823} INFO - Setting next_dagrun for ml_pipeline_orchestration2 to 2025-09-08 00:00:00+00:00, run_after=2025-09-09 00:00:00+00:00
[2025-09-09T02:28:31.087+0000] {processor.py:183} INFO - Processing /opt/airflow/dags/try.py took 0.358 seconds
[2025-09-09T02:29:01.617+0000] {processor.py:161} INFO - Started process (PID=710) to work on /opt/airflow/dags/try.py
[2025-09-09T02:29:01.621+0000] {processor.py:830} INFO - Processing file /opt/airflow/dags/try.py for tasks to queue
[2025-09-09T02:29:01.626+0000] {logging_mixin.py:188} INFO - [2025-09-09T02:29:01.625+0000] {dagbag.py:538} INFO - Filling up the DagBag from /opt/airflow/dags/try.py
[2025-09-09T02:29:01.734+0000] {processor.py:840} INFO - DAG(s) 'ml_pipeline_orchestration2' retrieved from /opt/airflow/dags/try.py
[2025-09-09T02:29:01.792+0000] {logging_mixin.py:188} INFO - [2025-09-09T02:29:01.792+0000] {dag.py:3036} INFO - Sync 1 DAGs
[2025-09-09T02:29:01.847+0000] {logging_mixin.py:188} INFO - [2025-09-09T02:29:01.847+0000] {dag.py:3823} INFO - Setting next_dagrun for ml_pipeline_orchestration2 to 2025-09-08 00:00:00+00:00, run_after=2025-09-09 00:00:00+00:00
[2025-09-09T02:29:02.631+0000] {processor.py:183} INFO - Processing /opt/airflow/dags/try.py took 1.031 seconds
[2025-09-09T02:29:33.134+0000] {processor.py:161} INFO - Started process (PID=725) to work on /opt/airflow/dags/try.py
[2025-09-09T02:29:33.140+0000] {processor.py:830} INFO - Processing file /opt/airflow/dags/try.py for tasks to queue
[2025-09-09T02:29:33.146+0000] {logging_mixin.py:188} INFO - [2025-09-09T02:29:33.144+0000] {dagbag.py:538} INFO - Filling up the DagBag from /opt/airflow/dags/try.py
[2025-09-09T02:29:33.278+0000] {processor.py:840} INFO - DAG(s) 'ml_pipeline_orchestration2' retrieved from /opt/airflow/dags/try.py
[2025-09-09T02:29:33.336+0000] {logging_mixin.py:188} INFO - [2025-09-09T02:29:33.336+0000] {dag.py:3036} INFO - Sync 1 DAGs
[2025-09-09T02:29:33.393+0000] {logging_mixin.py:188} INFO - [2025-09-09T02:29:33.392+0000] {dag.py:3823} INFO - Setting next_dagrun for ml_pipeline_orchestration2 to 2025-09-08 00:00:00+00:00, run_after=2025-09-09 00:00:00+00:00
[2025-09-09T02:29:33.747+0000] {processor.py:183} INFO - Processing /opt/airflow/dags/try.py took 0.641 seconds
[2025-09-09T02:30:04.037+0000] {processor.py:161} INFO - Started process (PID=740) to work on /opt/airflow/dags/try.py
[2025-09-09T02:30:04.042+0000] {processor.py:830} INFO - Processing file /opt/airflow/dags/try.py for tasks to queue
[2025-09-09T02:30:04.049+0000] {logging_mixin.py:188} INFO - [2025-09-09T02:30:04.047+0000] {dagbag.py:538} INFO - Filling up the DagBag from /opt/airflow/dags/try.py
[2025-09-09T02:30:04.198+0000] {processor.py:840} INFO - DAG(s) 'ml_pipeline_orchestration2' retrieved from /opt/airflow/dags/try.py
[2025-09-09T02:30:04.243+0000] {logging_mixin.py:188} INFO - [2025-09-09T02:30:04.243+0000] {dag.py:3036} INFO - Sync 1 DAGs
[2025-09-09T02:30:04.300+0000] {logging_mixin.py:188} INFO - [2025-09-09T02:30:04.300+0000] {dag.py:3823} INFO - Setting next_dagrun for ml_pipeline_orchestration2 to 2025-09-08 00:00:00+00:00, run_after=2025-09-09 00:00:00+00:00
[2025-09-09T02:30:04.382+0000] {processor.py:183} INFO - Processing /opt/airflow/dags/try.py took 0.369 seconds
[2025-09-09T02:30:35.081+0000] {processor.py:161} INFO - Started process (PID=755) to work on /opt/airflow/dags/try.py
[2025-09-09T02:30:35.086+0000] {processor.py:830} INFO - Processing file /opt/airflow/dags/try.py for tasks to queue
[2025-09-09T02:30:35.091+0000] {logging_mixin.py:188} INFO - [2025-09-09T02:30:35.089+0000] {dagbag.py:538} INFO - Filling up the DagBag from /opt/airflow/dags/try.py
[2025-09-09T02:30:35.232+0000] {processor.py:840} INFO - DAG(s) 'ml_pipeline_orchestration2' retrieved from /opt/airflow/dags/try.py
[2025-09-09T02:30:35.288+0000] {logging_mixin.py:188} INFO - [2025-09-09T02:30:35.287+0000] {dag.py:3036} INFO - Sync 1 DAGs
[2025-09-09T02:30:35.348+0000] {logging_mixin.py:188} INFO - [2025-09-09T02:30:35.348+0000] {dag.py:3823} INFO - Setting next_dagrun for ml_pipeline_orchestration2 to 2025-09-08 00:00:00+00:00, run_after=2025-09-09 00:00:00+00:00
[2025-09-09T02:30:35.445+0000] {processor.py:183} INFO - Processing /opt/airflow/dags/try.py took 0.380 seconds
[2025-09-09T02:31:06.155+0000] {processor.py:161} INFO - Started process (PID=770) to work on /opt/airflow/dags/try.py
[2025-09-09T02:31:06.161+0000] {processor.py:830} INFO - Processing file /opt/airflow/dags/try.py for tasks to queue
[2025-09-09T02:31:06.167+0000] {logging_mixin.py:188} INFO - [2025-09-09T02:31:06.165+0000] {dagbag.py:538} INFO - Filling up the DagBag from /opt/airflow/dags/try.py
[2025-09-09T02:31:06.337+0000] {processor.py:840} INFO - DAG(s) 'ml_pipeline_orchestration2' retrieved from /opt/airflow/dags/try.py
[2025-09-09T02:31:06.385+0000] {logging_mixin.py:188} INFO - [2025-09-09T02:31:06.384+0000] {dag.py:3036} INFO - Sync 1 DAGs
[2025-09-09T02:31:06.443+0000] {logging_mixin.py:188} INFO - [2025-09-09T02:31:06.442+0000] {dag.py:3823} INFO - Setting next_dagrun for ml_pipeline_orchestration2 to 2025-09-08 00:00:00+00:00, run_after=2025-09-09 00:00:00+00:00
[2025-09-09T02:31:06.498+0000] {processor.py:183} INFO - Processing /opt/airflow/dags/try.py took 0.367 seconds
[2025-09-09T02:31:37.209+0000] {processor.py:161} INFO - Started process (PID=785) to work on /opt/airflow/dags/try.py
[2025-09-09T02:31:37.215+0000] {processor.py:830} INFO - Processing file /opt/airflow/dags/try.py for tasks to queue
[2025-09-09T02:31:37.220+0000] {logging_mixin.py:188} INFO - [2025-09-09T02:31:37.218+0000] {dagbag.py:538} INFO - Filling up the DagBag from /opt/airflow/dags/try.py
[2025-09-09T02:31:37.367+0000] {processor.py:840} INFO - DAG(s) 'ml_pipeline_orchestration2' retrieved from /opt/airflow/dags/try.py
[2025-09-09T02:31:37.452+0000] {logging_mixin.py:188} INFO - [2025-09-09T02:31:37.452+0000] {dag.py:3036} INFO - Sync 1 DAGs
[2025-09-09T02:31:37.515+0000] {logging_mixin.py:188} INFO - [2025-09-09T02:31:37.514+0000] {dag.py:3823} INFO - Setting next_dagrun for ml_pipeline_orchestration2 to 2025-09-08 00:00:00+00:00, run_after=2025-09-09 00:00:00+00:00
[2025-09-09T02:31:37.604+0000] {processor.py:183} INFO - Processing /opt/airflow/dags/try.py took 0.418 seconds
[2025-09-09T02:32:08.248+0000] {processor.py:161} INFO - Started process (PID=800) to work on /opt/airflow/dags/try.py
[2025-09-09T02:32:08.252+0000] {processor.py:830} INFO - Processing file /opt/airflow/dags/try.py for tasks to queue
[2025-09-09T02:32:08.257+0000] {logging_mixin.py:188} INFO - [2025-09-09T02:32:08.256+0000] {dagbag.py:538} INFO - Filling up the DagBag from /opt/airflow/dags/try.py
[2025-09-09T02:32:08.405+0000] {processor.py:840} INFO - DAG(s) 'ml_pipeline_orchestration2' retrieved from /opt/airflow/dags/try.py
[2025-09-09T02:32:08.455+0000] {logging_mixin.py:188} INFO - [2025-09-09T02:32:08.455+0000] {dag.py:3036} INFO - Sync 1 DAGs
[2025-09-09T02:32:08.505+0000] {logging_mixin.py:188} INFO - [2025-09-09T02:32:08.504+0000] {dag.py:3823} INFO - Setting next_dagrun for ml_pipeline_orchestration2 to 2025-09-08 00:00:00+00:00, run_after=2025-09-09 00:00:00+00:00
[2025-09-09T02:32:08.696+0000] {processor.py:183} INFO - Processing /opt/airflow/dags/try.py took 0.471 seconds
[2025-09-09T02:32:39.240+0000] {processor.py:161} INFO - Started process (PID=815) to work on /opt/airflow/dags/try.py
[2025-09-09T02:32:39.246+0000] {processor.py:830} INFO - Processing file /opt/airflow/dags/try.py for tasks to queue
[2025-09-09T02:32:39.251+0000] {logging_mixin.py:188} INFO - [2025-09-09T02:32:39.249+0000] {dagbag.py:538} INFO - Filling up the DagBag from /opt/airflow/dags/try.py
[2025-09-09T02:32:39.394+0000] {processor.py:840} INFO - DAG(s) 'ml_pipeline_orchestration2' retrieved from /opt/airflow/dags/try.py
[2025-09-09T02:32:39.454+0000] {logging_mixin.py:188} INFO - [2025-09-09T02:32:39.453+0000] {dag.py:3036} INFO - Sync 1 DAGs
[2025-09-09T02:32:39.521+0000] {logging_mixin.py:188} INFO - [2025-09-09T02:32:39.521+0000] {dag.py:3823} INFO - Setting next_dagrun for ml_pipeline_orchestration2 to 2025-09-08 00:00:00+00:00, run_after=2025-09-09 00:00:00+00:00
[2025-09-09T02:32:39.616+0000] {processor.py:183} INFO - Processing /opt/airflow/dags/try.py took 0.400 seconds
[2025-09-09T02:33:10.433+0000] {processor.py:161} INFO - Started process (PID=830) to work on /opt/airflow/dags/try.py
[2025-09-09T02:33:10.438+0000] {processor.py:830} INFO - Processing file /opt/airflow/dags/try.py for tasks to queue
[2025-09-09T02:33:10.443+0000] {logging_mixin.py:188} INFO - [2025-09-09T02:33:10.442+0000] {dagbag.py:538} INFO - Filling up the DagBag from /opt/airflow/dags/try.py
[2025-09-09T02:33:10.584+0000] {processor.py:840} INFO - DAG(s) 'ml_pipeline_orchestration2' retrieved from /opt/airflow/dags/try.py
[2025-09-09T02:33:10.642+0000] {logging_mixin.py:188} INFO - [2025-09-09T02:33:10.642+0000] {dag.py:3036} INFO - Sync 1 DAGs
[2025-09-09T02:33:10.702+0000] {logging_mixin.py:188} INFO - [2025-09-09T02:33:10.702+0000] {dag.py:3823} INFO - Setting next_dagrun for ml_pipeline_orchestration2 to 2025-09-08 00:00:00+00:00, run_after=2025-09-09 00:00:00+00:00
[2025-09-09T02:33:10.755+0000] {processor.py:183} INFO - Processing /opt/airflow/dags/try.py took 0.347 seconds
[2025-09-09T02:33:41.435+0000] {processor.py:161} INFO - Started process (PID=845) to work on /opt/airflow/dags/try.py
[2025-09-09T02:33:41.441+0000] {processor.py:830} INFO - Processing file /opt/airflow/dags/try.py for tasks to queue
[2025-09-09T02:33:41.447+0000] {logging_mixin.py:188} INFO - [2025-09-09T02:33:41.445+0000] {dagbag.py:538} INFO - Filling up the DagBag from /opt/airflow/dags/try.py
[2025-09-09T02:33:41.609+0000] {processor.py:840} INFO - DAG(s) 'ml_pipeline_orchestration2' retrieved from /opt/airflow/dags/try.py
[2025-09-09T02:33:41.669+0000] {logging_mixin.py:188} INFO - [2025-09-09T02:33:41.668+0000] {dag.py:3036} INFO - Sync 1 DAGs
[2025-09-09T02:33:41.732+0000] {logging_mixin.py:188} INFO - [2025-09-09T02:33:41.732+0000] {dag.py:3823} INFO - Setting next_dagrun for ml_pipeline_orchestration2 to 2025-09-08 00:00:00+00:00, run_after=2025-09-09 00:00:00+00:00
[2025-09-09T02:33:41.804+0000] {processor.py:183} INFO - Processing /opt/airflow/dags/try.py took 0.391 seconds
[2025-09-09T02:34:12.533+0000] {processor.py:161} INFO - Started process (PID=860) to work on /opt/airflow/dags/try.py
[2025-09-09T02:34:12.538+0000] {processor.py:830} INFO - Processing file /opt/airflow/dags/try.py for tasks to queue
[2025-09-09T02:34:12.542+0000] {logging_mixin.py:188} INFO - [2025-09-09T02:34:12.541+0000] {dagbag.py:538} INFO - Filling up the DagBag from /opt/airflow/dags/try.py
[2025-09-09T02:34:12.656+0000] {processor.py:840} INFO - DAG(s) 'ml_pipeline_orchestration2' retrieved from /opt/airflow/dags/try.py
[2025-09-09T02:34:12.697+0000] {logging_mixin.py:188} INFO - [2025-09-09T02:34:12.697+0000] {dag.py:3036} INFO - Sync 1 DAGs
[2025-09-09T02:34:12.755+0000] {logging_mixin.py:188} INFO - [2025-09-09T02:34:12.755+0000] {dag.py:3823} INFO - Setting next_dagrun for ml_pipeline_orchestration2 to 2025-09-08 00:00:00+00:00, run_after=2025-09-09 00:00:00+00:00
[2025-09-09T02:34:12.805+0000] {processor.py:183} INFO - Processing /opt/airflow/dags/try.py took 0.295 seconds
[2025-09-09T02:34:43.463+0000] {processor.py:161} INFO - Started process (PID=875) to work on /opt/airflow/dags/try.py
[2025-09-09T02:34:43.467+0000] {processor.py:830} INFO - Processing file /opt/airflow/dags/try.py for tasks to queue
[2025-09-09T02:34:43.469+0000] {logging_mixin.py:188} INFO - [2025-09-09T02:34:43.469+0000] {dagbag.py:538} INFO - Filling up the DagBag from /opt/airflow/dags/try.py
[2025-09-09T02:34:43.567+0000] {processor.py:840} INFO - DAG(s) 'ml_pipeline_orchestration2' retrieved from /opt/airflow/dags/try.py
[2025-09-09T02:34:43.617+0000] {logging_mixin.py:188} INFO - [2025-09-09T02:34:43.617+0000] {dag.py:3036} INFO - Sync 1 DAGs
[2025-09-09T02:34:43.674+0000] {logging_mixin.py:188} INFO - [2025-09-09T02:34:43.674+0000] {dag.py:3823} INFO - Setting next_dagrun for ml_pipeline_orchestration2 to 2025-09-08 00:00:00+00:00, run_after=2025-09-09 00:00:00+00:00
[2025-09-09T02:34:43.893+0000] {processor.py:183} INFO - Processing /opt/airflow/dags/try.py took 0.446 seconds
[2025-09-09T02:35:14.498+0000] {processor.py:161} INFO - Started process (PID=890) to work on /opt/airflow/dags/try.py
[2025-09-09T02:35:14.502+0000] {processor.py:830} INFO - Processing file /opt/airflow/dags/try.py for tasks to queue
[2025-09-09T02:35:14.509+0000] {logging_mixin.py:188} INFO - [2025-09-09T02:35:14.506+0000] {dagbag.py:538} INFO - Filling up the DagBag from /opt/airflow/dags/try.py
[2025-09-09T02:35:14.644+0000] {processor.py:840} INFO - DAG(s) 'ml_pipeline_orchestration2' retrieved from /opt/airflow/dags/try.py
[2025-09-09T02:35:14.699+0000] {logging_mixin.py:188} INFO - [2025-09-09T02:35:14.698+0000] {dag.py:3036} INFO - Sync 1 DAGs
[2025-09-09T02:35:14.762+0000] {logging_mixin.py:188} INFO - [2025-09-09T02:35:14.762+0000] {dag.py:3823} INFO - Setting next_dagrun for ml_pipeline_orchestration2 to 2025-09-08 00:00:00+00:00, run_after=2025-09-09 00:00:00+00:00
[2025-09-09T02:35:14.850+0000] {processor.py:183} INFO - Processing /opt/airflow/dags/try.py took 0.375 seconds
[2025-09-09T02:35:45.557+0000] {processor.py:161} INFO - Started process (PID=905) to work on /opt/airflow/dags/try.py
[2025-09-09T02:35:45.562+0000] {processor.py:830} INFO - Processing file /opt/airflow/dags/try.py for tasks to queue
[2025-09-09T02:35:45.567+0000] {logging_mixin.py:188} INFO - [2025-09-09T02:35:45.566+0000] {dagbag.py:538} INFO - Filling up the DagBag from /opt/airflow/dags/try.py
[2025-09-09T02:35:45.695+0000] {processor.py:840} INFO - DAG(s) 'ml_pipeline_orchestration2' retrieved from /opt/airflow/dags/try.py
[2025-09-09T02:35:45.778+0000] {logging_mixin.py:188} INFO - [2025-09-09T02:35:45.777+0000] {dag.py:3036} INFO - Sync 1 DAGs
[2025-09-09T02:35:45.887+0000] {logging_mixin.py:188} INFO - [2025-09-09T02:35:45.886+0000] {dag.py:3823} INFO - Setting next_dagrun for ml_pipeline_orchestration2 to 2025-09-08 00:00:00+00:00, run_after=2025-09-09 00:00:00+00:00
[2025-09-09T02:35:45.962+0000] {processor.py:183} INFO - Processing /opt/airflow/dags/try.py took 0.427 seconds
[2025-09-09T02:36:16.630+0000] {processor.py:161} INFO - Started process (PID=920) to work on /opt/airflow/dags/try.py
[2025-09-09T02:36:16.635+0000] {processor.py:830} INFO - Processing file /opt/airflow/dags/try.py for tasks to queue
[2025-09-09T02:36:16.641+0000] {logging_mixin.py:188} INFO - [2025-09-09T02:36:16.639+0000] {dagbag.py:538} INFO - Filling up the DagBag from /opt/airflow/dags/try.py
[2025-09-09T02:36:16.784+0000] {processor.py:840} INFO - DAG(s) 'ml_pipeline_orchestration2' retrieved from /opt/airflow/dags/try.py
[2025-09-09T02:36:16.845+0000] {logging_mixin.py:188} INFO - [2025-09-09T02:36:16.845+0000] {dag.py:3036} INFO - Sync 1 DAGs
[2025-09-09T02:36:16.907+0000] {logging_mixin.py:188} INFO - [2025-09-09T02:36:16.907+0000] {dag.py:3823} INFO - Setting next_dagrun for ml_pipeline_orchestration2 to 2025-09-08 00:00:00+00:00, run_after=2025-09-09 00:00:00+00:00
[2025-09-09T02:36:16.981+0000] {processor.py:183} INFO - Processing /opt/airflow/dags/try.py took 0.376 seconds
[2025-09-09T02:36:47.703+0000] {processor.py:161} INFO - Started process (PID=935) to work on /opt/airflow/dags/try.py
[2025-09-09T02:36:47.708+0000] {processor.py:830} INFO - Processing file /opt/airflow/dags/try.py for tasks to queue
[2025-09-09T02:36:47.713+0000] {logging_mixin.py:188} INFO - [2025-09-09T02:36:47.711+0000] {dagbag.py:538} INFO - Filling up the DagBag from /opt/airflow/dags/try.py
[2025-09-09T02:36:47.843+0000] {processor.py:840} INFO - DAG(s) 'ml_pipeline_orchestration2' retrieved from /opt/airflow/dags/try.py
[2025-09-09T02:36:47.900+0000] {logging_mixin.py:188} INFO - [2025-09-09T02:36:47.899+0000] {dag.py:3036} INFO - Sync 1 DAGs
[2025-09-09T02:36:47.984+0000] {logging_mixin.py:188} INFO - [2025-09-09T02:36:47.983+0000] {dag.py:3823} INFO - Setting next_dagrun for ml_pipeline_orchestration2 to 2025-09-08 00:00:00+00:00, run_after=2025-09-09 00:00:00+00:00
[2025-09-09T02:36:48.084+0000] {processor.py:183} INFO - Processing /opt/airflow/dags/try.py took 0.403 seconds
[2025-09-09T02:37:18.827+0000] {processor.py:161} INFO - Started process (PID=950) to work on /opt/airflow/dags/try.py
[2025-09-09T02:37:18.832+0000] {processor.py:830} INFO - Processing file /opt/airflow/dags/try.py for tasks to queue
[2025-09-09T02:37:18.837+0000] {logging_mixin.py:188} INFO - [2025-09-09T02:37:18.835+0000] {dagbag.py:538} INFO - Filling up the DagBag from /opt/airflow/dags/try.py
[2025-09-09T02:37:18.978+0000] {processor.py:840} INFO - DAG(s) 'ml_pipeline_orchestration2' retrieved from /opt/airflow/dags/try.py
[2025-09-09T02:37:19.031+0000] {logging_mixin.py:188} INFO - [2025-09-09T02:37:19.031+0000] {dag.py:3036} INFO - Sync 1 DAGs
[2025-09-09T02:37:19.093+0000] {logging_mixin.py:188} INFO - [2025-09-09T02:37:19.093+0000] {dag.py:3823} INFO - Setting next_dagrun for ml_pipeline_orchestration2 to 2025-09-08 00:00:00+00:00, run_after=2025-09-09 00:00:00+00:00
[2025-09-09T02:37:19.183+0000] {processor.py:183} INFO - Processing /opt/airflow/dags/try.py took 0.379 seconds
[2025-09-09T02:37:49.846+0000] {processor.py:161} INFO - Started process (PID=965) to work on /opt/airflow/dags/try.py
[2025-09-09T02:37:49.851+0000] {processor.py:830} INFO - Processing file /opt/airflow/dags/try.py for tasks to queue
[2025-09-09T02:37:49.856+0000] {logging_mixin.py:188} INFO - [2025-09-09T02:37:49.854+0000] {dagbag.py:538} INFO - Filling up the DagBag from /opt/airflow/dags/try.py
[2025-09-09T02:37:49.985+0000] {processor.py:840} INFO - DAG(s) 'ml_pipeline_orchestration2' retrieved from /opt/airflow/dags/try.py
[2025-09-09T02:37:50.041+0000] {logging_mixin.py:188} INFO - [2025-09-09T02:37:50.041+0000] {dag.py:3036} INFO - Sync 1 DAGs
[2025-09-09T02:37:50.099+0000] {logging_mixin.py:188} INFO - [2025-09-09T02:37:50.099+0000] {dag.py:3823} INFO - Setting next_dagrun for ml_pipeline_orchestration2 to 2025-09-08 00:00:00+00:00, run_after=2025-09-09 00:00:00+00:00
[2025-09-09T02:37:50.176+0000] {processor.py:183} INFO - Processing /opt/airflow/dags/try.py took 0.354 seconds
[2025-09-09T02:38:20.931+0000] {processor.py:161} INFO - Started process (PID=980) to work on /opt/airflow/dags/try.py
[2025-09-09T02:38:20.943+0000] {processor.py:830} INFO - Processing file /opt/airflow/dags/try.py for tasks to queue
[2025-09-09T02:38:20.954+0000] {logging_mixin.py:188} INFO - [2025-09-09T02:38:20.953+0000] {dagbag.py:538} INFO - Filling up the DagBag from /opt/airflow/dags/try.py
[2025-09-09T02:38:21.044+0000] {processor.py:840} INFO - DAG(s) 'ml_pipeline_orchestration2' retrieved from /opt/airflow/dags/try.py
[2025-09-09T02:38:21.085+0000] {logging_mixin.py:188} INFO - [2025-09-09T02:38:21.084+0000] {dag.py:3036} INFO - Sync 1 DAGs
[2025-09-09T02:38:21.143+0000] {logging_mixin.py:188} INFO - [2025-09-09T02:38:21.143+0000] {dag.py:3823} INFO - Setting next_dagrun for ml_pipeline_orchestration2 to 2025-09-08 00:00:00+00:00, run_after=2025-09-09 00:00:00+00:00
[2025-09-09T02:38:21.284+0000] {processor.py:183} INFO - Processing /opt/airflow/dags/try.py took 0.379 seconds
[2025-09-09T02:38:51.885+0000] {processor.py:161} INFO - Started process (PID=995) to work on /opt/airflow/dags/try.py
[2025-09-09T02:38:51.887+0000] {processor.py:830} INFO - Processing file /opt/airflow/dags/try.py for tasks to queue
[2025-09-09T02:38:51.890+0000] {logging_mixin.py:188} INFO - [2025-09-09T02:38:51.889+0000] {dagbag.py:538} INFO - Filling up the DagBag from /opt/airflow/dags/try.py
[2025-09-09T02:38:51.971+0000] {processor.py:840} INFO - DAG(s) 'ml_pipeline_orchestration2' retrieved from /opt/airflow/dags/try.py
[2025-09-09T02:38:52.014+0000] {logging_mixin.py:188} INFO - [2025-09-09T02:38:52.013+0000] {dag.py:3036} INFO - Sync 1 DAGs
[2025-09-09T02:38:52.075+0000] {logging_mixin.py:188} INFO - [2025-09-09T02:38:52.074+0000] {dag.py:3823} INFO - Setting next_dagrun for ml_pipeline_orchestration2 to 2025-09-08 00:00:00+00:00, run_after=2025-09-09 00:00:00+00:00
[2025-09-09T02:38:52.228+0000] {processor.py:183} INFO - Processing /opt/airflow/dags/try.py took 0.352 seconds
[2025-09-09T02:39:23.123+0000] {processor.py:161} INFO - Started process (PID=1010) to work on /opt/airflow/dags/try.py
[2025-09-09T02:39:23.129+0000] {processor.py:830} INFO - Processing file /opt/airflow/dags/try.py for tasks to queue
[2025-09-09T02:39:23.135+0000] {logging_mixin.py:188} INFO - [2025-09-09T02:39:23.133+0000] {dagbag.py:538} INFO - Filling up the DagBag from /opt/airflow/dags/try.py
[2025-09-09T02:39:23.287+0000] {processor.py:840} INFO - DAG(s) 'ml_pipeline_orchestration2' retrieved from /opt/airflow/dags/try.py
[2025-09-09T02:39:23.345+0000] {logging_mixin.py:188} INFO - [2025-09-09T02:39:23.344+0000] {dag.py:3036} INFO - Sync 1 DAGs
[2025-09-09T02:39:23.402+0000] {logging_mixin.py:188} INFO - [2025-09-09T02:39:23.402+0000] {dag.py:3823} INFO - Setting next_dagrun for ml_pipeline_orchestration2 to 2025-09-08 00:00:00+00:00, run_after=2025-09-09 00:00:00+00:00
[2025-09-09T02:39:23.470+0000] {processor.py:183} INFO - Processing /opt/airflow/dags/try.py took 0.370 seconds
