[2025-09-09T02:10:50.681+0000] {processor.py:161} INFO - Started process (PID=171) to work on /opt/airflow/dags/welcome_dag.py
[2025-09-09T02:10:50.686+0000] {processor.py:830} INFO - Processing file /opt/airflow/dags/welcome_dag.py for tasks to queue
[2025-09-09T02:10:50.690+0000] {logging_mixin.py:188} INFO - [2025-09-09T02:10:50.688+0000] {dagbag.py:538} INFO - Filling up the DagBag from /opt/airflow/dags/welcome_dag.py
[2025-09-09T02:10:51.178+0000] {processor.py:840} INFO - DAG(s) 'welcome_dag' retrieved from /opt/airflow/dags/welcome_dag.py
[2025-09-09T02:10:57.035+0000] {logging_mixin.py:188} INFO - [2025-09-09T02:10:57.033+0000] {override.py:1769} INFO - Created Permission View: can read on DAG:welcome_dag
[2025-09-09T02:10:57.078+0000] {logging_mixin.py:188} INFO - [2025-09-09T02:10:57.077+0000] {override.py:1769} INFO - Created Permission View: can edit on DAG:welcome_dag
[2025-09-09T02:10:57.102+0000] {logging_mixin.py:188} INFO - [2025-09-09T02:10:57.100+0000] {override.py:1769} INFO - Created Permission View: can delete on DAG:welcome_dag
[2025-09-09T02:10:57.104+0000] {logging_mixin.py:188} INFO - [2025-09-09T02:10:57.103+0000] {dag.py:3036} INFO - Sync 1 DAGs
[2025-09-09T02:10:57.168+0000] {logging_mixin.py:188} INFO - [2025-09-09T02:10:57.156+0000] {dag.py:3058} INFO - Creating ORM DAG for welcome_dag
[2025-09-09T02:10:57.211+0000] {logging_mixin.py:188} INFO - [2025-09-09T02:10:57.210+0000] {dag.py:3823} INFO - Setting next_dagrun for welcome_dag to 2025-09-08 23:00:00+00:00, run_after=2025-09-09 23:00:00+00:00
[2025-09-09T02:10:57.324+0000] {processor.py:183} INFO - Processing /opt/airflow/dags/welcome_dag.py took 6.652 seconds
[2025-09-09T02:11:27.810+0000] {processor.py:161} INFO - Started process (PID=186) to work on /opt/airflow/dags/welcome_dag.py
[2025-09-09T02:11:27.816+0000] {processor.py:830} INFO - Processing file /opt/airflow/dags/welcome_dag.py for tasks to queue
[2025-09-09T02:11:27.820+0000] {logging_mixin.py:188} INFO - [2025-09-09T02:11:27.819+0000] {dagbag.py:538} INFO - Filling up the DagBag from /opt/airflow/dags/welcome_dag.py
[2025-09-09T02:11:27.879+0000] {processor.py:840} INFO - DAG(s) 'welcome_dag' retrieved from /opt/airflow/dags/welcome_dag.py
[2025-09-09T02:11:27.970+0000] {logging_mixin.py:188} INFO - [2025-09-09T02:11:27.970+0000] {dag.py:3036} INFO - Sync 1 DAGs
[2025-09-09T02:11:28.040+0000] {logging_mixin.py:188} INFO - [2025-09-09T02:11:28.039+0000] {dag.py:3823} INFO - Setting next_dagrun for welcome_dag to 2025-09-08 23:00:00+00:00, run_after=2025-09-09 23:00:00+00:00
[2025-09-09T02:11:28.293+0000] {processor.py:183} INFO - Processing /opt/airflow/dags/welcome_dag.py took 0.496 seconds
[2025-09-09T02:11:58.468+0000] {processor.py:161} INFO - Started process (PID=201) to work on /opt/airflow/dags/welcome_dag.py
[2025-09-09T02:11:58.474+0000] {processor.py:830} INFO - Processing file /opt/airflow/dags/welcome_dag.py for tasks to queue
[2025-09-09T02:11:58.482+0000] {logging_mixin.py:188} INFO - [2025-09-09T02:11:58.479+0000] {dagbag.py:538} INFO - Filling up the DagBag from /opt/airflow/dags/welcome_dag.py
[2025-09-09T02:11:58.535+0000] {processor.py:840} INFO - DAG(s) 'welcome_dag' retrieved from /opt/airflow/dags/welcome_dag.py
[2025-09-09T02:11:58.653+0000] {logging_mixin.py:188} INFO - [2025-09-09T02:11:58.652+0000] {dag.py:3036} INFO - Sync 1 DAGs
[2025-09-09T02:11:58.772+0000] {logging_mixin.py:188} INFO - [2025-09-09T02:11:58.771+0000] {dag.py:3823} INFO - Setting next_dagrun for welcome_dag to 2025-09-08 23:00:00+00:00, run_after=2025-09-09 23:00:00+00:00
[2025-09-09T02:11:58.858+0000] {processor.py:183} INFO - Processing /opt/airflow/dags/welcome_dag.py took 0.409 seconds
[2025-09-09T02:12:29.435+0000] {processor.py:161} INFO - Started process (PID=216) to work on /opt/airflow/dags/welcome_dag.py
[2025-09-09T02:12:29.439+0000] {processor.py:830} INFO - Processing file /opt/airflow/dags/welcome_dag.py for tasks to queue
[2025-09-09T02:12:29.443+0000] {logging_mixin.py:188} INFO - [2025-09-09T02:12:29.442+0000] {dagbag.py:538} INFO - Filling up the DagBag from /opt/airflow/dags/welcome_dag.py
[2025-09-09T02:12:29.489+0000] {processor.py:840} INFO - DAG(s) 'welcome_dag' retrieved from /opt/airflow/dags/welcome_dag.py
[2025-09-09T02:12:29.580+0000] {logging_mixin.py:188} INFO - [2025-09-09T02:12:29.579+0000] {dag.py:3036} INFO - Sync 1 DAGs
[2025-09-09T02:12:29.657+0000] {logging_mixin.py:188} INFO - [2025-09-09T02:12:29.656+0000] {dag.py:3823} INFO - Setting next_dagrun for welcome_dag to 2025-09-08 23:00:00+00:00, run_after=2025-09-09 23:00:00+00:00
[2025-09-09T02:12:30.021+0000] {processor.py:183} INFO - Processing /opt/airflow/dags/welcome_dag.py took 0.603 seconds
[2025-09-09T02:13:00.616+0000] {processor.py:161} INFO - Started process (PID=231) to work on /opt/airflow/dags/welcome_dag.py
[2025-09-09T02:13:00.621+0000] {processor.py:830} INFO - Processing file /opt/airflow/dags/welcome_dag.py for tasks to queue
[2025-09-09T02:13:00.625+0000] {logging_mixin.py:188} INFO - [2025-09-09T02:13:00.624+0000] {dagbag.py:538} INFO - Filling up the DagBag from /opt/airflow/dags/welcome_dag.py
[2025-09-09T02:13:00.673+0000] {processor.py:840} INFO - DAG(s) 'welcome_dag' retrieved from /opt/airflow/dags/welcome_dag.py
[2025-09-09T02:13:00.786+0000] {logging_mixin.py:188} INFO - [2025-09-09T02:13:00.786+0000] {dag.py:3036} INFO - Sync 1 DAGs
[2025-09-09T02:13:00.869+0000] {logging_mixin.py:188} INFO - [2025-09-09T02:13:00.868+0000] {dag.py:3823} INFO - Setting next_dagrun for welcome_dag to 2025-09-08 23:00:00+00:00, run_after=2025-09-09 23:00:00+00:00
[2025-09-09T02:13:00.933+0000] {processor.py:183} INFO - Processing /opt/airflow/dags/welcome_dag.py took 0.327 seconds
[2025-09-09T02:13:31.272+0000] {processor.py:161} INFO - Started process (PID=246) to work on /opt/airflow/dags/welcome_dag.py
[2025-09-09T02:13:31.275+0000] {processor.py:830} INFO - Processing file /opt/airflow/dags/welcome_dag.py for tasks to queue
[2025-09-09T02:13:31.278+0000] {logging_mixin.py:188} INFO - [2025-09-09T02:13:31.277+0000] {dagbag.py:538} INFO - Filling up the DagBag from /opt/airflow/dags/welcome_dag.py
[2025-09-09T02:13:31.319+0000] {processor.py:840} INFO - DAG(s) 'welcome_dag' retrieved from /opt/airflow/dags/welcome_dag.py
[2025-09-09T02:13:31.381+0000] {logging_mixin.py:188} INFO - [2025-09-09T02:13:31.380+0000] {dag.py:3036} INFO - Sync 1 DAGs
[2025-09-09T02:13:31.454+0000] {logging_mixin.py:188} INFO - [2025-09-09T02:13:31.454+0000] {dag.py:3823} INFO - Setting next_dagrun for welcome_dag to 2025-09-08 23:00:00+00:00, run_after=2025-09-09 23:00:00+00:00
[2025-09-09T02:13:31.567+0000] {processor.py:183} INFO - Processing /opt/airflow/dags/welcome_dag.py took 0.307 seconds
[2025-09-09T02:14:02.117+0000] {processor.py:161} INFO - Started process (PID=261) to work on /opt/airflow/dags/welcome_dag.py
[2025-09-09T02:14:02.122+0000] {processor.py:830} INFO - Processing file /opt/airflow/dags/welcome_dag.py for tasks to queue
[2025-09-09T02:14:02.128+0000] {logging_mixin.py:188} INFO - [2025-09-09T02:14:02.126+0000] {dagbag.py:538} INFO - Filling up the DagBag from /opt/airflow/dags/welcome_dag.py
[2025-09-09T02:14:02.169+0000] {processor.py:840} INFO - DAG(s) 'welcome_dag' retrieved from /opt/airflow/dags/welcome_dag.py
[2025-09-09T02:14:03.188+0000] {logging_mixin.py:188} INFO - [2025-09-09T02:14:03.188+0000] {dag.py:3036} INFO - Sync 1 DAGs
[2025-09-09T02:14:03.263+0000] {logging_mixin.py:188} INFO - [2025-09-09T02:14:03.263+0000] {dag.py:3823} INFO - Setting next_dagrun for welcome_dag to 2025-09-08 23:00:00+00:00, run_after=2025-09-09 23:00:00+00:00
[2025-09-09T02:14:03.336+0000] {processor.py:183} INFO - Processing /opt/airflow/dags/welcome_dag.py took 1.238 seconds
[2025-09-09T02:14:33.922+0000] {processor.py:161} INFO - Started process (PID=276) to work on /opt/airflow/dags/welcome_dag.py
[2025-09-09T02:14:33.926+0000] {processor.py:830} INFO - Processing file /opt/airflow/dags/welcome_dag.py for tasks to queue
[2025-09-09T02:14:33.929+0000] {logging_mixin.py:188} INFO - [2025-09-09T02:14:33.928+0000] {dagbag.py:538} INFO - Filling up the DagBag from /opt/airflow/dags/welcome_dag.py
[2025-09-09T02:14:33.968+0000] {processor.py:840} INFO - DAG(s) 'welcome_dag' retrieved from /opt/airflow/dags/welcome_dag.py
[2025-09-09T02:14:34.054+0000] {logging_mixin.py:188} INFO - [2025-09-09T02:14:34.053+0000] {dag.py:3036} INFO - Sync 1 DAGs
[2025-09-09T02:14:34.125+0000] {logging_mixin.py:188} INFO - [2025-09-09T02:14:34.124+0000] {dag.py:3823} INFO - Setting next_dagrun for welcome_dag to 2025-09-08 23:00:00+00:00, run_after=2025-09-09 23:00:00+00:00
[2025-09-09T02:14:34.214+0000] {processor.py:183} INFO - Processing /opt/airflow/dags/welcome_dag.py took 0.330 seconds
[2025-09-09T02:15:04.810+0000] {processor.py:161} INFO - Started process (PID=291) to work on /opt/airflow/dags/welcome_dag.py
[2025-09-09T02:15:04.816+0000] {processor.py:830} INFO - Processing file /opt/airflow/dags/welcome_dag.py for tasks to queue
[2025-09-09T02:15:04.821+0000] {logging_mixin.py:188} INFO - [2025-09-09T02:15:04.820+0000] {dagbag.py:538} INFO - Filling up the DagBag from /opt/airflow/dags/welcome_dag.py
[2025-09-09T02:15:04.868+0000] {processor.py:840} INFO - DAG(s) 'welcome_dag' retrieved from /opt/airflow/dags/welcome_dag.py
[2025-09-09T02:15:04.951+0000] {logging_mixin.py:188} INFO - [2025-09-09T02:15:04.950+0000] {dag.py:3036} INFO - Sync 1 DAGs
[2025-09-09T02:15:05.010+0000] {logging_mixin.py:188} INFO - [2025-09-09T02:15:05.009+0000] {dag.py:3823} INFO - Setting next_dagrun for welcome_dag to 2025-09-08 23:00:00+00:00, run_after=2025-09-09 23:00:00+00:00
[2025-09-09T02:15:05.148+0000] {processor.py:183} INFO - Processing /opt/airflow/dags/welcome_dag.py took 0.354 seconds
[2025-09-09T02:15:35.748+0000] {processor.py:161} INFO - Started process (PID=306) to work on /opt/airflow/dags/welcome_dag.py
[2025-09-09T02:15:35.752+0000] {processor.py:830} INFO - Processing file /opt/airflow/dags/welcome_dag.py for tasks to queue
[2025-09-09T02:15:35.761+0000] {logging_mixin.py:188} INFO - [2025-09-09T02:15:35.759+0000] {dagbag.py:538} INFO - Filling up the DagBag from /opt/airflow/dags/welcome_dag.py
[2025-09-09T02:15:35.809+0000] {processor.py:840} INFO - DAG(s) 'welcome_dag' retrieved from /opt/airflow/dags/welcome_dag.py
[2025-09-09T02:15:35.905+0000] {logging_mixin.py:188} INFO - [2025-09-09T02:15:35.904+0000] {dag.py:3036} INFO - Sync 1 DAGs
[2025-09-09T02:15:35.990+0000] {logging_mixin.py:188} INFO - [2025-09-09T02:15:35.989+0000] {dag.py:3823} INFO - Setting next_dagrun for welcome_dag to 2025-09-08 23:00:00+00:00, run_after=2025-09-09 23:00:00+00:00
[2025-09-09T02:15:36.195+0000] {processor.py:183} INFO - Processing /opt/airflow/dags/welcome_dag.py took 0.470 seconds
[2025-09-09T02:16:06.409+0000] {processor.py:161} INFO - Started process (PID=321) to work on /opt/airflow/dags/welcome_dag.py
[2025-09-09T02:16:06.412+0000] {processor.py:830} INFO - Processing file /opt/airflow/dags/welcome_dag.py for tasks to queue
[2025-09-09T02:16:06.419+0000] {logging_mixin.py:188} INFO - [2025-09-09T02:16:06.418+0000] {dagbag.py:538} INFO - Filling up the DagBag from /opt/airflow/dags/welcome_dag.py
[2025-09-09T02:16:06.470+0000] {processor.py:840} INFO - DAG(s) 'welcome_dag' retrieved from /opt/airflow/dags/welcome_dag.py
[2025-09-09T02:16:06.553+0000] {logging_mixin.py:188} INFO - [2025-09-09T02:16:06.553+0000] {dag.py:3036} INFO - Sync 1 DAGs
[2025-09-09T02:16:06.626+0000] {logging_mixin.py:188} INFO - [2025-09-09T02:16:06.626+0000] {dag.py:3823} INFO - Setting next_dagrun for welcome_dag to 2025-09-08 23:00:00+00:00, run_after=2025-09-09 23:00:00+00:00
[2025-09-09T02:16:06.734+0000] {processor.py:183} INFO - Processing /opt/airflow/dags/welcome_dag.py took 0.339 seconds
[2025-09-09T02:16:37.214+0000] {processor.py:161} INFO - Started process (PID=336) to work on /opt/airflow/dags/welcome_dag.py
[2025-09-09T02:16:37.218+0000] {processor.py:830} INFO - Processing file /opt/airflow/dags/welcome_dag.py for tasks to queue
[2025-09-09T02:16:37.223+0000] {logging_mixin.py:188} INFO - [2025-09-09T02:16:37.222+0000] {dagbag.py:538} INFO - Filling up the DagBag from /opt/airflow/dags/welcome_dag.py
[2025-09-09T02:16:37.263+0000] {processor.py:840} INFO - DAG(s) 'welcome_dag' retrieved from /opt/airflow/dags/welcome_dag.py
[2025-09-09T02:16:37.356+0000] {logging_mixin.py:188} INFO - [2025-09-09T02:16:37.355+0000] {dag.py:3036} INFO - Sync 1 DAGs
[2025-09-09T02:16:37.435+0000] {logging_mixin.py:188} INFO - [2025-09-09T02:16:37.434+0000] {dag.py:3823} INFO - Setting next_dagrun for welcome_dag to 2025-09-08 23:00:00+00:00, run_after=2025-09-09 23:00:00+00:00
[2025-09-09T02:16:38.053+0000] {processor.py:183} INFO - Processing /opt/airflow/dags/welcome_dag.py took 0.851 seconds
[2025-09-09T02:17:08.580+0000] {processor.py:161} INFO - Started process (PID=351) to work on /opt/airflow/dags/welcome_dag.py
[2025-09-09T02:17:08.588+0000] {processor.py:830} INFO - Processing file /opt/airflow/dags/welcome_dag.py for tasks to queue
[2025-09-09T02:17:08.594+0000] {logging_mixin.py:188} INFO - [2025-09-09T02:17:08.592+0000] {dagbag.py:538} INFO - Filling up the DagBag from /opt/airflow/dags/welcome_dag.py
[2025-09-09T02:17:08.667+0000] {processor.py:840} INFO - DAG(s) 'welcome_dag' retrieved from /opt/airflow/dags/welcome_dag.py
[2025-09-09T02:17:08.792+0000] {logging_mixin.py:188} INFO - [2025-09-09T02:17:08.791+0000] {dag.py:3036} INFO - Sync 1 DAGs
[2025-09-09T02:17:08.874+0000] {logging_mixin.py:188} INFO - [2025-09-09T02:17:08.874+0000] {dag.py:3823} INFO - Setting next_dagrun for welcome_dag to 2025-09-08 23:00:00+00:00, run_after=2025-09-09 23:00:00+00:00
[2025-09-09T02:17:09.109+0000] {processor.py:183} INFO - Processing /opt/airflow/dags/welcome_dag.py took 0.564 seconds
[2025-09-09T02:17:39.752+0000] {processor.py:161} INFO - Started process (PID=366) to work on /opt/airflow/dags/welcome_dag.py
[2025-09-09T02:17:39.758+0000] {processor.py:830} INFO - Processing file /opt/airflow/dags/welcome_dag.py for tasks to queue
[2025-09-09T02:17:39.769+0000] {logging_mixin.py:188} INFO - [2025-09-09T02:17:39.766+0000] {dagbag.py:538} INFO - Filling up the DagBag from /opt/airflow/dags/welcome_dag.py
[2025-09-09T02:17:39.859+0000] {processor.py:840} INFO - DAG(s) 'welcome_dag' retrieved from /opt/airflow/dags/welcome_dag.py
[2025-09-09T02:17:40.005+0000] {logging_mixin.py:188} INFO - [2025-09-09T02:17:40.004+0000] {dag.py:3036} INFO - Sync 1 DAGs
[2025-09-09T02:17:40.191+0000] {logging_mixin.py:188} INFO - [2025-09-09T02:17:40.191+0000] {dag.py:3823} INFO - Setting next_dagrun for welcome_dag to 2025-09-08 23:00:00+00:00, run_after=2025-09-09 23:00:00+00:00
[2025-09-09T02:17:40.576+0000] {processor.py:183} INFO - Processing /opt/airflow/dags/welcome_dag.py took 0.845 seconds
[2025-09-09T02:18:11.168+0000] {processor.py:161} INFO - Started process (PID=381) to work on /opt/airflow/dags/welcome_dag.py
[2025-09-09T02:18:11.173+0000] {processor.py:830} INFO - Processing file /opt/airflow/dags/welcome_dag.py for tasks to queue
[2025-09-09T02:18:11.182+0000] {logging_mixin.py:188} INFO - [2025-09-09T02:18:11.181+0000] {dagbag.py:538} INFO - Filling up the DagBag from /opt/airflow/dags/welcome_dag.py
[2025-09-09T02:18:11.239+0000] {processor.py:840} INFO - DAG(s) 'welcome_dag' retrieved from /opt/airflow/dags/welcome_dag.py
[2025-09-09T02:18:11.348+0000] {logging_mixin.py:188} INFO - [2025-09-09T02:18:11.347+0000] {dag.py:3036} INFO - Sync 1 DAGs
[2025-09-09T02:18:11.422+0000] {logging_mixin.py:188} INFO - [2025-09-09T02:18:11.421+0000] {dag.py:3823} INFO - Setting next_dagrun for welcome_dag to 2025-09-08 23:00:00+00:00, run_after=2025-09-09 23:00:00+00:00
[2025-09-09T02:18:11.532+0000] {processor.py:183} INFO - Processing /opt/airflow/dags/welcome_dag.py took 0.381 seconds
[2025-09-09T02:18:42.052+0000] {processor.py:161} INFO - Started process (PID=396) to work on /opt/airflow/dags/welcome_dag.py
[2025-09-09T02:18:42.057+0000] {processor.py:830} INFO - Processing file /opt/airflow/dags/welcome_dag.py for tasks to queue
[2025-09-09T02:18:42.060+0000] {logging_mixin.py:188} INFO - [2025-09-09T02:18:42.059+0000] {dagbag.py:538} INFO - Filling up the DagBag from /opt/airflow/dags/welcome_dag.py
[2025-09-09T02:18:42.106+0000] {processor.py:840} INFO - DAG(s) 'welcome_dag' retrieved from /opt/airflow/dags/welcome_dag.py
[2025-09-09T02:18:42.189+0000] {logging_mixin.py:188} INFO - [2025-09-09T02:18:42.188+0000] {dag.py:3036} INFO - Sync 1 DAGs
[2025-09-09T02:18:42.275+0000] {logging_mixin.py:188} INFO - [2025-09-09T02:18:42.274+0000] {dag.py:3823} INFO - Setting next_dagrun for welcome_dag to 2025-09-08 23:00:00+00:00, run_after=2025-09-09 23:00:00+00:00
[2025-09-09T02:18:42.501+0000] {processor.py:183} INFO - Processing /opt/airflow/dags/welcome_dag.py took 0.464 seconds
[2025-09-09T02:19:13.109+0000] {processor.py:161} INFO - Started process (PID=411) to work on /opt/airflow/dags/welcome_dag.py
[2025-09-09T02:19:13.112+0000] {processor.py:830} INFO - Processing file /opt/airflow/dags/welcome_dag.py for tasks to queue
[2025-09-09T02:19:13.116+0000] {logging_mixin.py:188} INFO - [2025-09-09T02:19:13.115+0000] {dagbag.py:538} INFO - Filling up the DagBag from /opt/airflow/dags/welcome_dag.py
[2025-09-09T02:19:13.171+0000] {processor.py:840} INFO - DAG(s) 'welcome_dag' retrieved from /opt/airflow/dags/welcome_dag.py
[2025-09-09T02:19:13.254+0000] {logging_mixin.py:188} INFO - [2025-09-09T02:19:13.253+0000] {dag.py:3036} INFO - Sync 1 DAGs
[2025-09-09T02:19:13.314+0000] {logging_mixin.py:188} INFO - [2025-09-09T02:19:13.314+0000] {dag.py:3823} INFO - Setting next_dagrun for welcome_dag to 2025-09-08 23:00:00+00:00, run_after=2025-09-09 23:00:00+00:00
[2025-09-09T02:19:13.515+0000] {processor.py:183} INFO - Processing /opt/airflow/dags/welcome_dag.py took 0.415 seconds
[2025-09-09T02:19:44.042+0000] {processor.py:161} INFO - Started process (PID=426) to work on /opt/airflow/dags/welcome_dag.py
[2025-09-09T02:19:44.046+0000] {processor.py:830} INFO - Processing file /opt/airflow/dags/welcome_dag.py for tasks to queue
[2025-09-09T02:19:44.050+0000] {logging_mixin.py:188} INFO - [2025-09-09T02:19:44.049+0000] {dagbag.py:538} INFO - Filling up the DagBag from /opt/airflow/dags/welcome_dag.py
[2025-09-09T02:19:44.089+0000] {processor.py:840} INFO - DAG(s) 'welcome_dag' retrieved from /opt/airflow/dags/welcome_dag.py
[2025-09-09T02:19:44.173+0000] {logging_mixin.py:188} INFO - [2025-09-09T02:19:44.172+0000] {dag.py:3036} INFO - Sync 1 DAGs
[2025-09-09T02:19:44.268+0000] {logging_mixin.py:188} INFO - [2025-09-09T02:19:44.268+0000] {dag.py:3823} INFO - Setting next_dagrun for welcome_dag to 2025-09-08 23:00:00+00:00, run_after=2025-09-09 23:00:00+00:00
[2025-09-09T02:19:44.372+0000] {processor.py:183} INFO - Processing /opt/airflow/dags/welcome_dag.py took 0.340 seconds
[2025-09-09T02:20:14.625+0000] {processor.py:161} INFO - Started process (PID=441) to work on /opt/airflow/dags/welcome_dag.py
[2025-09-09T02:20:14.630+0000] {processor.py:830} INFO - Processing file /opt/airflow/dags/welcome_dag.py for tasks to queue
[2025-09-09T02:20:14.636+0000] {logging_mixin.py:188} INFO - [2025-09-09T02:20:14.635+0000] {dagbag.py:538} INFO - Filling up the DagBag from /opt/airflow/dags/welcome_dag.py
[2025-09-09T02:20:14.706+0000] {processor.py:840} INFO - DAG(s) 'welcome_dag' retrieved from /opt/airflow/dags/welcome_dag.py
[2025-09-09T02:20:14.808+0000] {logging_mixin.py:188} INFO - [2025-09-09T02:20:14.808+0000] {dag.py:3036} INFO - Sync 1 DAGs
[2025-09-09T02:20:14.892+0000] {logging_mixin.py:188} INFO - [2025-09-09T02:20:14.891+0000] {dag.py:3823} INFO - Setting next_dagrun for welcome_dag to 2025-09-08 23:00:00+00:00, run_after=2025-09-09 23:00:00+00:00
[2025-09-09T02:20:15.796+0000] {processor.py:183} INFO - Processing /opt/airflow/dags/welcome_dag.py took 1.192 seconds
[2025-09-09T02:20:46.418+0000] {processor.py:161} INFO - Started process (PID=456) to work on /opt/airflow/dags/welcome_dag.py
[2025-09-09T02:20:46.422+0000] {processor.py:830} INFO - Processing file /opt/airflow/dags/welcome_dag.py for tasks to queue
[2025-09-09T02:20:46.428+0000] {logging_mixin.py:188} INFO - [2025-09-09T02:20:46.427+0000] {dagbag.py:538} INFO - Filling up the DagBag from /opt/airflow/dags/welcome_dag.py
[2025-09-09T02:20:46.476+0000] {processor.py:840} INFO - DAG(s) 'welcome_dag' retrieved from /opt/airflow/dags/welcome_dag.py
[2025-09-09T02:20:46.572+0000] {logging_mixin.py:188} INFO - [2025-09-09T02:20:46.571+0000] {dag.py:3036} INFO - Sync 1 DAGs
[2025-09-09T02:20:46.659+0000] {logging_mixin.py:188} INFO - [2025-09-09T02:20:46.658+0000] {dag.py:3823} INFO - Setting next_dagrun for welcome_dag to 2025-09-08 23:00:00+00:00, run_after=2025-09-09 23:00:00+00:00
[2025-09-09T02:20:46.751+0000] {processor.py:183} INFO - Processing /opt/airflow/dags/welcome_dag.py took 0.349 seconds
[2025-09-09T02:21:17.103+0000] {processor.py:161} INFO - Started process (PID=471) to work on /opt/airflow/dags/welcome_dag.py
[2025-09-09T02:21:17.109+0000] {processor.py:830} INFO - Processing file /opt/airflow/dags/welcome_dag.py for tasks to queue
[2025-09-09T02:21:17.115+0000] {logging_mixin.py:188} INFO - [2025-09-09T02:21:17.113+0000] {dagbag.py:538} INFO - Filling up the DagBag from /opt/airflow/dags/welcome_dag.py
[2025-09-09T02:21:17.171+0000] {processor.py:840} INFO - DAG(s) 'welcome_dag' retrieved from /opt/airflow/dags/welcome_dag.py
[2025-09-09T02:21:17.282+0000] {logging_mixin.py:188} INFO - [2025-09-09T02:21:17.282+0000] {dag.py:3036} INFO - Sync 1 DAGs
[2025-09-09T02:21:17.374+0000] {logging_mixin.py:188} INFO - [2025-09-09T02:21:17.373+0000] {dag.py:3823} INFO - Setting next_dagrun for welcome_dag to 2025-09-08 23:00:00+00:00, run_after=2025-09-09 23:00:00+00:00
[2025-09-09T02:21:17.646+0000] {processor.py:183} INFO - Processing /opt/airflow/dags/welcome_dag.py took 0.567 seconds
[2025-09-09T02:21:48.227+0000] {processor.py:161} INFO - Started process (PID=486) to work on /opt/airflow/dags/welcome_dag.py
[2025-09-09T02:21:48.230+0000] {processor.py:830} INFO - Processing file /opt/airflow/dags/welcome_dag.py for tasks to queue
[2025-09-09T02:21:48.241+0000] {logging_mixin.py:188} INFO - [2025-09-09T02:21:48.240+0000] {dagbag.py:538} INFO - Filling up the DagBag from /opt/airflow/dags/welcome_dag.py
[2025-09-09T02:21:48.285+0000] {processor.py:840} INFO - DAG(s) 'welcome_dag' retrieved from /opt/airflow/dags/welcome_dag.py
[2025-09-09T02:21:48.370+0000] {logging_mixin.py:188} INFO - [2025-09-09T02:21:48.370+0000] {dag.py:3036} INFO - Sync 1 DAGs
[2025-09-09T02:21:48.432+0000] {logging_mixin.py:188} INFO - [2025-09-09T02:21:48.431+0000] {dag.py:3823} INFO - Setting next_dagrun for welcome_dag to 2025-09-08 23:00:00+00:00, run_after=2025-09-09 23:00:00+00:00
[2025-09-09T02:21:48.591+0000] {processor.py:183} INFO - Processing /opt/airflow/dags/welcome_dag.py took 0.376 seconds
[2025-09-09T02:22:19.186+0000] {processor.py:161} INFO - Started process (PID=517) to work on /opt/airflow/dags/welcome_dag.py
[2025-09-09T02:22:19.194+0000] {processor.py:830} INFO - Processing file /opt/airflow/dags/welcome_dag.py for tasks to queue
[2025-09-09T02:22:19.203+0000] {logging_mixin.py:188} INFO - [2025-09-09T02:22:19.198+0000] {dagbag.py:538} INFO - Filling up the DagBag from /opt/airflow/dags/welcome_dag.py
[2025-09-09T02:22:19.283+0000] {processor.py:840} INFO - DAG(s) 'welcome_dag' retrieved from /opt/airflow/dags/welcome_dag.py
[2025-09-09T02:22:19.422+0000] {logging_mixin.py:188} INFO - [2025-09-09T02:22:19.421+0000] {dag.py:3036} INFO - Sync 1 DAGs
[2025-09-09T02:22:19.505+0000] {logging_mixin.py:188} INFO - [2025-09-09T02:22:19.505+0000] {dag.py:3823} INFO - Setting next_dagrun for welcome_dag to 2025-09-08 23:00:00+00:00, run_after=2025-09-09 23:00:00+00:00
[2025-09-09T02:22:19.700+0000] {processor.py:183} INFO - Processing /opt/airflow/dags/welcome_dag.py took 0.528 seconds
[2025-09-09T02:22:50.277+0000] {processor.py:161} INFO - Started process (PID=534) to work on /opt/airflow/dags/welcome_dag.py
[2025-09-09T02:22:50.280+0000] {processor.py:830} INFO - Processing file /opt/airflow/dags/welcome_dag.py for tasks to queue
[2025-09-09T02:22:50.285+0000] {logging_mixin.py:188} INFO - [2025-09-09T02:22:50.283+0000] {dagbag.py:538} INFO - Filling up the DagBag from /opt/airflow/dags/welcome_dag.py
[2025-09-09T02:22:50.332+0000] {processor.py:840} INFO - DAG(s) 'welcome_dag' retrieved from /opt/airflow/dags/welcome_dag.py
[2025-09-09T02:22:50.424+0000] {logging_mixin.py:188} INFO - [2025-09-09T02:22:50.424+0000] {dag.py:3036} INFO - Sync 1 DAGs
[2025-09-09T02:22:50.528+0000] {logging_mixin.py:188} INFO - [2025-09-09T02:22:50.527+0000] {dag.py:3823} INFO - Setting next_dagrun for welcome_dag to 2025-09-08 23:00:00+00:00, run_after=2025-09-09 23:00:00+00:00
[2025-09-09T02:22:50.670+0000] {processor.py:183} INFO - Processing /opt/airflow/dags/welcome_dag.py took 0.407 seconds
[2025-09-09T02:23:20.902+0000] {processor.py:161} INFO - Started process (PID=549) to work on /opt/airflow/dags/welcome_dag.py
[2025-09-09T02:23:20.908+0000] {processor.py:830} INFO - Processing file /opt/airflow/dags/welcome_dag.py for tasks to queue
[2025-09-09T02:23:20.914+0000] {logging_mixin.py:188} INFO - [2025-09-09T02:23:20.913+0000] {dagbag.py:538} INFO - Filling up the DagBag from /opt/airflow/dags/welcome_dag.py
[2025-09-09T02:23:20.970+0000] {processor.py:840} INFO - DAG(s) 'welcome_dag' retrieved from /opt/airflow/dags/welcome_dag.py
[2025-09-09T02:23:21.071+0000] {logging_mixin.py:188} INFO - [2025-09-09T02:23:21.070+0000] {dag.py:3036} INFO - Sync 1 DAGs
[2025-09-09T02:23:21.172+0000] {logging_mixin.py:188} INFO - [2025-09-09T02:23:21.171+0000] {dag.py:3823} INFO - Setting next_dagrun for welcome_dag to 2025-09-08 23:00:00+00:00, run_after=2025-09-09 23:00:00+00:00
[2025-09-09T02:23:21.269+0000] {processor.py:183} INFO - Processing /opt/airflow/dags/welcome_dag.py took 0.379 seconds
[2025-09-09T02:23:51.749+0000] {processor.py:161} INFO - Started process (PID=564) to work on /opt/airflow/dags/welcome_dag.py
[2025-09-09T02:23:51.752+0000] {processor.py:830} INFO - Processing file /opt/airflow/dags/welcome_dag.py for tasks to queue
[2025-09-09T02:23:51.756+0000] {logging_mixin.py:188} INFO - [2025-09-09T02:23:51.755+0000] {dagbag.py:538} INFO - Filling up the DagBag from /opt/airflow/dags/welcome_dag.py
[2025-09-09T02:23:51.812+0000] {processor.py:840} INFO - DAG(s) 'welcome_dag' retrieved from /opt/airflow/dags/welcome_dag.py
[2025-09-09T02:23:51.978+0000] {logging_mixin.py:188} INFO - [2025-09-09T02:23:51.977+0000] {dag.py:3036} INFO - Sync 1 DAGs
[2025-09-09T02:23:52.087+0000] {logging_mixin.py:188} INFO - [2025-09-09T02:23:52.086+0000] {dag.py:3823} INFO - Setting next_dagrun for welcome_dag to 2025-09-08 23:00:00+00:00, run_after=2025-09-09 23:00:00+00:00
[2025-09-09T02:23:52.252+0000] {processor.py:183} INFO - Processing /opt/airflow/dags/welcome_dag.py took 0.514 seconds
[2025-09-09T02:24:23.184+0000] {processor.py:161} INFO - Started process (PID=576) to work on /opt/airflow/dags/welcome_dag.py
[2025-09-09T02:24:23.300+0000] {processor.py:830} INFO - Processing file /opt/airflow/dags/welcome_dag.py for tasks to queue
[2025-09-09T02:24:23.428+0000] {logging_mixin.py:188} INFO - [2025-09-09T02:24:23.424+0000] {dagbag.py:538} INFO - Filling up the DagBag from /opt/airflow/dags/welcome_dag.py
[2025-09-09T02:24:24.283+0000] {processor.py:840} INFO - DAG(s) 'welcome_dag' retrieved from /opt/airflow/dags/welcome_dag.py
[2025-09-09T02:24:27.026+0000] {logging_mixin.py:188} INFO - [2025-09-09T02:24:27.024+0000] {dag.py:3036} INFO - Sync 1 DAGs
[2025-09-09T02:24:29.740+0000] {logging_mixin.py:188} INFO - [2025-09-09T02:24:29.729+0000] {dag.py:3823} INFO - Setting next_dagrun for welcome_dag to 2025-09-08 23:00:00+00:00, run_after=2025-09-09 23:00:00+00:00
[2025-09-09T02:24:31.344+0000] {processor.py:183} INFO - Processing /opt/airflow/dags/welcome_dag.py took 8.394 seconds
[2025-09-09T02:25:02.306+0000] {processor.py:161} INFO - Started process (PID=591) to work on /opt/airflow/dags/welcome_dag.py
[2025-09-09T02:25:02.311+0000] {processor.py:830} INFO - Processing file /opt/airflow/dags/welcome_dag.py for tasks to queue
[2025-09-09T02:25:02.321+0000] {logging_mixin.py:188} INFO - [2025-09-09T02:25:02.318+0000] {dagbag.py:538} INFO - Filling up the DagBag from /opt/airflow/dags/welcome_dag.py
[2025-09-09T02:25:02.402+0000] {processor.py:840} INFO - DAG(s) 'welcome_dag' retrieved from /opt/airflow/dags/welcome_dag.py
[2025-09-09T02:25:02.506+0000] {logging_mixin.py:188} INFO - [2025-09-09T02:25:02.505+0000] {dag.py:3036} INFO - Sync 1 DAGs
[2025-09-09T02:25:02.576+0000] {logging_mixin.py:188} INFO - [2025-09-09T02:25:02.575+0000] {dag.py:3823} INFO - Setting next_dagrun for welcome_dag to 2025-09-08 23:00:00+00:00, run_after=2025-09-09 23:00:00+00:00
[2025-09-09T02:25:02.924+0000] {processor.py:183} INFO - Processing /opt/airflow/dags/welcome_dag.py took 0.648 seconds
[2025-09-09T02:25:33.229+0000] {processor.py:161} INFO - Started process (PID=606) to work on /opt/airflow/dags/welcome_dag.py
[2025-09-09T02:25:33.234+0000] {processor.py:830} INFO - Processing file /opt/airflow/dags/welcome_dag.py for tasks to queue
[2025-09-09T02:25:33.238+0000] {logging_mixin.py:188} INFO - [2025-09-09T02:25:33.237+0000] {dagbag.py:538} INFO - Filling up the DagBag from /opt/airflow/dags/welcome_dag.py
[2025-09-09T02:25:33.302+0000] {processor.py:840} INFO - DAG(s) 'welcome_dag' retrieved from /opt/airflow/dags/welcome_dag.py
[2025-09-09T02:25:33.475+0000] {logging_mixin.py:188} INFO - [2025-09-09T02:25:33.474+0000] {dag.py:3036} INFO - Sync 1 DAGs
[2025-09-09T02:25:33.556+0000] {logging_mixin.py:188} INFO - [2025-09-09T02:25:33.556+0000] {dag.py:3823} INFO - Setting next_dagrun for welcome_dag to 2025-09-08 23:00:00+00:00, run_after=2025-09-09 23:00:00+00:00
[2025-09-09T02:25:33.913+0000] {processor.py:183} INFO - Processing /opt/airflow/dags/welcome_dag.py took 0.707 seconds
[2025-09-09T02:26:04.786+0000] {processor.py:161} INFO - Started process (PID=621) to work on /opt/airflow/dags/welcome_dag.py
[2025-09-09T02:26:04.792+0000] {processor.py:830} INFO - Processing file /opt/airflow/dags/welcome_dag.py for tasks to queue
[2025-09-09T02:26:04.796+0000] {logging_mixin.py:188} INFO - [2025-09-09T02:26:04.795+0000] {dagbag.py:538} INFO - Filling up the DagBag from /opt/airflow/dags/welcome_dag.py
[2025-09-09T02:26:04.851+0000] {processor.py:840} INFO - DAG(s) 'welcome_dag' retrieved from /opt/airflow/dags/welcome_dag.py
[2025-09-09T02:26:04.978+0000] {logging_mixin.py:188} INFO - [2025-09-09T02:26:04.978+0000] {dag.py:3036} INFO - Sync 1 DAGs
[2025-09-09T02:26:05.045+0000] {logging_mixin.py:188} INFO - [2025-09-09T02:26:05.044+0000] {dag.py:3823} INFO - Setting next_dagrun for welcome_dag to 2025-09-08 23:00:00+00:00, run_after=2025-09-09 23:00:00+00:00
[2025-09-09T02:26:05.160+0000] {processor.py:183} INFO - Processing /opt/airflow/dags/welcome_dag.py took 0.397 seconds
[2025-09-09T02:26:35.829+0000] {processor.py:161} INFO - Started process (PID=636) to work on /opt/airflow/dags/welcome_dag.py
[2025-09-09T02:26:35.833+0000] {processor.py:830} INFO - Processing file /opt/airflow/dags/welcome_dag.py for tasks to queue
[2025-09-09T02:26:35.837+0000] {logging_mixin.py:188} INFO - [2025-09-09T02:26:35.836+0000] {dagbag.py:538} INFO - Filling up the DagBag from /opt/airflow/dags/welcome_dag.py
[2025-09-09T02:26:35.888+0000] {processor.py:840} INFO - DAG(s) 'welcome_dag' retrieved from /opt/airflow/dags/welcome_dag.py
[2025-09-09T02:26:35.984+0000] {logging_mixin.py:188} INFO - [2025-09-09T02:26:35.984+0000] {dag.py:3036} INFO - Sync 1 DAGs
[2025-09-09T02:26:36.037+0000] {logging_mixin.py:188} INFO - [2025-09-09T02:26:36.037+0000] {dag.py:3823} INFO - Setting next_dagrun for welcome_dag to 2025-09-08 23:00:00+00:00, run_after=2025-09-09 23:00:00+00:00
[2025-09-09T02:26:36.110+0000] {processor.py:183} INFO - Processing /opt/airflow/dags/welcome_dag.py took 0.301 seconds
[2025-09-09T02:27:06.910+0000] {processor.py:161} INFO - Started process (PID=651) to work on /opt/airflow/dags/welcome_dag.py
[2025-09-09T02:27:06.916+0000] {processor.py:830} INFO - Processing file /opt/airflow/dags/welcome_dag.py for tasks to queue
[2025-09-09T02:27:06.924+0000] {logging_mixin.py:188} INFO - [2025-09-09T02:27:06.923+0000] {dagbag.py:538} INFO - Filling up the DagBag from /opt/airflow/dags/welcome_dag.py
[2025-09-09T02:27:06.989+0000] {processor.py:840} INFO - DAG(s) 'welcome_dag' retrieved from /opt/airflow/dags/welcome_dag.py
[2025-09-09T02:27:07.079+0000] {logging_mixin.py:188} INFO - [2025-09-09T02:27:07.078+0000] {dag.py:3036} INFO - Sync 1 DAGs
[2025-09-09T02:27:07.149+0000] {logging_mixin.py:188} INFO - [2025-09-09T02:27:07.148+0000] {dag.py:3823} INFO - Setting next_dagrun for welcome_dag to 2025-09-08 23:00:00+00:00, run_after=2025-09-09 23:00:00+00:00
[2025-09-09T02:27:07.208+0000] {processor.py:183} INFO - Processing /opt/airflow/dags/welcome_dag.py took 0.322 seconds
[2025-09-09T02:27:37.780+0000] {processor.py:161} INFO - Started process (PID=670) to work on /opt/airflow/dags/welcome_dag.py
[2025-09-09T02:27:37.785+0000] {processor.py:830} INFO - Processing file /opt/airflow/dags/welcome_dag.py for tasks to queue
[2025-09-09T02:27:37.792+0000] {logging_mixin.py:188} INFO - [2025-09-09T02:27:37.789+0000] {dagbag.py:538} INFO - Filling up the DagBag from /opt/airflow/dags/welcome_dag.py
[2025-09-09T02:27:37.851+0000] {processor.py:840} INFO - DAG(s) 'welcome_dag' retrieved from /opt/airflow/dags/welcome_dag.py
[2025-09-09T02:27:37.995+0000] {logging_mixin.py:188} INFO - [2025-09-09T02:27:37.995+0000] {dag.py:3036} INFO - Sync 1 DAGs
[2025-09-09T02:27:38.065+0000] {logging_mixin.py:188} INFO - [2025-09-09T02:27:38.064+0000] {dag.py:3823} INFO - Setting next_dagrun for welcome_dag to 2025-09-08 23:00:00+00:00, run_after=2025-09-09 23:00:00+00:00
[2025-09-09T02:27:38.155+0000] {processor.py:183} INFO - Processing /opt/airflow/dags/welcome_dag.py took 0.400 seconds
[2025-09-09T02:28:09.028+0000] {processor.py:161} INFO - Started process (PID=685) to work on /opt/airflow/dags/welcome_dag.py
[2025-09-09T02:28:09.033+0000] {processor.py:830} INFO - Processing file /opt/airflow/dags/welcome_dag.py for tasks to queue
[2025-09-09T02:28:09.038+0000] {logging_mixin.py:188} INFO - [2025-09-09T02:28:09.036+0000] {dagbag.py:538} INFO - Filling up the DagBag from /opt/airflow/dags/welcome_dag.py
[2025-09-09T02:28:09.094+0000] {processor.py:840} INFO - DAG(s) 'welcome_dag' retrieved from /opt/airflow/dags/welcome_dag.py
[2025-09-09T02:28:09.213+0000] {logging_mixin.py:188} INFO - [2025-09-09T02:28:09.213+0000] {dag.py:3036} INFO - Sync 1 DAGs
[2025-09-09T02:28:09.272+0000] {logging_mixin.py:188} INFO - [2025-09-09T02:28:09.271+0000] {dag.py:3823} INFO - Setting next_dagrun for welcome_dag to 2025-09-08 23:00:00+00:00, run_after=2025-09-09 23:00:00+00:00
[2025-09-09T02:28:09.375+0000] {processor.py:183} INFO - Processing /opt/airflow/dags/welcome_dag.py took 0.366 seconds
[2025-09-09T02:28:39.925+0000] {processor.py:161} INFO - Started process (PID=700) to work on /opt/airflow/dags/welcome_dag.py
[2025-09-09T02:28:39.931+0000] {processor.py:830} INFO - Processing file /opt/airflow/dags/welcome_dag.py for tasks to queue
[2025-09-09T02:28:39.938+0000] {logging_mixin.py:188} INFO - [2025-09-09T02:28:39.936+0000] {dagbag.py:538} INFO - Filling up the DagBag from /opt/airflow/dags/welcome_dag.py
[2025-09-09T02:28:40.017+0000] {processor.py:840} INFO - DAG(s) 'welcome_dag' retrieved from /opt/airflow/dags/welcome_dag.py
[2025-09-09T02:28:40.084+0000] {logging_mixin.py:188} INFO - [2025-09-09T02:28:40.083+0000] {dag.py:3036} INFO - Sync 1 DAGs
[2025-09-09T02:28:40.143+0000] {logging_mixin.py:188} INFO - [2025-09-09T02:28:40.143+0000] {dag.py:3823} INFO - Setting next_dagrun for welcome_dag to 2025-09-08 23:00:00+00:00, run_after=2025-09-09 23:00:00+00:00
[2025-09-09T02:28:40.208+0000] {processor.py:183} INFO - Processing /opt/airflow/dags/welcome_dag.py took 0.307 seconds
[2025-09-09T02:29:10.766+0000] {processor.py:161} INFO - Started process (PID=715) to work on /opt/airflow/dags/welcome_dag.py
[2025-09-09T02:29:10.772+0000] {processor.py:830} INFO - Processing file /opt/airflow/dags/welcome_dag.py for tasks to queue
[2025-09-09T02:29:10.777+0000] {logging_mixin.py:188} INFO - [2025-09-09T02:29:10.776+0000] {dagbag.py:538} INFO - Filling up the DagBag from /opt/airflow/dags/welcome_dag.py
[2025-09-09T02:29:10.825+0000] {processor.py:840} INFO - DAG(s) 'welcome_dag' retrieved from /opt/airflow/dags/welcome_dag.py
[2025-09-09T02:29:10.912+0000] {logging_mixin.py:188} INFO - [2025-09-09T02:29:10.911+0000] {dag.py:3036} INFO - Sync 1 DAGs
[2025-09-09T02:29:10.977+0000] {logging_mixin.py:188} INFO - [2025-09-09T02:29:10.976+0000] {dag.py:3823} INFO - Setting next_dagrun for welcome_dag to 2025-09-08 23:00:00+00:00, run_after=2025-09-09 23:00:00+00:00
[2025-09-09T02:29:14.070+0000] {processor.py:183} INFO - Processing /opt/airflow/dags/welcome_dag.py took 3.332 seconds
[2025-09-09T02:29:44.367+0000] {processor.py:161} INFO - Started process (PID=730) to work on /opt/airflow/dags/welcome_dag.py
[2025-09-09T02:29:44.372+0000] {processor.py:830} INFO - Processing file /opt/airflow/dags/welcome_dag.py for tasks to queue
[2025-09-09T02:29:44.376+0000] {logging_mixin.py:188} INFO - [2025-09-09T02:29:44.375+0000] {dagbag.py:538} INFO - Filling up the DagBag from /opt/airflow/dags/welcome_dag.py
[2025-09-09T02:29:44.425+0000] {processor.py:840} INFO - DAG(s) 'welcome_dag' retrieved from /opt/airflow/dags/welcome_dag.py
[2025-09-09T02:29:44.516+0000] {logging_mixin.py:188} INFO - [2025-09-09T02:29:44.516+0000] {dag.py:3036} INFO - Sync 1 DAGs
[2025-09-09T02:29:44.581+0000] {logging_mixin.py:188} INFO - [2025-09-09T02:29:44.581+0000] {dag.py:3823} INFO - Setting next_dagrun for welcome_dag to 2025-09-08 23:00:00+00:00, run_after=2025-09-09 23:00:00+00:00
[2025-09-09T02:29:44.661+0000] {processor.py:183} INFO - Processing /opt/airflow/dags/welcome_dag.py took 0.317 seconds
[2025-09-09T02:30:15.311+0000] {processor.py:161} INFO - Started process (PID=745) to work on /opt/airflow/dags/welcome_dag.py
[2025-09-09T02:30:15.316+0000] {processor.py:830} INFO - Processing file /opt/airflow/dags/welcome_dag.py for tasks to queue
[2025-09-09T02:30:15.322+0000] {logging_mixin.py:188} INFO - [2025-09-09T02:30:15.320+0000] {dagbag.py:538} INFO - Filling up the DagBag from /opt/airflow/dags/welcome_dag.py
[2025-09-09T02:30:15.396+0000] {processor.py:840} INFO - DAG(s) 'welcome_dag' retrieved from /opt/airflow/dags/welcome_dag.py
[2025-09-09T02:30:15.524+0000] {logging_mixin.py:188} INFO - [2025-09-09T02:30:15.523+0000] {dag.py:3036} INFO - Sync 1 DAGs
[2025-09-09T02:30:15.647+0000] {logging_mixin.py:188} INFO - [2025-09-09T02:30:15.646+0000] {dag.py:3823} INFO - Setting next_dagrun for welcome_dag to 2025-09-08 23:00:00+00:00, run_after=2025-09-09 23:00:00+00:00
[2025-09-09T02:30:15.765+0000] {processor.py:183} INFO - Processing /opt/airflow/dags/welcome_dag.py took 0.478 seconds
[2025-09-09T02:30:46.349+0000] {processor.py:161} INFO - Started process (PID=760) to work on /opt/airflow/dags/welcome_dag.py
[2025-09-09T02:30:46.355+0000] {processor.py:830} INFO - Processing file /opt/airflow/dags/welcome_dag.py for tasks to queue
[2025-09-09T02:30:46.361+0000] {logging_mixin.py:188} INFO - [2025-09-09T02:30:46.359+0000] {dagbag.py:538} INFO - Filling up the DagBag from /opt/airflow/dags/welcome_dag.py
[2025-09-09T02:30:46.431+0000] {processor.py:840} INFO - DAG(s) 'welcome_dag' retrieved from /opt/airflow/dags/welcome_dag.py
[2025-09-09T02:30:46.541+0000] {logging_mixin.py:188} INFO - [2025-09-09T02:30:46.541+0000] {dag.py:3036} INFO - Sync 1 DAGs
[2025-09-09T02:30:46.620+0000] {logging_mixin.py:188} INFO - [2025-09-09T02:30:46.620+0000] {dag.py:3823} INFO - Setting next_dagrun for welcome_dag to 2025-09-08 23:00:00+00:00, run_after=2025-09-09 23:00:00+00:00
[2025-09-09T02:30:46.707+0000] {processor.py:183} INFO - Processing /opt/airflow/dags/welcome_dag.py took 0.381 seconds
[2025-09-09T02:31:17.566+0000] {processor.py:161} INFO - Started process (PID=775) to work on /opt/airflow/dags/welcome_dag.py
[2025-09-09T02:31:17.571+0000] {processor.py:830} INFO - Processing file /opt/airflow/dags/welcome_dag.py for tasks to queue
[2025-09-09T02:31:17.578+0000] {logging_mixin.py:188} INFO - [2025-09-09T02:31:17.575+0000] {dagbag.py:538} INFO - Filling up the DagBag from /opt/airflow/dags/welcome_dag.py
[2025-09-09T02:31:17.634+0000] {processor.py:840} INFO - DAG(s) 'welcome_dag' retrieved from /opt/airflow/dags/welcome_dag.py
[2025-09-09T02:31:17.748+0000] {logging_mixin.py:188} INFO - [2025-09-09T02:31:17.748+0000] {dag.py:3036} INFO - Sync 1 DAGs
[2025-09-09T02:31:17.816+0000] {logging_mixin.py:188} INFO - [2025-09-09T02:31:17.816+0000] {dag.py:3823} INFO - Setting next_dagrun for welcome_dag to 2025-09-08 23:00:00+00:00, run_after=2025-09-09 23:00:00+00:00
[2025-09-09T02:31:17.874+0000] {processor.py:183} INFO - Processing /opt/airflow/dags/welcome_dag.py took 0.330 seconds
[2025-09-09T02:31:48.556+0000] {processor.py:161} INFO - Started process (PID=790) to work on /opt/airflow/dags/welcome_dag.py
[2025-09-09T02:31:48.563+0000] {processor.py:830} INFO - Processing file /opt/airflow/dags/welcome_dag.py for tasks to queue
[2025-09-09T02:31:48.571+0000] {logging_mixin.py:188} INFO - [2025-09-09T02:31:48.569+0000] {dagbag.py:538} INFO - Filling up the DagBag from /opt/airflow/dags/welcome_dag.py
[2025-09-09T02:31:48.647+0000] {processor.py:840} INFO - DAG(s) 'welcome_dag' retrieved from /opt/airflow/dags/welcome_dag.py
[2025-09-09T02:31:48.741+0000] {logging_mixin.py:188} INFO - [2025-09-09T02:31:48.740+0000] {dag.py:3036} INFO - Sync 1 DAGs
[2025-09-09T02:31:48.807+0000] {logging_mixin.py:188} INFO - [2025-09-09T02:31:48.806+0000] {dag.py:3823} INFO - Setting next_dagrun for welcome_dag to 2025-09-08 23:00:00+00:00, run_after=2025-09-09 23:00:00+00:00
[2025-09-09T02:31:48.901+0000] {processor.py:183} INFO - Processing /opt/airflow/dags/welcome_dag.py took 0.369 seconds
[2025-09-09T02:32:19.622+0000] {processor.py:161} INFO - Started process (PID=805) to work on /opt/airflow/dags/welcome_dag.py
[2025-09-09T02:32:19.627+0000] {processor.py:830} INFO - Processing file /opt/airflow/dags/welcome_dag.py for tasks to queue
[2025-09-09T02:32:19.633+0000] {logging_mixin.py:188} INFO - [2025-09-09T02:32:19.631+0000] {dagbag.py:538} INFO - Filling up the DagBag from /opt/airflow/dags/welcome_dag.py
[2025-09-09T02:32:19.683+0000] {processor.py:840} INFO - DAG(s) 'welcome_dag' retrieved from /opt/airflow/dags/welcome_dag.py
[2025-09-09T02:32:19.753+0000] {logging_mixin.py:188} INFO - [2025-09-09T02:32:19.753+0000] {dag.py:3036} INFO - Sync 1 DAGs
[2025-09-09T02:32:19.815+0000] {logging_mixin.py:188} INFO - [2025-09-09T02:32:19.815+0000] {dag.py:3823} INFO - Setting next_dagrun for welcome_dag to 2025-09-08 23:00:00+00:00, run_after=2025-09-09 23:00:00+00:00
[2025-09-09T02:32:19.884+0000] {processor.py:183} INFO - Processing /opt/airflow/dags/welcome_dag.py took 0.285 seconds
[2025-09-09T02:32:50.727+0000] {processor.py:161} INFO - Started process (PID=820) to work on /opt/airflow/dags/welcome_dag.py
[2025-09-09T02:32:50.733+0000] {processor.py:830} INFO - Processing file /opt/airflow/dags/welcome_dag.py for tasks to queue
[2025-09-09T02:32:50.739+0000] {logging_mixin.py:188} INFO - [2025-09-09T02:32:50.737+0000] {dagbag.py:538} INFO - Filling up the DagBag from /opt/airflow/dags/welcome_dag.py
[2025-09-09T02:32:50.808+0000] {processor.py:840} INFO - DAG(s) 'welcome_dag' retrieved from /opt/airflow/dags/welcome_dag.py
[2025-09-09T02:32:50.941+0000] {logging_mixin.py:188} INFO - [2025-09-09T02:32:50.940+0000] {dag.py:3036} INFO - Sync 1 DAGs
[2025-09-09T02:32:51.007+0000] {logging_mixin.py:188} INFO - [2025-09-09T02:32:51.006+0000] {dag.py:3823} INFO - Setting next_dagrun for welcome_dag to 2025-09-08 23:00:00+00:00, run_after=2025-09-09 23:00:00+00:00
[2025-09-09T02:32:51.073+0000] {processor.py:183} INFO - Processing /opt/airflow/dags/welcome_dag.py took 0.368 seconds
[2025-09-09T02:33:21.767+0000] {processor.py:161} INFO - Started process (PID=835) to work on /opt/airflow/dags/welcome_dag.py
[2025-09-09T02:33:21.774+0000] {processor.py:830} INFO - Processing file /opt/airflow/dags/welcome_dag.py for tasks to queue
[2025-09-09T02:33:21.780+0000] {logging_mixin.py:188} INFO - [2025-09-09T02:33:21.778+0000] {dagbag.py:538} INFO - Filling up the DagBag from /opt/airflow/dags/welcome_dag.py
[2025-09-09T02:33:21.859+0000] {processor.py:840} INFO - DAG(s) 'welcome_dag' retrieved from /opt/airflow/dags/welcome_dag.py
[2025-09-09T02:33:21.953+0000] {logging_mixin.py:188} INFO - [2025-09-09T02:33:21.952+0000] {dag.py:3036} INFO - Sync 1 DAGs
[2025-09-09T02:33:22.017+0000] {logging_mixin.py:188} INFO - [2025-09-09T02:33:22.017+0000] {dag.py:3823} INFO - Setting next_dagrun for welcome_dag to 2025-09-08 23:00:00+00:00, run_after=2025-09-09 23:00:00+00:00
[2025-09-09T02:33:22.089+0000] {processor.py:183} INFO - Processing /opt/airflow/dags/welcome_dag.py took 0.347 seconds
[2025-09-09T02:33:52.763+0000] {processor.py:161} INFO - Started process (PID=850) to work on /opt/airflow/dags/welcome_dag.py
[2025-09-09T02:33:52.769+0000] {processor.py:830} INFO - Processing file /opt/airflow/dags/welcome_dag.py for tasks to queue
[2025-09-09T02:33:52.776+0000] {logging_mixin.py:188} INFO - [2025-09-09T02:33:52.774+0000] {dagbag.py:538} INFO - Filling up the DagBag from /opt/airflow/dags/welcome_dag.py
[2025-09-09T02:33:52.833+0000] {processor.py:840} INFO - DAG(s) 'welcome_dag' retrieved from /opt/airflow/dags/welcome_dag.py
[2025-09-09T02:33:52.920+0000] {logging_mixin.py:188} INFO - [2025-09-09T02:33:52.919+0000] {dag.py:3036} INFO - Sync 1 DAGs
[2025-09-09T02:33:52.996+0000] {logging_mixin.py:188} INFO - [2025-09-09T02:33:52.996+0000] {dag.py:3823} INFO - Setting next_dagrun for welcome_dag to 2025-09-08 23:00:00+00:00, run_after=2025-09-09 23:00:00+00:00
[2025-09-09T02:33:53.180+0000] {processor.py:183} INFO - Processing /opt/airflow/dags/welcome_dag.py took 0.443 seconds
[2025-09-09T02:34:23.798+0000] {processor.py:161} INFO - Started process (PID=865) to work on /opt/airflow/dags/welcome_dag.py
[2025-09-09T02:34:23.804+0000] {processor.py:830} INFO - Processing file /opt/airflow/dags/welcome_dag.py for tasks to queue
[2025-09-09T02:34:23.811+0000] {logging_mixin.py:188} INFO - [2025-09-09T02:34:23.809+0000] {dagbag.py:538} INFO - Filling up the DagBag from /opt/airflow/dags/welcome_dag.py
[2025-09-09T02:34:23.891+0000] {processor.py:840} INFO - DAG(s) 'welcome_dag' retrieved from /opt/airflow/dags/welcome_dag.py
[2025-09-09T02:34:23.995+0000] {logging_mixin.py:188} INFO - [2025-09-09T02:34:23.995+0000] {dag.py:3036} INFO - Sync 1 DAGs
[2025-09-09T02:34:24.076+0000] {logging_mixin.py:188} INFO - [2025-09-09T02:34:24.075+0000] {dag.py:3823} INFO - Setting next_dagrun for welcome_dag to 2025-09-08 23:00:00+00:00, run_after=2025-09-09 23:00:00+00:00
[2025-09-09T02:34:24.165+0000] {processor.py:183} INFO - Processing /opt/airflow/dags/welcome_dag.py took 0.392 seconds
[2025-09-09T02:34:54.770+0000] {processor.py:161} INFO - Started process (PID=880) to work on /opt/airflow/dags/welcome_dag.py
[2025-09-09T02:34:54.774+0000] {processor.py:830} INFO - Processing file /opt/airflow/dags/welcome_dag.py for tasks to queue
[2025-09-09T02:34:54.779+0000] {logging_mixin.py:188} INFO - [2025-09-09T02:34:54.777+0000] {dagbag.py:538} INFO - Filling up the DagBag from /opt/airflow/dags/welcome_dag.py
[2025-09-09T02:34:54.850+0000] {processor.py:840} INFO - DAG(s) 'welcome_dag' retrieved from /opt/airflow/dags/welcome_dag.py
[2025-09-09T02:34:54.976+0000] {logging_mixin.py:188} INFO - [2025-09-09T02:34:54.975+0000] {dag.py:3036} INFO - Sync 1 DAGs
[2025-09-09T02:34:55.051+0000] {logging_mixin.py:188} INFO - [2025-09-09T02:34:55.050+0000] {dag.py:3823} INFO - Setting next_dagrun for welcome_dag to 2025-09-08 23:00:00+00:00, run_after=2025-09-09 23:00:00+00:00
[2025-09-09T02:34:55.128+0000] {processor.py:183} INFO - Processing /opt/airflow/dags/welcome_dag.py took 0.382 seconds
[2025-09-09T02:35:25.969+0000] {processor.py:161} INFO - Started process (PID=895) to work on /opt/airflow/dags/welcome_dag.py
[2025-09-09T02:35:25.973+0000] {processor.py:830} INFO - Processing file /opt/airflow/dags/welcome_dag.py for tasks to queue
[2025-09-09T02:35:25.977+0000] {logging_mixin.py:188} INFO - [2025-09-09T02:35:25.975+0000] {dagbag.py:538} INFO - Filling up the DagBag from /opt/airflow/dags/welcome_dag.py
[2025-09-09T02:35:26.011+0000] {processor.py:840} INFO - DAG(s) 'welcome_dag' retrieved from /opt/airflow/dags/welcome_dag.py
[2025-09-09T02:35:26.081+0000] {logging_mixin.py:188} INFO - [2025-09-09T02:35:26.080+0000] {dag.py:3036} INFO - Sync 1 DAGs
[2025-09-09T02:35:26.142+0000] {logging_mixin.py:188} INFO - [2025-09-09T02:35:26.142+0000] {dag.py:3823} INFO - Setting next_dagrun for welcome_dag to 2025-09-08 23:00:00+00:00, run_after=2025-09-09 23:00:00+00:00
[2025-09-09T02:35:26.206+0000] {processor.py:183} INFO - Processing /opt/airflow/dags/welcome_dag.py took 0.251 seconds
[2025-09-09T02:35:56.920+0000] {processor.py:161} INFO - Started process (PID=910) to work on /opt/airflow/dags/welcome_dag.py
[2025-09-09T02:35:56.926+0000] {processor.py:830} INFO - Processing file /opt/airflow/dags/welcome_dag.py for tasks to queue
[2025-09-09T02:35:56.933+0000] {logging_mixin.py:188} INFO - [2025-09-09T02:35:56.930+0000] {dagbag.py:538} INFO - Filling up the DagBag from /opt/airflow/dags/welcome_dag.py
[2025-09-09T02:35:57.007+0000] {processor.py:840} INFO - DAG(s) 'welcome_dag' retrieved from /opt/airflow/dags/welcome_dag.py
[2025-09-09T02:35:57.118+0000] {logging_mixin.py:188} INFO - [2025-09-09T02:35:57.118+0000] {dag.py:3036} INFO - Sync 1 DAGs
[2025-09-09T02:35:57.184+0000] {logging_mixin.py:188} INFO - [2025-09-09T02:35:57.184+0000] {dag.py:3823} INFO - Setting next_dagrun for welcome_dag to 2025-09-08 23:00:00+00:00, run_after=2025-09-09 23:00:00+00:00
[2025-09-09T02:35:57.254+0000] {processor.py:183} INFO - Processing /opt/airflow/dags/welcome_dag.py took 0.357 seconds
[2025-09-09T02:36:28.043+0000] {processor.py:161} INFO - Started process (PID=925) to work on /opt/airflow/dags/welcome_dag.py
[2025-09-09T02:36:28.046+0000] {processor.py:830} INFO - Processing file /opt/airflow/dags/welcome_dag.py for tasks to queue
[2025-09-09T02:36:28.050+0000] {logging_mixin.py:188} INFO - [2025-09-09T02:36:28.049+0000] {dagbag.py:538} INFO - Filling up the DagBag from /opt/airflow/dags/welcome_dag.py
[2025-09-09T02:36:28.095+0000] {processor.py:840} INFO - DAG(s) 'welcome_dag' retrieved from /opt/airflow/dags/welcome_dag.py
[2025-09-09T02:36:28.171+0000] {logging_mixin.py:188} INFO - [2025-09-09T02:36:28.170+0000] {dag.py:3036} INFO - Sync 1 DAGs
[2025-09-09T02:36:28.233+0000] {logging_mixin.py:188} INFO - [2025-09-09T02:36:28.232+0000] {dag.py:3823} INFO - Setting next_dagrun for welcome_dag to 2025-09-08 23:00:00+00:00, run_after=2025-09-09 23:00:00+00:00
[2025-09-09T02:36:28.321+0000] {processor.py:183} INFO - Processing /opt/airflow/dags/welcome_dag.py took 0.298 seconds
[2025-09-09T02:36:59.165+0000] {processor.py:161} INFO - Started process (PID=940) to work on /opt/airflow/dags/welcome_dag.py
[2025-09-09T02:36:59.170+0000] {processor.py:830} INFO - Processing file /opt/airflow/dags/welcome_dag.py for tasks to queue
[2025-09-09T02:36:59.175+0000] {logging_mixin.py:188} INFO - [2025-09-09T02:36:59.173+0000] {dagbag.py:538} INFO - Filling up the DagBag from /opt/airflow/dags/welcome_dag.py
[2025-09-09T02:36:59.229+0000] {processor.py:840} INFO - DAG(s) 'welcome_dag' retrieved from /opt/airflow/dags/welcome_dag.py
[2025-09-09T02:36:59.322+0000] {logging_mixin.py:188} INFO - [2025-09-09T02:36:59.322+0000] {dag.py:3036} INFO - Sync 1 DAGs
[2025-09-09T02:36:59.386+0000] {logging_mixin.py:188} INFO - [2025-09-09T02:36:59.385+0000] {dag.py:3823} INFO - Setting next_dagrun for welcome_dag to 2025-09-08 23:00:00+00:00, run_after=2025-09-09 23:00:00+00:00
[2025-09-09T02:36:59.469+0000] {processor.py:183} INFO - Processing /opt/airflow/dags/welcome_dag.py took 0.326 seconds
[2025-09-09T02:37:30.147+0000] {processor.py:161} INFO - Started process (PID=955) to work on /opt/airflow/dags/welcome_dag.py
[2025-09-09T02:37:30.153+0000] {processor.py:830} INFO - Processing file /opt/airflow/dags/welcome_dag.py for tasks to queue
[2025-09-09T02:37:30.159+0000] {logging_mixin.py:188} INFO - [2025-09-09T02:37:30.157+0000] {dagbag.py:538} INFO - Filling up the DagBag from /opt/airflow/dags/welcome_dag.py
[2025-09-09T02:37:30.239+0000] {processor.py:840} INFO - DAG(s) 'welcome_dag' retrieved from /opt/airflow/dags/welcome_dag.py
[2025-09-09T02:37:30.339+0000] {logging_mixin.py:188} INFO - [2025-09-09T02:37:30.338+0000] {dag.py:3036} INFO - Sync 1 DAGs
[2025-09-09T02:37:30.407+0000] {logging_mixin.py:188} INFO - [2025-09-09T02:37:30.406+0000] {dag.py:3823} INFO - Setting next_dagrun for welcome_dag to 2025-09-08 23:00:00+00:00, run_after=2025-09-09 23:00:00+00:00
[2025-09-09T02:37:30.491+0000] {processor.py:183} INFO - Processing /opt/airflow/dags/welcome_dag.py took 0.368 seconds
[2025-09-09T02:38:01.258+0000] {processor.py:161} INFO - Started process (PID=970) to work on /opt/airflow/dags/welcome_dag.py
[2025-09-09T02:38:01.263+0000] {processor.py:830} INFO - Processing file /opt/airflow/dags/welcome_dag.py for tasks to queue
[2025-09-09T02:38:01.268+0000] {logging_mixin.py:188} INFO - [2025-09-09T02:38:01.267+0000] {dagbag.py:538} INFO - Filling up the DagBag from /opt/airflow/dags/welcome_dag.py
[2025-09-09T02:38:01.333+0000] {processor.py:840} INFO - DAG(s) 'welcome_dag' retrieved from /opt/airflow/dags/welcome_dag.py
[2025-09-09T02:38:01.430+0000] {logging_mixin.py:188} INFO - [2025-09-09T02:38:01.430+0000] {dag.py:3036} INFO - Sync 1 DAGs
[2025-09-09T02:38:01.497+0000] {logging_mixin.py:188} INFO - [2025-09-09T02:38:01.496+0000] {dag.py:3823} INFO - Setting next_dagrun for welcome_dag to 2025-09-08 23:00:00+00:00, run_after=2025-09-09 23:00:00+00:00
[2025-09-09T02:38:01.587+0000] {processor.py:183} INFO - Processing /opt/airflow/dags/welcome_dag.py took 0.350 seconds
[2025-09-09T02:38:32.187+0000] {processor.py:161} INFO - Started process (PID=985) to work on /opt/airflow/dags/welcome_dag.py
[2025-09-09T02:38:32.194+0000] {processor.py:830} INFO - Processing file /opt/airflow/dags/welcome_dag.py for tasks to queue
[2025-09-09T02:38:32.202+0000] {logging_mixin.py:188} INFO - [2025-09-09T02:38:32.200+0000] {dagbag.py:538} INFO - Filling up the DagBag from /opt/airflow/dags/welcome_dag.py
[2025-09-09T02:38:32.274+0000] {processor.py:840} INFO - DAG(s) 'welcome_dag' retrieved from /opt/airflow/dags/welcome_dag.py
[2025-09-09T02:38:32.394+0000] {logging_mixin.py:188} INFO - [2025-09-09T02:38:32.393+0000] {dag.py:3036} INFO - Sync 1 DAGs
[2025-09-09T02:38:32.466+0000] {logging_mixin.py:188} INFO - [2025-09-09T02:38:32.466+0000] {dag.py:3823} INFO - Setting next_dagrun for welcome_dag to 2025-09-08 23:00:00+00:00, run_after=2025-09-09 23:00:00+00:00
[2025-09-09T02:38:32.598+0000] {processor.py:183} INFO - Processing /opt/airflow/dags/welcome_dag.py took 0.434 seconds
[2025-09-09T02:39:03.385+0000] {processor.py:161} INFO - Started process (PID=1000) to work on /opt/airflow/dags/welcome_dag.py
[2025-09-09T02:39:03.391+0000] {processor.py:830} INFO - Processing file /opt/airflow/dags/welcome_dag.py for tasks to queue
[2025-09-09T02:39:03.396+0000] {logging_mixin.py:188} INFO - [2025-09-09T02:39:03.395+0000] {dagbag.py:538} INFO - Filling up the DagBag from /opt/airflow/dags/welcome_dag.py
[2025-09-09T02:39:03.444+0000] {processor.py:840} INFO - DAG(s) 'welcome_dag' retrieved from /opt/airflow/dags/welcome_dag.py
[2025-09-09T02:39:03.557+0000] {logging_mixin.py:188} INFO - [2025-09-09T02:39:03.556+0000] {dag.py:3036} INFO - Sync 1 DAGs
[2025-09-09T02:39:03.633+0000] {logging_mixin.py:188} INFO - [2025-09-09T02:39:03.632+0000] {dag.py:3823} INFO - Setting next_dagrun for welcome_dag to 2025-09-08 23:00:00+00:00, run_after=2025-09-09 23:00:00+00:00
[2025-09-09T02:39:03.767+0000] {processor.py:183} INFO - Processing /opt/airflow/dags/welcome_dag.py took 0.407 seconds
[2025-09-09T02:39:34.254+0000] {processor.py:161} INFO - Started process (PID=1015) to work on /opt/airflow/dags/welcome_dag.py
[2025-09-09T02:39:34.260+0000] {processor.py:830} INFO - Processing file /opt/airflow/dags/welcome_dag.py for tasks to queue
[2025-09-09T02:39:34.266+0000] {logging_mixin.py:188} INFO - [2025-09-09T02:39:34.265+0000] {dagbag.py:538} INFO - Filling up the DagBag from /opt/airflow/dags/welcome_dag.py
[2025-09-09T02:39:34.311+0000] {processor.py:840} INFO - DAG(s) 'welcome_dag' retrieved from /opt/airflow/dags/welcome_dag.py
[2025-09-09T02:39:34.398+0000] {logging_mixin.py:188} INFO - [2025-09-09T02:39:34.397+0000] {dag.py:3036} INFO - Sync 1 DAGs
[2025-09-09T02:39:34.461+0000] {logging_mixin.py:188} INFO - [2025-09-09T02:39:34.460+0000] {dag.py:3823} INFO - Setting next_dagrun for welcome_dag to 2025-09-08 23:00:00+00:00, run_after=2025-09-09 23:00:00+00:00
[2025-09-09T02:39:34.543+0000] {processor.py:183} INFO - Processing /opt/airflow/dags/welcome_dag.py took 0.301 seconds
