[2025-08-23T03:31:31.529+0000] {processor.py:161} INFO - Started process (PID=57) to work on /opt/airflow/dags/welcome_dag.py
[2025-08-23T03:31:31.532+0000] {processor.py:830} INFO - Processing file /opt/airflow/dags/welcome_dag.py for tasks to queue
[2025-08-23T03:31:31.535+0000] {logging_mixin.py:188} INFO - [2025-08-23T03:31:31.534+0000] {dagbag.py:538} INFO - Filling up the DagBag from /opt/airflow/dags/welcome_dag.py
[2025-08-23T03:31:31.584+0000] {processor.py:840} INFO - DAG(s) 'welcome_dag' retrieved from /opt/airflow/dags/welcome_dag.py
[2025-08-23T03:31:31.614+0000] {logging_mixin.py:188} INFO - [2025-08-23T03:31:31.613+0000] {dag.py:3036} INFO - Sync 1 DAGs
[2025-08-23T03:31:31.678+0000] {logging_mixin.py:188} INFO - [2025-08-23T03:31:31.677+0000] {dag.py:3823} INFO - Setting next_dagrun for welcome_dag to 2025-08-22 23:00:00+00:00, run_after=2025-08-23 23:00:00+00:00
[2025-08-23T03:31:32.047+0000] {processor.py:183} INFO - Processing /opt/airflow/dags/welcome_dag.py took 0.525 seconds
[2025-08-23T03:32:02.637+0000] {processor.py:161} INFO - Started process (PID=71) to work on /opt/airflow/dags/welcome_dag.py
[2025-08-23T03:32:02.640+0000] {processor.py:830} INFO - Processing file /opt/airflow/dags/welcome_dag.py for tasks to queue
[2025-08-23T03:32:02.642+0000] {logging_mixin.py:188} INFO - [2025-08-23T03:32:02.641+0000] {dagbag.py:538} INFO - Filling up the DagBag from /opt/airflow/dags/welcome_dag.py
[2025-08-23T03:32:02.694+0000] {processor.py:840} INFO - DAG(s) 'welcome_dag' retrieved from /opt/airflow/dags/welcome_dag.py
[2025-08-23T03:32:02.919+0000] {logging_mixin.py:188} INFO - [2025-08-23T03:32:02.919+0000] {dag.py:3036} INFO - Sync 1 DAGs
[2025-08-23T03:32:02.959+0000] {logging_mixin.py:188} INFO - [2025-08-23T03:32:02.959+0000] {dag.py:3823} INFO - Setting next_dagrun for welcome_dag to 2025-08-22 23:00:00+00:00, run_after=2025-08-23 23:00:00+00:00
[2025-08-23T03:32:03.211+0000] {processor.py:183} INFO - Processing /opt/airflow/dags/welcome_dag.py took 0.583 seconds
[2025-08-23T03:32:33.993+0000] {processor.py:161} INFO - Started process (PID=72) to work on /opt/airflow/dags/welcome_dag.py
[2025-08-23T03:32:33.995+0000] {processor.py:830} INFO - Processing file /opt/airflow/dags/welcome_dag.py for tasks to queue
[2025-08-23T03:32:34.027+0000] {logging_mixin.py:188} INFO - [2025-08-23T03:32:34.026+0000] {dagbag.py:538} INFO - Filling up the DagBag from /opt/airflow/dags/welcome_dag.py
[2025-08-23T03:32:34.110+0000] {processor.py:840} INFO - DAG(s) 'welcome_dag' retrieved from /opt/airflow/dags/welcome_dag.py
[2025-08-23T03:32:34.169+0000] {logging_mixin.py:188} INFO - [2025-08-23T03:32:34.169+0000] {dag.py:3036} INFO - Sync 1 DAGs
[2025-08-23T03:32:34.214+0000] {logging_mixin.py:188} INFO - [2025-08-23T03:32:34.213+0000] {dag.py:3823} INFO - Setting next_dagrun for welcome_dag to 2025-08-22 23:00:00+00:00, run_after=2025-08-23 23:00:00+00:00
[2025-08-23T03:32:34.603+0000] {processor.py:183} INFO - Processing /opt/airflow/dags/welcome_dag.py took 0.620 seconds
[2025-08-23T03:33:07.386+0000] {processor.py:161} INFO - Started process (PID=74) to work on /opt/airflow/dags/welcome_dag.py
[2025-08-23T03:33:07.390+0000] {processor.py:830} INFO - Processing file /opt/airflow/dags/welcome_dag.py for tasks to queue
[2025-08-23T03:33:07.392+0000] {logging_mixin.py:188} INFO - [2025-08-23T03:33:07.391+0000] {dagbag.py:538} INFO - Filling up the DagBag from /opt/airflow/dags/welcome_dag.py
[2025-08-23T03:33:07.453+0000] {processor.py:840} INFO - DAG(s) 'welcome_dag' retrieved from /opt/airflow/dags/welcome_dag.py
[2025-08-23T03:33:07.688+0000] {logging_mixin.py:188} INFO - [2025-08-23T03:33:07.687+0000] {dag.py:3036} INFO - Sync 1 DAGs
[2025-08-23T03:33:07.870+0000] {logging_mixin.py:188} INFO - [2025-08-23T03:33:07.869+0000] {dag.py:3823} INFO - Setting next_dagrun for welcome_dag to 2025-08-22 23:00:00+00:00, run_after=2025-08-23 23:00:00+00:00
[2025-08-23T03:33:08.381+0000] {processor.py:183} INFO - Processing /opt/airflow/dags/welcome_dag.py took 1.004 seconds
[2025-08-23T03:33:41.273+0000] {processor.py:161} INFO - Started process (PID=75) to work on /opt/airflow/dags/welcome_dag.py
[2025-08-23T03:33:41.276+0000] {processor.py:830} INFO - Processing file /opt/airflow/dags/welcome_dag.py for tasks to queue
[2025-08-23T03:33:41.279+0000] {logging_mixin.py:188} INFO - [2025-08-23T03:33:41.278+0000] {dagbag.py:538} INFO - Filling up the DagBag from /opt/airflow/dags/welcome_dag.py
[2025-08-23T03:33:41.442+0000] {processor.py:840} INFO - DAG(s) 'welcome_dag' retrieved from /opt/airflow/dags/welcome_dag.py
[2025-08-23T03:33:42.034+0000] {logging_mixin.py:188} INFO - [2025-08-23T03:33:42.034+0000] {dag.py:3036} INFO - Sync 1 DAGs
[2025-08-23T03:33:44.142+0000] {logging_mixin.py:188} INFO - [2025-08-23T03:33:44.142+0000] {dag.py:3823} INFO - Setting next_dagrun for welcome_dag to 2025-08-22 23:00:00+00:00, run_after=2025-08-23 23:00:00+00:00
[2025-08-23T03:33:45.354+0000] {processor.py:183} INFO - Processing /opt/airflow/dags/welcome_dag.py took 4.093 seconds
[2025-08-23T03:34:16.285+0000] {processor.py:161} INFO - Started process (PID=76) to work on /opt/airflow/dags/welcome_dag.py
[2025-08-23T03:34:16.287+0000] {processor.py:830} INFO - Processing file /opt/airflow/dags/welcome_dag.py for tasks to queue
[2025-08-23T03:34:16.290+0000] {logging_mixin.py:188} INFO - [2025-08-23T03:34:16.289+0000] {dagbag.py:538} INFO - Filling up the DagBag from /opt/airflow/dags/welcome_dag.py
[2025-08-23T03:34:16.355+0000] {processor.py:840} INFO - DAG(s) 'welcome_dag' retrieved from /opt/airflow/dags/welcome_dag.py
[2025-08-23T03:34:16.426+0000] {logging_mixin.py:188} INFO - [2025-08-23T03:34:16.426+0000] {dag.py:3036} INFO - Sync 1 DAGs
[2025-08-23T03:34:16.472+0000] {logging_mixin.py:188} INFO - [2025-08-23T03:34:16.472+0000] {dag.py:3823} INFO - Setting next_dagrun for welcome_dag to 2025-08-22 23:00:00+00:00, run_after=2025-08-23 23:00:00+00:00
[2025-08-23T03:34:16.677+0000] {processor.py:183} INFO - Processing /opt/airflow/dags/welcome_dag.py took 0.443 seconds
[2025-08-23T03:34:47.299+0000] {processor.py:161} INFO - Started process (PID=77) to work on /opt/airflow/dags/welcome_dag.py
[2025-08-23T03:34:47.302+0000] {processor.py:830} INFO - Processing file /opt/airflow/dags/welcome_dag.py for tasks to queue
[2025-08-23T03:34:47.304+0000] {logging_mixin.py:188} INFO - [2025-08-23T03:34:47.303+0000] {dagbag.py:538} INFO - Filling up the DagBag from /opt/airflow/dags/welcome_dag.py
[2025-08-23T03:34:47.357+0000] {processor.py:840} INFO - DAG(s) 'welcome_dag' retrieved from /opt/airflow/dags/welcome_dag.py
[2025-08-23T03:34:47.417+0000] {logging_mixin.py:188} INFO - [2025-08-23T03:34:47.416+0000] {dag.py:3036} INFO - Sync 1 DAGs
[2025-08-23T03:34:47.490+0000] {logging_mixin.py:188} INFO - [2025-08-23T03:34:47.489+0000] {dag.py:3823} INFO - Setting next_dagrun for welcome_dag to 2025-08-22 23:00:00+00:00, run_after=2025-08-23 23:00:00+00:00
[2025-08-23T03:34:47.699+0000] {processor.py:183} INFO - Processing /opt/airflow/dags/welcome_dag.py took 0.408 seconds
[2025-08-23T03:35:18.084+0000] {processor.py:161} INFO - Started process (PID=78) to work on /opt/airflow/dags/welcome_dag.py
[2025-08-23T03:35:18.086+0000] {processor.py:830} INFO - Processing file /opt/airflow/dags/welcome_dag.py for tasks to queue
[2025-08-23T03:35:18.088+0000] {logging_mixin.py:188} INFO - [2025-08-23T03:35:18.087+0000] {dagbag.py:538} INFO - Filling up the DagBag from /opt/airflow/dags/welcome_dag.py
[2025-08-23T03:35:18.136+0000] {processor.py:840} INFO - DAG(s) 'welcome_dag' retrieved from /opt/airflow/dags/welcome_dag.py
[2025-08-23T03:35:18.194+0000] {logging_mixin.py:188} INFO - [2025-08-23T03:35:18.193+0000] {dag.py:3036} INFO - Sync 1 DAGs
[2025-08-23T03:35:18.237+0000] {logging_mixin.py:188} INFO - [2025-08-23T03:35:18.237+0000] {dag.py:3823} INFO - Setting next_dagrun for welcome_dag to 2025-08-22 23:00:00+00:00, run_after=2025-08-23 23:00:00+00:00
[2025-08-23T03:35:18.444+0000] {processor.py:183} INFO - Processing /opt/airflow/dags/welcome_dag.py took 0.366 seconds
[2025-08-23T03:35:48.851+0000] {processor.py:161} INFO - Started process (PID=99) to work on /opt/airflow/dags/welcome_dag.py
[2025-08-23T03:35:48.853+0000] {processor.py:830} INFO - Processing file /opt/airflow/dags/welcome_dag.py for tasks to queue
[2025-08-23T03:35:48.856+0000] {logging_mixin.py:188} INFO - [2025-08-23T03:35:48.855+0000] {dagbag.py:538} INFO - Filling up the DagBag from /opt/airflow/dags/welcome_dag.py
[2025-08-23T03:35:48.903+0000] {processor.py:840} INFO - DAG(s) 'welcome_dag' retrieved from /opt/airflow/dags/welcome_dag.py
[2025-08-23T03:35:48.951+0000] {logging_mixin.py:188} INFO - [2025-08-23T03:35:48.950+0000] {dag.py:3036} INFO - Sync 1 DAGs
[2025-08-23T03:35:48.996+0000] {logging_mixin.py:188} INFO - [2025-08-23T03:35:48.996+0000] {dag.py:3823} INFO - Setting next_dagrun for welcome_dag to 2025-08-22 23:00:00+00:00, run_after=2025-08-23 23:00:00+00:00
[2025-08-23T03:35:49.203+0000] {processor.py:183} INFO - Processing /opt/airflow/dags/welcome_dag.py took 0.357 seconds
[2025-08-23T03:36:21.198+0000] {processor.py:161} INFO - Started process (PID=100) to work on /opt/airflow/dags/welcome_dag.py
[2025-08-23T03:36:21.201+0000] {processor.py:830} INFO - Processing file /opt/airflow/dags/welcome_dag.py for tasks to queue
[2025-08-23T03:36:21.203+0000] {logging_mixin.py:188} INFO - [2025-08-23T03:36:21.202+0000] {dagbag.py:538} INFO - Filling up the DagBag from /opt/airflow/dags/welcome_dag.py
[2025-08-23T03:36:21.254+0000] {processor.py:840} INFO - DAG(s) 'welcome_dag' retrieved from /opt/airflow/dags/welcome_dag.py
[2025-08-23T03:36:21.314+0000] {logging_mixin.py:188} INFO - [2025-08-23T03:36:21.313+0000] {dag.py:3036} INFO - Sync 1 DAGs
[2025-08-23T03:36:21.362+0000] {logging_mixin.py:188} INFO - [2025-08-23T03:36:21.362+0000] {dag.py:3823} INFO - Setting next_dagrun for welcome_dag to 2025-08-22 23:00:00+00:00, run_after=2025-08-23 23:00:00+00:00
[2025-08-23T03:36:21.845+0000] {processor.py:183} INFO - Processing /opt/airflow/dags/welcome_dag.py took 0.654 seconds
[2025-08-23T03:36:52.753+0000] {processor.py:161} INFO - Started process (PID=101) to work on /opt/airflow/dags/welcome_dag.py
[2025-08-23T03:36:52.756+0000] {processor.py:830} INFO - Processing file /opt/airflow/dags/welcome_dag.py for tasks to queue
[2025-08-23T03:36:52.759+0000] {logging_mixin.py:188} INFO - [2025-08-23T03:36:52.758+0000] {dagbag.py:538} INFO - Filling up the DagBag from /opt/airflow/dags/welcome_dag.py
[2025-08-23T03:36:52.814+0000] {processor.py:840} INFO - DAG(s) 'welcome_dag' retrieved from /opt/airflow/dags/welcome_dag.py
[2025-08-23T03:36:52.884+0000] {logging_mixin.py:188} INFO - [2025-08-23T03:36:52.883+0000] {dag.py:3036} INFO - Sync 1 DAGs
[2025-08-23T03:36:52.934+0000] {logging_mixin.py:188} INFO - [2025-08-23T03:36:52.934+0000] {dag.py:3823} INFO - Setting next_dagrun for welcome_dag to 2025-08-22 23:00:00+00:00, run_after=2025-08-23 23:00:00+00:00
[2025-08-23T03:36:53.419+0000] {processor.py:183} INFO - Processing /opt/airflow/dags/welcome_dag.py took 0.674 seconds
[2025-08-23T03:37:24.903+0000] {processor.py:161} INFO - Started process (PID=102) to work on /opt/airflow/dags/welcome_dag.py
[2025-08-23T03:37:24.906+0000] {processor.py:830} INFO - Processing file /opt/airflow/dags/welcome_dag.py for tasks to queue
[2025-08-23T03:37:24.908+0000] {logging_mixin.py:188} INFO - [2025-08-23T03:37:24.907+0000] {dagbag.py:538} INFO - Filling up the DagBag from /opt/airflow/dags/welcome_dag.py
[2025-08-23T03:37:24.958+0000] {processor.py:840} INFO - DAG(s) 'welcome_dag' retrieved from /opt/airflow/dags/welcome_dag.py
[2025-08-23T03:37:25.022+0000] {logging_mixin.py:188} INFO - [2025-08-23T03:37:25.022+0000] {dag.py:3036} INFO - Sync 1 DAGs
[2025-08-23T03:37:25.081+0000] {logging_mixin.py:188} INFO - [2025-08-23T03:37:25.080+0000] {dag.py:3823} INFO - Setting next_dagrun for welcome_dag to 2025-08-22 23:00:00+00:00, run_after=2025-08-23 23:00:00+00:00
[2025-08-23T03:37:26.686+0000] {processor.py:183} INFO - Processing /opt/airflow/dags/welcome_dag.py took 1.795 seconds
[2025-08-23T03:38:00.221+0000] {processor.py:161} INFO - Started process (PID=103) to work on /opt/airflow/dags/welcome_dag.py
[2025-08-23T03:38:00.223+0000] {processor.py:830} INFO - Processing file /opt/airflow/dags/welcome_dag.py for tasks to queue
[2025-08-23T03:38:00.225+0000] {logging_mixin.py:188} INFO - [2025-08-23T03:38:00.224+0000] {dagbag.py:538} INFO - Filling up the DagBag from /opt/airflow/dags/welcome_dag.py
[2025-08-23T03:38:00.505+0000] {processor.py:840} INFO - DAG(s) 'welcome_dag' retrieved from /opt/airflow/dags/welcome_dag.py
[2025-08-23T03:38:00.640+0000] {logging_mixin.py:188} INFO - [2025-08-23T03:38:00.639+0000] {dag.py:3036} INFO - Sync 1 DAGs
[2025-08-23T03:38:02.481+0000] {logging_mixin.py:188} INFO - [2025-08-23T03:38:02.480+0000] {dag.py:3823} INFO - Setting next_dagrun for welcome_dag to 2025-08-22 23:00:00+00:00, run_after=2025-08-23 23:00:00+00:00
[2025-08-23T03:38:06.226+0000] {processor.py:183} INFO - Processing /opt/airflow/dags/welcome_dag.py took 6.012 seconds
[2025-08-23T03:38:39.863+0000] {processor.py:161} INFO - Started process (PID=104) to work on /opt/airflow/dags/welcome_dag.py
[2025-08-23T03:38:40.634+0000] {processor.py:830} INFO - Processing file /opt/airflow/dags/welcome_dag.py for tasks to queue
[2025-08-23T03:38:40.639+0000] {logging_mixin.py:188} INFO - [2025-08-23T03:38:40.637+0000] {dagbag.py:538} INFO - Filling up the DagBag from /opt/airflow/dags/welcome_dag.py
[2025-08-23T03:38:41.431+0000] {processor.py:840} INFO - DAG(s) 'welcome_dag' retrieved from /opt/airflow/dags/welcome_dag.py
[2025-08-23T03:38:49.175+0000] {logging_mixin.py:188} INFO - [2025-08-23T03:38:49.175+0000] {dag.py:3036} INFO - Sync 1 DAGs
[2025-08-23T03:38:50.527+0000] {logging_mixin.py:188} INFO - [2025-08-23T03:38:50.527+0000] {dag.py:3823} INFO - Setting next_dagrun for welcome_dag to 2025-08-22 23:00:00+00:00, run_after=2025-08-23 23:00:00+00:00
[2025-08-23T03:38:59.378+0000] {processor.py:183} INFO - Processing /opt/airflow/dags/welcome_dag.py took 19.447 seconds
[2025-08-23T03:39:32.882+0000] {processor.py:161} INFO - Started process (PID=105) to work on /opt/airflow/dags/welcome_dag.py
[2025-08-23T03:39:34.017+0000] {processor.py:830} INFO - Processing file /opt/airflow/dags/welcome_dag.py for tasks to queue
[2025-08-23T03:39:34.022+0000] {logging_mixin.py:188} INFO - [2025-08-23T03:39:34.020+0000] {dagbag.py:538} INFO - Filling up the DagBag from /opt/airflow/dags/welcome_dag.py
[2025-08-23T03:39:36.377+0000] {processor.py:840} INFO - DAG(s) 'welcome_dag' retrieved from /opt/airflow/dags/welcome_dag.py
[2025-08-23T03:39:38.708+0000] {logging_mixin.py:188} INFO - [2025-08-23T03:39:38.708+0000] {dag.py:3036} INFO - Sync 1 DAGs
[2025-08-23T03:39:39.753+0000] {logging_mixin.py:188} INFO - [2025-08-23T03:39:39.752+0000] {dag.py:3823} INFO - Setting next_dagrun for welcome_dag to 2025-08-22 23:00:00+00:00, run_after=2025-08-23 23:00:00+00:00
[2025-08-23T03:39:41.750+0000] {processor.py:183} INFO - Processing /opt/airflow/dags/welcome_dag.py took 8.876 seconds
[2025-08-23T03:40:12.905+0000] {processor.py:161} INFO - Started process (PID=106) to work on /opt/airflow/dags/welcome_dag.py
[2025-08-23T03:40:12.908+0000] {processor.py:830} INFO - Processing file /opt/airflow/dags/welcome_dag.py for tasks to queue
[2025-08-23T03:40:12.910+0000] {logging_mixin.py:188} INFO - [2025-08-23T03:40:12.909+0000] {dagbag.py:538} INFO - Filling up the DagBag from /opt/airflow/dags/welcome_dag.py
[2025-08-23T03:40:13.965+0000] {processor.py:840} INFO - DAG(s) 'welcome_dag' retrieved from /opt/airflow/dags/welcome_dag.py
[2025-08-23T03:40:15.431+0000] {logging_mixin.py:188} INFO - [2025-08-23T03:40:15.431+0000] {dag.py:3036} INFO - Sync 1 DAGs
[2025-08-23T03:40:15.476+0000] {logging_mixin.py:188} INFO - [2025-08-23T03:40:15.476+0000] {dag.py:3823} INFO - Setting next_dagrun for welcome_dag to 2025-08-22 23:00:00+00:00, run_after=2025-08-23 23:00:00+00:00
[2025-08-23T03:40:17.895+0000] {processor.py:183} INFO - Processing /opt/airflow/dags/welcome_dag.py took 4.996 seconds
[2025-08-23T03:40:49.552+0000] {processor.py:161} INFO - Started process (PID=107) to work on /opt/airflow/dags/welcome_dag.py
[2025-08-23T03:40:49.555+0000] {processor.py:830} INFO - Processing file /opt/airflow/dags/welcome_dag.py for tasks to queue
[2025-08-23T03:40:49.709+0000] {logging_mixin.py:188} INFO - [2025-08-23T03:40:49.708+0000] {dagbag.py:538} INFO - Filling up the DagBag from /opt/airflow/dags/welcome_dag.py
[2025-08-23T03:40:49.959+0000] {processor.py:840} INFO - DAG(s) 'welcome_dag' retrieved from /opt/airflow/dags/welcome_dag.py
[2025-08-23T03:40:50.013+0000] {logging_mixin.py:188} INFO - [2025-08-23T03:40:50.012+0000] {dag.py:3036} INFO - Sync 1 DAGs
[2025-08-23T03:40:50.060+0000] {logging_mixin.py:188} INFO - [2025-08-23T03:40:50.060+0000] {dag.py:3823} INFO - Setting next_dagrun for welcome_dag to 2025-08-22 23:00:00+00:00, run_after=2025-08-23 23:00:00+00:00
[2025-08-23T03:40:51.482+0000] {processor.py:183} INFO - Processing /opt/airflow/dags/welcome_dag.py took 1.937 seconds
[2025-08-23T03:41:22.727+0000] {processor.py:161} INFO - Started process (PID=108) to work on /opt/airflow/dags/welcome_dag.py
[2025-08-23T03:41:22.730+0000] {processor.py:830} INFO - Processing file /opt/airflow/dags/welcome_dag.py for tasks to queue
[2025-08-23T03:41:22.731+0000] {logging_mixin.py:188} INFO - [2025-08-23T03:41:22.731+0000] {dagbag.py:538} INFO - Filling up the DagBag from /opt/airflow/dags/welcome_dag.py
[2025-08-23T03:41:22.779+0000] {processor.py:840} INFO - DAG(s) 'welcome_dag' retrieved from /opt/airflow/dags/welcome_dag.py
[2025-08-23T03:41:22.870+0000] {logging_mixin.py:188} INFO - [2025-08-23T03:41:22.870+0000] {dag.py:3036} INFO - Sync 1 DAGs
[2025-08-23T03:41:22.914+0000] {logging_mixin.py:188} INFO - [2025-08-23T03:41:22.913+0000] {dag.py:3823} INFO - Setting next_dagrun for welcome_dag to 2025-08-22 23:00:00+00:00, run_after=2025-08-23 23:00:00+00:00
[2025-08-23T03:41:23.822+0000] {processor.py:183} INFO - Processing /opt/airflow/dags/welcome_dag.py took 1.100 seconds
[2025-08-23T03:41:55.927+0000] {processor.py:161} INFO - Started process (PID=109) to work on /opt/airflow/dags/welcome_dag.py
[2025-08-23T03:41:55.930+0000] {processor.py:830} INFO - Processing file /opt/airflow/dags/welcome_dag.py for tasks to queue
[2025-08-23T03:41:55.932+0000] {logging_mixin.py:188} INFO - [2025-08-23T03:41:55.931+0000] {dagbag.py:538} INFO - Filling up the DagBag from /opt/airflow/dags/welcome_dag.py
[2025-08-23T03:41:56.066+0000] {processor.py:840} INFO - DAG(s) 'welcome_dag' retrieved from /opt/airflow/dags/welcome_dag.py
[2025-08-23T03:41:56.122+0000] {logging_mixin.py:188} INFO - [2025-08-23T03:41:56.121+0000] {dag.py:3036} INFO - Sync 1 DAGs
[2025-08-23T03:41:56.166+0000] {logging_mixin.py:188} INFO - [2025-08-23T03:41:56.166+0000] {dag.py:3823} INFO - Setting next_dagrun for welcome_dag to 2025-08-22 23:00:00+00:00, run_after=2025-08-23 23:00:00+00:00
[2025-08-23T03:41:56.711+0000] {processor.py:183} INFO - Processing /opt/airflow/dags/welcome_dag.py took 0.791 seconds
[2025-08-23T03:42:26.970+0000] {processor.py:161} INFO - Started process (PID=110) to work on /opt/airflow/dags/welcome_dag.py
[2025-08-23T03:42:26.973+0000] {processor.py:830} INFO - Processing file /opt/airflow/dags/welcome_dag.py for tasks to queue
[2025-08-23T03:42:26.975+0000] {logging_mixin.py:188} INFO - [2025-08-23T03:42:26.974+0000] {dagbag.py:538} INFO - Filling up the DagBag from /opt/airflow/dags/welcome_dag.py
[2025-08-23T03:42:27.032+0000] {processor.py:840} INFO - DAG(s) 'welcome_dag' retrieved from /opt/airflow/dags/welcome_dag.py
[2025-08-23T03:42:27.087+0000] {logging_mixin.py:188} INFO - [2025-08-23T03:42:27.086+0000] {dag.py:3036} INFO - Sync 1 DAGs
[2025-08-23T03:42:27.139+0000] {logging_mixin.py:188} INFO - [2025-08-23T03:42:27.139+0000] {dag.py:3823} INFO - Setting next_dagrun for welcome_dag to 2025-08-22 23:00:00+00:00, run_after=2025-08-23 23:00:00+00:00
[2025-08-23T03:42:27.637+0000] {processor.py:183} INFO - Processing /opt/airflow/dags/welcome_dag.py took 0.691 seconds
[2025-08-23T03:42:58.127+0000] {processor.py:161} INFO - Started process (PID=111) to work on /opt/airflow/dags/welcome_dag.py
[2025-08-23T03:42:58.129+0000] {processor.py:830} INFO - Processing file /opt/airflow/dags/welcome_dag.py for tasks to queue
[2025-08-23T03:42:58.131+0000] {logging_mixin.py:188} INFO - [2025-08-23T03:42:58.130+0000] {dagbag.py:538} INFO - Filling up the DagBag from /opt/airflow/dags/welcome_dag.py
[2025-08-23T03:42:58.183+0000] {processor.py:840} INFO - DAG(s) 'welcome_dag' retrieved from /opt/airflow/dags/welcome_dag.py
[2025-08-23T03:42:58.238+0000] {logging_mixin.py:188} INFO - [2025-08-23T03:42:58.237+0000] {dag.py:3036} INFO - Sync 1 DAGs
[2025-08-23T03:42:58.282+0000] {logging_mixin.py:188} INFO - [2025-08-23T03:42:58.281+0000] {dag.py:3823} INFO - Setting next_dagrun for welcome_dag to 2025-08-22 23:00:00+00:00, run_after=2025-08-23 23:00:00+00:00
[2025-08-23T03:42:58.718+0000] {processor.py:183} INFO - Processing /opt/airflow/dags/welcome_dag.py took 0.598 seconds
[2025-08-23T03:43:29.097+0000] {processor.py:161} INFO - Started process (PID=112) to work on /opt/airflow/dags/welcome_dag.py
[2025-08-23T03:43:29.100+0000] {processor.py:830} INFO - Processing file /opt/airflow/dags/welcome_dag.py for tasks to queue
[2025-08-23T03:43:29.102+0000] {logging_mixin.py:188} INFO - [2025-08-23T03:43:29.101+0000] {dagbag.py:538} INFO - Filling up the DagBag from /opt/airflow/dags/welcome_dag.py
[2025-08-23T03:43:29.149+0000] {processor.py:840} INFO - DAG(s) 'welcome_dag' retrieved from /opt/airflow/dags/welcome_dag.py
[2025-08-23T03:43:29.200+0000] {logging_mixin.py:188} INFO - [2025-08-23T03:43:29.200+0000] {dag.py:3036} INFO - Sync 1 DAGs
[2025-08-23T03:43:29.247+0000] {logging_mixin.py:188} INFO - [2025-08-23T03:43:29.247+0000] {dag.py:3823} INFO - Setting next_dagrun for welcome_dag to 2025-08-22 23:00:00+00:00, run_after=2025-08-23 23:00:00+00:00
[2025-08-23T03:43:29.528+0000] {processor.py:183} INFO - Processing /opt/airflow/dags/welcome_dag.py took 0.437 seconds
[2025-08-23T03:43:59.793+0000] {processor.py:161} INFO - Started process (PID=113) to work on /opt/airflow/dags/welcome_dag.py
[2025-08-23T03:43:59.795+0000] {processor.py:830} INFO - Processing file /opt/airflow/dags/welcome_dag.py for tasks to queue
[2025-08-23T03:43:59.797+0000] {logging_mixin.py:188} INFO - [2025-08-23T03:43:59.796+0000] {dagbag.py:538} INFO - Filling up the DagBag from /opt/airflow/dags/welcome_dag.py
[2025-08-23T03:43:59.845+0000] {processor.py:840} INFO - DAG(s) 'welcome_dag' retrieved from /opt/airflow/dags/welcome_dag.py
[2025-08-23T03:43:59.896+0000] {logging_mixin.py:188} INFO - [2025-08-23T03:43:59.896+0000] {dag.py:3036} INFO - Sync 1 DAGs
[2025-08-23T03:43:59.939+0000] {logging_mixin.py:188} INFO - [2025-08-23T03:43:59.938+0000] {dag.py:3823} INFO - Setting next_dagrun for welcome_dag to 2025-08-22 23:00:00+00:00, run_after=2025-08-23 23:00:00+00:00
[2025-08-23T03:44:00.299+0000] {processor.py:183} INFO - Processing /opt/airflow/dags/welcome_dag.py took 0.512 seconds
[2025-08-23T03:44:30.565+0000] {processor.py:161} INFO - Started process (PID=114) to work on /opt/airflow/dags/welcome_dag.py
[2025-08-23T03:44:30.567+0000] {processor.py:830} INFO - Processing file /opt/airflow/dags/welcome_dag.py for tasks to queue
[2025-08-23T03:44:30.568+0000] {logging_mixin.py:188} INFO - [2025-08-23T03:44:30.568+0000] {dagbag.py:538} INFO - Filling up the DagBag from /opt/airflow/dags/welcome_dag.py
[2025-08-23T03:44:30.615+0000] {processor.py:840} INFO - DAG(s) 'welcome_dag' retrieved from /opt/airflow/dags/welcome_dag.py
[2025-08-23T03:44:30.665+0000] {logging_mixin.py:188} INFO - [2025-08-23T03:44:30.665+0000] {dag.py:3036} INFO - Sync 1 DAGs
[2025-08-23T03:44:30.708+0000] {logging_mixin.py:188} INFO - [2025-08-23T03:44:30.707+0000] {dag.py:3823} INFO - Setting next_dagrun for welcome_dag to 2025-08-22 23:00:00+00:00, run_after=2025-08-23 23:00:00+00:00
[2025-08-23T03:44:31.446+0000] {processor.py:183} INFO - Processing /opt/airflow/dags/welcome_dag.py took 0.887 seconds
[2025-08-23T03:45:01.578+0000] {processor.py:161} INFO - Started process (PID=115) to work on /opt/airflow/dags/welcome_dag.py
[2025-08-23T03:45:01.580+0000] {processor.py:830} INFO - Processing file /opt/airflow/dags/welcome_dag.py for tasks to queue
[2025-08-23T03:45:01.582+0000] {logging_mixin.py:188} INFO - [2025-08-23T03:45:01.582+0000] {dagbag.py:538} INFO - Filling up the DagBag from /opt/airflow/dags/welcome_dag.py
[2025-08-23T03:45:01.632+0000] {processor.py:840} INFO - DAG(s) 'welcome_dag' retrieved from /opt/airflow/dags/welcome_dag.py
[2025-08-23T03:45:01.698+0000] {logging_mixin.py:188} INFO - [2025-08-23T03:45:01.698+0000] {dag.py:3036} INFO - Sync 1 DAGs
[2025-08-23T03:45:01.759+0000] {logging_mixin.py:188} INFO - [2025-08-23T03:45:01.758+0000] {dag.py:3823} INFO - Setting next_dagrun for welcome_dag to 2025-08-22 23:00:00+00:00, run_after=2025-08-23 23:00:00+00:00
[2025-08-23T03:45:01.952+0000] {processor.py:183} INFO - Processing /opt/airflow/dags/welcome_dag.py took 0.381 seconds
[2025-08-23T03:45:32.049+0000] {processor.py:161} INFO - Started process (PID=116) to work on /opt/airflow/dags/welcome_dag.py
[2025-08-23T03:45:32.051+0000] {processor.py:830} INFO - Processing file /opt/airflow/dags/welcome_dag.py for tasks to queue
[2025-08-23T03:45:32.053+0000] {logging_mixin.py:188} INFO - [2025-08-23T03:45:32.052+0000] {dagbag.py:538} INFO - Filling up the DagBag from /opt/airflow/dags/welcome_dag.py
[2025-08-23T03:45:32.103+0000] {processor.py:840} INFO - DAG(s) 'welcome_dag' retrieved from /opt/airflow/dags/welcome_dag.py
[2025-08-23T03:45:32.156+0000] {logging_mixin.py:188} INFO - [2025-08-23T03:45:32.156+0000] {dag.py:3036} INFO - Sync 1 DAGs
[2025-08-23T03:45:32.200+0000] {logging_mixin.py:188} INFO - [2025-08-23T03:45:32.200+0000] {dag.py:3823} INFO - Setting next_dagrun for welcome_dag to 2025-08-22 23:00:00+00:00, run_after=2025-08-23 23:00:00+00:00
[2025-08-23T03:45:32.443+0000] {processor.py:183} INFO - Processing /opt/airflow/dags/welcome_dag.py took 0.400 seconds
[2025-08-23T03:46:02.989+0000] {processor.py:161} INFO - Started process (PID=117) to work on /opt/airflow/dags/welcome_dag.py
[2025-08-23T03:46:02.991+0000] {processor.py:830} INFO - Processing file /opt/airflow/dags/welcome_dag.py for tasks to queue
[2025-08-23T03:46:02.993+0000] {logging_mixin.py:188} INFO - [2025-08-23T03:46:02.992+0000] {dagbag.py:538} INFO - Filling up the DagBag from /opt/airflow/dags/welcome_dag.py
[2025-08-23T03:46:03.038+0000] {processor.py:840} INFO - DAG(s) 'welcome_dag' retrieved from /opt/airflow/dags/welcome_dag.py
[2025-08-23T03:46:03.089+0000] {logging_mixin.py:188} INFO - [2025-08-23T03:46:03.088+0000] {dag.py:3036} INFO - Sync 1 DAGs
[2025-08-23T03:46:03.131+0000] {logging_mixin.py:188} INFO - [2025-08-23T03:46:03.131+0000] {dag.py:3823} INFO - Setting next_dagrun for welcome_dag to 2025-08-22 23:00:00+00:00, run_after=2025-08-23 23:00:00+00:00
[2025-08-23T03:46:03.356+0000] {processor.py:183} INFO - Processing /opt/airflow/dags/welcome_dag.py took 0.373 seconds
[2025-08-23T03:46:33.725+0000] {processor.py:161} INFO - Started process (PID=118) to work on /opt/airflow/dags/welcome_dag.py
[2025-08-23T03:46:33.727+0000] {processor.py:830} INFO - Processing file /opt/airflow/dags/welcome_dag.py for tasks to queue
[2025-08-23T03:46:33.729+0000] {logging_mixin.py:188} INFO - [2025-08-23T03:46:33.728+0000] {dagbag.py:538} INFO - Filling up the DagBag from /opt/airflow/dags/welcome_dag.py
[2025-08-23T03:46:33.805+0000] {processor.py:840} INFO - DAG(s) 'welcome_dag' retrieved from /opt/airflow/dags/welcome_dag.py
[2025-08-23T03:46:33.857+0000] {logging_mixin.py:188} INFO - [2025-08-23T03:46:33.857+0000] {dag.py:3036} INFO - Sync 1 DAGs
[2025-08-23T03:46:33.904+0000] {logging_mixin.py:188} INFO - [2025-08-23T03:46:33.903+0000] {dag.py:3823} INFO - Setting next_dagrun for welcome_dag to 2025-08-22 23:00:00+00:00, run_after=2025-08-23 23:00:00+00:00
[2025-08-23T03:46:34.120+0000] {processor.py:183} INFO - Processing /opt/airflow/dags/welcome_dag.py took 0.401 seconds
[2025-08-23T03:47:04.439+0000] {processor.py:161} INFO - Started process (PID=119) to work on /opt/airflow/dags/welcome_dag.py
[2025-08-23T03:47:04.441+0000] {processor.py:830} INFO - Processing file /opt/airflow/dags/welcome_dag.py for tasks to queue
[2025-08-23T03:47:04.443+0000] {logging_mixin.py:188} INFO - [2025-08-23T03:47:04.442+0000] {dagbag.py:538} INFO - Filling up the DagBag from /opt/airflow/dags/welcome_dag.py
[2025-08-23T03:47:04.490+0000] {processor.py:840} INFO - DAG(s) 'welcome_dag' retrieved from /opt/airflow/dags/welcome_dag.py
[2025-08-23T03:47:04.540+0000] {logging_mixin.py:188} INFO - [2025-08-23T03:47:04.540+0000] {dag.py:3036} INFO - Sync 1 DAGs
[2025-08-23T03:47:04.582+0000] {logging_mixin.py:188} INFO - [2025-08-23T03:47:04.582+0000] {dag.py:3823} INFO - Setting next_dagrun for welcome_dag to 2025-08-22 23:00:00+00:00, run_after=2025-08-23 23:00:00+00:00
[2025-08-23T03:47:04.825+0000] {processor.py:183} INFO - Processing /opt/airflow/dags/welcome_dag.py took 0.392 seconds
[2025-08-23T03:47:35.128+0000] {processor.py:161} INFO - Started process (PID=120) to work on /opt/airflow/dags/welcome_dag.py
[2025-08-23T03:47:35.130+0000] {processor.py:830} INFO - Processing file /opt/airflow/dags/welcome_dag.py for tasks to queue
[2025-08-23T03:47:35.133+0000] {logging_mixin.py:188} INFO - [2025-08-23T03:47:35.132+0000] {dagbag.py:538} INFO - Filling up the DagBag from /opt/airflow/dags/welcome_dag.py
[2025-08-23T03:47:35.181+0000] {processor.py:840} INFO - DAG(s) 'welcome_dag' retrieved from /opt/airflow/dags/welcome_dag.py
[2025-08-23T03:47:35.230+0000] {logging_mixin.py:188} INFO - [2025-08-23T03:47:35.230+0000] {dag.py:3036} INFO - Sync 1 DAGs
[2025-08-23T03:47:35.276+0000] {logging_mixin.py:188} INFO - [2025-08-23T03:47:35.275+0000] {dag.py:3823} INFO - Setting next_dagrun for welcome_dag to 2025-08-22 23:00:00+00:00, run_after=2025-08-23 23:00:00+00:00
[2025-08-23T03:47:35.492+0000] {processor.py:183} INFO - Processing /opt/airflow/dags/welcome_dag.py took 0.371 seconds
[2025-08-23T03:48:06.029+0000] {processor.py:161} INFO - Started process (PID=121) to work on /opt/airflow/dags/welcome_dag.py
[2025-08-23T03:48:06.032+0000] {processor.py:830} INFO - Processing file /opt/airflow/dags/welcome_dag.py for tasks to queue
[2025-08-23T03:48:06.034+0000] {logging_mixin.py:188} INFO - [2025-08-23T03:48:06.033+0000] {dagbag.py:538} INFO - Filling up the DagBag from /opt/airflow/dags/welcome_dag.py
[2025-08-23T03:48:06.090+0000] {processor.py:840} INFO - DAG(s) 'welcome_dag' retrieved from /opt/airflow/dags/welcome_dag.py
[2025-08-23T03:48:06.141+0000] {logging_mixin.py:188} INFO - [2025-08-23T03:48:06.141+0000] {dag.py:3036} INFO - Sync 1 DAGs
[2025-08-23T03:48:06.189+0000] {logging_mixin.py:188} INFO - [2025-08-23T03:48:06.188+0000] {dag.py:3823} INFO - Setting next_dagrun for welcome_dag to 2025-08-22 23:00:00+00:00, run_after=2025-08-23 23:00:00+00:00
[2025-08-23T03:48:06.564+0000] {processor.py:183} INFO - Processing /opt/airflow/dags/welcome_dag.py took 0.544 seconds
[2025-08-23T03:48:36.739+0000] {processor.py:161} INFO - Started process (PID=122) to work on /opt/airflow/dags/welcome_dag.py
[2025-08-23T03:48:36.741+0000] {processor.py:830} INFO - Processing file /opt/airflow/dags/welcome_dag.py for tasks to queue
[2025-08-23T03:48:36.743+0000] {logging_mixin.py:188} INFO - [2025-08-23T03:48:36.742+0000] {dagbag.py:538} INFO - Filling up the DagBag from /opt/airflow/dags/welcome_dag.py
[2025-08-23T03:48:36.844+0000] {processor.py:840} INFO - DAG(s) 'welcome_dag' retrieved from /opt/airflow/dags/welcome_dag.py
[2025-08-23T03:48:36.898+0000] {logging_mixin.py:188} INFO - [2025-08-23T03:48:36.898+0000] {dag.py:3036} INFO - Sync 1 DAGs
[2025-08-23T03:48:36.945+0000] {logging_mixin.py:188} INFO - [2025-08-23T03:48:36.944+0000] {dag.py:3823} INFO - Setting next_dagrun for welcome_dag to 2025-08-22 23:00:00+00:00, run_after=2025-08-23 23:00:00+00:00
[2025-08-23T03:48:37.675+0000] {processor.py:183} INFO - Processing /opt/airflow/dags/welcome_dag.py took 0.942 seconds
[2025-08-23T03:49:08.013+0000] {processor.py:161} INFO - Started process (PID=123) to work on /opt/airflow/dags/welcome_dag.py
[2025-08-23T03:49:08.015+0000] {processor.py:830} INFO - Processing file /opt/airflow/dags/welcome_dag.py for tasks to queue
[2025-08-23T03:49:08.017+0000] {logging_mixin.py:188} INFO - [2025-08-23T03:49:08.016+0000] {dagbag.py:538} INFO - Filling up the DagBag from /opt/airflow/dags/welcome_dag.py
[2025-08-23T03:49:08.077+0000] {processor.py:840} INFO - DAG(s) 'welcome_dag' retrieved from /opt/airflow/dags/welcome_dag.py
[2025-08-23T03:49:08.127+0000] {logging_mixin.py:188} INFO - [2025-08-23T03:49:08.126+0000] {dag.py:3036} INFO - Sync 1 DAGs
[2025-08-23T03:49:08.169+0000] {logging_mixin.py:188} INFO - [2025-08-23T03:49:08.169+0000] {dag.py:3823} INFO - Setting next_dagrun for welcome_dag to 2025-08-22 23:00:00+00:00, run_after=2025-08-23 23:00:00+00:00
[2025-08-23T03:49:08.480+0000] {processor.py:183} INFO - Processing /opt/airflow/dags/welcome_dag.py took 0.473 seconds
[2025-08-23T03:49:38.765+0000] {processor.py:161} INFO - Started process (PID=124) to work on /opt/airflow/dags/welcome_dag.py
[2025-08-23T03:49:38.768+0000] {processor.py:830} INFO - Processing file /opt/airflow/dags/welcome_dag.py for tasks to queue
[2025-08-23T03:49:38.770+0000] {logging_mixin.py:188} INFO - [2025-08-23T03:49:38.769+0000] {dagbag.py:538} INFO - Filling up the DagBag from /opt/airflow/dags/welcome_dag.py
[2025-08-23T03:49:38.816+0000] {processor.py:840} INFO - DAG(s) 'welcome_dag' retrieved from /opt/airflow/dags/welcome_dag.py
[2025-08-23T03:49:38.867+0000] {logging_mixin.py:188} INFO - [2025-08-23T03:49:38.866+0000] {dag.py:3036} INFO - Sync 1 DAGs
[2025-08-23T03:49:38.910+0000] {logging_mixin.py:188} INFO - [2025-08-23T03:49:38.910+0000] {dag.py:3823} INFO - Setting next_dagrun for welcome_dag to 2025-08-22 23:00:00+00:00, run_after=2025-08-23 23:00:00+00:00
[2025-08-23T03:49:39.178+0000] {processor.py:183} INFO - Processing /opt/airflow/dags/welcome_dag.py took 0.419 seconds
[2025-08-23T03:50:09.704+0000] {processor.py:161} INFO - Started process (PID=125) to work on /opt/airflow/dags/welcome_dag.py
[2025-08-23T03:50:09.706+0000] {processor.py:830} INFO - Processing file /opt/airflow/dags/welcome_dag.py for tasks to queue
[2025-08-23T03:50:09.708+0000] {logging_mixin.py:188} INFO - [2025-08-23T03:50:09.707+0000] {dagbag.py:538} INFO - Filling up the DagBag from /opt/airflow/dags/welcome_dag.py
[2025-08-23T03:50:09.754+0000] {processor.py:840} INFO - DAG(s) 'welcome_dag' retrieved from /opt/airflow/dags/welcome_dag.py
[2025-08-23T03:50:09.804+0000] {logging_mixin.py:188} INFO - [2025-08-23T03:50:09.803+0000] {dag.py:3036} INFO - Sync 1 DAGs
[2025-08-23T03:50:09.848+0000] {logging_mixin.py:188} INFO - [2025-08-23T03:50:09.847+0000] {dag.py:3823} INFO - Setting next_dagrun for welcome_dag to 2025-08-22 23:00:00+00:00, run_after=2025-08-23 23:00:00+00:00
[2025-08-23T03:50:10.247+0000] {processor.py:183} INFO - Processing /opt/airflow/dags/welcome_dag.py took 0.549 seconds
[2025-08-23T03:50:40.698+0000] {processor.py:161} INFO - Started process (PID=126) to work on /opt/airflow/dags/welcome_dag.py
[2025-08-23T03:50:40.700+0000] {processor.py:830} INFO - Processing file /opt/airflow/dags/welcome_dag.py for tasks to queue
[2025-08-23T03:50:40.703+0000] {logging_mixin.py:188} INFO - [2025-08-23T03:50:40.702+0000] {dagbag.py:538} INFO - Filling up the DagBag from /opt/airflow/dags/welcome_dag.py
[2025-08-23T03:50:40.749+0000] {processor.py:840} INFO - DAG(s) 'welcome_dag' retrieved from /opt/airflow/dags/welcome_dag.py
[2025-08-23T03:50:40.802+0000] {logging_mixin.py:188} INFO - [2025-08-23T03:50:40.802+0000] {dag.py:3036} INFO - Sync 1 DAGs
[2025-08-23T03:50:40.846+0000] {logging_mixin.py:188} INFO - [2025-08-23T03:50:40.845+0000] {dag.py:3823} INFO - Setting next_dagrun for welcome_dag to 2025-08-22 23:00:00+00:00, run_after=2025-08-23 23:00:00+00:00
[2025-08-23T03:50:41.066+0000] {processor.py:183} INFO - Processing /opt/airflow/dags/welcome_dag.py took 0.374 seconds
[2025-08-23T03:51:11.493+0000] {processor.py:161} INFO - Started process (PID=127) to work on /opt/airflow/dags/welcome_dag.py
[2025-08-23T03:51:11.495+0000] {processor.py:830} INFO - Processing file /opt/airflow/dags/welcome_dag.py for tasks to queue
[2025-08-23T03:51:11.497+0000] {logging_mixin.py:188} INFO - [2025-08-23T03:51:11.497+0000] {dagbag.py:538} INFO - Filling up the DagBag from /opt/airflow/dags/welcome_dag.py
[2025-08-23T03:51:11.564+0000] {processor.py:840} INFO - DAG(s) 'welcome_dag' retrieved from /opt/airflow/dags/welcome_dag.py
[2025-08-23T03:51:11.637+0000] {logging_mixin.py:188} INFO - [2025-08-23T03:51:11.637+0000] {dag.py:3036} INFO - Sync 1 DAGs
[2025-08-23T03:51:11.781+0000] {logging_mixin.py:188} INFO - [2025-08-23T03:51:11.780+0000] {dag.py:3823} INFO - Setting next_dagrun for welcome_dag to 2025-08-22 23:00:00+00:00, run_after=2025-08-23 23:00:00+00:00
[2025-08-23T03:51:12.388+0000] {processor.py:183} INFO - Processing /opt/airflow/dags/welcome_dag.py took 0.903 seconds
[2025-08-23T03:51:42.729+0000] {processor.py:161} INFO - Started process (PID=128) to work on /opt/airflow/dags/welcome_dag.py
[2025-08-23T03:51:42.732+0000] {processor.py:830} INFO - Processing file /opt/airflow/dags/welcome_dag.py for tasks to queue
[2025-08-23T03:51:42.734+0000] {logging_mixin.py:188} INFO - [2025-08-23T03:51:42.733+0000] {dagbag.py:538} INFO - Filling up the DagBag from /opt/airflow/dags/welcome_dag.py
[2025-08-23T03:51:42.786+0000] {processor.py:840} INFO - DAG(s) 'welcome_dag' retrieved from /opt/airflow/dags/welcome_dag.py
[2025-08-23T03:51:42.844+0000] {logging_mixin.py:188} INFO - [2025-08-23T03:51:42.844+0000] {dag.py:3036} INFO - Sync 1 DAGs
[2025-08-23T03:51:42.888+0000] {logging_mixin.py:188} INFO - [2025-08-23T03:51:42.887+0000] {dag.py:3823} INFO - Setting next_dagrun for welcome_dag to 2025-08-22 23:00:00+00:00, run_after=2025-08-23 23:00:00+00:00
[2025-08-23T03:51:43.132+0000] {processor.py:183} INFO - Processing /opt/airflow/dags/welcome_dag.py took 0.411 seconds
[2025-08-23T03:52:13.288+0000] {processor.py:161} INFO - Started process (PID=129) to work on /opt/airflow/dags/welcome_dag.py
[2025-08-23T03:52:13.290+0000] {processor.py:830} INFO - Processing file /opt/airflow/dags/welcome_dag.py for tasks to queue
[2025-08-23T03:52:13.292+0000] {logging_mixin.py:188} INFO - [2025-08-23T03:52:13.291+0000] {dagbag.py:538} INFO - Filling up the DagBag from /opt/airflow/dags/welcome_dag.py
[2025-08-23T03:52:13.340+0000] {processor.py:840} INFO - DAG(s) 'welcome_dag' retrieved from /opt/airflow/dags/welcome_dag.py
[2025-08-23T03:52:13.389+0000] {logging_mixin.py:188} INFO - [2025-08-23T03:52:13.389+0000] {dag.py:3036} INFO - Sync 1 DAGs
[2025-08-23T03:52:13.433+0000] {logging_mixin.py:188} INFO - [2025-08-23T03:52:13.432+0000] {dag.py:3823} INFO - Setting next_dagrun for welcome_dag to 2025-08-22 23:00:00+00:00, run_after=2025-08-23 23:00:00+00:00
[2025-08-23T03:52:13.662+0000] {processor.py:183} INFO - Processing /opt/airflow/dags/welcome_dag.py took 0.380 seconds
[2025-08-23T03:52:43.861+0000] {processor.py:161} INFO - Started process (PID=130) to work on /opt/airflow/dags/welcome_dag.py
[2025-08-23T03:52:43.863+0000] {processor.py:830} INFO - Processing file /opt/airflow/dags/welcome_dag.py for tasks to queue
[2025-08-23T03:52:43.865+0000] {logging_mixin.py:188} INFO - [2025-08-23T03:52:43.864+0000] {dagbag.py:538} INFO - Filling up the DagBag from /opt/airflow/dags/welcome_dag.py
[2025-08-23T03:52:43.916+0000] {processor.py:840} INFO - DAG(s) 'welcome_dag' retrieved from /opt/airflow/dags/welcome_dag.py
[2025-08-23T03:52:43.973+0000] {logging_mixin.py:188} INFO - [2025-08-23T03:52:43.973+0000] {dag.py:3036} INFO - Sync 1 DAGs
[2025-08-23T03:52:44.016+0000] {logging_mixin.py:188} INFO - [2025-08-23T03:52:44.015+0000] {dag.py:3823} INFO - Setting next_dagrun for welcome_dag to 2025-08-22 23:00:00+00:00, run_after=2025-08-23 23:00:00+00:00
[2025-08-23T03:52:44.216+0000] {processor.py:183} INFO - Processing /opt/airflow/dags/welcome_dag.py took 0.362 seconds
[2025-08-23T03:53:14.630+0000] {processor.py:161} INFO - Started process (PID=131) to work on /opt/airflow/dags/welcome_dag.py
[2025-08-23T03:53:14.633+0000] {processor.py:830} INFO - Processing file /opt/airflow/dags/welcome_dag.py for tasks to queue
[2025-08-23T03:53:14.635+0000] {logging_mixin.py:188} INFO - [2025-08-23T03:53:14.634+0000] {dagbag.py:538} INFO - Filling up the DagBag from /opt/airflow/dags/welcome_dag.py
[2025-08-23T03:53:14.683+0000] {processor.py:840} INFO - DAG(s) 'welcome_dag' retrieved from /opt/airflow/dags/welcome_dag.py
[2025-08-23T03:53:14.734+0000] {logging_mixin.py:188} INFO - [2025-08-23T03:53:14.734+0000] {dag.py:3036} INFO - Sync 1 DAGs
[2025-08-23T03:53:14.778+0000] {logging_mixin.py:188} INFO - [2025-08-23T03:53:14.778+0000] {dag.py:3823} INFO - Setting next_dagrun for welcome_dag to 2025-08-22 23:00:00+00:00, run_after=2025-08-23 23:00:00+00:00
[2025-08-23T03:53:15.041+0000] {processor.py:183} INFO - Processing /opt/airflow/dags/welcome_dag.py took 0.418 seconds
[2025-08-23T03:53:45.604+0000] {processor.py:161} INFO - Started process (PID=132) to work on /opt/airflow/dags/welcome_dag.py
[2025-08-23T03:53:45.606+0000] {processor.py:830} INFO - Processing file /opt/airflow/dags/welcome_dag.py for tasks to queue
[2025-08-23T03:53:45.609+0000] {logging_mixin.py:188} INFO - [2025-08-23T03:53:45.608+0000] {dagbag.py:538} INFO - Filling up the DagBag from /opt/airflow/dags/welcome_dag.py
[2025-08-23T03:53:45.656+0000] {processor.py:840} INFO - DAG(s) 'welcome_dag' retrieved from /opt/airflow/dags/welcome_dag.py
[2025-08-23T03:53:45.710+0000] {logging_mixin.py:188} INFO - [2025-08-23T03:53:45.710+0000] {dag.py:3036} INFO - Sync 1 DAGs
[2025-08-23T03:53:45.760+0000] {logging_mixin.py:188} INFO - [2025-08-23T03:53:45.759+0000] {dag.py:3823} INFO - Setting next_dagrun for welcome_dag to 2025-08-22 23:00:00+00:00, run_after=2025-08-23 23:00:00+00:00
[2025-08-23T03:53:46.039+0000] {processor.py:183} INFO - Processing /opt/airflow/dags/welcome_dag.py took 0.442 seconds
[2025-08-23T03:54:16.324+0000] {processor.py:161} INFO - Started process (PID=133) to work on /opt/airflow/dags/welcome_dag.py
[2025-08-23T03:54:16.326+0000] {processor.py:830} INFO - Processing file /opt/airflow/dags/welcome_dag.py for tasks to queue
[2025-08-23T03:54:16.328+0000] {logging_mixin.py:188} INFO - [2025-08-23T03:54:16.327+0000] {dagbag.py:538} INFO - Filling up the DagBag from /opt/airflow/dags/welcome_dag.py
[2025-08-23T03:54:16.377+0000] {processor.py:840} INFO - DAG(s) 'welcome_dag' retrieved from /opt/airflow/dags/welcome_dag.py
[2025-08-23T03:54:16.430+0000] {logging_mixin.py:188} INFO - [2025-08-23T03:54:16.429+0000] {dag.py:3036} INFO - Sync 1 DAGs
[2025-08-23T03:54:16.480+0000] {logging_mixin.py:188} INFO - [2025-08-23T03:54:16.480+0000] {dag.py:3823} INFO - Setting next_dagrun for welcome_dag to 2025-08-22 23:00:00+00:00, run_after=2025-08-23 23:00:00+00:00
[2025-08-23T03:54:17.207+0000] {processor.py:183} INFO - Processing /opt/airflow/dags/welcome_dag.py took 0.889 seconds
[2025-08-23T03:54:47.364+0000] {processor.py:161} INFO - Started process (PID=134) to work on /opt/airflow/dags/welcome_dag.py
[2025-08-23T03:54:47.366+0000] {processor.py:830} INFO - Processing file /opt/airflow/dags/welcome_dag.py for tasks to queue
[2025-08-23T03:54:47.368+0000] {logging_mixin.py:188} INFO - [2025-08-23T03:54:47.367+0000] {dagbag.py:538} INFO - Filling up the DagBag from /opt/airflow/dags/welcome_dag.py
[2025-08-23T03:54:47.420+0000] {processor.py:840} INFO - DAG(s) 'welcome_dag' retrieved from /opt/airflow/dags/welcome_dag.py
[2025-08-23T03:54:47.474+0000] {logging_mixin.py:188} INFO - [2025-08-23T03:54:47.473+0000] {dag.py:3036} INFO - Sync 1 DAGs
[2025-08-23T03:54:47.518+0000] {logging_mixin.py:188} INFO - [2025-08-23T03:54:47.518+0000] {dag.py:3823} INFO - Setting next_dagrun for welcome_dag to 2025-08-22 23:00:00+00:00, run_after=2025-08-23 23:00:00+00:00
[2025-08-23T03:54:47.836+0000] {processor.py:183} INFO - Processing /opt/airflow/dags/welcome_dag.py took 0.479 seconds
[2025-08-23T03:55:17.917+0000] {processor.py:161} INFO - Started process (PID=135) to work on /opt/airflow/dags/welcome_dag.py
[2025-08-23T03:55:17.919+0000] {processor.py:830} INFO - Processing file /opt/airflow/dags/welcome_dag.py for tasks to queue
[2025-08-23T03:55:17.921+0000] {logging_mixin.py:188} INFO - [2025-08-23T03:55:17.921+0000] {dagbag.py:538} INFO - Filling up the DagBag from /opt/airflow/dags/welcome_dag.py
[2025-08-23T03:55:17.968+0000] {processor.py:840} INFO - DAG(s) 'welcome_dag' retrieved from /opt/airflow/dags/welcome_dag.py
[2025-08-23T03:55:18.025+0000] {logging_mixin.py:188} INFO - [2025-08-23T03:55:18.025+0000] {dag.py:3036} INFO - Sync 1 DAGs
[2025-08-23T03:55:18.068+0000] {logging_mixin.py:188} INFO - [2025-08-23T03:55:18.068+0000] {dag.py:3823} INFO - Setting next_dagrun for welcome_dag to 2025-08-22 23:00:00+00:00, run_after=2025-08-23 23:00:00+00:00
[2025-08-23T03:55:18.433+0000] {processor.py:183} INFO - Processing /opt/airflow/dags/welcome_dag.py took 0.523 seconds
[2025-08-23T08:37:30.556+0000] {processor.py:161} INFO - Started process (PID=136) to work on /opt/airflow/dags/welcome_dag.py
[2025-08-23T08:37:30.559+0000] {processor.py:830} INFO - Processing file /opt/airflow/dags/welcome_dag.py for tasks to queue
[2025-08-23T08:37:30.561+0000] {logging_mixin.py:188} INFO - [2025-08-23T08:37:30.560+0000] {dagbag.py:538} INFO - Filling up the DagBag from /opt/airflow/dags/welcome_dag.py
[2025-08-23T08:37:30.831+0000] {processor.py:840} INFO - DAG(s) 'welcome_dag' retrieved from /opt/airflow/dags/welcome_dag.py
[2025-08-23T08:37:30.883+0000] {logging_mixin.py:188} INFO - [2025-08-23T08:37:30.883+0000] {dag.py:3036} INFO - Sync 1 DAGs
[2025-08-23T08:37:30.933+0000] {logging_mixin.py:188} INFO - [2025-08-23T08:37:30.933+0000] {dag.py:3823} INFO - Setting next_dagrun for welcome_dag to 2025-08-22 23:00:00+00:00, run_after=2025-08-23 23:00:00+00:00
[2025-08-23T08:37:31.606+0000] {processor.py:183} INFO - Processing /opt/airflow/dags/welcome_dag.py took 1.058 seconds
[2025-08-23T08:38:02.805+0000] {processor.py:161} INFO - Started process (PID=143) to work on /opt/airflow/dags/welcome_dag.py
[2025-08-23T08:38:02.813+0000] {processor.py:830} INFO - Processing file /opt/airflow/dags/welcome_dag.py for tasks to queue
[2025-08-23T08:38:02.820+0000] {logging_mixin.py:188} INFO - [2025-08-23T08:38:02.817+0000] {dagbag.py:538} INFO - Filling up the DagBag from /opt/airflow/dags/welcome_dag.py
[2025-08-23T08:38:02.951+0000] {processor.py:840} INFO - DAG(s) 'welcome_dag' retrieved from /opt/airflow/dags/welcome_dag.py
[2025-08-23T08:38:03.191+0000] {logging_mixin.py:188} INFO - [2025-08-23T08:38:03.190+0000] {dag.py:3036} INFO - Sync 1 DAGs
[2025-08-23T08:38:03.267+0000] {logging_mixin.py:188} INFO - [2025-08-23T08:38:03.267+0000] {dag.py:3823} INFO - Setting next_dagrun for welcome_dag to 2025-08-22 23:00:00+00:00, run_after=2025-08-23 23:00:00+00:00
[2025-08-23T08:38:03.613+0000] {processor.py:183} INFO - Processing /opt/airflow/dags/welcome_dag.py took 0.841 seconds
[2025-08-23T08:38:34.151+0000] {processor.py:161} INFO - Started process (PID=144) to work on /opt/airflow/dags/welcome_dag.py
[2025-08-23T08:38:34.154+0000] {processor.py:830} INFO - Processing file /opt/airflow/dags/welcome_dag.py for tasks to queue
[2025-08-23T08:38:34.156+0000] {logging_mixin.py:188} INFO - [2025-08-23T08:38:34.156+0000] {dagbag.py:538} INFO - Filling up the DagBag from /opt/airflow/dags/welcome_dag.py
[2025-08-23T08:38:34.255+0000] {processor.py:840} INFO - DAG(s) 'welcome_dag' retrieved from /opt/airflow/dags/welcome_dag.py
[2025-08-23T08:38:34.300+0000] {logging_mixin.py:188} INFO - [2025-08-23T08:38:34.300+0000] {dag.py:3036} INFO - Sync 1 DAGs
[2025-08-23T08:38:34.342+0000] {logging_mixin.py:188} INFO - [2025-08-23T08:38:34.342+0000] {dag.py:3823} INFO - Setting next_dagrun for welcome_dag to 2025-08-22 23:00:00+00:00, run_after=2025-08-23 23:00:00+00:00
[2025-08-23T08:38:34.949+0000] {processor.py:183} INFO - Processing /opt/airflow/dags/welcome_dag.py took 0.807 seconds
[2025-08-23T08:39:05.557+0000] {processor.py:161} INFO - Started process (PID=145) to work on /opt/airflow/dags/welcome_dag.py
[2025-08-23T08:39:05.559+0000] {processor.py:830} INFO - Processing file /opt/airflow/dags/welcome_dag.py for tasks to queue
[2025-08-23T08:39:05.561+0000] {logging_mixin.py:188} INFO - [2025-08-23T08:39:05.561+0000] {dagbag.py:538} INFO - Filling up the DagBag from /opt/airflow/dags/welcome_dag.py
[2025-08-23T08:39:05.608+0000] {processor.py:840} INFO - DAG(s) 'welcome_dag' retrieved from /opt/airflow/dags/welcome_dag.py
[2025-08-23T08:39:05.657+0000] {logging_mixin.py:188} INFO - [2025-08-23T08:39:05.657+0000] {dag.py:3036} INFO - Sync 1 DAGs
[2025-08-23T08:39:05.698+0000] {logging_mixin.py:188} INFO - [2025-08-23T08:39:05.698+0000] {dag.py:3823} INFO - Setting next_dagrun for welcome_dag to 2025-08-22 23:00:00+00:00, run_after=2025-08-23 23:00:00+00:00
[2025-08-23T08:39:05.950+0000] {processor.py:183} INFO - Processing /opt/airflow/dags/welcome_dag.py took 0.401 seconds
[2025-08-23T08:42:46.296+0000] {processor.py:161} INFO - Started process (PID=55) to work on /opt/airflow/dags/welcome_dag.py
[2025-08-23T08:42:46.326+0000] {processor.py:830} INFO - Processing file /opt/airflow/dags/welcome_dag.py for tasks to queue
[2025-08-23T08:42:46.411+0000] {logging_mixin.py:188} INFO - [2025-08-23T08:42:46.409+0000] {dagbag.py:538} INFO - Filling up the DagBag from /opt/airflow/dags/welcome_dag.py
[2025-08-23T08:42:47.491+0000] {processor.py:840} INFO - DAG(s) 'welcome_dag' retrieved from /opt/airflow/dags/welcome_dag.py
[2025-08-23T08:42:51.139+0000] {logging_mixin.py:188} INFO - [2025-08-23T08:42:51.138+0000] {dag.py:3036} INFO - Sync 1 DAGs
[2025-08-23T08:42:51.687+0000] {logging_mixin.py:188} INFO - [2025-08-23T08:42:51.686+0000] {dag.py:3823} INFO - Setting next_dagrun for welcome_dag to 2025-08-22 23:00:00+00:00, run_after=2025-08-23 23:00:00+00:00
[2025-08-23T08:42:52.930+0000] {processor.py:183} INFO - Processing /opt/airflow/dags/welcome_dag.py took 6.927 seconds
[2025-08-23T08:43:23.767+0000] {processor.py:161} INFO - Started process (PID=68) to work on /opt/airflow/dags/welcome_dag.py
[2025-08-23T08:43:23.862+0000] {processor.py:830} INFO - Processing file /opt/airflow/dags/welcome_dag.py for tasks to queue
[2025-08-23T08:43:23.869+0000] {logging_mixin.py:188} INFO - [2025-08-23T08:43:23.867+0000] {dagbag.py:538} INFO - Filling up the DagBag from /opt/airflow/dags/welcome_dag.py
[2025-08-23T08:43:24.178+0000] {processor.py:840} INFO - DAG(s) 'welcome_dag' retrieved from /opt/airflow/dags/welcome_dag.py
[2025-08-23T08:43:27.307+0000] {logging_mixin.py:188} INFO - [2025-08-23T08:43:27.306+0000] {dag.py:3036} INFO - Sync 1 DAGs
[2025-08-23T08:43:31.167+0000] {logging_mixin.py:188} INFO - [2025-08-23T08:43:31.167+0000] {dag.py:3823} INFO - Setting next_dagrun for welcome_dag to 2025-08-22 23:00:00+00:00, run_after=2025-08-23 23:00:00+00:00
[2025-08-23T08:43:33.020+0000] {processor.py:183} INFO - Processing /opt/airflow/dags/welcome_dag.py took 8.497 seconds
[2025-08-23T08:44:04.194+0000] {processor.py:161} INFO - Started process (PID=70) to work on /opt/airflow/dags/welcome_dag.py
[2025-08-23T08:44:04.236+0000] {processor.py:830} INFO - Processing file /opt/airflow/dags/welcome_dag.py for tasks to queue
[2025-08-23T08:44:04.241+0000] {logging_mixin.py:188} INFO - [2025-08-23T08:44:04.239+0000] {dagbag.py:538} INFO - Filling up the DagBag from /opt/airflow/dags/welcome_dag.py
[2025-08-23T08:44:05.144+0000] {processor.py:840} INFO - DAG(s) 'welcome_dag' retrieved from /opt/airflow/dags/welcome_dag.py
[2025-08-23T08:44:07.460+0000] {logging_mixin.py:188} INFO - [2025-08-23T08:44:07.459+0000] {dag.py:3036} INFO - Sync 1 DAGs
[2025-08-23T08:44:07.642+0000] {logging_mixin.py:188} INFO - [2025-08-23T08:44:07.642+0000] {dag.py:3823} INFO - Setting next_dagrun for welcome_dag to 2025-08-22 23:00:00+00:00, run_after=2025-08-23 23:00:00+00:00
[2025-08-23T08:44:07.981+0000] {processor.py:183} INFO - Processing /opt/airflow/dags/welcome_dag.py took 3.978 seconds
[2025-08-23T08:44:38.460+0000] {processor.py:161} INFO - Started process (PID=71) to work on /opt/airflow/dags/welcome_dag.py
[2025-08-23T08:44:38.463+0000] {processor.py:830} INFO - Processing file /opt/airflow/dags/welcome_dag.py for tasks to queue
[2025-08-23T08:44:38.464+0000] {logging_mixin.py:188} INFO - [2025-08-23T08:44:38.464+0000] {dagbag.py:538} INFO - Filling up the DagBag from /opt/airflow/dags/welcome_dag.py
[2025-08-23T08:44:38.513+0000] {processor.py:840} INFO - DAG(s) 'welcome_dag' retrieved from /opt/airflow/dags/welcome_dag.py
[2025-08-23T08:44:38.568+0000] {logging_mixin.py:188} INFO - [2025-08-23T08:44:38.568+0000] {dag.py:3036} INFO - Sync 1 DAGs
[2025-08-23T08:44:38.710+0000] {logging_mixin.py:188} INFO - [2025-08-23T08:44:38.709+0000] {dag.py:3823} INFO - Setting next_dagrun for welcome_dag to 2025-08-22 23:00:00+00:00, run_after=2025-08-23 23:00:00+00:00
[2025-08-23T08:44:40.702+0000] {processor.py:183} INFO - Processing /opt/airflow/dags/welcome_dag.py took 2.248 seconds
[2025-08-23T08:45:11.112+0000] {processor.py:161} INFO - Started process (PID=72) to work on /opt/airflow/dags/welcome_dag.py
[2025-08-23T08:45:11.115+0000] {processor.py:830} INFO - Processing file /opt/airflow/dags/welcome_dag.py for tasks to queue
[2025-08-23T08:45:11.117+0000] {logging_mixin.py:188} INFO - [2025-08-23T08:45:11.116+0000] {dagbag.py:538} INFO - Filling up the DagBag from /opt/airflow/dags/welcome_dag.py
[2025-08-23T08:45:11.164+0000] {processor.py:840} INFO - DAG(s) 'welcome_dag' retrieved from /opt/airflow/dags/welcome_dag.py
[2025-08-23T08:45:11.215+0000] {logging_mixin.py:188} INFO - [2025-08-23T08:45:11.214+0000] {dag.py:3036} INFO - Sync 1 DAGs
[2025-08-23T08:45:11.257+0000] {logging_mixin.py:188} INFO - [2025-08-23T08:45:11.257+0000] {dag.py:3823} INFO - Setting next_dagrun for welcome_dag to 2025-08-22 23:00:00+00:00, run_after=2025-08-23 23:00:00+00:00
[2025-08-23T08:45:11.640+0000] {processor.py:183} INFO - Processing /opt/airflow/dags/welcome_dag.py took 0.534 seconds
[2025-08-23T08:45:42.725+0000] {processor.py:161} INFO - Started process (PID=73) to work on /opt/airflow/dags/welcome_dag.py
[2025-08-23T08:45:42.727+0000] {processor.py:830} INFO - Processing file /opt/airflow/dags/welcome_dag.py for tasks to queue
[2025-08-23T08:45:42.729+0000] {logging_mixin.py:188} INFO - [2025-08-23T08:45:42.728+0000] {dagbag.py:538} INFO - Filling up the DagBag from /opt/airflow/dags/welcome_dag.py
[2025-08-23T08:45:42.777+0000] {processor.py:840} INFO - DAG(s) 'welcome_dag' retrieved from /opt/airflow/dags/welcome_dag.py
[2025-08-23T08:45:42.824+0000] {logging_mixin.py:188} INFO - [2025-08-23T08:45:42.824+0000] {dag.py:3036} INFO - Sync 1 DAGs
[2025-08-23T08:45:42.865+0000] {logging_mixin.py:188} INFO - [2025-08-23T08:45:42.865+0000] {dag.py:3823} INFO - Setting next_dagrun for welcome_dag to 2025-08-22 23:00:00+00:00, run_after=2025-08-23 23:00:00+00:00
[2025-08-23T08:45:43.087+0000] {processor.py:183} INFO - Processing /opt/airflow/dags/welcome_dag.py took 0.370 seconds
[2025-08-23T08:46:13.878+0000] {processor.py:161} INFO - Started process (PID=74) to work on /opt/airflow/dags/welcome_dag.py
[2025-08-23T08:46:13.880+0000] {processor.py:830} INFO - Processing file /opt/airflow/dags/welcome_dag.py for tasks to queue
[2025-08-23T08:46:13.882+0000] {logging_mixin.py:188} INFO - [2025-08-23T08:46:13.881+0000] {dagbag.py:538} INFO - Filling up the DagBag from /opt/airflow/dags/welcome_dag.py
[2025-08-23T08:46:13.927+0000] {processor.py:840} INFO - DAG(s) 'welcome_dag' retrieved from /opt/airflow/dags/welcome_dag.py
[2025-08-23T08:46:13.976+0000] {logging_mixin.py:188} INFO - [2025-08-23T08:46:13.975+0000] {dag.py:3036} INFO - Sync 1 DAGs
[2025-08-23T08:46:14.019+0000] {logging_mixin.py:188} INFO - [2025-08-23T08:46:14.018+0000] {dag.py:3823} INFO - Setting next_dagrun for welcome_dag to 2025-08-22 23:00:00+00:00, run_after=2025-08-23 23:00:00+00:00
[2025-08-23T08:46:14.273+0000] {processor.py:183} INFO - Processing /opt/airflow/dags/welcome_dag.py took 0.401 seconds
[2025-08-23T08:46:45.081+0000] {processor.py:161} INFO - Started process (PID=75) to work on /opt/airflow/dags/welcome_dag.py
[2025-08-23T08:46:45.084+0000] {processor.py:830} INFO - Processing file /opt/airflow/dags/welcome_dag.py for tasks to queue
[2025-08-23T08:46:45.086+0000] {logging_mixin.py:188} INFO - [2025-08-23T08:46:45.085+0000] {dagbag.py:538} INFO - Filling up the DagBag from /opt/airflow/dags/welcome_dag.py
[2025-08-23T08:46:45.132+0000] {processor.py:840} INFO - DAG(s) 'welcome_dag' retrieved from /opt/airflow/dags/welcome_dag.py
[2025-08-23T08:46:45.182+0000] {logging_mixin.py:188} INFO - [2025-08-23T08:46:45.182+0000] {dag.py:3036} INFO - Sync 1 DAGs
[2025-08-23T08:46:45.224+0000] {logging_mixin.py:188} INFO - [2025-08-23T08:46:45.224+0000] {dag.py:3823} INFO - Setting next_dagrun for welcome_dag to 2025-08-22 23:00:00+00:00, run_after=2025-08-23 23:00:00+00:00
[2025-08-23T08:46:45.424+0000] {processor.py:183} INFO - Processing /opt/airflow/dags/welcome_dag.py took 0.349 seconds
[2025-08-23T08:47:16.418+0000] {processor.py:161} INFO - Started process (PID=76) to work on /opt/airflow/dags/welcome_dag.py
[2025-08-23T08:47:16.421+0000] {processor.py:830} INFO - Processing file /opt/airflow/dags/welcome_dag.py for tasks to queue
[2025-08-23T08:47:16.423+0000] {logging_mixin.py:188} INFO - [2025-08-23T08:47:16.422+0000] {dagbag.py:538} INFO - Filling up the DagBag from /opt/airflow/dags/welcome_dag.py
[2025-08-23T08:47:16.469+0000] {processor.py:840} INFO - DAG(s) 'welcome_dag' retrieved from /opt/airflow/dags/welcome_dag.py
[2025-08-23T08:47:16.519+0000] {logging_mixin.py:188} INFO - [2025-08-23T08:47:16.519+0000] {dag.py:3036} INFO - Sync 1 DAGs
[2025-08-23T08:47:16.564+0000] {logging_mixin.py:188} INFO - [2025-08-23T08:47:16.564+0000] {dag.py:3823} INFO - Setting next_dagrun for welcome_dag to 2025-08-22 23:00:00+00:00, run_after=2025-08-23 23:00:00+00:00
[2025-08-23T08:47:16.868+0000] {processor.py:183} INFO - Processing /opt/airflow/dags/welcome_dag.py took 0.456 seconds
[2025-08-23T08:47:47.545+0000] {processor.py:161} INFO - Started process (PID=77) to work on /opt/airflow/dags/welcome_dag.py
[2025-08-23T08:47:47.550+0000] {processor.py:830} INFO - Processing file /opt/airflow/dags/welcome_dag.py for tasks to queue
[2025-08-23T08:47:47.553+0000] {logging_mixin.py:188} INFO - [2025-08-23T08:47:47.552+0000] {dagbag.py:538} INFO - Filling up the DagBag from /opt/airflow/dags/welcome_dag.py
[2025-08-23T08:47:47.612+0000] {processor.py:840} INFO - DAG(s) 'welcome_dag' retrieved from /opt/airflow/dags/welcome_dag.py
[2025-08-23T08:47:47.669+0000] {logging_mixin.py:188} INFO - [2025-08-23T08:47:47.668+0000] {dag.py:3036} INFO - Sync 1 DAGs
[2025-08-23T08:47:47.718+0000] {logging_mixin.py:188} INFO - [2025-08-23T08:47:47.718+0000] {dag.py:3823} INFO - Setting next_dagrun for welcome_dag to 2025-08-22 23:00:00+00:00, run_after=2025-08-23 23:00:00+00:00
[2025-08-23T08:47:48.156+0000] {processor.py:183} INFO - Processing /opt/airflow/dags/welcome_dag.py took 0.620 seconds
[2025-08-23T08:48:18.501+0000] {processor.py:161} INFO - Started process (PID=78) to work on /opt/airflow/dags/welcome_dag.py
[2025-08-23T08:48:18.503+0000] {processor.py:830} INFO - Processing file /opt/airflow/dags/welcome_dag.py for tasks to queue
[2025-08-23T08:48:18.505+0000] {logging_mixin.py:188} INFO - [2025-08-23T08:48:18.504+0000] {dagbag.py:538} INFO - Filling up the DagBag from /opt/airflow/dags/welcome_dag.py
[2025-08-23T08:48:18.549+0000] {processor.py:840} INFO - DAG(s) 'welcome_dag' retrieved from /opt/airflow/dags/welcome_dag.py
[2025-08-23T08:48:18.777+0000] {logging_mixin.py:188} INFO - [2025-08-23T08:48:18.777+0000] {dag.py:3036} INFO - Sync 1 DAGs
[2025-08-23T08:48:18.819+0000] {logging_mixin.py:188} INFO - [2025-08-23T08:48:18.818+0000] {dag.py:3823} INFO - Setting next_dagrun for welcome_dag to 2025-08-22 23:00:00+00:00, run_after=2025-08-23 23:00:00+00:00
[2025-08-23T08:48:19.033+0000] {processor.py:183} INFO - Processing /opt/airflow/dags/welcome_dag.py took 0.537 seconds
[2025-08-23T08:48:49.990+0000] {processor.py:161} INFO - Started process (PID=79) to work on /opt/airflow/dags/welcome_dag.py
[2025-08-23T08:48:49.992+0000] {processor.py:830} INFO - Processing file /opt/airflow/dags/welcome_dag.py for tasks to queue
[2025-08-23T08:48:49.995+0000] {logging_mixin.py:188} INFO - [2025-08-23T08:48:49.994+0000] {dagbag.py:538} INFO - Filling up the DagBag from /opt/airflow/dags/welcome_dag.py
[2025-08-23T08:48:50.067+0000] {processor.py:840} INFO - DAG(s) 'welcome_dag' retrieved from /opt/airflow/dags/welcome_dag.py
[2025-08-23T08:48:50.111+0000] {logging_mixin.py:188} INFO - [2025-08-23T08:48:50.111+0000] {dag.py:3036} INFO - Sync 1 DAGs
[2025-08-23T08:48:50.151+0000] {logging_mixin.py:188} INFO - [2025-08-23T08:48:50.151+0000] {dag.py:3823} INFO - Setting next_dagrun for welcome_dag to 2025-08-22 23:00:00+00:00, run_after=2025-08-23 23:00:00+00:00
[2025-08-23T08:48:50.381+0000] {processor.py:183} INFO - Processing /opt/airflow/dags/welcome_dag.py took 0.399 seconds
[2025-08-23T08:49:21.164+0000] {processor.py:161} INFO - Started process (PID=80) to work on /opt/airflow/dags/welcome_dag.py
[2025-08-23T08:49:21.166+0000] {processor.py:830} INFO - Processing file /opt/airflow/dags/welcome_dag.py for tasks to queue
[2025-08-23T08:49:21.168+0000] {logging_mixin.py:188} INFO - [2025-08-23T08:49:21.168+0000] {dagbag.py:538} INFO - Filling up the DagBag from /opt/airflow/dags/welcome_dag.py
[2025-08-23T08:49:21.216+0000] {processor.py:840} INFO - DAG(s) 'welcome_dag' retrieved from /opt/airflow/dags/welcome_dag.py
[2025-08-23T08:49:21.265+0000] {logging_mixin.py:188} INFO - [2025-08-23T08:49:21.265+0000] {dag.py:3036} INFO - Sync 1 DAGs
[2025-08-23T08:49:21.308+0000] {logging_mixin.py:188} INFO - [2025-08-23T08:49:21.307+0000] {dag.py:3823} INFO - Setting next_dagrun for welcome_dag to 2025-08-22 23:00:00+00:00, run_after=2025-08-23 23:00:00+00:00
[2025-08-23T08:49:21.512+0000] {processor.py:183} INFO - Processing /opt/airflow/dags/welcome_dag.py took 0.355 seconds
[2025-08-23T08:49:51.725+0000] {processor.py:161} INFO - Started process (PID=81) to work on /opt/airflow/dags/welcome_dag.py
[2025-08-23T08:49:51.728+0000] {processor.py:830} INFO - Processing file /opt/airflow/dags/welcome_dag.py for tasks to queue
[2025-08-23T08:49:51.730+0000] {logging_mixin.py:188} INFO - [2025-08-23T08:49:51.729+0000] {dagbag.py:538} INFO - Filling up the DagBag from /opt/airflow/dags/welcome_dag.py
[2025-08-23T08:49:51.775+0000] {processor.py:840} INFO - DAG(s) 'welcome_dag' retrieved from /opt/airflow/dags/welcome_dag.py
[2025-08-23T08:49:51.823+0000] {logging_mixin.py:188} INFO - [2025-08-23T08:49:51.822+0000] {dag.py:3036} INFO - Sync 1 DAGs
[2025-08-23T08:49:51.868+0000] {logging_mixin.py:188} INFO - [2025-08-23T08:49:51.867+0000] {dag.py:3823} INFO - Setting next_dagrun for welcome_dag to 2025-08-22 23:00:00+00:00, run_after=2025-08-23 23:00:00+00:00
[2025-08-23T08:49:52.064+0000] {processor.py:183} INFO - Processing /opt/airflow/dags/welcome_dag.py took 0.345 seconds
[2025-08-23T08:50:22.768+0000] {processor.py:161} INFO - Started process (PID=82) to work on /opt/airflow/dags/welcome_dag.py
[2025-08-23T08:50:22.771+0000] {processor.py:830} INFO - Processing file /opt/airflow/dags/welcome_dag.py for tasks to queue
[2025-08-23T08:50:22.774+0000] {logging_mixin.py:188} INFO - [2025-08-23T08:50:22.773+0000] {dagbag.py:538} INFO - Filling up the DagBag from /opt/airflow/dags/welcome_dag.py
[2025-08-23T08:50:22.840+0000] {processor.py:840} INFO - DAG(s) 'welcome_dag' retrieved from /opt/airflow/dags/welcome_dag.py
[2025-08-23T08:50:22.894+0000] {logging_mixin.py:188} INFO - [2025-08-23T08:50:22.894+0000] {dag.py:3036} INFO - Sync 1 DAGs
[2025-08-23T08:50:22.942+0000] {logging_mixin.py:188} INFO - [2025-08-23T08:50:22.941+0000] {dag.py:3823} INFO - Setting next_dagrun for welcome_dag to 2025-08-22 23:00:00+00:00, run_after=2025-08-23 23:00:00+00:00
[2025-08-23T08:50:23.173+0000] {processor.py:183} INFO - Processing /opt/airflow/dags/welcome_dag.py took 0.413 seconds
[2025-08-23T08:50:53.841+0000] {processor.py:161} INFO - Started process (PID=83) to work on /opt/airflow/dags/welcome_dag.py
[2025-08-23T08:50:53.844+0000] {processor.py:830} INFO - Processing file /opt/airflow/dags/welcome_dag.py for tasks to queue
[2025-08-23T08:50:53.846+0000] {logging_mixin.py:188} INFO - [2025-08-23T08:50:53.845+0000] {dagbag.py:538} INFO - Filling up the DagBag from /opt/airflow/dags/welcome_dag.py
[2025-08-23T08:50:53.900+0000] {processor.py:840} INFO - DAG(s) 'welcome_dag' retrieved from /opt/airflow/dags/welcome_dag.py
[2025-08-23T08:50:53.951+0000] {logging_mixin.py:188} INFO - [2025-08-23T08:50:53.951+0000] {dag.py:3036} INFO - Sync 1 DAGs
[2025-08-23T08:50:53.997+0000] {logging_mixin.py:188} INFO - [2025-08-23T08:50:53.997+0000] {dag.py:3823} INFO - Setting next_dagrun for welcome_dag to 2025-08-22 23:00:00+00:00, run_after=2025-08-23 23:00:00+00:00
[2025-08-23T08:50:54.189+0000] {processor.py:183} INFO - Processing /opt/airflow/dags/welcome_dag.py took 0.355 seconds
[2025-08-23T08:51:24.942+0000] {processor.py:161} INFO - Started process (PID=84) to work on /opt/airflow/dags/welcome_dag.py
[2025-08-23T08:51:24.944+0000] {processor.py:830} INFO - Processing file /opt/airflow/dags/welcome_dag.py for tasks to queue
[2025-08-23T08:51:24.946+0000] {logging_mixin.py:188} INFO - [2025-08-23T08:51:24.945+0000] {dagbag.py:538} INFO - Filling up the DagBag from /opt/airflow/dags/welcome_dag.py
[2025-08-23T08:51:25.001+0000] {processor.py:840} INFO - DAG(s) 'welcome_dag' retrieved from /opt/airflow/dags/welcome_dag.py
[2025-08-23T08:51:25.054+0000] {logging_mixin.py:188} INFO - [2025-08-23T08:51:25.054+0000] {dag.py:3036} INFO - Sync 1 DAGs
[2025-08-23T08:51:25.100+0000] {logging_mixin.py:188} INFO - [2025-08-23T08:51:25.100+0000] {dag.py:3823} INFO - Setting next_dagrun for welcome_dag to 2025-08-22 23:00:00+00:00, run_after=2025-08-23 23:00:00+00:00
[2025-08-23T08:51:25.688+0000] {processor.py:183} INFO - Processing /opt/airflow/dags/welcome_dag.py took 0.756 seconds
[2025-08-23T08:51:56.715+0000] {processor.py:161} INFO - Started process (PID=85) to work on /opt/airflow/dags/welcome_dag.py
[2025-08-23T08:51:56.718+0000] {processor.py:830} INFO - Processing file /opt/airflow/dags/welcome_dag.py for tasks to queue
[2025-08-23T08:51:56.720+0000] {logging_mixin.py:188} INFO - [2025-08-23T08:51:56.719+0000] {dagbag.py:538} INFO - Filling up the DagBag from /opt/airflow/dags/welcome_dag.py
[2025-08-23T08:51:56.766+0000] {processor.py:840} INFO - DAG(s) 'welcome_dag' retrieved from /opt/airflow/dags/welcome_dag.py
[2025-08-23T08:51:56.817+0000] {logging_mixin.py:188} INFO - [2025-08-23T08:51:56.817+0000] {dag.py:3036} INFO - Sync 1 DAGs
[2025-08-23T08:51:56.861+0000] {logging_mixin.py:188} INFO - [2025-08-23T08:51:56.861+0000] {dag.py:3823} INFO - Setting next_dagrun for welcome_dag to 2025-08-22 23:00:00+00:00, run_after=2025-08-23 23:00:00+00:00
[2025-08-23T08:51:57.633+0000] {processor.py:183} INFO - Processing /opt/airflow/dags/welcome_dag.py took 0.925 seconds
[2025-08-23T05:10:38.547+0000] {processor.py:161} INFO - Started process (PID=57) to work on /opt/airflow/dags/welcome_dag.py
[2025-08-23T05:10:38.737+0000] {processor.py:830} INFO - Processing file /opt/airflow/dags/welcome_dag.py for tasks to queue
[2025-08-23T05:10:38.740+0000] {logging_mixin.py:188} INFO - [2025-08-23T05:10:38.739+0000] {dagbag.py:538} INFO - Filling up the DagBag from /opt/airflow/dags/welcome_dag.py
[2025-08-23T05:10:38.790+0000] {processor.py:840} INFO - DAG(s) 'welcome_dag' retrieved from /opt/airflow/dags/welcome_dag.py
[2025-08-23T05:10:38.818+0000] {logging_mixin.py:188} INFO - [2025-08-23T05:10:38.818+0000] {dag.py:3036} INFO - Sync 1 DAGs
[2025-08-23T05:10:38.869+0000] {logging_mixin.py:188} INFO - [2025-08-23T05:10:38.869+0000] {dag.py:3823} INFO - Setting next_dagrun for welcome_dag to 2025-08-22 23:00:00+00:00, run_after=2025-08-23 23:00:00+00:00
[2025-08-23T05:10:40.112+0000] {processor.py:183} INFO - Processing /opt/airflow/dags/welcome_dag.py took 1.573 seconds
[2025-08-23T05:11:11.682+0000] {processor.py:161} INFO - Started process (PID=67) to work on /opt/airflow/dags/welcome_dag.py
[2025-08-23T05:11:11.685+0000] {processor.py:830} INFO - Processing file /opt/airflow/dags/welcome_dag.py for tasks to queue
[2025-08-23T05:11:11.687+0000] {logging_mixin.py:188} INFO - [2025-08-23T05:11:11.686+0000] {dagbag.py:538} INFO - Filling up the DagBag from /opt/airflow/dags/welcome_dag.py
[2025-08-23T05:11:11.738+0000] {processor.py:840} INFO - DAG(s) 'welcome_dag' retrieved from /opt/airflow/dags/welcome_dag.py
[2025-08-23T05:11:11.934+0000] {logging_mixin.py:188} INFO - [2025-08-23T05:11:11.933+0000] {dag.py:3036} INFO - Sync 1 DAGs
[2025-08-23T05:11:11.972+0000] {logging_mixin.py:188} INFO - [2025-08-23T05:11:11.971+0000] {dag.py:3823} INFO - Setting next_dagrun for welcome_dag to 2025-08-22 23:00:00+00:00, run_after=2025-08-23 23:00:00+00:00
[2025-08-23T05:11:12.410+0000] {processor.py:183} INFO - Processing /opt/airflow/dags/welcome_dag.py took 0.735 seconds
[2025-08-23T05:11:42.713+0000] {processor.py:161} INFO - Started process (PID=72) to work on /opt/airflow/dags/welcome_dag.py
[2025-08-23T05:11:42.715+0000] {processor.py:830} INFO - Processing file /opt/airflow/dags/welcome_dag.py for tasks to queue
[2025-08-23T05:11:42.718+0000] {logging_mixin.py:188} INFO - [2025-08-23T05:11:42.717+0000] {dagbag.py:538} INFO - Filling up the DagBag from /opt/airflow/dags/welcome_dag.py
[2025-08-23T05:11:42.777+0000] {processor.py:840} INFO - DAG(s) 'welcome_dag' retrieved from /opt/airflow/dags/welcome_dag.py
[2025-08-23T05:11:42.845+0000] {logging_mixin.py:188} INFO - [2025-08-23T05:11:42.844+0000] {dag.py:3036} INFO - Sync 1 DAGs
[2025-08-23T05:11:42.888+0000] {logging_mixin.py:188} INFO - [2025-08-23T05:11:42.888+0000] {dag.py:3823} INFO - Setting next_dagrun for welcome_dag to 2025-08-22 23:00:00+00:00, run_after=2025-08-23 23:00:00+00:00
[2025-08-23T05:11:43.109+0000] {processor.py:183} INFO - Processing /opt/airflow/dags/welcome_dag.py took 0.401 seconds
[2025-08-23T05:12:14.166+0000] {processor.py:161} INFO - Started process (PID=73) to work on /opt/airflow/dags/welcome_dag.py
[2025-08-23T05:12:14.168+0000] {processor.py:830} INFO - Processing file /opt/airflow/dags/welcome_dag.py for tasks to queue
[2025-08-23T05:12:14.171+0000] {logging_mixin.py:188} INFO - [2025-08-23T05:12:14.170+0000] {dagbag.py:538} INFO - Filling up the DagBag from /opt/airflow/dags/welcome_dag.py
[2025-08-23T05:12:14.220+0000] {processor.py:840} INFO - DAG(s) 'welcome_dag' retrieved from /opt/airflow/dags/welcome_dag.py
[2025-08-23T05:12:14.270+0000] {logging_mixin.py:188} INFO - [2025-08-23T05:12:14.269+0000] {dag.py:3036} INFO - Sync 1 DAGs
[2025-08-23T05:12:14.312+0000] {logging_mixin.py:188} INFO - [2025-08-23T05:12:14.312+0000] {dag.py:3823} INFO - Setting next_dagrun for welcome_dag to 2025-08-22 23:00:00+00:00, run_after=2025-08-23 23:00:00+00:00
[2025-08-23T05:12:14.610+0000] {processor.py:183} INFO - Processing /opt/airflow/dags/welcome_dag.py took 0.450 seconds
[2025-08-23T05:12:45.011+0000] {processor.py:161} INFO - Started process (PID=74) to work on /opt/airflow/dags/welcome_dag.py
[2025-08-23T05:12:45.013+0000] {processor.py:830} INFO - Processing file /opt/airflow/dags/welcome_dag.py for tasks to queue
[2025-08-23T05:12:45.015+0000] {logging_mixin.py:188} INFO - [2025-08-23T05:12:45.015+0000] {dagbag.py:538} INFO - Filling up the DagBag from /opt/airflow/dags/welcome_dag.py
[2025-08-23T05:12:45.060+0000] {processor.py:840} INFO - DAG(s) 'welcome_dag' retrieved from /opt/airflow/dags/welcome_dag.py
[2025-08-23T05:12:45.110+0000] {logging_mixin.py:188} INFO - [2025-08-23T05:12:45.109+0000] {dag.py:3036} INFO - Sync 1 DAGs
[2025-08-23T05:12:45.151+0000] {logging_mixin.py:188} INFO - [2025-08-23T05:12:45.150+0000] {dag.py:3823} INFO - Setting next_dagrun for welcome_dag to 2025-08-22 23:00:00+00:00, run_after=2025-08-23 23:00:00+00:00
[2025-08-23T05:12:45.375+0000] {processor.py:183} INFO - Processing /opt/airflow/dags/welcome_dag.py took 0.369 seconds
[2025-08-23T05:13:16.433+0000] {processor.py:161} INFO - Started process (PID=75) to work on /opt/airflow/dags/welcome_dag.py
[2025-08-23T05:13:16.435+0000] {processor.py:830} INFO - Processing file /opt/airflow/dags/welcome_dag.py for tasks to queue
[2025-08-23T05:13:16.437+0000] {logging_mixin.py:188} INFO - [2025-08-23T05:13:16.436+0000] {dagbag.py:538} INFO - Filling up the DagBag from /opt/airflow/dags/welcome_dag.py
[2025-08-23T05:13:16.479+0000] {processor.py:840} INFO - DAG(s) 'welcome_dag' retrieved from /opt/airflow/dags/welcome_dag.py
[2025-08-23T05:13:16.529+0000] {logging_mixin.py:188} INFO - [2025-08-23T05:13:16.528+0000] {dag.py:3036} INFO - Sync 1 DAGs
[2025-08-23T05:13:16.569+0000] {logging_mixin.py:188} INFO - [2025-08-23T05:13:16.569+0000] {dag.py:3823} INFO - Setting next_dagrun for welcome_dag to 2025-08-22 23:00:00+00:00, run_after=2025-08-23 23:00:00+00:00
[2025-08-23T05:13:16.911+0000] {processor.py:183} INFO - Processing /opt/airflow/dags/welcome_dag.py took 0.483 seconds
[2025-08-23T05:13:47.338+0000] {processor.py:161} INFO - Started process (PID=76) to work on /opt/airflow/dags/welcome_dag.py
[2025-08-23T05:13:47.340+0000] {processor.py:830} INFO - Processing file /opt/airflow/dags/welcome_dag.py for tasks to queue
[2025-08-23T05:13:47.342+0000] {logging_mixin.py:188} INFO - [2025-08-23T05:13:47.341+0000] {dagbag.py:538} INFO - Filling up the DagBag from /opt/airflow/dags/welcome_dag.py
[2025-08-23T05:13:47.395+0000] {processor.py:840} INFO - DAG(s) 'welcome_dag' retrieved from /opt/airflow/dags/welcome_dag.py
[2025-08-23T05:13:47.452+0000] {logging_mixin.py:188} INFO - [2025-08-23T05:13:47.452+0000] {dag.py:3036} INFO - Sync 1 DAGs
[2025-08-23T05:13:47.494+0000] {logging_mixin.py:188} INFO - [2025-08-23T05:13:47.493+0000] {dag.py:3823} INFO - Setting next_dagrun for welcome_dag to 2025-08-22 23:00:00+00:00, run_after=2025-08-23 23:00:00+00:00
[2025-08-23T05:13:47.774+0000] {processor.py:183} INFO - Processing /opt/airflow/dags/welcome_dag.py took 0.443 seconds
[2025-08-23T05:14:18.649+0000] {processor.py:161} INFO - Started process (PID=77) to work on /opt/airflow/dags/welcome_dag.py
[2025-08-23T05:14:18.651+0000] {processor.py:830} INFO - Processing file /opt/airflow/dags/welcome_dag.py for tasks to queue
[2025-08-23T05:14:18.653+0000] {logging_mixin.py:188} INFO - [2025-08-23T05:14:18.653+0000] {dagbag.py:538} INFO - Filling up the DagBag from /opt/airflow/dags/welcome_dag.py
[2025-08-23T05:14:18.698+0000] {processor.py:840} INFO - DAG(s) 'welcome_dag' retrieved from /opt/airflow/dags/welcome_dag.py
[2025-08-23T05:14:18.754+0000] {logging_mixin.py:188} INFO - [2025-08-23T05:14:18.754+0000] {dag.py:3036} INFO - Sync 1 DAGs
[2025-08-23T05:14:18.808+0000] {logging_mixin.py:188} INFO - [2025-08-23T05:14:18.807+0000] {dag.py:3823} INFO - Setting next_dagrun for welcome_dag to 2025-08-22 23:00:00+00:00, run_after=2025-08-23 23:00:00+00:00
[2025-08-23T05:14:19.045+0000] {processor.py:183} INFO - Processing /opt/airflow/dags/welcome_dag.py took 0.402 seconds
[2025-08-23T05:14:49.763+0000] {processor.py:161} INFO - Started process (PID=78) to work on /opt/airflow/dags/welcome_dag.py
[2025-08-23T05:14:49.765+0000] {processor.py:830} INFO - Processing file /opt/airflow/dags/welcome_dag.py for tasks to queue
[2025-08-23T05:14:49.767+0000] {logging_mixin.py:188} INFO - [2025-08-23T05:14:49.766+0000] {dagbag.py:538} INFO - Filling up the DagBag from /opt/airflow/dags/welcome_dag.py
[2025-08-23T05:14:49.811+0000] {processor.py:840} INFO - DAG(s) 'welcome_dag' retrieved from /opt/airflow/dags/welcome_dag.py
[2025-08-23T05:14:49.862+0000] {logging_mixin.py:188} INFO - [2025-08-23T05:14:49.861+0000] {dag.py:3036} INFO - Sync 1 DAGs
[2025-08-23T05:14:49.904+0000] {logging_mixin.py:188} INFO - [2025-08-23T05:14:49.903+0000] {dag.py:3823} INFO - Setting next_dagrun for welcome_dag to 2025-08-22 23:00:00+00:00, run_after=2025-08-23 23:00:00+00:00
[2025-08-23T05:14:50.151+0000] {processor.py:183} INFO - Processing /opt/airflow/dags/welcome_dag.py took 0.394 seconds
[2025-08-23T05:15:20.402+0000] {processor.py:161} INFO - Started process (PID=79) to work on /opt/airflow/dags/welcome_dag.py
[2025-08-23T05:15:20.405+0000] {processor.py:830} INFO - Processing file /opt/airflow/dags/welcome_dag.py for tasks to queue
[2025-08-23T05:15:20.407+0000] {logging_mixin.py:188} INFO - [2025-08-23T05:15:20.406+0000] {dagbag.py:538} INFO - Filling up the DagBag from /opt/airflow/dags/welcome_dag.py
[2025-08-23T05:15:20.453+0000] {processor.py:840} INFO - DAG(s) 'welcome_dag' retrieved from /opt/airflow/dags/welcome_dag.py
[2025-08-23T05:15:20.503+0000] {logging_mixin.py:188} INFO - [2025-08-23T05:15:20.503+0000] {dag.py:3036} INFO - Sync 1 DAGs
[2025-08-23T05:15:20.544+0000] {logging_mixin.py:188} INFO - [2025-08-23T05:15:20.544+0000] {dag.py:3823} INFO - Setting next_dagrun for welcome_dag to 2025-08-22 23:00:00+00:00, run_after=2025-08-23 23:00:00+00:00
[2025-08-23T05:15:20.800+0000] {processor.py:183} INFO - Processing /opt/airflow/dags/welcome_dag.py took 0.404 seconds
[2025-08-23T05:15:51.933+0000] {processor.py:161} INFO - Started process (PID=80) to work on /opt/airflow/dags/welcome_dag.py
[2025-08-23T05:15:51.936+0000] {processor.py:830} INFO - Processing file /opt/airflow/dags/welcome_dag.py for tasks to queue
[2025-08-23T05:15:51.938+0000] {logging_mixin.py:188} INFO - [2025-08-23T05:15:51.937+0000] {dagbag.py:538} INFO - Filling up the DagBag from /opt/airflow/dags/welcome_dag.py
[2025-08-23T05:15:51.980+0000] {processor.py:840} INFO - DAG(s) 'welcome_dag' retrieved from /opt/airflow/dags/welcome_dag.py
[2025-08-23T05:15:52.029+0000] {logging_mixin.py:188} INFO - [2025-08-23T05:15:52.029+0000] {dag.py:3036} INFO - Sync 1 DAGs
[2025-08-23T05:15:52.070+0000] {logging_mixin.py:188} INFO - [2025-08-23T05:15:52.070+0000] {dag.py:3823} INFO - Setting next_dagrun for welcome_dag to 2025-08-22 23:00:00+00:00, run_after=2025-08-23 23:00:00+00:00
[2025-08-23T05:15:52.315+0000] {processor.py:183} INFO - Processing /opt/airflow/dags/welcome_dag.py took 0.387 seconds
[2025-08-23T05:16:26.115+0000] {processor.py:161} INFO - Started process (PID=81) to work on /opt/airflow/dags/welcome_dag.py
[2025-08-23T05:16:26.118+0000] {processor.py:830} INFO - Processing file /opt/airflow/dags/welcome_dag.py for tasks to queue
[2025-08-23T05:16:26.120+0000] {logging_mixin.py:188} INFO - [2025-08-23T05:16:26.120+0000] {dagbag.py:538} INFO - Filling up the DagBag from /opt/airflow/dags/welcome_dag.py
[2025-08-23T05:16:26.168+0000] {processor.py:840} INFO - DAG(s) 'welcome_dag' retrieved from /opt/airflow/dags/welcome_dag.py
[2025-08-23T05:16:26.218+0000] {logging_mixin.py:188} INFO - [2025-08-23T05:16:26.218+0000] {dag.py:3036} INFO - Sync 1 DAGs
[2025-08-23T05:16:26.264+0000] {logging_mixin.py:188} INFO - [2025-08-23T05:16:26.264+0000] {dag.py:3823} INFO - Setting next_dagrun for welcome_dag to 2025-08-22 23:00:00+00:00, run_after=2025-08-23 23:00:00+00:00
[2025-08-23T05:16:27.406+0000] {processor.py:183} INFO - Processing /opt/airflow/dags/welcome_dag.py took 1.297 seconds
[2025-08-23T05:16:59.706+0000] {processor.py:161} INFO - Started process (PID=82) to work on /opt/airflow/dags/welcome_dag.py
[2025-08-23T05:16:59.708+0000] {processor.py:830} INFO - Processing file /opt/airflow/dags/welcome_dag.py for tasks to queue
[2025-08-23T05:16:59.711+0000] {logging_mixin.py:188} INFO - [2025-08-23T05:16:59.710+0000] {dagbag.py:538} INFO - Filling up the DagBag from /opt/airflow/dags/welcome_dag.py
[2025-08-23T05:17:00.896+0000] {processor.py:840} INFO - DAG(s) 'welcome_dag' retrieved from /opt/airflow/dags/welcome_dag.py
[2025-08-23T05:17:00.973+0000] {logging_mixin.py:188} INFO - [2025-08-23T05:17:00.973+0000] {dag.py:3036} INFO - Sync 1 DAGs
[2025-08-23T05:17:01.015+0000] {logging_mixin.py:188} INFO - [2025-08-23T05:17:01.015+0000] {dag.py:3823} INFO - Setting next_dagrun for welcome_dag to 2025-08-22 23:00:00+00:00, run_after=2025-08-23 23:00:00+00:00
[2025-08-23T05:17:01.866+0000] {processor.py:183} INFO - Processing /opt/airflow/dags/welcome_dag.py took 2.169 seconds
[2025-08-23T05:17:35.410+0000] {processor.py:161} INFO - Started process (PID=83) to work on /opt/airflow/dags/welcome_dag.py
[2025-08-23T05:17:35.413+0000] {processor.py:830} INFO - Processing file /opt/airflow/dags/welcome_dag.py for tasks to queue
[2025-08-23T05:17:35.415+0000] {logging_mixin.py:188} INFO - [2025-08-23T05:17:35.414+0000] {dagbag.py:538} INFO - Filling up the DagBag from /opt/airflow/dags/welcome_dag.py
[2025-08-23T05:17:36.750+0000] {processor.py:840} INFO - DAG(s) 'welcome_dag' retrieved from /opt/airflow/dags/welcome_dag.py
[2025-08-23T05:17:50.842+0000] {logging_mixin.py:188} INFO - [2025-08-23T05:17:50.842+0000] {dag.py:3036} INFO - Sync 1 DAGs
[2025-08-23T05:17:54.418+0000] {logging_mixin.py:188} INFO - [2025-08-23T05:17:54.417+0000] {dag.py:3823} INFO - Setting next_dagrun for welcome_dag to 2025-08-22 23:00:00+00:00, run_after=2025-08-23 23:00:00+00:00
[2025-08-23T05:17:56.309+0000] {processor.py:183} INFO - Processing /opt/airflow/dags/welcome_dag.py took 21.125 seconds
[2025-08-23T05:18:28.214+0000] {processor.py:161} INFO - Started process (PID=84) to work on /opt/airflow/dags/welcome_dag.py
[2025-08-23T05:18:28.216+0000] {processor.py:830} INFO - Processing file /opt/airflow/dags/welcome_dag.py for tasks to queue
[2025-08-23T05:18:28.218+0000] {logging_mixin.py:188} INFO - [2025-08-23T05:18:28.218+0000] {dagbag.py:538} INFO - Filling up the DagBag from /opt/airflow/dags/welcome_dag.py
[2025-08-23T05:18:28.267+0000] {processor.py:840} INFO - DAG(s) 'welcome_dag' retrieved from /opt/airflow/dags/welcome_dag.py
[2025-08-23T05:18:36.003+0000] {logging_mixin.py:188} INFO - [2025-08-23T05:18:36.002+0000] {dag.py:3036} INFO - Sync 1 DAGs
[2025-08-23T05:18:36.895+0000] {logging_mixin.py:188} INFO - [2025-08-23T05:18:36.895+0000] {dag.py:3823} INFO - Setting next_dagrun for welcome_dag to 2025-08-22 23:00:00+00:00, run_after=2025-08-23 23:00:00+00:00
[2025-08-23T05:18:45.320+0000] {logging_mixin.py:188} INFO - [2025-08-23T05:18:45.319+0000] {dag.py:3036} INFO - Sync 1 DAGs
[2025-08-23T05:18:46.679+0000] {logging_mixin.py:188} INFO - [2025-08-23T05:18:46.678+0000] {dag.py:3823} INFO - Setting next_dagrun for welcome_dag to 2025-08-22 23:00:00+00:00, run_after=2025-08-23 23:00:00+00:00
[2025-08-23T05:18:48.653+0000] {processor.py:183} INFO - Processing /opt/airflow/dags/welcome_dag.py took 20.446 seconds
