[2025-09-15T23:08:47.725+0000] {processor.py:161} INFO - Started process (PID=164) to work on /opt/airflow/dags/3rd_dag.py
[2025-09-15T23:08:47.753+0000] {processor.py:830} INFO - Processing file /opt/airflow/dags/3rd_dag.py for tasks to queue
[2025-09-15T23:08:47.999+0000] {logging_mixin.py:188} INFO - [2025-09-15T23:08:47.798+0000] {dagbag.py:538} INFO - Filling up the DagBag from /opt/airflow/dags/3rd_dag.py
[2025-09-15T23:08:48.025+0000] {logging_mixin.py:188} INFO - [2025-09-15T23:08:48.016+0000] {dagbag.py:348} ERROR - Failed to import: /opt/airflow/dags/3rd_dag.py
Traceback (most recent call last):
  File "/home/airflow/.local/lib/python3.8/site-packages/airflow/models/dagbag.py", line 344, in parse
    loader.exec_module(new_module)
  File "<frozen importlib._bootstrap_external>", line 843, in exec_module
  File "<frozen importlib._bootstrap>", line 219, in _call_with_frames_removed
  File "/opt/airflow/dags/3rd_dag.py", line 18, in <module>
    dag = DAG(
  File "/home/airflow/.local/lib/python3.8/site-packages/airflow/models/dag.py", line 498, in __init__
    validate_key(dag_id)
  File "/home/airflow/.local/lib/python3.8/site-packages/airflow/utils/helpers.py", line 57, in validate_key
    raise AirflowException(
airflow.exceptions.AirflowException: The key 'Third orchestration' has to be made of alphanumeric characters, dashes, dots and underscores exclusively
[2025-09-15T23:08:48.032+0000] {processor.py:842} WARNING - No viable dags retrieved from /opt/airflow/dags/3rd_dag.py
[2025-09-15T23:08:48.200+0000] {processor.py:183} INFO - Processing /opt/airflow/dags/3rd_dag.py took 0.524 seconds
[2025-09-15T23:09:19.201+0000] {processor.py:161} INFO - Started process (PID=190) to work on /opt/airflow/dags/3rd_dag.py
[2025-09-15T23:09:19.349+0000] {processor.py:830} INFO - Processing file /opt/airflow/dags/3rd_dag.py for tasks to queue
[2025-09-15T23:09:19.476+0000] {logging_mixin.py:188} INFO - [2025-09-15T23:09:19.472+0000] {dagbag.py:538} INFO - Filling up the DagBag from /opt/airflow/dags/3rd_dag.py
[2025-09-15T23:09:19.833+0000] {logging_mixin.py:188} INFO - [2025-09-15T23:09:19.780+0000] {dagbag.py:348} ERROR - Failed to import: /opt/airflow/dags/3rd_dag.py
Traceback (most recent call last):
  File "/home/airflow/.local/lib/python3.8/site-packages/airflow/models/dagbag.py", line 344, in parse
    loader.exec_module(new_module)
  File "<frozen importlib._bootstrap_external>", line 843, in exec_module
  File "<frozen importlib._bootstrap>", line 219, in _call_with_frames_removed
  File "/opt/airflow/dags/3rd_dag.py", line 18, in <module>
    dag = DAG(
  File "/home/airflow/.local/lib/python3.8/site-packages/airflow/models/dag.py", line 498, in __init__
    validate_key(dag_id)
  File "/home/airflow/.local/lib/python3.8/site-packages/airflow/utils/helpers.py", line 57, in validate_key
    raise AirflowException(
airflow.exceptions.AirflowException: The key 'Third orchestration' has to be made of alphanumeric characters, dashes, dots and underscores exclusively
[2025-09-15T23:09:19.897+0000] {processor.py:842} WARNING - No viable dags retrieved from /opt/airflow/dags/3rd_dag.py
[2025-09-15T23:09:20.680+0000] {processor.py:183} INFO - Processing /opt/airflow/dags/3rd_dag.py took 1.712 seconds
[2025-09-15T23:09:51.088+0000] {processor.py:161} INFO - Started process (PID=210) to work on /opt/airflow/dags/3rd_dag.py
[2025-09-15T23:09:51.093+0000] {processor.py:830} INFO - Processing file /opt/airflow/dags/3rd_dag.py for tasks to queue
[2025-09-15T23:09:51.098+0000] {logging_mixin.py:188} INFO - [2025-09-15T23:09:51.097+0000] {dagbag.py:538} INFO - Filling up the DagBag from /opt/airflow/dags/3rd_dag.py
[2025-09-15T23:09:51.115+0000] {logging_mixin.py:188} INFO - [2025-09-15T23:09:51.109+0000] {dagbag.py:348} ERROR - Failed to import: /opt/airflow/dags/3rd_dag.py
Traceback (most recent call last):
  File "/home/airflow/.local/lib/python3.8/site-packages/airflow/models/dagbag.py", line 344, in parse
    loader.exec_module(new_module)
  File "<frozen importlib._bootstrap_external>", line 843, in exec_module
  File "<frozen importlib._bootstrap>", line 219, in _call_with_frames_removed
  File "/opt/airflow/dags/3rd_dag.py", line 18, in <module>
    dag = DAG(
  File "/home/airflow/.local/lib/python3.8/site-packages/airflow/models/dag.py", line 498, in __init__
    validate_key(dag_id)
  File "/home/airflow/.local/lib/python3.8/site-packages/airflow/utils/helpers.py", line 57, in validate_key
    raise AirflowException(
airflow.exceptions.AirflowException: The key 'Third orchestration' has to be made of alphanumeric characters, dashes, dots and underscores exclusively
[2025-09-15T23:09:51.119+0000] {processor.py:842} WARNING - No viable dags retrieved from /opt/airflow/dags/3rd_dag.py
[2025-09-15T23:09:51.237+0000] {processor.py:183} INFO - Processing /opt/airflow/dags/3rd_dag.py took 0.165 seconds
[2025-09-15T23:10:21.955+0000] {processor.py:161} INFO - Started process (PID=230) to work on /opt/airflow/dags/3rd_dag.py
[2025-09-15T23:10:21.986+0000] {processor.py:830} INFO - Processing file /opt/airflow/dags/3rd_dag.py for tasks to queue
[2025-09-15T23:10:22.024+0000] {logging_mixin.py:188} INFO - [2025-09-15T23:10:22.017+0000] {dagbag.py:538} INFO - Filling up the DagBag from /opt/airflow/dags/3rd_dag.py
[2025-09-15T23:10:22.185+0000] {logging_mixin.py:188} INFO - [2025-09-15T23:10:22.116+0000] {dagbag.py:348} ERROR - Failed to import: /opt/airflow/dags/3rd_dag.py
Traceback (most recent call last):
  File "/home/airflow/.local/lib/python3.8/site-packages/airflow/models/dagbag.py", line 344, in parse
    loader.exec_module(new_module)
  File "<frozen importlib._bootstrap_external>", line 843, in exec_module
  File "<frozen importlib._bootstrap>", line 219, in _call_with_frames_removed
  File "/opt/airflow/dags/3rd_dag.py", line 18, in <module>
    dag = DAG(
  File "/home/airflow/.local/lib/python3.8/site-packages/airflow/models/dag.py", line 498, in __init__
    validate_key(dag_id)
  File "/home/airflow/.local/lib/python3.8/site-packages/airflow/utils/helpers.py", line 57, in validate_key
    raise AirflowException(
airflow.exceptions.AirflowException: The key 'Third orchestration' has to be made of alphanumeric characters, dashes, dots and underscores exclusively
[2025-09-15T23:10:22.193+0000] {processor.py:842} WARNING - No viable dags retrieved from /opt/airflow/dags/3rd_dag.py
[2025-09-15T23:10:22.644+0000] {processor.py:183} INFO - Processing /opt/airflow/dags/3rd_dag.py took 0.730 seconds
[2025-09-15T23:10:53.907+0000] {processor.py:161} INFO - Started process (PID=250) to work on /opt/airflow/dags/3rd_dag.py
[2025-09-15T23:10:53.917+0000] {processor.py:830} INFO - Processing file /opt/airflow/dags/3rd_dag.py for tasks to queue
[2025-09-15T23:10:53.933+0000] {logging_mixin.py:188} INFO - [2025-09-15T23:10:53.925+0000] {dagbag.py:538} INFO - Filling up the DagBag from /opt/airflow/dags/3rd_dag.py
[2025-09-15T23:10:54.007+0000] {logging_mixin.py:188} INFO - [2025-09-15T23:10:53.970+0000] {dagbag.py:348} ERROR - Failed to import: /opt/airflow/dags/3rd_dag.py
Traceback (most recent call last):
  File "/home/airflow/.local/lib/python3.8/site-packages/airflow/models/dagbag.py", line 344, in parse
    loader.exec_module(new_module)
  File "<frozen importlib._bootstrap_external>", line 843, in exec_module
  File "<frozen importlib._bootstrap>", line 219, in _call_with_frames_removed
  File "/opt/airflow/dags/3rd_dag.py", line 18, in <module>
    dag = DAG(
  File "/home/airflow/.local/lib/python3.8/site-packages/airflow/models/dag.py", line 498, in __init__
    validate_key(dag_id)
  File "/home/airflow/.local/lib/python3.8/site-packages/airflow/utils/helpers.py", line 57, in validate_key
    raise AirflowException(
airflow.exceptions.AirflowException: The key 'Third orchestration' has to be made of alphanumeric characters, dashes, dots and underscores exclusively
[2025-09-15T23:10:54.015+0000] {processor.py:842} WARNING - No viable dags retrieved from /opt/airflow/dags/3rd_dag.py
[2025-09-15T23:10:54.493+0000] {processor.py:183} INFO - Processing /opt/airflow/dags/3rd_dag.py took 0.622 seconds
[2025-09-15T23:11:25.489+0000] {processor.py:161} INFO - Started process (PID=270) to work on /opt/airflow/dags/3rd_dag.py
[2025-09-15T23:11:25.508+0000] {processor.py:830} INFO - Processing file /opt/airflow/dags/3rd_dag.py for tasks to queue
[2025-09-15T23:11:25.514+0000] {logging_mixin.py:188} INFO - [2025-09-15T23:11:25.513+0000] {dagbag.py:538} INFO - Filling up the DagBag from /opt/airflow/dags/3rd_dag.py
[2025-09-15T23:11:25.575+0000] {logging_mixin.py:188} INFO - [2025-09-15T23:11:25.558+0000] {dagbag.py:348} ERROR - Failed to import: /opt/airflow/dags/3rd_dag.py
Traceback (most recent call last):
  File "/home/airflow/.local/lib/python3.8/site-packages/airflow/models/dagbag.py", line 344, in parse
    loader.exec_module(new_module)
  File "<frozen importlib._bootstrap_external>", line 843, in exec_module
  File "<frozen importlib._bootstrap>", line 219, in _call_with_frames_removed
  File "/opt/airflow/dags/3rd_dag.py", line 18, in <module>
    dag = DAG(
  File "/home/airflow/.local/lib/python3.8/site-packages/airflow/models/dag.py", line 498, in __init__
    validate_key(dag_id)
  File "/home/airflow/.local/lib/python3.8/site-packages/airflow/utils/helpers.py", line 57, in validate_key
    raise AirflowException(
airflow.exceptions.AirflowException: The key 'Third orchestration' has to be made of alphanumeric characters, dashes, dots and underscores exclusively
[2025-09-15T23:11:25.579+0000] {processor.py:842} WARNING - No viable dags retrieved from /opt/airflow/dags/3rd_dag.py
[2025-09-15T23:11:25.699+0000] {processor.py:183} INFO - Processing /opt/airflow/dags/3rd_dag.py took 0.273 seconds
[2025-09-15T23:11:56.082+0000] {processor.py:161} INFO - Started process (PID=290) to work on /opt/airflow/dags/3rd_dag.py
[2025-09-15T23:11:56.108+0000] {processor.py:830} INFO - Processing file /opt/airflow/dags/3rd_dag.py for tasks to queue
[2025-09-15T23:11:56.161+0000] {logging_mixin.py:188} INFO - [2025-09-15T23:11:56.157+0000] {dagbag.py:538} INFO - Filling up the DagBag from /opt/airflow/dags/3rd_dag.py
[2025-09-15T23:11:56.278+0000] {logging_mixin.py:188} INFO - [2025-09-15T23:11:56.239+0000] {dagbag.py:348} ERROR - Failed to import: /opt/airflow/dags/3rd_dag.py
Traceback (most recent call last):
  File "/home/airflow/.local/lib/python3.8/site-packages/airflow/models/dagbag.py", line 344, in parse
    loader.exec_module(new_module)
  File "<frozen importlib._bootstrap_external>", line 843, in exec_module
  File "<frozen importlib._bootstrap>", line 219, in _call_with_frames_removed
  File "/opt/airflow/dags/3rd_dag.py", line 18, in <module>
    dag = DAG(
  File "/home/airflow/.local/lib/python3.8/site-packages/airflow/models/dag.py", line 498, in __init__
    validate_key(dag_id)
  File "/home/airflow/.local/lib/python3.8/site-packages/airflow/utils/helpers.py", line 57, in validate_key
    raise AirflowException(
airflow.exceptions.AirflowException: The key 'Third orchestration' has to be made of alphanumeric characters, dashes, dots and underscores exclusively
[2025-09-15T23:11:56.297+0000] {processor.py:842} WARNING - No viable dags retrieved from /opt/airflow/dags/3rd_dag.py
[2025-09-15T23:11:56.613+0000] {processor.py:183} INFO - Processing /opt/airflow/dags/3rd_dag.py took 0.590 seconds
[2025-09-15T23:12:27.383+0000] {processor.py:161} INFO - Started process (PID=310) to work on /opt/airflow/dags/3rd_dag.py
[2025-09-15T23:12:27.403+0000] {processor.py:830} INFO - Processing file /opt/airflow/dags/3rd_dag.py for tasks to queue
[2025-09-15T23:12:27.426+0000] {logging_mixin.py:188} INFO - [2025-09-15T23:12:27.422+0000] {dagbag.py:538} INFO - Filling up the DagBag from /opt/airflow/dags/3rd_dag.py
[2025-09-15T23:12:27.725+0000] {logging_mixin.py:188} INFO - [2025-09-15T23:12:27.672+0000] {dagbag.py:348} ERROR - Failed to import: /opt/airflow/dags/3rd_dag.py
Traceback (most recent call last):
  File "/home/airflow/.local/lib/python3.8/site-packages/airflow/models/dagbag.py", line 344, in parse
    loader.exec_module(new_module)
  File "<frozen importlib._bootstrap_external>", line 843, in exec_module
  File "<frozen importlib._bootstrap>", line 219, in _call_with_frames_removed
  File "/opt/airflow/dags/3rd_dag.py", line 18, in <module>
    dag = DAG(
  File "/home/airflow/.local/lib/python3.8/site-packages/airflow/models/dag.py", line 498, in __init__
    validate_key(dag_id)
  File "/home/airflow/.local/lib/python3.8/site-packages/airflow/utils/helpers.py", line 57, in validate_key
    raise AirflowException(
airflow.exceptions.AirflowException: The key 'Third orchestration' has to be made of alphanumeric characters, dashes, dots and underscores exclusively
[2025-09-15T23:12:27.795+0000] {processor.py:842} WARNING - No viable dags retrieved from /opt/airflow/dags/3rd_dag.py
[2025-09-15T23:12:29.020+0000] {processor.py:183} INFO - Processing /opt/airflow/dags/3rd_dag.py took 1.714 seconds
[2025-09-15T23:12:59.581+0000] {processor.py:161} INFO - Started process (PID=330) to work on /opt/airflow/dags/3rd_dag.py
[2025-09-15T23:12:59.587+0000] {processor.py:830} INFO - Processing file /opt/airflow/dags/3rd_dag.py for tasks to queue
[2025-09-15T23:12:59.595+0000] {logging_mixin.py:188} INFO - [2025-09-15T23:12:59.594+0000] {dagbag.py:538} INFO - Filling up the DagBag from /opt/airflow/dags/3rd_dag.py
[2025-09-15T23:12:59.623+0000] {logging_mixin.py:188} INFO - [2025-09-15T23:12:59.614+0000] {dagbag.py:348} ERROR - Failed to import: /opt/airflow/dags/3rd_dag.py
Traceback (most recent call last):
  File "/home/airflow/.local/lib/python3.8/site-packages/airflow/models/dagbag.py", line 344, in parse
    loader.exec_module(new_module)
  File "<frozen importlib._bootstrap_external>", line 843, in exec_module
  File "<frozen importlib._bootstrap>", line 219, in _call_with_frames_removed
  File "/opt/airflow/dags/3rd_dag.py", line 18, in <module>
    dag = DAG(
  File "/home/airflow/.local/lib/python3.8/site-packages/airflow/models/dag.py", line 498, in __init__
    validate_key(dag_id)
  File "/home/airflow/.local/lib/python3.8/site-packages/airflow/utils/helpers.py", line 57, in validate_key
    raise AirflowException(
airflow.exceptions.AirflowException: The key 'Third orchestration' has to be made of alphanumeric characters, dashes, dots and underscores exclusively
[2025-09-15T23:12:59.626+0000] {processor.py:842} WARNING - No viable dags retrieved from /opt/airflow/dags/3rd_dag.py
[2025-09-15T23:12:59.800+0000] {processor.py:183} INFO - Processing /opt/airflow/dags/3rd_dag.py took 0.233 seconds
[2025-09-15T23:13:30.488+0000] {processor.py:161} INFO - Started process (PID=350) to work on /opt/airflow/dags/3rd_dag.py
[2025-09-15T23:13:30.494+0000] {processor.py:830} INFO - Processing file /opt/airflow/dags/3rd_dag.py for tasks to queue
[2025-09-15T23:13:30.506+0000] {logging_mixin.py:188} INFO - [2025-09-15T23:13:30.502+0000] {dagbag.py:538} INFO - Filling up the DagBag from /opt/airflow/dags/3rd_dag.py
[2025-09-15T23:13:30.541+0000] {logging_mixin.py:188} INFO - [2025-09-15T23:13:30.529+0000] {dagbag.py:348} ERROR - Failed to import: /opt/airflow/dags/3rd_dag.py
Traceback (most recent call last):
  File "/home/airflow/.local/lib/python3.8/site-packages/airflow/models/dagbag.py", line 344, in parse
    loader.exec_module(new_module)
  File "<frozen importlib._bootstrap_external>", line 843, in exec_module
  File "<frozen importlib._bootstrap>", line 219, in _call_with_frames_removed
  File "/opt/airflow/dags/3rd_dag.py", line 18, in <module>
    dag = DAG(
  File "/home/airflow/.local/lib/python3.8/site-packages/airflow/models/dag.py", line 498, in __init__
    validate_key(dag_id)
  File "/home/airflow/.local/lib/python3.8/site-packages/airflow/utils/helpers.py", line 57, in validate_key
    raise AirflowException(
airflow.exceptions.AirflowException: The key 'Third orchestration' has to be made of alphanumeric characters, dashes, dots and underscores exclusively
[2025-09-15T23:13:30.548+0000] {processor.py:842} WARNING - No viable dags retrieved from /opt/airflow/dags/3rd_dag.py
[2025-09-15T23:13:30.811+0000] {processor.py:183} INFO - Processing /opt/airflow/dags/3rd_dag.py took 0.344 seconds
[2025-09-15T23:14:01.367+0000] {processor.py:161} INFO - Started process (PID=370) to work on /opt/airflow/dags/3rd_dag.py
[2025-09-15T23:14:01.375+0000] {processor.py:830} INFO - Processing file /opt/airflow/dags/3rd_dag.py for tasks to queue
[2025-09-15T23:14:01.381+0000] {logging_mixin.py:188} INFO - [2025-09-15T23:14:01.379+0000] {dagbag.py:538} INFO - Filling up the DagBag from /opt/airflow/dags/3rd_dag.py
[2025-09-15T23:14:01.417+0000] {logging_mixin.py:188} INFO - [2025-09-15T23:14:01.395+0000] {dagbag.py:348} ERROR - Failed to import: /opt/airflow/dags/3rd_dag.py
Traceback (most recent call last):
  File "/home/airflow/.local/lib/python3.8/site-packages/airflow/models/dagbag.py", line 344, in parse
    loader.exec_module(new_module)
  File "<frozen importlib._bootstrap_external>", line 843, in exec_module
  File "<frozen importlib._bootstrap>", line 219, in _call_with_frames_removed
  File "/opt/airflow/dags/3rd_dag.py", line 18, in <module>
    dag = DAG(
  File "/home/airflow/.local/lib/python3.8/site-packages/airflow/models/dag.py", line 498, in __init__
    validate_key(dag_id)
  File "/home/airflow/.local/lib/python3.8/site-packages/airflow/utils/helpers.py", line 57, in validate_key
    raise AirflowException(
airflow.exceptions.AirflowException: The key 'Third orchestration' has to be made of alphanumeric characters, dashes, dots and underscores exclusively
[2025-09-15T23:14:01.420+0000] {processor.py:842} WARNING - No viable dags retrieved from /opt/airflow/dags/3rd_dag.py
[2025-09-15T23:14:01.532+0000] {processor.py:183} INFO - Processing /opt/airflow/dags/3rd_dag.py took 0.184 seconds
[2025-09-15T23:14:22.669+0000] {processor.py:161} INFO - Started process (PID=375) to work on /opt/airflow/dags/3rd_dag.py
[2025-09-15T23:14:22.674+0000] {processor.py:830} INFO - Processing file /opt/airflow/dags/3rd_dag.py for tasks to queue
[2025-09-15T23:14:22.681+0000] {logging_mixin.py:188} INFO - [2025-09-15T23:14:22.679+0000] {dagbag.py:538} INFO - Filling up the DagBag from /opt/airflow/dags/3rd_dag.py
[2025-09-15T23:14:22.807+0000] {processor.py:840} INFO - DAG(s) 'third_orchestration' retrieved from /opt/airflow/dags/3rd_dag.py
[2025-09-15T23:14:23.689+0000] {logging_mixin.py:188} INFO - [2025-09-15T23:14:23.687+0000] {override.py:1769} INFO - Created Permission View: can delete on DAG:third_orchestration
[2025-09-15T23:14:23.846+0000] {logging_mixin.py:188} INFO - [2025-09-15T23:14:23.845+0000] {override.py:1769} INFO - Created Permission View: can edit on DAG:third_orchestration
[2025-09-15T23:14:23.960+0000] {logging_mixin.py:188} INFO - [2025-09-15T23:14:23.959+0000] {override.py:1769} INFO - Created Permission View: can read on DAG:third_orchestration
[2025-09-15T23:14:23.962+0000] {logging_mixin.py:188} INFO - [2025-09-15T23:14:23.961+0000] {dag.py:3036} INFO - Sync 1 DAGs
[2025-09-15T23:14:24.012+0000] {logging_mixin.py:188} INFO - [2025-09-15T23:14:24.011+0000] {dag.py:3058} INFO - Creating ORM DAG for third_orchestration
[2025-09-15T23:14:24.042+0000] {logging_mixin.py:188} INFO - [2025-09-15T23:14:24.042+0000] {dag.py:3823} INFO - Setting next_dagrun for third_orchestration to 2025-09-14 00:00:00+00:00, run_after=2025-09-15 00:00:00+00:00
[2025-09-15T23:14:24.251+0000] {processor.py:183} INFO - Processing /opt/airflow/dags/3rd_dag.py took 1.602 seconds
[2025-09-15T23:14:55.280+0000] {processor.py:161} INFO - Started process (PID=395) to work on /opt/airflow/dags/3rd_dag.py
[2025-09-15T23:14:55.283+0000] {processor.py:830} INFO - Processing file /opt/airflow/dags/3rd_dag.py for tasks to queue
[2025-09-15T23:14:55.287+0000] {logging_mixin.py:188} INFO - [2025-09-15T23:14:55.286+0000] {dagbag.py:538} INFO - Filling up the DagBag from /opt/airflow/dags/3rd_dag.py
[2025-09-15T23:14:55.387+0000] {processor.py:840} INFO - DAG(s) 'third_orchestration' retrieved from /opt/airflow/dags/3rd_dag.py
[2025-09-15T23:14:55.470+0000] {logging_mixin.py:188} INFO - [2025-09-15T23:14:55.469+0000] {dag.py:3036} INFO - Sync 1 DAGs
[2025-09-15T23:14:55.545+0000] {logging_mixin.py:188} INFO - [2025-09-15T23:14:55.544+0000] {dag.py:3823} INFO - Setting next_dagrun for third_orchestration to 2025-09-14 00:00:00+00:00, run_after=2025-09-15 00:00:00+00:00
[2025-09-15T23:14:56.071+0000] {processor.py:183} INFO - Processing /opt/airflow/dags/3rd_dag.py took 0.802 seconds
[2025-09-15T23:15:28.907+0000] {processor.py:161} INFO - Started process (PID=416) to work on /opt/airflow/dags/3rd_dag.py
[2025-09-15T23:15:28.954+0000] {processor.py:830} INFO - Processing file /opt/airflow/dags/3rd_dag.py for tasks to queue
[2025-09-15T23:15:29.101+0000] {logging_mixin.py:188} INFO - [2025-09-15T23:15:29.078+0000] {dagbag.py:538} INFO - Filling up the DagBag from /opt/airflow/dags/3rd_dag.py
[2025-09-15T23:15:30.699+0000] {processor.py:840} INFO - DAG(s) 'third_orchestration' retrieved from /opt/airflow/dags/3rd_dag.py
[2025-09-15T23:15:30.945+0000] {logging_mixin.py:188} INFO - [2025-09-15T23:15:30.945+0000] {dag.py:3036} INFO - Sync 1 DAGs
[2025-09-15T23:15:31.221+0000] {logging_mixin.py:188} INFO - [2025-09-15T23:15:31.221+0000] {dag.py:3823} INFO - Setting next_dagrun for third_orchestration to 2025-09-14 00:00:00+00:00, run_after=2025-09-15 00:00:00+00:00
[2025-09-15T23:15:31.853+0000] {processor.py:183} INFO - Processing /opt/airflow/dags/3rd_dag.py took 3.065 seconds
[2025-09-15T23:16:01.985+0000] {processor.py:161} INFO - Started process (PID=442) to work on /opt/airflow/dags/3rd_dag.py
[2025-09-15T23:16:01.990+0000] {processor.py:830} INFO - Processing file /opt/airflow/dags/3rd_dag.py for tasks to queue
[2025-09-15T23:16:01.997+0000] {logging_mixin.py:188} INFO - [2025-09-15T23:16:01.996+0000] {dagbag.py:538} INFO - Filling up the DagBag from /opt/airflow/dags/3rd_dag.py
[2025-09-15T23:16:02.108+0000] {processor.py:840} INFO - DAG(s) 'third_orchestration' retrieved from /opt/airflow/dags/3rd_dag.py
[2025-09-15T23:16:02.152+0000] {logging_mixin.py:188} INFO - [2025-09-15T23:16:02.152+0000] {dag.py:3036} INFO - Sync 1 DAGs
[2025-09-15T23:16:02.210+0000] {logging_mixin.py:188} INFO - [2025-09-15T23:16:02.210+0000] {dag.py:3823} INFO - Setting next_dagrun for third_orchestration to 2025-09-14 00:00:00+00:00, run_after=2025-09-15 00:00:00+00:00
[2025-09-15T23:16:02.285+0000] {processor.py:183} INFO - Processing /opt/airflow/dags/3rd_dag.py took 0.320 seconds
[2025-09-15T23:16:32.747+0000] {processor.py:161} INFO - Started process (PID=462) to work on /opt/airflow/dags/3rd_dag.py
[2025-09-15T23:16:32.755+0000] {processor.py:830} INFO - Processing file /opt/airflow/dags/3rd_dag.py for tasks to queue
[2025-09-15T23:16:32.798+0000] {logging_mixin.py:188} INFO - [2025-09-15T23:16:32.794+0000] {dagbag.py:538} INFO - Filling up the DagBag from /opt/airflow/dags/3rd_dag.py
[2025-09-15T23:16:33.257+0000] {processor.py:840} INFO - DAG(s) 'third_orchestration' retrieved from /opt/airflow/dags/3rd_dag.py
[2025-09-15T23:16:33.497+0000] {logging_mixin.py:188} INFO - [2025-09-15T23:16:33.496+0000] {dag.py:3036} INFO - Sync 1 DAGs
[2025-09-15T23:16:33.736+0000] {logging_mixin.py:188} INFO - [2025-09-15T23:16:33.735+0000] {dag.py:3823} INFO - Setting next_dagrun for third_orchestration to 2025-09-14 00:00:00+00:00, run_after=2025-09-15 00:00:00+00:00
[2025-09-15T23:16:33.969+0000] {processor.py:183} INFO - Processing /opt/airflow/dags/3rd_dag.py took 1.278 seconds
[2025-09-15T23:17:04.743+0000] {processor.py:161} INFO - Started process (PID=491) to work on /opt/airflow/dags/3rd_dag.py
[2025-09-15T23:17:04.815+0000] {processor.py:830} INFO - Processing file /opt/airflow/dags/3rd_dag.py for tasks to queue
[2025-09-15T23:17:04.868+0000] {logging_mixin.py:188} INFO - [2025-09-15T23:17:04.849+0000] {dagbag.py:538} INFO - Filling up the DagBag from /opt/airflow/dags/3rd_dag.py
[2025-09-15T23:17:06.240+0000] {processor.py:840} INFO - DAG(s) 'third_orchestration' retrieved from /opt/airflow/dags/3rd_dag.py
[2025-09-15T23:17:06.660+0000] {logging_mixin.py:188} INFO - [2025-09-15T23:17:06.657+0000] {dag.py:3036} INFO - Sync 1 DAGs
[2025-09-15T23:17:07.646+0000] {logging_mixin.py:188} INFO - [2025-09-15T23:17:07.644+0000] {dag.py:3823} INFO - Setting next_dagrun for third_orchestration to 2025-09-14 00:00:00+00:00, run_after=2025-09-15 00:00:00+00:00
[2025-09-15T23:17:08.692+0000] {processor.py:183} INFO - Processing /opt/airflow/dags/3rd_dag.py took 4.053 seconds
[2025-09-15T23:17:40.445+0000] {processor.py:161} INFO - Started process (PID=513) to work on /opt/airflow/dags/3rd_dag.py
[2025-09-15T23:17:40.469+0000] {processor.py:830} INFO - Processing file /opt/airflow/dags/3rd_dag.py for tasks to queue
[2025-09-15T23:17:40.479+0000] {logging_mixin.py:188} INFO - [2025-09-15T23:17:40.472+0000] {dagbag.py:538} INFO - Filling up the DagBag from /opt/airflow/dags/3rd_dag.py
[2025-09-15T23:17:40.941+0000] {processor.py:840} INFO - DAG(s) 'third_orchestration' retrieved from /opt/airflow/dags/3rd_dag.py
[2025-09-15T23:17:41.274+0000] {logging_mixin.py:188} INFO - [2025-09-15T23:17:41.273+0000] {dag.py:3036} INFO - Sync 1 DAGs
[2025-09-15T23:17:41.355+0000] {logging_mixin.py:188} INFO - [2025-09-15T23:17:41.355+0000] {dag.py:3823} INFO - Setting next_dagrun for third_orchestration to 2025-09-14 00:00:00+00:00, run_after=2025-09-15 00:00:00+00:00
[2025-09-15T23:17:43.041+0000] {processor.py:183} INFO - Processing /opt/airflow/dags/3rd_dag.py took 2.642 seconds
[2025-09-15T23:18:13.693+0000] {processor.py:161} INFO - Started process (PID=533) to work on /opt/airflow/dags/3rd_dag.py
[2025-09-15T23:18:13.697+0000] {processor.py:830} INFO - Processing file /opt/airflow/dags/3rd_dag.py for tasks to queue
[2025-09-15T23:18:13.700+0000] {logging_mixin.py:188} INFO - [2025-09-15T23:18:13.700+0000] {dagbag.py:538} INFO - Filling up the DagBag from /opt/airflow/dags/3rd_dag.py
[2025-09-15T23:18:13.859+0000] {processor.py:840} INFO - DAG(s) 'third_orchestration' retrieved from /opt/airflow/dags/3rd_dag.py
[2025-09-15T23:18:13.970+0000] {logging_mixin.py:188} INFO - [2025-09-15T23:18:13.969+0000] {dag.py:3036} INFO - Sync 1 DAGs
[2025-09-15T23:18:14.043+0000] {logging_mixin.py:188} INFO - [2025-09-15T23:18:14.043+0000] {dag.py:3823} INFO - Setting next_dagrun for third_orchestration to 2025-09-14 00:00:00+00:00, run_after=2025-09-15 00:00:00+00:00
[2025-09-15T23:18:14.412+0000] {processor.py:183} INFO - Processing /opt/airflow/dags/3rd_dag.py took 0.734 seconds
[2025-09-15T23:18:45.874+0000] {processor.py:161} INFO - Started process (PID=555) to work on /opt/airflow/dags/3rd_dag.py
[2025-09-15T23:18:45.887+0000] {processor.py:830} INFO - Processing file /opt/airflow/dags/3rd_dag.py for tasks to queue
[2025-09-15T23:18:45.908+0000] {logging_mixin.py:188} INFO - [2025-09-15T23:18:45.904+0000] {dagbag.py:538} INFO - Filling up the DagBag from /opt/airflow/dags/3rd_dag.py
[2025-09-15T23:18:46.425+0000] {processor.py:840} INFO - DAG(s) 'third_orchestration' retrieved from /opt/airflow/dags/3rd_dag.py
[2025-09-15T23:18:46.612+0000] {logging_mixin.py:188} INFO - [2025-09-15T23:18:46.610+0000] {dag.py:3036} INFO - Sync 1 DAGs
[2025-09-15T23:18:46.897+0000] {logging_mixin.py:188} INFO - [2025-09-15T23:18:46.895+0000] {dag.py:3823} INFO - Setting next_dagrun for third_orchestration to 2025-09-14 00:00:00+00:00, run_after=2025-09-15 00:00:00+00:00
[2025-09-15T23:18:47.185+0000] {processor.py:183} INFO - Processing /opt/airflow/dags/3rd_dag.py took 1.468 seconds
[2025-09-15T23:19:17.956+0000] {processor.py:161} INFO - Started process (PID=575) to work on /opt/airflow/dags/3rd_dag.py
[2025-09-15T23:19:17.962+0000] {processor.py:830} INFO - Processing file /opt/airflow/dags/3rd_dag.py for tasks to queue
[2025-09-15T23:19:17.966+0000] {logging_mixin.py:188} INFO - [2025-09-15T23:19:17.964+0000] {dagbag.py:538} INFO - Filling up the DagBag from /opt/airflow/dags/3rd_dag.py
[2025-09-15T23:19:18.345+0000] {processor.py:840} INFO - DAG(s) 'third_orchestration' retrieved from /opt/airflow/dags/3rd_dag.py
[2025-09-15T23:19:20.618+0000] {logging_mixin.py:188} INFO - [2025-09-15T23:19:20.617+0000] {dag.py:3036} INFO - Sync 1 DAGs
[2025-09-15T23:19:21.209+0000] {logging_mixin.py:188} INFO - [2025-09-15T23:19:21.206+0000] {dag.py:3823} INFO - Setting next_dagrun for third_orchestration to 2025-09-14 00:00:00+00:00, run_after=2025-09-15 00:00:00+00:00
[2025-09-15T23:19:21.466+0000] {processor.py:183} INFO - Processing /opt/airflow/dags/3rd_dag.py took 3.535 seconds
[2025-09-15T23:19:53.274+0000] {processor.py:161} INFO - Started process (PID=595) to work on /opt/airflow/dags/3rd_dag.py
[2025-09-15T23:19:53.365+0000] {processor.py:830} INFO - Processing file /opt/airflow/dags/3rd_dag.py for tasks to queue
[2025-09-15T23:19:53.428+0000] {logging_mixin.py:188} INFO - [2025-09-15T23:19:53.412+0000] {dagbag.py:538} INFO - Filling up the DagBag from /opt/airflow/dags/3rd_dag.py
[2025-09-15T23:20:00.302+0000] {processor.py:840} INFO - DAG(s) 'third_orchestration' retrieved from /opt/airflow/dags/3rd_dag.py
[2025-09-15T23:20:11.624+0000] {logging_mixin.py:188} INFO - [2025-09-15T23:20:11.624+0000] {dag.py:3036} INFO - Sync 1 DAGs
[2025-09-15T23:20:19.249+0000] {logging_mixin.py:188} INFO - [2025-09-15T23:20:19.246+0000] {dag.py:3823} INFO - Setting next_dagrun for third_orchestration to 2025-09-14 00:00:00+00:00, run_after=2025-09-15 00:00:00+00:00
[2025-09-15T23:20:21.164+0000] {processor.py:183} INFO - Processing /opt/airflow/dags/3rd_dag.py took 27.956 seconds
[2025-09-15T23:20:51.570+0000] {processor.py:161} INFO - Started process (PID=616) to work on /opt/airflow/dags/3rd_dag.py
[2025-09-15T23:20:51.573+0000] {processor.py:830} INFO - Processing file /opt/airflow/dags/3rd_dag.py for tasks to queue
[2025-09-15T23:20:51.577+0000] {logging_mixin.py:188} INFO - [2025-09-15T23:20:51.576+0000] {dagbag.py:538} INFO - Filling up the DagBag from /opt/airflow/dags/3rd_dag.py
[2025-09-15T23:20:51.707+0000] {processor.py:840} INFO - DAG(s) 'third_orchestration' retrieved from /opt/airflow/dags/3rd_dag.py
[2025-09-15T23:20:51.781+0000] {logging_mixin.py:188} INFO - [2025-09-15T23:20:51.781+0000] {dag.py:3036} INFO - Sync 1 DAGs
[2025-09-15T23:20:51.849+0000] {logging_mixin.py:188} INFO - [2025-09-15T23:20:51.848+0000] {dag.py:3823} INFO - Setting next_dagrun for third_orchestration to 2025-09-14 00:00:00+00:00, run_after=2025-09-15 00:00:00+00:00
[2025-09-15T23:20:51.932+0000] {processor.py:183} INFO - Processing /opt/airflow/dags/3rd_dag.py took 0.379 seconds
[2025-09-15T23:21:22.143+0000] {processor.py:161} INFO - Started process (PID=637) to work on /opt/airflow/dags/3rd_dag.py
[2025-09-15T23:21:22.147+0000] {processor.py:830} INFO - Processing file /opt/airflow/dags/3rd_dag.py for tasks to queue
[2025-09-15T23:21:22.156+0000] {logging_mixin.py:188} INFO - [2025-09-15T23:21:22.152+0000] {dagbag.py:538} INFO - Filling up the DagBag from /opt/airflow/dags/3rd_dag.py
[2025-09-15T23:21:22.292+0000] {processor.py:840} INFO - DAG(s) 'third_orchestration' retrieved from /opt/airflow/dags/3rd_dag.py
[2025-09-15T23:21:22.353+0000] {logging_mixin.py:188} INFO - [2025-09-15T23:21:22.352+0000] {dag.py:3036} INFO - Sync 1 DAGs
[2025-09-15T23:21:22.458+0000] {logging_mixin.py:188} INFO - [2025-09-15T23:21:22.456+0000] {dag.py:3823} INFO - Setting next_dagrun for third_orchestration to 2025-09-14 00:00:00+00:00, run_after=2025-09-15 00:00:00+00:00
[2025-09-15T23:21:22.580+0000] {processor.py:183} INFO - Processing /opt/airflow/dags/3rd_dag.py took 0.458 seconds
[2025-09-15T23:21:52.778+0000] {processor.py:161} INFO - Started process (PID=657) to work on /opt/airflow/dags/3rd_dag.py
[2025-09-15T23:21:52.784+0000] {processor.py:830} INFO - Processing file /opt/airflow/dags/3rd_dag.py for tasks to queue
[2025-09-15T23:21:52.789+0000] {logging_mixin.py:188} INFO - [2025-09-15T23:21:52.788+0000] {dagbag.py:538} INFO - Filling up the DagBag from /opt/airflow/dags/3rd_dag.py
[2025-09-15T23:21:52.921+0000] {processor.py:840} INFO - DAG(s) 'third_orchestration' retrieved from /opt/airflow/dags/3rd_dag.py
[2025-09-15T23:21:52.972+0000] {logging_mixin.py:188} INFO - [2025-09-15T23:21:52.972+0000] {dag.py:3036} INFO - Sync 1 DAGs
[2025-09-15T23:21:53.039+0000] {logging_mixin.py:188} INFO - [2025-09-15T23:21:53.038+0000] {dag.py:3823} INFO - Setting next_dagrun for third_orchestration to 2025-09-14 00:00:00+00:00, run_after=2025-09-15 00:00:00+00:00
[2025-09-15T23:21:53.110+0000] {processor.py:183} INFO - Processing /opt/airflow/dags/3rd_dag.py took 0.355 seconds
[2025-09-15T23:22:23.225+0000] {processor.py:161} INFO - Started process (PID=677) to work on /opt/airflow/dags/3rd_dag.py
[2025-09-15T23:22:23.241+0000] {processor.py:830} INFO - Processing file /opt/airflow/dags/3rd_dag.py for tasks to queue
[2025-09-15T23:22:23.250+0000] {logging_mixin.py:188} INFO - [2025-09-15T23:22:23.248+0000] {dagbag.py:538} INFO - Filling up the DagBag from /opt/airflow/dags/3rd_dag.py
[2025-09-15T23:22:23.448+0000] {processor.py:840} INFO - DAG(s) 'third_orchestration' retrieved from /opt/airflow/dags/3rd_dag.py
[2025-09-15T23:22:23.525+0000] {logging_mixin.py:188} INFO - [2025-09-15T23:22:23.524+0000] {dag.py:3036} INFO - Sync 1 DAGs
[2025-09-15T23:22:23.624+0000] {logging_mixin.py:188} INFO - [2025-09-15T23:22:23.623+0000] {dag.py:3823} INFO - Setting next_dagrun for third_orchestration to 2025-09-14 00:00:00+00:00, run_after=2025-09-15 00:00:00+00:00
[2025-09-15T23:22:23.732+0000] {processor.py:183} INFO - Processing /opt/airflow/dags/3rd_dag.py took 0.521 seconds
