[2025-09-15T23:08:48.837+0000] {taskinstance.py:1956} INFO - Dependencies all met for dep_context=non-requeueable deps ti=<TaskInstance: just_orchestration.prepare_workspace manual__2025-09-15T22:58:28.246108+00:00 [queued]>
[2025-09-15T23:08:48.860+0000] {taskinstance.py:1956} INFO - Dependencies all met for dep_context=requeueable deps ti=<TaskInstance: just_orchestration.prepare_workspace manual__2025-09-15T22:58:28.246108+00:00 [queued]>
[2025-09-15T23:08:48.861+0000] {taskinstance.py:2170} INFO - Starting attempt 2 of 2
[2025-09-15T23:08:48.955+0000] {taskinstance.py:2191} INFO - Executing <Task(BashOperator): prepare_workspace> on 2025-09-15 22:58:28.246108+00:00
[2025-09-15T23:08:48.965+0000] {standard_task_runner.py:60} INFO - Started process 175 to run task
[2025-09-15T23:08:48.982+0000] {standard_task_runner.py:87} INFO - Running: ['***', 'tasks', 'run', 'just_orchestration', 'prepare_workspace', 'manual__2025-09-15T22:58:28.246108+00:00', '--job-id', '40', '--raw', '--subdir', 'DAGS_FOLDER/another.py', '--cfg-path', '/tmp/tmpjacyoih2']
[2025-09-15T23:08:48.988+0000] {standard_task_runner.py:88} INFO - Job 40: Subtask prepare_workspace
[2025-09-15T23:08:49.344+0000] {task_command.py:423} INFO - Running <TaskInstance: just_orchestration.prepare_workspace manual__2025-09-15T22:58:28.246108+00:00 [running]> on host 3a3db1a24f89
[2025-09-15T23:08:49.701+0000] {taskinstance.py:2480} INFO - Exporting env vars: AIRFLOW_CTX_DAG_OWNER='williams' AIRFLOW_CTX_DAG_ID='just_orchestration' AIRFLOW_CTX_TASK_ID='prepare_workspace' AIRFLOW_CTX_EXECUTION_DATE='2025-09-15T22:58:28.246108+00:00' AIRFLOW_CTX_TRY_NUMBER='2' AIRFLOW_CTX_DAG_RUN_ID='manual__2025-09-15T22:58:28.246108+00:00'
[2025-09-15T23:08:49.709+0000] {subprocess.py:63} INFO - Tmp dir root location: /tmp
[2025-09-15T23:08:49.718+0000] {subprocess.py:75} INFO - Running command: ['/usr/bin/bash', '-c', '\n    mkdir -p /opt/Models\n    mkdir -p /opt/data\n    mkdir -p /opt/metrics\n    echo "Pipeline started at $(date)" > /opt/Models/pipeline_log.txt\n    ']
[2025-09-15T23:08:49.757+0000] {subprocess.py:86} INFO - Output:
[2025-09-15T23:08:49.837+0000] {subprocess.py:93} INFO - mkdir: cannot create directory ‘/opt/Models’: Permission denied
[2025-09-15T23:08:49.843+0000] {subprocess.py:93} INFO - mkdir: cannot create directory ‘/opt/data’: Permission denied
[2025-09-15T23:08:49.856+0000] {subprocess.py:93} INFO - mkdir: cannot create directory ‘/opt/metrics’: Permission denied
[2025-09-15T23:08:49.908+0000] {subprocess.py:93} INFO - /usr/bin/bash: line 5: /opt/Models/pipeline_log.txt: No such file or directory
[2025-09-15T23:08:49.910+0000] {subprocess.py:97} INFO - Command exited with return code 1
[2025-09-15T23:08:49.947+0000] {taskinstance.py:2698} ERROR - Task failed with exception
Traceback (most recent call last):
  File "/home/airflow/.local/lib/python3.8/site-packages/airflow/models/taskinstance.py", line 433, in _execute_task
    result = execute_callable(context=context, **execute_callable_kwargs)
  File "/home/airflow/.local/lib/python3.8/site-packages/airflow/operators/bash.py", line 212, in execute
    raise AirflowException(
airflow.exceptions.AirflowException: Bash command failed. The command returned a non-zero exit code 1.
[2025-09-15T23:08:49.959+0000] {taskinstance.py:1138} INFO - Marking task as FAILED. dag_id=just_orchestration, task_id=prepare_workspace, execution_date=20250915T225828, start_date=20250915T230848, end_date=20250915T230849
[2025-09-15T23:08:50.211+0000] {standard_task_runner.py:107} ERROR - Failed to execute job 40 for task prepare_workspace (Bash command failed. The command returned a non-zero exit code 1.; 175)
[2025-09-15T23:08:50.295+0000] {local_task_job_runner.py:234} INFO - Task exited with return code 1
[2025-09-15T23:08:50.606+0000] {taskinstance.py:3280} INFO - 0 downstream tasks scheduled from follow-on schedule check
