[2025-09-14T08:39:21.133+0000] {taskinstance.py:1956} INFO - Dependencies all met for dep_context=non-requeueable deps ti=<TaskInstance: ml_pipeline_orchestration.prepare_workspace scheduled__2025-09-13T00:00:00+00:00 [queued]>
[2025-09-14T08:39:21.163+0000] {taskinstance.py:1956} INFO - Dependencies all met for dep_context=requeueable deps ti=<TaskInstance: ml_pipeline_orchestration.prepare_workspace scheduled__2025-09-13T00:00:00+00:00 [queued]>
[2025-09-14T08:39:21.181+0000] {taskinstance.py:2170} INFO - Starting attempt 1 of 2
[2025-09-14T08:39:22.830+0000] {taskinstance.py:2191} INFO - Executing <Task(BashOperator): prepare_workspace> on 2025-09-13 00:00:00+00:00
[2025-09-14T08:39:22.879+0000] {standard_task_runner.py:60} INFO - Started process 177 to run task
[2025-09-14T08:39:22.929+0000] {standard_task_runner.py:87} INFO - Running: ['***', 'tasks', 'run', 'ml_pipeline_orchestration', 'prepare_workspace', 'scheduled__2025-09-13T00:00:00+00:00', '--job-id', '108', '--raw', '--subdir', 'DAGS_FOLDER/orchestration.py', '--cfg-path', '/tmp/tmpojhhqpcj']
[2025-09-14T08:39:22.941+0000] {standard_task_runner.py:88} INFO - Job 108: Subtask prepare_workspace
[2025-09-14T08:39:24.126+0000] {task_command.py:423} INFO - Running <TaskInstance: ml_pipeline_orchestration.prepare_workspace scheduled__2025-09-13T00:00:00+00:00 [running]> on host 0e9686140722
[2025-09-14T08:39:31.426+0000] {taskinstance.py:2480} INFO - Exporting env vars: AIRFLOW_CTX_DAG_OWNER='Jerr-williams' AIRFLOW_CTX_DAG_ID='ml_pipeline_orchestration' AIRFLOW_CTX_TASK_ID='prepare_workspace' AIRFLOW_CTX_EXECUTION_DATE='2025-09-13T00:00:00+00:00' AIRFLOW_CTX_TRY_NUMBER='1' AIRFLOW_CTX_DAG_RUN_ID='scheduled__2025-09-13T00:00:00+00:00'
[2025-09-14T08:39:31.433+0000] {subprocess.py:63} INFO - Tmp dir root location: /tmp
[2025-09-14T08:39:31.438+0000] {subprocess.py:75} INFO - Running command: ['/usr/bin/bash', '-c', '\n    mkdir -p /shared_data/Models\n    mkdir -p /shared_data/data\n    mkdir -p /shared_data/metrics\n    echo "Pipeline started at $(date)" > /shared_data/Models/pipeline_log.txt\n    ']
[2025-09-14T08:39:31.571+0000] {subprocess.py:86} INFO - Output:
[2025-09-14T08:39:35.483+0000] {subprocess.py:97} INFO - Command exited with return code 0
[2025-09-14T08:39:37.461+0000] {taskinstance.py:1138} INFO - Marking task as SUCCESS. dag_id=ml_pipeline_orchestration, task_id=prepare_workspace, execution_date=20250913T000000, start_date=20250914T083921, end_date=20250914T083937
[2025-09-14T08:39:38.084+0000] {local_task_job_runner.py:234} INFO - Task exited with return code 0
[2025-09-14T08:39:38.156+0000] {taskinstance.py:3280} INFO - 1 downstream tasks scheduled from follow-on schedule check
[2025-09-14T12:33:19.427+0000] {taskinstance.py:1956} INFO - Dependencies all met for dep_context=non-requeueable deps ti=<TaskInstance: ml_pipeline_orchestration.prepare_workspace scheduled__2025-09-13T00:00:00+00:00 [queued]>
[2025-09-14T12:33:19.478+0000] {taskinstance.py:1956} INFO - Dependencies all met for dep_context=requeueable deps ti=<TaskInstance: ml_pipeline_orchestration.prepare_workspace scheduled__2025-09-13T00:00:00+00:00 [queued]>
[2025-09-14T12:33:19.479+0000] {taskinstance.py:2170} INFO - Starting attempt 1 of 2
[2025-09-14T12:33:19.669+0000] {taskinstance.py:2191} INFO - Executing <Task(BashOperator): prepare_workspace> on 2025-09-13 00:00:00+00:00
[2025-09-14T12:33:19.711+0000] {standard_task_runner.py:60} INFO - Started process 510 to run task
[2025-09-14T12:33:19.733+0000] {standard_task_runner.py:87} INFO - Running: ['***', 'tasks', 'run', 'ml_pipeline_orchestration', 'prepare_workspace', 'scheduled__2025-09-13T00:00:00+00:00', '--job-id', '3', '--raw', '--subdir', 'DAGS_FOLDER/another.py', '--cfg-path', '/tmp/tmp0z7hxa5q']
[2025-09-14T12:33:19.746+0000] {standard_task_runner.py:88} INFO - Job 3: Subtask prepare_workspace
[2025-09-14T12:33:19.990+0000] {task_command.py:423} INFO - Running <TaskInstance: ml_pipeline_orchestration.prepare_workspace scheduled__2025-09-13T00:00:00+00:00 [running]> on host 6003dd60b185
[2025-09-14T12:33:22.408+0000] {taskinstance.py:2480} INFO - Exporting env vars: AIRFLOW_CTX_DAG_OWNER='Jeremiah-williams' AIRFLOW_CTX_DAG_ID='ml_pipeline_orchestration' AIRFLOW_CTX_TASK_ID='prepare_workspace' AIRFLOW_CTX_EXECUTION_DATE='2025-09-13T00:00:00+00:00' AIRFLOW_CTX_TRY_NUMBER='1' AIRFLOW_CTX_DAG_RUN_ID='scheduled__2025-09-13T00:00:00+00:00'
[2025-09-14T12:33:22.730+0000] {subprocess.py:63} INFO - Tmp dir root location: /tmp
[2025-09-14T12:33:22.737+0000] {subprocess.py:75} INFO - Running command: ['/usr/bin/bash', '-c', '\n    mkdir -p /shared_data/Models\n    mkdir -p /shared_data/data\n    mkdir -p /shared_data/metrics\n    echo "Pipeline started at $(date)" > /shared_data/Models/pipeline_log.txt\n    ']
[2025-09-14T12:33:23.044+0000] {subprocess.py:86} INFO - Output:
[2025-09-14T12:33:23.860+0000] {subprocess.py:97} INFO - Command exited with return code 0
[2025-09-14T12:33:26.443+0000] {taskinstance.py:1138} INFO - Marking task as SUCCESS. dag_id=ml_pipeline_orchestration, task_id=prepare_workspace, execution_date=20250913T000000, start_date=20250914T123319, end_date=20250914T123326
[2025-09-14T12:33:26.899+0000] {local_task_job_runner.py:234} INFO - Task exited with return code 0
[2025-09-14T12:33:27.634+0000] {taskinstance.py:3280} INFO - 1 downstream tasks scheduled from follow-on schedule check
