[2025-09-13T16:16:40.450+0000] {processor.py:161} INFO - Started process (PID=164) to work on /opt/airflow/dags/another.py
[2025-09-13T16:16:40.455+0000] {processor.py:830} INFO - Processing file /opt/airflow/dags/another.py for tasks to queue
[2025-09-13T16:16:40.461+0000] {logging_mixin.py:188} INFO - [2025-09-13T16:16:40.460+0000] {dagbag.py:538} INFO - Filling up the DagBag from /opt/airflow/dags/another.py
[2025-09-13T16:16:40.638+0000] {processor.py:840} INFO - DAG(s) 'ml_pipeline_orchestration' retrieved from /opt/airflow/dags/another.py
[2025-09-13T16:16:40.681+0000] {logging_mixin.py:188} INFO - [2025-09-13T16:16:40.680+0000] {dag.py:3036} INFO - Sync 1 DAGs
[2025-09-13T16:16:40.751+0000] {logging_mixin.py:188} INFO - [2025-09-13T16:16:40.751+0000] {dag.py:3823} INFO - Setting next_dagrun for ml_pipeline_orchestration to 2025-09-13 00:00:00+00:00, run_after=2025-09-14 00:00:00+00:00
[2025-09-13T16:16:41.488+0000] {processor.py:183} INFO - Processing /opt/airflow/dags/another.py took 1.052 seconds
[2025-09-13T16:17:12.324+0000] {processor.py:161} INFO - Started process (PID=187) to work on /opt/airflow/dags/another.py
[2025-09-13T16:17:12.333+0000] {processor.py:830} INFO - Processing file /opt/airflow/dags/another.py for tasks to queue
[2025-09-13T16:17:12.347+0000] {logging_mixin.py:188} INFO - [2025-09-13T16:17:12.345+0000] {dagbag.py:538} INFO - Filling up the DagBag from /opt/airflow/dags/another.py
[2025-09-13T16:17:12.946+0000] {processor.py:840} INFO - DAG(s) 'ml_pipeline_orchestration' retrieved from /opt/airflow/dags/another.py
[2025-09-13T16:17:25.841+0000] {logging_mixin.py:188} INFO - [2025-09-13T16:17:25.841+0000] {dag.py:3036} INFO - Sync 1 DAGs
[2025-09-13T16:17:26.194+0000] {logging_mixin.py:188} INFO - [2025-09-13T16:17:26.193+0000] {dag.py:3823} INFO - Setting next_dagrun for ml_pipeline_orchestration to 2025-09-13 00:00:00+00:00, run_after=2025-09-14 00:00:00+00:00
[2025-09-13T16:17:26.321+0000] {processor.py:183} INFO - Processing /opt/airflow/dags/another.py took 14.015 seconds
[2025-09-13T16:17:56.804+0000] {processor.py:161} INFO - Started process (PID=202) to work on /opt/airflow/dags/another.py
[2025-09-13T16:17:56.992+0000] {processor.py:830} INFO - Processing file /opt/airflow/dags/another.py for tasks to queue
[2025-09-13T16:17:57.072+0000] {logging_mixin.py:188} INFO - [2025-09-13T16:17:57.069+0000] {dagbag.py:538} INFO - Filling up the DagBag from /opt/airflow/dags/another.py
[2025-09-13T16:17:57.799+0000] {processor.py:840} INFO - DAG(s) 'ml_pipeline_orchestration' retrieved from /opt/airflow/dags/another.py
[2025-09-13T16:17:58.017+0000] {logging_mixin.py:188} INFO - [2025-09-13T16:17:58.016+0000] {dag.py:3036} INFO - Sync 1 DAGs
[2025-09-13T16:17:58.297+0000] {logging_mixin.py:188} INFO - [2025-09-13T16:17:58.296+0000] {dag.py:3823} INFO - Setting next_dagrun for ml_pipeline_orchestration to 2025-09-13 00:00:00+00:00, run_after=2025-09-14 00:00:00+00:00
[2025-09-13T16:17:58.449+0000] {processor.py:183} INFO - Processing /opt/airflow/dags/another.py took 1.667 seconds
[2025-09-13T16:18:29.155+0000] {processor.py:161} INFO - Started process (PID=217) to work on /opt/airflow/dags/another.py
[2025-09-13T16:18:29.161+0000] {processor.py:830} INFO - Processing file /opt/airflow/dags/another.py for tasks to queue
[2025-09-13T16:18:29.172+0000] {logging_mixin.py:188} INFO - [2025-09-13T16:18:29.171+0000] {dagbag.py:538} INFO - Filling up the DagBag from /opt/airflow/dags/another.py
[2025-09-13T16:18:29.316+0000] {processor.py:840} INFO - DAG(s) 'ml_pipeline_orchestration' retrieved from /opt/airflow/dags/another.py
[2025-09-13T16:18:29.635+0000] {logging_mixin.py:188} INFO - [2025-09-13T16:18:29.634+0000] {dag.py:3036} INFO - Sync 1 DAGs
[2025-09-13T16:18:29.822+0000] {logging_mixin.py:188} INFO - [2025-09-13T16:18:29.822+0000] {dag.py:3823} INFO - Setting next_dagrun for ml_pipeline_orchestration to 2025-09-13 00:00:00+00:00, run_after=2025-09-14 00:00:00+00:00
[2025-09-13T16:18:30.035+0000] {processor.py:183} INFO - Processing /opt/airflow/dags/another.py took 0.905 seconds
[2025-09-13T16:19:00.514+0000] {processor.py:161} INFO - Started process (PID=232) to work on /opt/airflow/dags/another.py
[2025-09-13T16:19:00.519+0000] {processor.py:830} INFO - Processing file /opt/airflow/dags/another.py for tasks to queue
[2025-09-13T16:19:00.531+0000] {logging_mixin.py:188} INFO - [2025-09-13T16:19:00.529+0000] {dagbag.py:538} INFO - Filling up the DagBag from /opt/airflow/dags/another.py
[2025-09-13T16:19:01.723+0000] {processor.py:840} INFO - DAG(s) 'ml_pipeline_orchestration' retrieved from /opt/airflow/dags/another.py
[2025-09-13T16:19:01.860+0000] {logging_mixin.py:188} INFO - [2025-09-13T16:19:01.859+0000] {dag.py:3036} INFO - Sync 1 DAGs
[2025-09-13T16:19:01.978+0000] {logging_mixin.py:188} INFO - [2025-09-13T16:19:01.977+0000] {dag.py:3823} INFO - Setting next_dagrun for ml_pipeline_orchestration to 2025-09-13 00:00:00+00:00, run_after=2025-09-14 00:00:00+00:00
[2025-09-13T16:19:02.090+0000] {processor.py:183} INFO - Processing /opt/airflow/dags/another.py took 1.594 seconds
[2025-09-13T16:19:32.674+0000] {processor.py:161} INFO - Started process (PID=247) to work on /opt/airflow/dags/another.py
[2025-09-13T16:19:32.679+0000] {processor.py:830} INFO - Processing file /opt/airflow/dags/another.py for tasks to queue
[2025-09-13T16:19:32.683+0000] {logging_mixin.py:188} INFO - [2025-09-13T16:19:32.681+0000] {dagbag.py:538} INFO - Filling up the DagBag from /opt/airflow/dags/another.py
[2025-09-13T16:19:32.818+0000] {processor.py:840} INFO - DAG(s) 'ml_pipeline_orchestration' retrieved from /opt/airflow/dags/another.py
[2025-09-13T16:19:32.832+0000] {logging_mixin.py:188} INFO - [2025-09-13T16:19:32.831+0000] {dag.py:3036} INFO - Sync 1 DAGs
[2025-09-13T16:19:32.896+0000] {logging_mixin.py:188} INFO - [2025-09-13T16:19:32.896+0000] {dag.py:3823} INFO - Setting next_dagrun for ml_pipeline_orchestration to 2025-09-13 00:00:00+00:00, run_after=2025-09-14 00:00:00+00:00
[2025-09-13T16:19:33.002+0000] {processor.py:183} INFO - Processing /opt/airflow/dags/another.py took 0.344 seconds
[2025-09-13T16:20:03.494+0000] {processor.py:161} INFO - Started process (PID=262) to work on /opt/airflow/dags/another.py
[2025-09-13T16:20:03.505+0000] {processor.py:830} INFO - Processing file /opt/airflow/dags/another.py for tasks to queue
[2025-09-13T16:20:03.516+0000] {logging_mixin.py:188} INFO - [2025-09-13T16:20:03.513+0000] {dagbag.py:538} INFO - Filling up the DagBag from /opt/airflow/dags/another.py
[2025-09-13T16:20:03.678+0000] {processor.py:840} INFO - DAG(s) 'ml_pipeline_orchestration' retrieved from /opt/airflow/dags/another.py
[2025-09-13T16:20:04.054+0000] {logging_mixin.py:188} INFO - [2025-09-13T16:20:04.054+0000] {dag.py:3036} INFO - Sync 1 DAGs
[2025-09-13T16:20:04.117+0000] {logging_mixin.py:188} INFO - [2025-09-13T16:20:04.114+0000] {dag.py:3823} INFO - Setting next_dagrun for ml_pipeline_orchestration to 2025-09-13 00:00:00+00:00, run_after=2025-09-14 00:00:00+00:00
[2025-09-13T16:20:04.410+0000] {processor.py:183} INFO - Processing /opt/airflow/dags/another.py took 0.945 seconds
[2025-09-13T16:20:34.881+0000] {processor.py:161} INFO - Started process (PID=280) to work on /opt/airflow/dags/another.py
[2025-09-13T16:20:34.887+0000] {processor.py:830} INFO - Processing file /opt/airflow/dags/another.py for tasks to queue
[2025-09-13T16:20:34.892+0000] {logging_mixin.py:188} INFO - [2025-09-13T16:20:34.891+0000] {dagbag.py:538} INFO - Filling up the DagBag from /opt/airflow/dags/another.py
[2025-09-13T16:20:35.036+0000] {processor.py:840} INFO - DAG(s) 'ml_pipeline_orchestration' retrieved from /opt/airflow/dags/another.py
[2025-09-13T16:20:35.050+0000] {logging_mixin.py:188} INFO - [2025-09-13T16:20:35.049+0000] {dag.py:3036} INFO - Sync 1 DAGs
[2025-09-13T16:20:35.149+0000] {logging_mixin.py:188} INFO - [2025-09-13T16:20:35.148+0000] {dag.py:3823} INFO - Setting next_dagrun for ml_pipeline_orchestration to 2025-09-13 00:00:00+00:00, run_after=2025-09-14 00:00:00+00:00
[2025-09-13T16:20:35.235+0000] {processor.py:183} INFO - Processing /opt/airflow/dags/another.py took 0.363 seconds
[2025-09-13T16:21:05.714+0000] {processor.py:161} INFO - Started process (PID=295) to work on /opt/airflow/dags/another.py
[2025-09-13T16:21:05.722+0000] {processor.py:830} INFO - Processing file /opt/airflow/dags/another.py for tasks to queue
[2025-09-13T16:21:05.728+0000] {logging_mixin.py:188} INFO - [2025-09-13T16:21:05.726+0000] {dagbag.py:538} INFO - Filling up the DagBag from /opt/airflow/dags/another.py
[2025-09-13T16:21:05.844+0000] {processor.py:840} INFO - DAG(s) 'ml_pipeline_orchestration' retrieved from /opt/airflow/dags/another.py
[2025-09-13T16:21:06.139+0000] {logging_mixin.py:188} INFO - [2025-09-13T16:21:06.139+0000] {dag.py:3036} INFO - Sync 1 DAGs
[2025-09-13T16:21:06.217+0000] {logging_mixin.py:188} INFO - [2025-09-13T16:21:06.217+0000] {dag.py:3823} INFO - Setting next_dagrun for ml_pipeline_orchestration to 2025-09-13 00:00:00+00:00, run_after=2025-09-14 00:00:00+00:00
[2025-09-13T16:21:06.647+0000] {processor.py:183} INFO - Processing /opt/airflow/dags/another.py took 0.955 seconds
[2025-09-13T16:21:37.038+0000] {processor.py:161} INFO - Started process (PID=312) to work on /opt/airflow/dags/another.py
[2025-09-13T16:21:37.043+0000] {processor.py:830} INFO - Processing file /opt/airflow/dags/another.py for tasks to queue
[2025-09-13T16:21:37.047+0000] {logging_mixin.py:188} INFO - [2025-09-13T16:21:37.046+0000] {dagbag.py:538} INFO - Filling up the DagBag from /opt/airflow/dags/another.py
[2025-09-13T16:21:37.151+0000] {processor.py:840} INFO - DAG(s) 'ml_pipeline_orchestration' retrieved from /opt/airflow/dags/another.py
[2025-09-13T16:21:37.160+0000] {logging_mixin.py:188} INFO - [2025-09-13T16:21:37.160+0000] {dag.py:3036} INFO - Sync 1 DAGs
[2025-09-13T16:21:37.262+0000] {logging_mixin.py:188} INFO - [2025-09-13T16:21:37.262+0000] {dag.py:3823} INFO - Setting next_dagrun for ml_pipeline_orchestration to 2025-09-13 00:00:00+00:00, run_after=2025-09-14 00:00:00+00:00
[2025-09-13T16:21:37.338+0000] {processor.py:183} INFO - Processing /opt/airflow/dags/another.py took 0.311 seconds
[2025-09-13T16:22:07.868+0000] {processor.py:161} INFO - Started process (PID=322) to work on /opt/airflow/dags/another.py
[2025-09-13T16:22:07.872+0000] {processor.py:830} INFO - Processing file /opt/airflow/dags/another.py for tasks to queue
[2025-09-13T16:22:07.876+0000] {logging_mixin.py:188} INFO - [2025-09-13T16:22:07.875+0000] {dagbag.py:538} INFO - Filling up the DagBag from /opt/airflow/dags/another.py
[2025-09-13T16:22:08.007+0000] {processor.py:840} INFO - DAG(s) 'ml_pipeline_orchestration' retrieved from /opt/airflow/dags/another.py
[2025-09-13T16:22:08.388+0000] {logging_mixin.py:188} INFO - [2025-09-13T16:22:08.387+0000] {dag.py:3036} INFO - Sync 1 DAGs
[2025-09-13T16:22:08.458+0000] {logging_mixin.py:188} INFO - [2025-09-13T16:22:08.458+0000] {dag.py:3823} INFO - Setting next_dagrun for ml_pipeline_orchestration to 2025-09-13 00:00:00+00:00, run_after=2025-09-14 00:00:00+00:00
[2025-09-13T16:22:08.536+0000] {processor.py:183} INFO - Processing /opt/airflow/dags/another.py took 0.685 seconds
[2025-09-13T16:22:39.072+0000] {processor.py:161} INFO - Started process (PID=339) to work on /opt/airflow/dags/another.py
[2025-09-13T16:22:39.077+0000] {processor.py:830} INFO - Processing file /opt/airflow/dags/another.py for tasks to queue
[2025-09-13T16:22:39.081+0000] {logging_mixin.py:188} INFO - [2025-09-13T16:22:39.080+0000] {dagbag.py:538} INFO - Filling up the DagBag from /opt/airflow/dags/another.py
[2025-09-13T16:22:39.392+0000] {processor.py:840} INFO - DAG(s) 'ml_pipeline_orchestration' retrieved from /opt/airflow/dags/another.py
[2025-09-13T16:22:39.492+0000] {logging_mixin.py:188} INFO - [2025-09-13T16:22:39.491+0000] {dag.py:3036} INFO - Sync 1 DAGs
[2025-09-13T16:22:39.560+0000] {logging_mixin.py:188} INFO - [2025-09-13T16:22:39.559+0000] {dag.py:3823} INFO - Setting next_dagrun for ml_pipeline_orchestration to 2025-09-13 00:00:00+00:00, run_after=2025-09-14 00:00:00+00:00
[2025-09-13T16:22:39.625+0000] {processor.py:183} INFO - Processing /opt/airflow/dags/another.py took 0.628 seconds
[2025-09-13T16:23:10.193+0000] {processor.py:161} INFO - Started process (PID=354) to work on /opt/airflow/dags/another.py
[2025-09-13T16:23:10.198+0000] {processor.py:830} INFO - Processing file /opt/airflow/dags/another.py for tasks to queue
[2025-09-13T16:23:10.204+0000] {logging_mixin.py:188} INFO - [2025-09-13T16:23:10.202+0000] {dagbag.py:538} INFO - Filling up the DagBag from /opt/airflow/dags/another.py
[2025-09-13T16:23:10.315+0000] {processor.py:840} INFO - DAG(s) 'ml_pipeline_orchestration' retrieved from /opt/airflow/dags/another.py
[2025-09-13T16:23:10.708+0000] {logging_mixin.py:188} INFO - [2025-09-13T16:23:10.708+0000] {dag.py:3036} INFO - Sync 1 DAGs
[2025-09-13T16:23:10.864+0000] {logging_mixin.py:188} INFO - [2025-09-13T16:23:10.863+0000] {dag.py:3823} INFO - Setting next_dagrun for ml_pipeline_orchestration to 2025-09-13 00:00:00+00:00, run_after=2025-09-14 00:00:00+00:00
[2025-09-13T16:23:10.969+0000] {processor.py:183} INFO - Processing /opt/airflow/dags/another.py took 0.793 seconds
[2025-09-13T16:23:41.493+0000] {processor.py:161} INFO - Started process (PID=369) to work on /opt/airflow/dags/another.py
[2025-09-13T16:23:41.505+0000] {processor.py:830} INFO - Processing file /opt/airflow/dags/another.py for tasks to queue
[2025-09-13T16:23:41.513+0000] {logging_mixin.py:188} INFO - [2025-09-13T16:23:41.509+0000] {dagbag.py:538} INFO - Filling up the DagBag from /opt/airflow/dags/another.py
[2025-09-13T16:23:41.800+0000] {processor.py:840} INFO - DAG(s) 'ml_pipeline_orchestration' retrieved from /opt/airflow/dags/another.py
[2025-09-13T16:23:42.027+0000] {logging_mixin.py:188} INFO - [2025-09-13T16:23:42.026+0000] {dag.py:3036} INFO - Sync 1 DAGs
[2025-09-13T16:23:42.262+0000] {logging_mixin.py:188} INFO - [2025-09-13T16:23:42.261+0000] {dag.py:3823} INFO - Setting next_dagrun for ml_pipeline_orchestration to 2025-09-13 00:00:00+00:00, run_after=2025-09-14 00:00:00+00:00
[2025-09-13T16:23:44.440+0000] {processor.py:183} INFO - Processing /opt/airflow/dags/another.py took 2.967 seconds
[2025-09-13T16:24:14.899+0000] {processor.py:161} INFO - Started process (PID=384) to work on /opt/airflow/dags/another.py
[2025-09-13T16:24:14.905+0000] {processor.py:830} INFO - Processing file /opt/airflow/dags/another.py for tasks to queue
[2025-09-13T16:24:14.915+0000] {logging_mixin.py:188} INFO - [2025-09-13T16:24:14.914+0000] {dagbag.py:538} INFO - Filling up the DagBag from /opt/airflow/dags/another.py
[2025-09-13T16:24:15.096+0000] {processor.py:840} INFO - DAG(s) 'ml_pipeline_orchestration' retrieved from /opt/airflow/dags/another.py
[2025-09-13T16:24:15.916+0000] {logging_mixin.py:188} INFO - [2025-09-13T16:24:15.915+0000] {dag.py:3036} INFO - Sync 1 DAGs
[2025-09-13T16:24:15.984+0000] {logging_mixin.py:188} INFO - [2025-09-13T16:24:15.983+0000] {dag.py:3823} INFO - Setting next_dagrun for ml_pipeline_orchestration to 2025-09-13 00:00:00+00:00, run_after=2025-09-14 00:00:00+00:00
[2025-09-13T16:24:16.065+0000] {processor.py:183} INFO - Processing /opt/airflow/dags/another.py took 1.188 seconds
[2025-09-13T16:24:46.212+0000] {processor.py:161} INFO - Started process (PID=402) to work on /opt/airflow/dags/another.py
[2025-09-13T16:24:46.214+0000] {processor.py:830} INFO - Processing file /opt/airflow/dags/another.py for tasks to queue
[2025-09-13T16:24:46.220+0000] {logging_mixin.py:188} INFO - [2025-09-13T16:24:46.219+0000] {dagbag.py:538} INFO - Filling up the DagBag from /opt/airflow/dags/another.py
[2025-09-13T16:24:46.399+0000] {processor.py:840} INFO - DAG(s) 'ml_pipeline_orchestration' retrieved from /opt/airflow/dags/another.py
[2025-09-13T16:24:46.479+0000] {logging_mixin.py:188} INFO - [2025-09-13T16:24:46.478+0000] {dag.py:3036} INFO - Sync 1 DAGs
[2025-09-13T16:24:46.682+0000] {logging_mixin.py:188} INFO - [2025-09-13T16:24:46.682+0000] {dag.py:3823} INFO - Setting next_dagrun for ml_pipeline_orchestration to 2025-09-13 00:00:00+00:00, run_after=2025-09-14 00:00:00+00:00
[2025-09-13T16:24:46.930+0000] {processor.py:183} INFO - Processing /opt/airflow/dags/another.py took 0.729 seconds
[2025-09-13T16:25:17.187+0000] {processor.py:161} INFO - Started process (PID=419) to work on /opt/airflow/dags/another.py
[2025-09-13T16:25:17.192+0000] {processor.py:830} INFO - Processing file /opt/airflow/dags/another.py for tasks to queue
[2025-09-13T16:25:17.196+0000] {logging_mixin.py:188} INFO - [2025-09-13T16:25:17.194+0000] {dagbag.py:538} INFO - Filling up the DagBag from /opt/airflow/dags/another.py
[2025-09-13T16:25:17.284+0000] {processor.py:840} INFO - DAG(s) 'ml_pipeline_orchestration' retrieved from /opt/airflow/dags/another.py
[2025-09-13T16:25:17.605+0000] {logging_mixin.py:188} INFO - [2025-09-13T16:25:17.604+0000] {dag.py:3036} INFO - Sync 1 DAGs
[2025-09-13T16:25:17.695+0000] {logging_mixin.py:188} INFO - [2025-09-13T16:25:17.694+0000] {dag.py:3823} INFO - Setting next_dagrun for ml_pipeline_orchestration to 2025-09-13 00:00:00+00:00, run_after=2025-09-14 00:00:00+00:00
[2025-09-13T16:25:17.778+0000] {processor.py:183} INFO - Processing /opt/airflow/dags/another.py took 0.604 seconds
[2025-09-13T16:25:48.760+0000] {processor.py:161} INFO - Started process (PID=434) to work on /opt/airflow/dags/another.py
[2025-09-13T16:25:48.764+0000] {processor.py:830} INFO - Processing file /opt/airflow/dags/another.py for tasks to queue
[2025-09-13T16:25:48.769+0000] {logging_mixin.py:188} INFO - [2025-09-13T16:25:48.768+0000] {dagbag.py:538} INFO - Filling up the DagBag from /opt/airflow/dags/another.py
[2025-09-13T16:25:48.849+0000] {processor.py:840} INFO - DAG(s) 'ml_pipeline_orchestration' retrieved from /opt/airflow/dags/another.py
[2025-09-13T16:25:48.897+0000] {logging_mixin.py:188} INFO - [2025-09-13T16:25:48.897+0000] {dag.py:3036} INFO - Sync 1 DAGs
[2025-09-13T16:25:48.947+0000] {logging_mixin.py:188} INFO - [2025-09-13T16:25:48.946+0000] {dag.py:3823} INFO - Setting next_dagrun for ml_pipeline_orchestration to 2025-09-13 00:00:00+00:00, run_after=2025-09-14 00:00:00+00:00
[2025-09-13T16:25:49.004+0000] {processor.py:183} INFO - Processing /opt/airflow/dags/another.py took 0.254 seconds
[2025-09-13T16:26:19.688+0000] {processor.py:161} INFO - Started process (PID=458) to work on /opt/airflow/dags/another.py
[2025-09-13T16:26:19.692+0000] {processor.py:830} INFO - Processing file /opt/airflow/dags/another.py for tasks to queue
[2025-09-13T16:26:19.697+0000] {logging_mixin.py:188} INFO - [2025-09-13T16:26:19.696+0000] {dagbag.py:538} INFO - Filling up the DagBag from /opt/airflow/dags/another.py
[2025-09-13T16:26:19.836+0000] {processor.py:840} INFO - DAG(s) 'ml_pipeline_orchestration' retrieved from /opt/airflow/dags/another.py
[2025-09-13T16:26:19.847+0000] {logging_mixin.py:188} INFO - [2025-09-13T16:26:19.846+0000] {dag.py:3036} INFO - Sync 1 DAGs
[2025-09-13T16:26:19.916+0000] {logging_mixin.py:188} INFO - [2025-09-13T16:26:19.915+0000] {dag.py:3823} INFO - Setting next_dagrun for ml_pipeline_orchestration to 2025-09-13 00:00:00+00:00, run_after=2025-09-14 00:00:00+00:00
[2025-09-13T16:26:19.989+0000] {processor.py:183} INFO - Processing /opt/airflow/dags/another.py took 0.314 seconds
[2025-09-13T16:26:50.524+0000] {processor.py:161} INFO - Started process (PID=471) to work on /opt/airflow/dags/another.py
[2025-09-13T16:26:50.528+0000] {processor.py:830} INFO - Processing file /opt/airflow/dags/another.py for tasks to queue
[2025-09-13T16:26:50.534+0000] {logging_mixin.py:188} INFO - [2025-09-13T16:26:50.532+0000] {dagbag.py:538} INFO - Filling up the DagBag from /opt/airflow/dags/another.py
[2025-09-13T16:26:50.680+0000] {processor.py:840} INFO - DAG(s) 'ml_pipeline_orchestration' retrieved from /opt/airflow/dags/another.py
[2025-09-13T16:26:51.051+0000] {logging_mixin.py:188} INFO - [2025-09-13T16:26:51.050+0000] {dag.py:3036} INFO - Sync 1 DAGs
[2025-09-13T16:26:57.175+0000] {logging_mixin.py:188} INFO - [2025-09-13T16:26:57.175+0000] {dag.py:3823} INFO - Setting next_dagrun for ml_pipeline_orchestration to 2025-09-13 00:00:00+00:00, run_after=2025-09-14 00:00:00+00:00
[2025-09-13T16:26:58.212+0000] {processor.py:183} INFO - Processing /opt/airflow/dags/another.py took 7.698 seconds
[2025-09-13T16:27:28.345+0000] {processor.py:161} INFO - Started process (PID=488) to work on /opt/airflow/dags/another.py
[2025-09-13T16:27:28.351+0000] {processor.py:830} INFO - Processing file /opt/airflow/dags/another.py for tasks to queue
[2025-09-13T16:27:28.361+0000] {logging_mixin.py:188} INFO - [2025-09-13T16:27:28.360+0000] {dagbag.py:538} INFO - Filling up the DagBag from /opt/airflow/dags/another.py
[2025-09-13T16:27:28.504+0000] {processor.py:840} INFO - DAG(s) 'ml_pipeline_orchestration' retrieved from /opt/airflow/dags/another.py
[2025-09-13T16:27:28.526+0000] {logging_mixin.py:188} INFO - [2025-09-13T16:27:28.526+0000] {dag.py:3036} INFO - Sync 1 DAGs
[2025-09-13T16:27:28.622+0000] {logging_mixin.py:188} INFO - [2025-09-13T16:27:28.621+0000] {dag.py:3823} INFO - Setting next_dagrun for ml_pipeline_orchestration to 2025-09-13 00:00:00+00:00, run_after=2025-09-14 00:00:00+00:00
[2025-09-13T16:27:28.750+0000] {processor.py:183} INFO - Processing /opt/airflow/dags/another.py took 0.418 seconds
[2025-09-13T16:27:59.353+0000] {processor.py:161} INFO - Started process (PID=510) to work on /opt/airflow/dags/another.py
[2025-09-13T16:27:59.364+0000] {processor.py:830} INFO - Processing file /opt/airflow/dags/another.py for tasks to queue
[2025-09-13T16:27:59.397+0000] {logging_mixin.py:188} INFO - [2025-09-13T16:27:59.394+0000] {dagbag.py:538} INFO - Filling up the DagBag from /opt/airflow/dags/another.py
[2025-09-13T16:28:00.418+0000] {processor.py:840} INFO - DAG(s) 'ml_pipeline_orchestration' retrieved from /opt/airflow/dags/another.py
[2025-09-13T16:28:01.384+0000] {logging_mixin.py:188} INFO - [2025-09-13T16:28:01.382+0000] {dag.py:3036} INFO - Sync 1 DAGs
[2025-09-13T16:28:01.567+0000] {logging_mixin.py:188} INFO - [2025-09-13T16:28:01.565+0000] {dag.py:3823} INFO - Setting next_dagrun for ml_pipeline_orchestration to 2025-09-13 00:00:00+00:00, run_after=2025-09-14 00:00:00+00:00
[2025-09-13T16:28:02.249+0000] {processor.py:183} INFO - Processing /opt/airflow/dags/another.py took 2.934 seconds
[2025-09-13T16:28:32.531+0000] {processor.py:161} INFO - Started process (PID=527) to work on /opt/airflow/dags/another.py
[2025-09-13T16:28:32.539+0000] {processor.py:830} INFO - Processing file /opt/airflow/dags/another.py for tasks to queue
[2025-09-13T16:28:32.544+0000] {logging_mixin.py:188} INFO - [2025-09-13T16:28:32.543+0000] {dagbag.py:538} INFO - Filling up the DagBag from /opt/airflow/dags/another.py
[2025-09-13T16:28:32.653+0000] {processor.py:840} INFO - DAG(s) 'ml_pipeline_orchestration' retrieved from /opt/airflow/dags/another.py
[2025-09-13T16:28:32.675+0000] {logging_mixin.py:188} INFO - [2025-09-13T16:28:32.674+0000] {dag.py:3036} INFO - Sync 1 DAGs
[2025-09-13T16:28:32.795+0000] {logging_mixin.py:188} INFO - [2025-09-13T16:28:32.795+0000] {dag.py:3823} INFO - Setting next_dagrun for ml_pipeline_orchestration to 2025-09-13 00:00:00+00:00, run_after=2025-09-14 00:00:00+00:00
[2025-09-13T16:28:32.880+0000] {processor.py:183} INFO - Processing /opt/airflow/dags/another.py took 0.366 seconds
[2025-09-13T16:29:03.684+0000] {processor.py:161} INFO - Started process (PID=540) to work on /opt/airflow/dags/another.py
[2025-09-13T16:29:03.696+0000] {processor.py:830} INFO - Processing file /opt/airflow/dags/another.py for tasks to queue
[2025-09-13T16:29:03.710+0000] {logging_mixin.py:188} INFO - [2025-09-13T16:29:03.707+0000] {dagbag.py:538} INFO - Filling up the DagBag from /opt/airflow/dags/another.py
[2025-09-13T16:29:04.190+0000] {processor.py:840} INFO - DAG(s) 'ml_pipeline_orchestration' retrieved from /opt/airflow/dags/another.py
[2025-09-13T16:29:05.389+0000] {logging_mixin.py:188} INFO - [2025-09-13T16:29:05.387+0000] {dag.py:3036} INFO - Sync 1 DAGs
[2025-09-13T16:29:05.595+0000] {logging_mixin.py:188} INFO - [2025-09-13T16:29:05.594+0000] {dag.py:3823} INFO - Setting next_dagrun for ml_pipeline_orchestration to 2025-09-13 00:00:00+00:00, run_after=2025-09-14 00:00:00+00:00
[2025-09-13T16:29:05.766+0000] {processor.py:183} INFO - Processing /opt/airflow/dags/another.py took 2.118 seconds
[2025-09-13T16:29:36.096+0000] {processor.py:161} INFO - Started process (PID=557) to work on /opt/airflow/dags/another.py
[2025-09-13T16:29:36.108+0000] {processor.py:830} INFO - Processing file /opt/airflow/dags/another.py for tasks to queue
[2025-09-13T16:29:36.120+0000] {logging_mixin.py:188} INFO - [2025-09-13T16:29:36.114+0000] {dagbag.py:538} INFO - Filling up the DagBag from /opt/airflow/dags/another.py
[2025-09-13T16:29:36.400+0000] {processor.py:840} INFO - DAG(s) 'ml_pipeline_orchestration' retrieved from /opt/airflow/dags/another.py
[2025-09-13T16:29:36.576+0000] {logging_mixin.py:188} INFO - [2025-09-13T16:29:36.575+0000] {dag.py:3036} INFO - Sync 1 DAGs
[2025-09-13T16:29:36.659+0000] {logging_mixin.py:188} INFO - [2025-09-13T16:29:36.658+0000] {dag.py:3823} INFO - Setting next_dagrun for ml_pipeline_orchestration to 2025-09-13 00:00:00+00:00, run_after=2025-09-14 00:00:00+00:00
[2025-09-13T16:29:36.800+0000] {processor.py:183} INFO - Processing /opt/airflow/dags/another.py took 0.726 seconds
[2025-09-13T16:30:07.282+0000] {processor.py:161} INFO - Started process (PID=572) to work on /opt/airflow/dags/another.py
[2025-09-13T16:30:07.288+0000] {processor.py:830} INFO - Processing file /opt/airflow/dags/another.py for tasks to queue
[2025-09-13T16:30:07.294+0000] {logging_mixin.py:188} INFO - [2025-09-13T16:30:07.293+0000] {dagbag.py:538} INFO - Filling up the DagBag from /opt/airflow/dags/another.py
[2025-09-13T16:30:07.415+0000] {processor.py:840} INFO - DAG(s) 'ml_pipeline_orchestration' retrieved from /opt/airflow/dags/another.py
[2025-09-13T16:30:07.717+0000] {logging_mixin.py:188} INFO - [2025-09-13T16:30:07.717+0000] {dag.py:3036} INFO - Sync 1 DAGs
[2025-09-13T16:30:07.764+0000] {logging_mixin.py:188} INFO - [2025-09-13T16:30:07.764+0000] {dag.py:3823} INFO - Setting next_dagrun for ml_pipeline_orchestration to 2025-09-13 00:00:00+00:00, run_after=2025-09-14 00:00:00+00:00
[2025-09-13T16:30:07.856+0000] {processor.py:183} INFO - Processing /opt/airflow/dags/another.py took 0.593 seconds
[2025-09-13T16:30:38.432+0000] {processor.py:161} INFO - Started process (PID=587) to work on /opt/airflow/dags/another.py
[2025-09-13T16:30:38.442+0000] {processor.py:830} INFO - Processing file /opt/airflow/dags/another.py for tasks to queue
[2025-09-13T16:30:38.451+0000] {logging_mixin.py:188} INFO - [2025-09-13T16:30:38.448+0000] {dagbag.py:538} INFO - Filling up the DagBag from /opt/airflow/dags/another.py
[2025-09-13T16:30:38.612+0000] {processor.py:840} INFO - DAG(s) 'ml_pipeline_orchestration' retrieved from /opt/airflow/dags/another.py
[2025-09-13T16:30:38.676+0000] {logging_mixin.py:188} INFO - [2025-09-13T16:30:38.675+0000] {dag.py:3036} INFO - Sync 1 DAGs
[2025-09-13T16:30:38.747+0000] {logging_mixin.py:188} INFO - [2025-09-13T16:30:38.746+0000] {dag.py:3823} INFO - Setting next_dagrun for ml_pipeline_orchestration to 2025-09-13 00:00:00+00:00, run_after=2025-09-14 00:00:00+00:00
[2025-09-13T16:30:38.856+0000] {processor.py:183} INFO - Processing /opt/airflow/dags/another.py took 0.438 seconds
[2025-09-13T16:31:09.365+0000] {processor.py:161} INFO - Started process (PID=602) to work on /opt/airflow/dags/another.py
[2025-09-13T16:31:09.371+0000] {processor.py:830} INFO - Processing file /opt/airflow/dags/another.py for tasks to queue
[2025-09-13T16:31:09.377+0000] {logging_mixin.py:188} INFO - [2025-09-13T16:31:09.375+0000] {dagbag.py:538} INFO - Filling up the DagBag from /opt/airflow/dags/another.py
[2025-09-13T16:31:09.502+0000] {processor.py:840} INFO - DAG(s) 'ml_pipeline_orchestration' retrieved from /opt/airflow/dags/another.py
[2025-09-13T16:31:09.514+0000] {logging_mixin.py:188} INFO - [2025-09-13T16:31:09.513+0000] {dag.py:3036} INFO - Sync 1 DAGs
[2025-09-13T16:31:09.585+0000] {logging_mixin.py:188} INFO - [2025-09-13T16:31:09.584+0000] {dag.py:3823} INFO - Setting next_dagrun for ml_pipeline_orchestration to 2025-09-13 00:00:00+00:00, run_after=2025-09-14 00:00:00+00:00
[2025-09-13T16:31:09.653+0000] {processor.py:183} INFO - Processing /opt/airflow/dags/another.py took 0.313 seconds
[2025-09-13T16:31:40.160+0000] {processor.py:161} INFO - Started process (PID=619) to work on /opt/airflow/dags/another.py
[2025-09-13T16:31:40.176+0000] {processor.py:830} INFO - Processing file /opt/airflow/dags/another.py for tasks to queue
[2025-09-13T16:31:40.181+0000] {logging_mixin.py:188} INFO - [2025-09-13T16:31:40.179+0000] {dagbag.py:538} INFO - Filling up the DagBag from /opt/airflow/dags/another.py
[2025-09-13T16:31:40.320+0000] {processor.py:840} INFO - DAG(s) 'ml_pipeline_orchestration' retrieved from /opt/airflow/dags/another.py
[2025-09-13T16:31:40.615+0000] {logging_mixin.py:188} INFO - [2025-09-13T16:31:40.614+0000] {dag.py:3036} INFO - Sync 1 DAGs
[2025-09-13T16:31:40.675+0000] {logging_mixin.py:188} INFO - [2025-09-13T16:31:40.674+0000] {dag.py:3823} INFO - Setting next_dagrun for ml_pipeline_orchestration to 2025-09-13 00:00:00+00:00, run_after=2025-09-14 00:00:00+00:00
[2025-09-13T16:31:40.743+0000] {processor.py:183} INFO - Processing /opt/airflow/dags/another.py took 0.599 seconds
[2025-09-13T16:32:11.229+0000] {processor.py:161} INFO - Started process (PID=634) to work on /opt/airflow/dags/another.py
[2025-09-13T16:32:11.233+0000] {processor.py:830} INFO - Processing file /opt/airflow/dags/another.py for tasks to queue
[2025-09-13T16:32:11.243+0000] {logging_mixin.py:188} INFO - [2025-09-13T16:32:11.241+0000] {dagbag.py:538} INFO - Filling up the DagBag from /opt/airflow/dags/another.py
[2025-09-13T16:32:11.404+0000] {processor.py:840} INFO - DAG(s) 'ml_pipeline_orchestration' retrieved from /opt/airflow/dags/another.py
[2025-09-13T16:32:11.508+0000] {logging_mixin.py:188} INFO - [2025-09-13T16:32:11.507+0000] {dag.py:3036} INFO - Sync 1 DAGs
[2025-09-13T16:32:11.579+0000] {logging_mixin.py:188} INFO - [2025-09-13T16:32:11.578+0000] {dag.py:3823} INFO - Setting next_dagrun for ml_pipeline_orchestration to 2025-09-13 00:00:00+00:00, run_after=2025-09-14 00:00:00+00:00
[2025-09-13T16:32:11.975+0000] {processor.py:183} INFO - Processing /opt/airflow/dags/another.py took 0.757 seconds
[2025-09-13T16:32:42.168+0000] {processor.py:161} INFO - Started process (PID=650) to work on /opt/airflow/dags/another.py
[2025-09-13T16:32:42.174+0000] {processor.py:830} INFO - Processing file /opt/airflow/dags/another.py for tasks to queue
[2025-09-13T16:32:42.179+0000] {logging_mixin.py:188} INFO - [2025-09-13T16:32:42.177+0000] {dagbag.py:538} INFO - Filling up the DagBag from /opt/airflow/dags/another.py
[2025-09-13T16:32:42.365+0000] {processor.py:840} INFO - DAG(s) 'ml_pipeline_orchestration' retrieved from /opt/airflow/dags/another.py
[2025-09-13T16:32:42.384+0000] {logging_mixin.py:188} INFO - [2025-09-13T16:32:42.383+0000] {dag.py:3036} INFO - Sync 1 DAGs
[2025-09-13T16:32:42.511+0000] {logging_mixin.py:188} INFO - [2025-09-13T16:32:42.510+0000] {dag.py:3823} INFO - Setting next_dagrun for ml_pipeline_orchestration to 2025-09-13 00:00:00+00:00, run_after=2025-09-14 00:00:00+00:00
[2025-09-13T16:32:43.376+0000] {processor.py:183} INFO - Processing /opt/airflow/dags/another.py took 1.223 seconds
[2025-09-13T16:33:13.795+0000] {processor.py:161} INFO - Started process (PID=666) to work on /opt/airflow/dags/another.py
[2025-09-13T16:33:13.799+0000] {processor.py:830} INFO - Processing file /opt/airflow/dags/another.py for tasks to queue
[2025-09-13T16:33:13.804+0000] {logging_mixin.py:188} INFO - [2025-09-13T16:33:13.802+0000] {dagbag.py:538} INFO - Filling up the DagBag from /opt/airflow/dags/another.py
[2025-09-13T16:33:13.922+0000] {processor.py:840} INFO - DAG(s) 'ml_pipeline_orchestration' retrieved from /opt/airflow/dags/another.py
[2025-09-13T16:33:14.202+0000] {logging_mixin.py:188} INFO - [2025-09-13T16:33:14.201+0000] {dag.py:3036} INFO - Sync 1 DAGs
[2025-09-13T16:33:14.256+0000] {logging_mixin.py:188} INFO - [2025-09-13T16:33:14.256+0000] {dag.py:3823} INFO - Setting next_dagrun for ml_pipeline_orchestration to 2025-09-13 00:00:00+00:00, run_after=2025-09-14 00:00:00+00:00
[2025-09-13T16:33:14.566+0000] {processor.py:183} INFO - Processing /opt/airflow/dags/another.py took 0.785 seconds
[2025-09-13T16:33:45.064+0000] {processor.py:161} INFO - Started process (PID=681) to work on /opt/airflow/dags/another.py
[2025-09-13T16:33:45.070+0000] {processor.py:830} INFO - Processing file /opt/airflow/dags/another.py for tasks to queue
[2025-09-13T16:33:45.076+0000] {logging_mixin.py:188} INFO - [2025-09-13T16:33:45.075+0000] {dagbag.py:538} INFO - Filling up the DagBag from /opt/airflow/dags/another.py
[2025-09-13T16:33:45.202+0000] {processor.py:840} INFO - DAG(s) 'ml_pipeline_orchestration' retrieved from /opt/airflow/dags/another.py
[2025-09-13T16:33:45.249+0000] {logging_mixin.py:188} INFO - [2025-09-13T16:33:45.248+0000] {dag.py:3036} INFO - Sync 1 DAGs
[2025-09-13T16:33:45.308+0000] {logging_mixin.py:188} INFO - [2025-09-13T16:33:45.308+0000] {dag.py:3823} INFO - Setting next_dagrun for ml_pipeline_orchestration to 2025-09-13 00:00:00+00:00, run_after=2025-09-14 00:00:00+00:00
[2025-09-13T16:33:45.385+0000] {processor.py:183} INFO - Processing /opt/airflow/dags/another.py took 0.346 seconds
[2025-09-13T16:34:15.707+0000] {processor.py:161} INFO - Started process (PID=696) to work on /opt/airflow/dags/another.py
[2025-09-13T16:34:15.712+0000] {processor.py:830} INFO - Processing file /opt/airflow/dags/another.py for tasks to queue
[2025-09-13T16:34:15.719+0000] {logging_mixin.py:188} INFO - [2025-09-13T16:34:15.718+0000] {dagbag.py:538} INFO - Filling up the DagBag from /opt/airflow/dags/another.py
[2025-09-13T16:34:15.831+0000] {processor.py:840} INFO - DAG(s) 'ml_pipeline_orchestration' retrieved from /opt/airflow/dags/another.py
[2025-09-13T16:34:15.840+0000] {logging_mixin.py:188} INFO - [2025-09-13T16:34:15.840+0000] {dag.py:3036} INFO - Sync 1 DAGs
[2025-09-13T16:34:15.902+0000] {logging_mixin.py:188} INFO - [2025-09-13T16:34:15.902+0000] {dag.py:3823} INFO - Setting next_dagrun for ml_pipeline_orchestration to 2025-09-13 00:00:00+00:00, run_after=2025-09-14 00:00:00+00:00
[2025-09-13T16:34:16.008+0000] {processor.py:183} INFO - Processing /opt/airflow/dags/another.py took 0.326 seconds
[2025-09-13T16:34:46.533+0000] {processor.py:161} INFO - Started process (PID=711) to work on /opt/airflow/dags/another.py
[2025-09-13T16:34:46.536+0000] {processor.py:830} INFO - Processing file /opt/airflow/dags/another.py for tasks to queue
[2025-09-13T16:34:46.541+0000] {logging_mixin.py:188} INFO - [2025-09-13T16:34:46.540+0000] {dagbag.py:538} INFO - Filling up the DagBag from /opt/airflow/dags/another.py
[2025-09-13T16:34:46.737+0000] {processor.py:840} INFO - DAG(s) 'ml_pipeline_orchestration' retrieved from /opt/airflow/dags/another.py
[2025-09-13T16:34:47.017+0000] {logging_mixin.py:188} INFO - [2025-09-13T16:34:47.016+0000] {dag.py:3036} INFO - Sync 1 DAGs
[2025-09-13T16:34:47.077+0000] {logging_mixin.py:188} INFO - [2025-09-13T16:34:47.077+0000] {dag.py:3823} INFO - Setting next_dagrun for ml_pipeline_orchestration to 2025-09-13 00:00:00+00:00, run_after=2025-09-14 00:00:00+00:00
[2025-09-13T16:34:47.173+0000] {processor.py:183} INFO - Processing /opt/airflow/dags/another.py took 0.654 seconds
[2025-09-13T16:35:17.651+0000] {processor.py:161} INFO - Started process (PID=726) to work on /opt/airflow/dags/another.py
[2025-09-13T16:35:17.655+0000] {processor.py:830} INFO - Processing file /opt/airflow/dags/another.py for tasks to queue
[2025-09-13T16:35:17.661+0000] {logging_mixin.py:188} INFO - [2025-09-13T16:35:17.660+0000] {dagbag.py:538} INFO - Filling up the DagBag from /opt/airflow/dags/another.py
[2025-09-13T16:35:17.805+0000] {processor.py:840} INFO - DAG(s) 'ml_pipeline_orchestration' retrieved from /opt/airflow/dags/another.py
[2025-09-13T16:35:17.907+0000] {logging_mixin.py:188} INFO - [2025-09-13T16:35:17.906+0000] {dag.py:3036} INFO - Sync 1 DAGs
[2025-09-13T16:35:17.971+0000] {logging_mixin.py:188} INFO - [2025-09-13T16:35:17.970+0000] {dag.py:3823} INFO - Setting next_dagrun for ml_pipeline_orchestration to 2025-09-13 00:00:00+00:00, run_after=2025-09-14 00:00:00+00:00
[2025-09-13T16:35:18.029+0000] {processor.py:183} INFO - Processing /opt/airflow/dags/another.py took 0.398 seconds
[2025-09-13T16:35:48.177+0000] {processor.py:161} INFO - Started process (PID=741) to work on /opt/airflow/dags/another.py
[2025-09-13T16:35:48.187+0000] {processor.py:830} INFO - Processing file /opt/airflow/dags/another.py for tasks to queue
[2025-09-13T16:35:48.192+0000] {logging_mixin.py:188} INFO - [2025-09-13T16:35:48.191+0000] {dagbag.py:538} INFO - Filling up the DagBag from /opt/airflow/dags/another.py
[2025-09-13T16:35:48.364+0000] {processor.py:840} INFO - DAG(s) 'ml_pipeline_orchestration' retrieved from /opt/airflow/dags/another.py
[2025-09-13T16:35:48.375+0000] {logging_mixin.py:188} INFO - [2025-09-13T16:35:48.375+0000] {dag.py:3036} INFO - Sync 1 DAGs
[2025-09-13T16:35:48.447+0000] {logging_mixin.py:188} INFO - [2025-09-13T16:35:48.445+0000] {dag.py:3823} INFO - Setting next_dagrun for ml_pipeline_orchestration to 2025-09-13 00:00:00+00:00, run_after=2025-09-14 00:00:00+00:00
[2025-09-13T16:35:48.520+0000] {processor.py:183} INFO - Processing /opt/airflow/dags/another.py took 0.363 seconds
[2025-09-13T16:36:19.055+0000] {processor.py:161} INFO - Started process (PID=756) to work on /opt/airflow/dags/another.py
[2025-09-13T16:36:19.060+0000] {processor.py:830} INFO - Processing file /opt/airflow/dags/another.py for tasks to queue
[2025-09-13T16:36:19.067+0000] {logging_mixin.py:188} INFO - [2025-09-13T16:36:19.066+0000] {dagbag.py:538} INFO - Filling up the DagBag from /opt/airflow/dags/another.py
[2025-09-13T16:36:19.376+0000] {processor.py:840} INFO - DAG(s) 'ml_pipeline_orchestration' retrieved from /opt/airflow/dags/another.py
[2025-09-13T16:36:19.698+0000] {logging_mixin.py:188} INFO - [2025-09-13T16:36:19.697+0000] {dag.py:3036} INFO - Sync 1 DAGs
[2025-09-13T16:36:19.751+0000] {logging_mixin.py:188} INFO - [2025-09-13T16:36:19.750+0000] {dag.py:3823} INFO - Setting next_dagrun for ml_pipeline_orchestration to 2025-09-13 00:00:00+00:00, run_after=2025-09-14 00:00:00+00:00
[2025-09-13T16:36:22.203+0000] {processor.py:183} INFO - Processing /opt/airflow/dags/another.py took 3.171 seconds
[2025-09-13T16:36:52.985+0000] {processor.py:161} INFO - Started process (PID=776) to work on /opt/airflow/dags/another.py
[2025-09-13T16:36:52.990+0000] {processor.py:830} INFO - Processing file /opt/airflow/dags/another.py for tasks to queue
[2025-09-13T16:36:52.997+0000] {logging_mixin.py:188} INFO - [2025-09-13T16:36:52.995+0000] {dagbag.py:538} INFO - Filling up the DagBag from /opt/airflow/dags/another.py
[2025-09-13T16:36:53.120+0000] {processor.py:840} INFO - DAG(s) 'ml_pipeline_orchestration' retrieved from /opt/airflow/dags/another.py
[2025-09-13T16:36:53.164+0000] {logging_mixin.py:188} INFO - [2025-09-13T16:36:53.163+0000] {dag.py:3036} INFO - Sync 1 DAGs
[2025-09-13T16:36:53.217+0000] {logging_mixin.py:188} INFO - [2025-09-13T16:36:53.216+0000] {dag.py:3823} INFO - Setting next_dagrun for ml_pipeline_orchestration to 2025-09-13 00:00:00+00:00, run_after=2025-09-14 00:00:00+00:00
[2025-09-13T16:36:53.269+0000] {processor.py:183} INFO - Processing /opt/airflow/dags/another.py took 0.301 seconds
[2025-09-13T16:37:23.417+0000] {processor.py:161} INFO - Started process (PID=791) to work on /opt/airflow/dags/another.py
[2025-09-13T16:37:23.420+0000] {processor.py:830} INFO - Processing file /opt/airflow/dags/another.py for tasks to queue
[2025-09-13T16:37:23.424+0000] {logging_mixin.py:188} INFO - [2025-09-13T16:37:23.423+0000] {dagbag.py:538} INFO - Filling up the DagBag from /opt/airflow/dags/another.py
[2025-09-13T16:37:23.520+0000] {processor.py:840} INFO - DAG(s) 'ml_pipeline_orchestration' retrieved from /opt/airflow/dags/another.py
[2025-09-13T16:37:23.530+0000] {logging_mixin.py:188} INFO - [2025-09-13T16:37:23.529+0000] {dag.py:3036} INFO - Sync 1 DAGs
[2025-09-13T16:37:23.587+0000] {logging_mixin.py:188} INFO - [2025-09-13T16:37:23.587+0000] {dag.py:3823} INFO - Setting next_dagrun for ml_pipeline_orchestration to 2025-09-13 00:00:00+00:00, run_after=2025-09-14 00:00:00+00:00
[2025-09-13T16:37:23.653+0000] {processor.py:183} INFO - Processing /opt/airflow/dags/another.py took 0.247 seconds
[2025-09-13T16:37:54.336+0000] {processor.py:161} INFO - Started process (PID=806) to work on /opt/airflow/dags/another.py
[2025-09-13T16:37:54.340+0000] {processor.py:830} INFO - Processing file /opt/airflow/dags/another.py for tasks to queue
[2025-09-13T16:37:54.344+0000] {logging_mixin.py:188} INFO - [2025-09-13T16:37:54.343+0000] {dagbag.py:538} INFO - Filling up the DagBag from /opt/airflow/dags/another.py
[2025-09-13T16:37:54.433+0000] {processor.py:840} INFO - DAG(s) 'ml_pipeline_orchestration' retrieved from /opt/airflow/dags/another.py
[2025-09-13T16:37:54.674+0000] {logging_mixin.py:188} INFO - [2025-09-13T16:37:54.673+0000] {dag.py:3036} INFO - Sync 1 DAGs
[2025-09-13T16:37:54.727+0000] {logging_mixin.py:188} INFO - [2025-09-13T16:37:54.727+0000] {dag.py:3823} INFO - Setting next_dagrun for ml_pipeline_orchestration to 2025-09-13 00:00:00+00:00, run_after=2025-09-14 00:00:00+00:00
[2025-09-13T16:37:54.785+0000] {processor.py:183} INFO - Processing /opt/airflow/dags/another.py took 0.463 seconds
[2025-09-13T16:38:25.331+0000] {processor.py:161} INFO - Started process (PID=821) to work on /opt/airflow/dags/another.py
[2025-09-13T16:38:25.337+0000] {processor.py:830} INFO - Processing file /opt/airflow/dags/another.py for tasks to queue
[2025-09-13T16:38:25.346+0000] {logging_mixin.py:188} INFO - [2025-09-13T16:38:25.344+0000] {dagbag.py:538} INFO - Filling up the DagBag from /opt/airflow/dags/another.py
[2025-09-13T16:38:25.477+0000] {processor.py:840} INFO - DAG(s) 'ml_pipeline_orchestration' retrieved from /opt/airflow/dags/another.py
[2025-09-13T16:38:25.528+0000] {logging_mixin.py:188} INFO - [2025-09-13T16:38:25.528+0000] {dag.py:3036} INFO - Sync 1 DAGs
[2025-09-13T16:38:25.587+0000] {logging_mixin.py:188} INFO - [2025-09-13T16:38:25.586+0000] {dag.py:3823} INFO - Setting next_dagrun for ml_pipeline_orchestration to 2025-09-13 00:00:00+00:00, run_after=2025-09-14 00:00:00+00:00
[2025-09-13T16:38:25.651+0000] {processor.py:183} INFO - Processing /opt/airflow/dags/another.py took 0.343 seconds
[2025-09-13T16:38:56.061+0000] {processor.py:161} INFO - Started process (PID=836) to work on /opt/airflow/dags/another.py
[2025-09-13T16:38:56.063+0000] {processor.py:830} INFO - Processing file /opt/airflow/dags/another.py for tasks to queue
[2025-09-13T16:38:56.068+0000] {logging_mixin.py:188} INFO - [2025-09-13T16:38:56.067+0000] {dagbag.py:538} INFO - Filling up the DagBag from /opt/airflow/dags/another.py
[2025-09-13T16:38:56.291+0000] {processor.py:840} INFO - DAG(s) 'ml_pipeline_orchestration' retrieved from /opt/airflow/dags/another.py
[2025-09-13T16:38:56.317+0000] {logging_mixin.py:188} INFO - [2025-09-13T16:38:56.314+0000] {dag.py:3036} INFO - Sync 1 DAGs
[2025-09-13T16:38:56.496+0000] {logging_mixin.py:188} INFO - [2025-09-13T16:38:56.494+0000] {dag.py:3823} INFO - Setting next_dagrun for ml_pipeline_orchestration to 2025-09-13 00:00:00+00:00, run_after=2025-09-14 00:00:00+00:00
[2025-09-13T16:38:56.558+0000] {processor.py:183} INFO - Processing /opt/airflow/dags/another.py took 0.513 seconds
[2025-09-13T16:39:26.846+0000] {processor.py:161} INFO - Started process (PID=851) to work on /opt/airflow/dags/another.py
[2025-09-13T16:39:26.853+0000] {processor.py:830} INFO - Processing file /opt/airflow/dags/another.py for tasks to queue
[2025-09-13T16:39:26.861+0000] {logging_mixin.py:188} INFO - [2025-09-13T16:39:26.859+0000] {dagbag.py:538} INFO - Filling up the DagBag from /opt/airflow/dags/another.py
[2025-09-13T16:39:27.028+0000] {processor.py:840} INFO - DAG(s) 'ml_pipeline_orchestration' retrieved from /opt/airflow/dags/another.py
[2025-09-13T16:39:27.323+0000] {logging_mixin.py:188} INFO - [2025-09-13T16:39:27.323+0000] {dag.py:3036} INFO - Sync 1 DAGs
[2025-09-13T16:39:27.379+0000] {logging_mixin.py:188} INFO - [2025-09-13T16:39:27.378+0000] {dag.py:3823} INFO - Setting next_dagrun for ml_pipeline_orchestration to 2025-09-13 00:00:00+00:00, run_after=2025-09-14 00:00:00+00:00
[2025-09-13T16:39:27.477+0000] {processor.py:183} INFO - Processing /opt/airflow/dags/another.py took 0.654 seconds
[2025-09-13T16:39:58.291+0000] {processor.py:161} INFO - Started process (PID=866) to work on /opt/airflow/dags/another.py
[2025-09-13T16:39:58.305+0000] {processor.py:830} INFO - Processing file /opt/airflow/dags/another.py for tasks to queue
[2025-09-13T16:39:58.341+0000] {logging_mixin.py:188} INFO - [2025-09-13T16:39:58.340+0000] {dagbag.py:538} INFO - Filling up the DagBag from /opt/airflow/dags/another.py
[2025-09-13T16:39:58.449+0000] {processor.py:840} INFO - DAG(s) 'ml_pipeline_orchestration' retrieved from /opt/airflow/dags/another.py
[2025-09-13T16:39:58.491+0000] {logging_mixin.py:188} INFO - [2025-09-13T16:39:58.491+0000] {dag.py:3036} INFO - Sync 1 DAGs
[2025-09-13T16:39:58.555+0000] {logging_mixin.py:188} INFO - [2025-09-13T16:39:58.554+0000] {dag.py:3823} INFO - Setting next_dagrun for ml_pipeline_orchestration to 2025-09-13 00:00:00+00:00, run_after=2025-09-14 00:00:00+00:00
[2025-09-13T16:39:58.630+0000] {processor.py:183} INFO - Processing /opt/airflow/dags/another.py took 0.362 seconds
[2025-09-13T16:40:29.112+0000] {processor.py:161} INFO - Started process (PID=881) to work on /opt/airflow/dags/another.py
[2025-09-13T16:40:29.129+0000] {processor.py:830} INFO - Processing file /opt/airflow/dags/another.py for tasks to queue
[2025-09-13T16:40:29.134+0000] {logging_mixin.py:188} INFO - [2025-09-13T16:40:29.133+0000] {dagbag.py:538} INFO - Filling up the DagBag from /opt/airflow/dags/another.py
[2025-09-13T16:40:29.219+0000] {processor.py:840} INFO - DAG(s) 'ml_pipeline_orchestration' retrieved from /opt/airflow/dags/another.py
[2025-09-13T16:40:29.229+0000] {logging_mixin.py:188} INFO - [2025-09-13T16:40:29.228+0000] {dag.py:3036} INFO - Sync 1 DAGs
[2025-09-13T16:40:29.288+0000] {logging_mixin.py:188} INFO - [2025-09-13T16:40:29.287+0000] {dag.py:3823} INFO - Setting next_dagrun for ml_pipeline_orchestration to 2025-09-13 00:00:00+00:00, run_after=2025-09-14 00:00:00+00:00
[2025-09-13T16:40:29.341+0000] {processor.py:183} INFO - Processing /opt/airflow/dags/another.py took 0.264 seconds
[2025-09-13T16:41:00.230+0000] {processor.py:161} INFO - Started process (PID=896) to work on /opt/airflow/dags/another.py
[2025-09-13T16:41:00.232+0000] {processor.py:830} INFO - Processing file /opt/airflow/dags/another.py for tasks to queue
[2025-09-13T16:41:00.237+0000] {logging_mixin.py:188} INFO - [2025-09-13T16:41:00.236+0000] {dagbag.py:538} INFO - Filling up the DagBag from /opt/airflow/dags/another.py
[2025-09-13T16:41:00.330+0000] {processor.py:840} INFO - DAG(s) 'ml_pipeline_orchestration' retrieved from /opt/airflow/dags/another.py
[2025-09-13T16:41:00.618+0000] {logging_mixin.py:188} INFO - [2025-09-13T16:41:00.617+0000] {dag.py:3036} INFO - Sync 1 DAGs
[2025-09-13T16:41:00.677+0000] {logging_mixin.py:188} INFO - [2025-09-13T16:41:00.677+0000] {dag.py:3823} INFO - Setting next_dagrun for ml_pipeline_orchestration to 2025-09-13 00:00:00+00:00, run_after=2025-09-14 00:00:00+00:00
[2025-09-13T16:41:00.951+0000] {processor.py:183} INFO - Processing /opt/airflow/dags/another.py took 0.729 seconds
[2025-09-13T16:41:31.721+0000] {processor.py:161} INFO - Started process (PID=911) to work on /opt/airflow/dags/another.py
[2025-09-13T16:41:31.724+0000] {processor.py:830} INFO - Processing file /opt/airflow/dags/another.py for tasks to queue
[2025-09-13T16:41:31.729+0000] {logging_mixin.py:188} INFO - [2025-09-13T16:41:31.727+0000] {dagbag.py:538} INFO - Filling up the DagBag from /opt/airflow/dags/another.py
[2025-09-13T16:41:31.845+0000] {processor.py:840} INFO - DAG(s) 'ml_pipeline_orchestration' retrieved from /opt/airflow/dags/another.py
[2025-09-13T16:41:31.905+0000] {logging_mixin.py:188} INFO - [2025-09-13T16:41:31.905+0000] {dag.py:3036} INFO - Sync 1 DAGs
[2025-09-13T16:41:31.967+0000] {logging_mixin.py:188} INFO - [2025-09-13T16:41:31.967+0000] {dag.py:3823} INFO - Setting next_dagrun for ml_pipeline_orchestration to 2025-09-13 00:00:00+00:00, run_after=2025-09-14 00:00:00+00:00
[2025-09-13T16:41:32.086+0000] {processor.py:183} INFO - Processing /opt/airflow/dags/another.py took 0.374 seconds
[2025-09-13T16:42:02.807+0000] {processor.py:161} INFO - Started process (PID=926) to work on /opt/airflow/dags/another.py
[2025-09-13T16:42:02.812+0000] {processor.py:830} INFO - Processing file /opt/airflow/dags/another.py for tasks to queue
[2025-09-13T16:42:02.817+0000] {logging_mixin.py:188} INFO - [2025-09-13T16:42:02.815+0000] {dagbag.py:538} INFO - Filling up the DagBag from /opt/airflow/dags/another.py
[2025-09-13T16:42:02.924+0000] {processor.py:840} INFO - DAG(s) 'ml_pipeline_orchestration' retrieved from /opt/airflow/dags/another.py
[2025-09-13T16:42:02.936+0000] {logging_mixin.py:188} INFO - [2025-09-13T16:42:02.935+0000] {dag.py:3036} INFO - Sync 1 DAGs
[2025-09-13T16:42:03.015+0000] {logging_mixin.py:188} INFO - [2025-09-13T16:42:03.014+0000] {dag.py:3823} INFO - Setting next_dagrun for ml_pipeline_orchestration to 2025-09-13 00:00:00+00:00, run_after=2025-09-14 00:00:00+00:00
[2025-09-13T16:42:03.102+0000] {processor.py:183} INFO - Processing /opt/airflow/dags/another.py took 0.310 seconds
[2025-09-13T16:42:33.845+0000] {processor.py:161} INFO - Started process (PID=941) to work on /opt/airflow/dags/another.py
[2025-09-13T16:42:33.849+0000] {processor.py:830} INFO - Processing file /opt/airflow/dags/another.py for tasks to queue
[2025-09-13T16:42:33.857+0000] {logging_mixin.py:188} INFO - [2025-09-13T16:42:33.855+0000] {dagbag.py:538} INFO - Filling up the DagBag from /opt/airflow/dags/another.py
[2025-09-13T16:42:33.986+0000] {processor.py:840} INFO - DAG(s) 'ml_pipeline_orchestration' retrieved from /opt/airflow/dags/another.py
[2025-09-13T16:42:34.241+0000] {logging_mixin.py:188} INFO - [2025-09-13T16:42:34.240+0000] {dag.py:3036} INFO - Sync 1 DAGs
[2025-09-13T16:42:34.296+0000] {logging_mixin.py:188} INFO - [2025-09-13T16:42:34.295+0000] {dag.py:3823} INFO - Setting next_dagrun for ml_pipeline_orchestration to 2025-09-13 00:00:00+00:00, run_after=2025-09-14 00:00:00+00:00
[2025-09-13T16:42:34.369+0000] {processor.py:183} INFO - Processing /opt/airflow/dags/another.py took 0.546 seconds
[2025-09-13T16:43:04.707+0000] {processor.py:161} INFO - Started process (PID=956) to work on /opt/airflow/dags/another.py
[2025-09-13T16:43:04.713+0000] {processor.py:830} INFO - Processing file /opt/airflow/dags/another.py for tasks to queue
[2025-09-13T16:43:04.720+0000] {logging_mixin.py:188} INFO - [2025-09-13T16:43:04.718+0000] {dagbag.py:538} INFO - Filling up the DagBag from /opt/airflow/dags/another.py
[2025-09-13T16:43:04.868+0000] {processor.py:840} INFO - DAG(s) 'ml_pipeline_orchestration' retrieved from /opt/airflow/dags/another.py
[2025-09-13T16:43:04.910+0000] {logging_mixin.py:188} INFO - [2025-09-13T16:43:04.909+0000] {dag.py:3036} INFO - Sync 1 DAGs
[2025-09-13T16:43:04.964+0000] {logging_mixin.py:188} INFO - [2025-09-13T16:43:04.964+0000] {dag.py:3823} INFO - Setting next_dagrun for ml_pipeline_orchestration to 2025-09-13 00:00:00+00:00, run_after=2025-09-14 00:00:00+00:00
[2025-09-13T16:43:05.116+0000] {processor.py:183} INFO - Processing /opt/airflow/dags/another.py took 0.433 seconds
[2025-09-13T16:43:36.139+0000] {processor.py:161} INFO - Started process (PID=971) to work on /opt/airflow/dags/another.py
[2025-09-13T16:43:36.142+0000] {processor.py:830} INFO - Processing file /opt/airflow/dags/another.py for tasks to queue
[2025-09-13T16:43:36.148+0000] {logging_mixin.py:188} INFO - [2025-09-13T16:43:36.147+0000] {dagbag.py:538} INFO - Filling up the DagBag from /opt/airflow/dags/another.py
[2025-09-13T16:43:36.328+0000] {processor.py:840} INFO - DAG(s) 'ml_pipeline_orchestration' retrieved from /opt/airflow/dags/another.py
[2025-09-13T16:43:36.340+0000] {logging_mixin.py:188} INFO - [2025-09-13T16:43:36.339+0000] {dag.py:3036} INFO - Sync 1 DAGs
[2025-09-13T16:43:36.458+0000] {logging_mixin.py:188} INFO - [2025-09-13T16:43:36.458+0000] {dag.py:3823} INFO - Setting next_dagrun for ml_pipeline_orchestration to 2025-09-13 00:00:00+00:00, run_after=2025-09-14 00:00:00+00:00
[2025-09-13T16:43:36.523+0000] {processor.py:183} INFO - Processing /opt/airflow/dags/another.py took 0.400 seconds
[2025-09-13T16:44:06.920+0000] {processor.py:161} INFO - Started process (PID=986) to work on /opt/airflow/dags/another.py
[2025-09-13T16:44:06.923+0000] {processor.py:830} INFO - Processing file /opt/airflow/dags/another.py for tasks to queue
[2025-09-13T16:44:06.931+0000] {logging_mixin.py:188} INFO - [2025-09-13T16:44:06.927+0000] {dagbag.py:538} INFO - Filling up the DagBag from /opt/airflow/dags/another.py
[2025-09-13T16:44:07.072+0000] {processor.py:840} INFO - DAG(s) 'ml_pipeline_orchestration' retrieved from /opt/airflow/dags/another.py
[2025-09-13T16:44:07.522+0000] {logging_mixin.py:188} INFO - [2025-09-13T16:44:07.522+0000] {dag.py:3036} INFO - Sync 1 DAGs
[2025-09-13T16:44:07.592+0000] {logging_mixin.py:188} INFO - [2025-09-13T16:44:07.592+0000] {dag.py:3823} INFO - Setting next_dagrun for ml_pipeline_orchestration to 2025-09-13 00:00:00+00:00, run_after=2025-09-14 00:00:00+00:00
[2025-09-13T16:44:07.648+0000] {processor.py:183} INFO - Processing /opt/airflow/dags/another.py took 0.738 seconds
[2025-09-13T16:44:38.547+0000] {processor.py:161} INFO - Started process (PID=1001) to work on /opt/airflow/dags/another.py
[2025-09-13T16:44:38.550+0000] {processor.py:830} INFO - Processing file /opt/airflow/dags/another.py for tasks to queue
[2025-09-13T16:44:38.554+0000] {logging_mixin.py:188} INFO - [2025-09-13T16:44:38.553+0000] {dagbag.py:538} INFO - Filling up the DagBag from /opt/airflow/dags/another.py
[2025-09-13T16:44:38.661+0000] {processor.py:840} INFO - DAG(s) 'ml_pipeline_orchestration' retrieved from /opt/airflow/dags/another.py
[2025-09-13T16:44:38.709+0000] {logging_mixin.py:188} INFO - [2025-09-13T16:44:38.709+0000] {dag.py:3036} INFO - Sync 1 DAGs
[2025-09-13T16:44:38.768+0000] {logging_mixin.py:188} INFO - [2025-09-13T16:44:38.767+0000] {dag.py:3823} INFO - Setting next_dagrun for ml_pipeline_orchestration to 2025-09-13 00:00:00+00:00, run_after=2025-09-14 00:00:00+00:00
[2025-09-13T16:44:38.834+0000] {processor.py:183} INFO - Processing /opt/airflow/dags/another.py took 0.299 seconds
[2025-09-13T16:45:09.441+0000] {processor.py:161} INFO - Started process (PID=1016) to work on /opt/airflow/dags/another.py
[2025-09-13T16:45:09.447+0000] {processor.py:830} INFO - Processing file /opt/airflow/dags/another.py for tasks to queue
[2025-09-13T16:45:09.455+0000] {logging_mixin.py:188} INFO - [2025-09-13T16:45:09.454+0000] {dagbag.py:538} INFO - Filling up the DagBag from /opt/airflow/dags/another.py
[2025-09-13T16:45:09.606+0000] {processor.py:840} INFO - DAG(s) 'ml_pipeline_orchestration' retrieved from /opt/airflow/dags/another.py
[2025-09-13T16:45:09.618+0000] {logging_mixin.py:188} INFO - [2025-09-13T16:45:09.618+0000] {dag.py:3036} INFO - Sync 1 DAGs
[2025-09-13T16:45:09.688+0000] {logging_mixin.py:188} INFO - [2025-09-13T16:45:09.687+0000] {dag.py:3823} INFO - Setting next_dagrun for ml_pipeline_orchestration to 2025-09-13 00:00:00+00:00, run_after=2025-09-14 00:00:00+00:00
[2025-09-13T16:45:09.858+0000] {processor.py:183} INFO - Processing /opt/airflow/dags/another.py took 0.439 seconds
[2025-09-13T16:45:40.506+0000] {processor.py:161} INFO - Started process (PID=1031) to work on /opt/airflow/dags/another.py
[2025-09-13T16:45:40.511+0000] {processor.py:830} INFO - Processing file /opt/airflow/dags/another.py for tasks to queue
[2025-09-13T16:45:40.521+0000] {logging_mixin.py:188} INFO - [2025-09-13T16:45:40.518+0000] {dagbag.py:538} INFO - Filling up the DagBag from /opt/airflow/dags/another.py
[2025-09-13T16:45:40.676+0000] {processor.py:840} INFO - DAG(s) 'ml_pipeline_orchestration' retrieved from /opt/airflow/dags/another.py
[2025-09-13T16:45:40.909+0000] {logging_mixin.py:188} INFO - [2025-09-13T16:45:40.909+0000] {dag.py:3036} INFO - Sync 1 DAGs
[2025-09-13T16:45:40.962+0000] {logging_mixin.py:188} INFO - [2025-09-13T16:45:40.962+0000] {dag.py:3823} INFO - Setting next_dagrun for ml_pipeline_orchestration to 2025-09-13 00:00:00+00:00, run_after=2025-09-14 00:00:00+00:00
[2025-09-13T16:45:41.077+0000] {processor.py:183} INFO - Processing /opt/airflow/dags/another.py took 0.587 seconds
[2025-09-13T16:46:12.041+0000] {processor.py:161} INFO - Started process (PID=1046) to work on /opt/airflow/dags/another.py
[2025-09-13T16:46:12.047+0000] {processor.py:830} INFO - Processing file /opt/airflow/dags/another.py for tasks to queue
[2025-09-13T16:46:12.054+0000] {logging_mixin.py:188} INFO - [2025-09-13T16:46:12.052+0000] {dagbag.py:538} INFO - Filling up the DagBag from /opt/airflow/dags/another.py
[2025-09-13T16:46:12.174+0000] {processor.py:840} INFO - DAG(s) 'ml_pipeline_orchestration' retrieved from /opt/airflow/dags/another.py
[2025-09-13T16:46:12.230+0000] {logging_mixin.py:188} INFO - [2025-09-13T16:46:12.230+0000] {dag.py:3036} INFO - Sync 1 DAGs
[2025-09-13T16:46:12.309+0000] {logging_mixin.py:188} INFO - [2025-09-13T16:46:12.309+0000] {dag.py:3823} INFO - Setting next_dagrun for ml_pipeline_orchestration to 2025-09-13 00:00:00+00:00, run_after=2025-09-14 00:00:00+00:00
[2025-09-13T16:46:12.381+0000] {processor.py:183} INFO - Processing /opt/airflow/dags/another.py took 0.353 seconds
[2025-09-13T16:46:42.877+0000] {processor.py:161} INFO - Started process (PID=1061) to work on /opt/airflow/dags/another.py
[2025-09-13T16:46:42.882+0000] {processor.py:830} INFO - Processing file /opt/airflow/dags/another.py for tasks to queue
[2025-09-13T16:46:42.887+0000] {logging_mixin.py:188} INFO - [2025-09-13T16:46:42.885+0000] {dagbag.py:538} INFO - Filling up the DagBag from /opt/airflow/dags/another.py
[2025-09-13T16:46:42.998+0000] {processor.py:840} INFO - DAG(s) 'ml_pipeline_orchestration' retrieved from /opt/airflow/dags/another.py
[2025-09-13T16:46:43.008+0000] {logging_mixin.py:188} INFO - [2025-09-13T16:46:43.007+0000] {dag.py:3036} INFO - Sync 1 DAGs
[2025-09-13T16:46:43.069+0000] {logging_mixin.py:188} INFO - [2025-09-13T16:46:43.068+0000] {dag.py:3823} INFO - Setting next_dagrun for ml_pipeline_orchestration to 2025-09-13 00:00:00+00:00, run_after=2025-09-14 00:00:00+00:00
[2025-09-13T16:46:43.156+0000] {processor.py:183} INFO - Processing /opt/airflow/dags/another.py took 0.294 seconds
[2025-09-13T16:47:13.627+0000] {processor.py:161} INFO - Started process (PID=1076) to work on /opt/airflow/dags/another.py
[2025-09-13T16:47:13.631+0000] {processor.py:830} INFO - Processing file /opt/airflow/dags/another.py for tasks to queue
[2025-09-13T16:47:13.640+0000] {logging_mixin.py:188} INFO - [2025-09-13T16:47:13.637+0000] {dagbag.py:538} INFO - Filling up the DagBag from /opt/airflow/dags/another.py
[2025-09-13T16:47:13.753+0000] {processor.py:840} INFO - DAG(s) 'ml_pipeline_orchestration' retrieved from /opt/airflow/dags/another.py
[2025-09-13T16:47:13.999+0000] {logging_mixin.py:188} INFO - [2025-09-13T16:47:13.998+0000] {dag.py:3036} INFO - Sync 1 DAGs
[2025-09-13T16:47:14.054+0000] {logging_mixin.py:188} INFO - [2025-09-13T16:47:14.054+0000] {dag.py:3823} INFO - Setting next_dagrun for ml_pipeline_orchestration to 2025-09-13 00:00:00+00:00, run_after=2025-09-14 00:00:00+00:00
[2025-09-13T16:47:14.136+0000] {processor.py:183} INFO - Processing /opt/airflow/dags/another.py took 0.525 seconds
[2025-09-13T16:47:44.491+0000] {processor.py:161} INFO - Started process (PID=1091) to work on /opt/airflow/dags/another.py
[2025-09-13T16:47:44.495+0000] {processor.py:830} INFO - Processing file /opt/airflow/dags/another.py for tasks to queue
[2025-09-13T16:47:44.499+0000] {logging_mixin.py:188} INFO - [2025-09-13T16:47:44.498+0000] {dagbag.py:538} INFO - Filling up the DagBag from /opt/airflow/dags/another.py
[2025-09-13T16:47:44.659+0000] {processor.py:840} INFO - DAG(s) 'ml_pipeline_orchestration' retrieved from /opt/airflow/dags/another.py
[2025-09-13T16:47:44.713+0000] {logging_mixin.py:188} INFO - [2025-09-13T16:47:44.712+0000] {dag.py:3036} INFO - Sync 1 DAGs
[2025-09-13T16:47:44.782+0000] {logging_mixin.py:188} INFO - [2025-09-13T16:47:44.782+0000] {dag.py:3823} INFO - Setting next_dagrun for ml_pipeline_orchestration to 2025-09-13 00:00:00+00:00, run_after=2025-09-14 00:00:00+00:00
[2025-09-13T16:47:44.867+0000] {processor.py:183} INFO - Processing /opt/airflow/dags/another.py took 0.385 seconds
[2025-09-13T16:48:15.092+0000] {processor.py:161} INFO - Started process (PID=1106) to work on /opt/airflow/dags/another.py
[2025-09-13T16:48:15.103+0000] {processor.py:830} INFO - Processing file /opt/airflow/dags/another.py for tasks to queue
[2025-09-13T16:48:15.111+0000] {logging_mixin.py:188} INFO - [2025-09-13T16:48:15.108+0000] {dagbag.py:538} INFO - Filling up the DagBag from /opt/airflow/dags/another.py
[2025-09-13T16:48:15.273+0000] {processor.py:840} INFO - DAG(s) 'ml_pipeline_orchestration' retrieved from /opt/airflow/dags/another.py
[2025-09-13T16:48:15.295+0000] {logging_mixin.py:188} INFO - [2025-09-13T16:48:15.295+0000] {dag.py:3036} INFO - Sync 1 DAGs
[2025-09-13T16:48:15.360+0000] {logging_mixin.py:188} INFO - [2025-09-13T16:48:15.359+0000] {dag.py:3823} INFO - Setting next_dagrun for ml_pipeline_orchestration to 2025-09-13 00:00:00+00:00, run_after=2025-09-14 00:00:00+00:00
[2025-09-13T16:48:15.417+0000] {processor.py:183} INFO - Processing /opt/airflow/dags/another.py took 0.337 seconds
[2025-09-13T16:48:46.075+0000] {processor.py:161} INFO - Started process (PID=1121) to work on /opt/airflow/dags/another.py
[2025-09-13T16:48:46.082+0000] {processor.py:830} INFO - Processing file /opt/airflow/dags/another.py for tasks to queue
[2025-09-13T16:48:46.096+0000] {logging_mixin.py:188} INFO - [2025-09-13T16:48:46.096+0000] {dagbag.py:538} INFO - Filling up the DagBag from /opt/airflow/dags/another.py
[2025-09-13T16:48:46.337+0000] {processor.py:840} INFO - DAG(s) 'ml_pipeline_orchestration' retrieved from /opt/airflow/dags/another.py
[2025-09-13T16:48:46.702+0000] {logging_mixin.py:188} INFO - [2025-09-13T16:48:46.701+0000] {dag.py:3036} INFO - Sync 1 DAGs
[2025-09-13T16:48:46.770+0000] {logging_mixin.py:188} INFO - [2025-09-13T16:48:46.768+0000] {dag.py:3823} INFO - Setting next_dagrun for ml_pipeline_orchestration to 2025-09-13 00:00:00+00:00, run_after=2025-09-14 00:00:00+00:00
[2025-09-13T16:48:46.872+0000] {processor.py:183} INFO - Processing /opt/airflow/dags/another.py took 0.812 seconds
[2025-09-13T16:49:17.897+0000] {processor.py:161} INFO - Started process (PID=1145) to work on /opt/airflow/dags/another.py
[2025-09-13T16:49:17.901+0000] {processor.py:830} INFO - Processing file /opt/airflow/dags/another.py for tasks to queue
[2025-09-13T16:49:17.904+0000] {logging_mixin.py:188} INFO - [2025-09-13T16:49:17.904+0000] {dagbag.py:538} INFO - Filling up the DagBag from /opt/airflow/dags/another.py
[2025-09-13T16:49:17.996+0000] {processor.py:840} INFO - DAG(s) 'ml_pipeline_orchestration' retrieved from /opt/airflow/dags/another.py
[2025-09-13T16:49:18.038+0000] {logging_mixin.py:188} INFO - [2025-09-13T16:49:18.038+0000] {dag.py:3036} INFO - Sync 1 DAGs
[2025-09-13T16:49:18.099+0000] {logging_mixin.py:188} INFO - [2025-09-13T16:49:18.099+0000] {dag.py:3823} INFO - Setting next_dagrun for ml_pipeline_orchestration to 2025-09-13 00:00:00+00:00, run_after=2025-09-14 00:00:00+00:00
[2025-09-13T16:49:18.183+0000] {processor.py:183} INFO - Processing /opt/airflow/dags/another.py took 0.302 seconds
[2025-09-13T16:49:56.672+0000] {processor.py:161} INFO - Started process (PID=1158) to work on /opt/airflow/dags/another.py
[2025-09-13T16:49:56.721+0000] {processor.py:830} INFO - Processing file /opt/airflow/dags/another.py for tasks to queue
[2025-09-13T16:49:56.769+0000] {logging_mixin.py:188} INFO - [2025-09-13T16:49:56.745+0000] {dagbag.py:538} INFO - Filling up the DagBag from /opt/airflow/dags/another.py
[2025-09-13T16:49:58.793+0000] {processor.py:840} INFO - DAG(s) 'ml_pipeline_orchestration' retrieved from /opt/airflow/dags/another.py
[2025-09-13T16:49:58.876+0000] {logging_mixin.py:188} INFO - [2025-09-13T16:49:58.874+0000] {dag.py:3036} INFO - Sync 1 DAGs
[2025-09-13T16:49:59.499+0000] {logging_mixin.py:188} INFO - [2025-09-13T16:49:59.494+0000] {dag.py:3823} INFO - Setting next_dagrun for ml_pipeline_orchestration to 2025-09-13 00:00:00+00:00, run_after=2025-09-14 00:00:00+00:00
[2025-09-13T16:49:59.921+0000] {processor.py:183} INFO - Processing /opt/airflow/dags/another.py took 3.395 seconds
[2025-09-13T16:50:31.246+0000] {processor.py:161} INFO - Started process (PID=1173) to work on /opt/airflow/dags/another.py
[2025-09-13T16:50:31.270+0000] {processor.py:830} INFO - Processing file /opt/airflow/dags/another.py for tasks to queue
[2025-09-13T16:50:31.296+0000] {logging_mixin.py:188} INFO - [2025-09-13T16:50:31.292+0000] {dagbag.py:538} INFO - Filling up the DagBag from /opt/airflow/dags/another.py
[2025-09-13T16:50:31.610+0000] {processor.py:840} INFO - DAG(s) 'ml_pipeline_orchestration' retrieved from /opt/airflow/dags/another.py
[2025-09-13T16:50:32.485+0000] {logging_mixin.py:188} INFO - [2025-09-13T16:50:32.480+0000] {dag.py:3036} INFO - Sync 1 DAGs
[2025-09-13T16:50:32.582+0000] {logging_mixin.py:188} INFO - [2025-09-13T16:50:32.582+0000] {dag.py:3823} INFO - Setting next_dagrun for ml_pipeline_orchestration to 2025-09-13 00:00:00+00:00, run_after=2025-09-14 00:00:00+00:00
[2025-09-13T16:50:32.701+0000] {processor.py:183} INFO - Processing /opt/airflow/dags/another.py took 1.534 seconds
[2025-09-13T16:51:03.299+0000] {processor.py:161} INFO - Started process (PID=1188) to work on /opt/airflow/dags/another.py
[2025-09-13T16:51:03.314+0000] {processor.py:830} INFO - Processing file /opt/airflow/dags/another.py for tasks to queue
[2025-09-13T16:51:03.346+0000] {logging_mixin.py:188} INFO - [2025-09-13T16:51:03.342+0000] {dagbag.py:538} INFO - Filling up the DagBag from /opt/airflow/dags/another.py
[2025-09-13T16:51:05.398+0000] {processor.py:840} INFO - DAG(s) 'ml_pipeline_orchestration' retrieved from /opt/airflow/dags/another.py
[2025-09-13T16:51:06.098+0000] {logging_mixin.py:188} INFO - [2025-09-13T16:51:06.084+0000] {dag.py:3036} INFO - Sync 1 DAGs
[2025-09-13T16:51:06.576+0000] {logging_mixin.py:188} INFO - [2025-09-13T16:51:06.574+0000] {dag.py:3823} INFO - Setting next_dagrun for ml_pipeline_orchestration to 2025-09-13 00:00:00+00:00, run_after=2025-09-14 00:00:00+00:00
[2025-09-13T16:51:06.978+0000] {processor.py:183} INFO - Processing /opt/airflow/dags/another.py took 3.752 seconds
[2025-09-13T16:51:37.251+0000] {processor.py:161} INFO - Started process (PID=1200) to work on /opt/airflow/dags/another.py
[2025-09-13T16:51:37.253+0000] {processor.py:830} INFO - Processing file /opt/airflow/dags/another.py for tasks to queue
[2025-09-13T16:51:37.257+0000] {logging_mixin.py:188} INFO - [2025-09-13T16:51:37.256+0000] {dagbag.py:538} INFO - Filling up the DagBag from /opt/airflow/dags/another.py
[2025-09-13T16:51:37.339+0000] {processor.py:840} INFO - DAG(s) 'ml_pipeline_orchestration' retrieved from /opt/airflow/dags/another.py
[2025-09-13T16:51:37.572+0000] {logging_mixin.py:188} INFO - [2025-09-13T16:51:37.572+0000] {dag.py:3036} INFO - Sync 1 DAGs
[2025-09-13T16:51:37.626+0000] {logging_mixin.py:188} INFO - [2025-09-13T16:51:37.626+0000] {dag.py:3823} INFO - Setting next_dagrun for ml_pipeline_orchestration to 2025-09-13 00:00:00+00:00, run_after=2025-09-14 00:00:00+00:00
[2025-09-13T16:51:37.735+0000] {processor.py:183} INFO - Processing /opt/airflow/dags/another.py took 0.492 seconds
[2025-09-13T16:52:08.230+0000] {processor.py:161} INFO - Started process (PID=1215) to work on /opt/airflow/dags/another.py
[2025-09-13T16:52:08.233+0000] {processor.py:830} INFO - Processing file /opt/airflow/dags/another.py for tasks to queue
[2025-09-13T16:52:08.241+0000] {logging_mixin.py:188} INFO - [2025-09-13T16:52:08.240+0000] {dagbag.py:538} INFO - Filling up the DagBag from /opt/airflow/dags/another.py
[2025-09-13T16:52:08.513+0000] {processor.py:840} INFO - DAG(s) 'ml_pipeline_orchestration' retrieved from /opt/airflow/dags/another.py
[2025-09-13T16:52:08.745+0000] {logging_mixin.py:188} INFO - [2025-09-13T16:52:08.744+0000] {dag.py:3036} INFO - Sync 1 DAGs
[2025-09-13T16:52:08.912+0000] {logging_mixin.py:188} INFO - [2025-09-13T16:52:08.912+0000] {dag.py:3823} INFO - Setting next_dagrun for ml_pipeline_orchestration to 2025-09-13 00:00:00+00:00, run_after=2025-09-14 00:00:00+00:00
[2025-09-13T16:52:09.030+0000] {processor.py:183} INFO - Processing /opt/airflow/dags/another.py took 0.807 seconds
[2025-09-13T16:52:39.386+0000] {processor.py:161} INFO - Started process (PID=1230) to work on /opt/airflow/dags/another.py
[2025-09-13T16:52:39.393+0000] {processor.py:830} INFO - Processing file /opt/airflow/dags/another.py for tasks to queue
[2025-09-13T16:52:39.406+0000] {logging_mixin.py:188} INFO - [2025-09-13T16:52:39.403+0000] {dagbag.py:538} INFO - Filling up the DagBag from /opt/airflow/dags/another.py
[2025-09-13T16:52:39.651+0000] {processor.py:840} INFO - DAG(s) 'ml_pipeline_orchestration' retrieved from /opt/airflow/dags/another.py
[2025-09-13T16:52:40.868+0000] {logging_mixin.py:188} INFO - [2025-09-13T16:52:40.865+0000] {dag.py:3036} INFO - Sync 1 DAGs
[2025-09-13T16:52:41.612+0000] {logging_mixin.py:188} INFO - [2025-09-13T16:52:41.589+0000] {dag.py:3823} INFO - Setting next_dagrun for ml_pipeline_orchestration to 2025-09-13 00:00:00+00:00, run_after=2025-09-14 00:00:00+00:00
[2025-09-13T16:52:42.187+0000] {processor.py:183} INFO - Processing /opt/airflow/dags/another.py took 2.825 seconds
[2025-09-13T16:53:12.550+0000] {processor.py:161} INFO - Started process (PID=1245) to work on /opt/airflow/dags/another.py
[2025-09-13T16:53:12.554+0000] {processor.py:830} INFO - Processing file /opt/airflow/dags/another.py for tasks to queue
[2025-09-13T16:53:12.557+0000] {logging_mixin.py:188} INFO - [2025-09-13T16:53:12.556+0000] {dagbag.py:538} INFO - Filling up the DagBag from /opt/airflow/dags/another.py
[2025-09-13T16:53:12.639+0000] {processor.py:840} INFO - DAG(s) 'ml_pipeline_orchestration' retrieved from /opt/airflow/dags/another.py
[2025-09-13T16:53:12.684+0000] {logging_mixin.py:188} INFO - [2025-09-13T16:53:12.683+0000] {dag.py:3036} INFO - Sync 1 DAGs
[2025-09-13T16:53:12.758+0000] {logging_mixin.py:188} INFO - [2025-09-13T16:53:12.757+0000] {dag.py:3823} INFO - Setting next_dagrun for ml_pipeline_orchestration to 2025-09-13 00:00:00+00:00, run_after=2025-09-14 00:00:00+00:00
[2025-09-13T16:53:12.814+0000] {processor.py:183} INFO - Processing /opt/airflow/dags/another.py took 0.272 seconds
[2025-09-13T16:53:43.163+0000] {processor.py:161} INFO - Started process (PID=1260) to work on /opt/airflow/dags/another.py
[2025-09-13T16:53:43.167+0000] {processor.py:830} INFO - Processing file /opt/airflow/dags/another.py for tasks to queue
[2025-09-13T16:53:43.171+0000] {logging_mixin.py:188} INFO - [2025-09-13T16:53:43.170+0000] {dagbag.py:538} INFO - Filling up the DagBag from /opt/airflow/dags/another.py
[2025-09-13T16:53:43.269+0000] {processor.py:840} INFO - DAG(s) 'ml_pipeline_orchestration' retrieved from /opt/airflow/dags/another.py
[2025-09-13T16:53:43.542+0000] {logging_mixin.py:188} INFO - [2025-09-13T16:53:43.541+0000] {dag.py:3036} INFO - Sync 1 DAGs
[2025-09-13T16:53:43.609+0000] {logging_mixin.py:188} INFO - [2025-09-13T16:53:43.609+0000] {dag.py:3823} INFO - Setting next_dagrun for ml_pipeline_orchestration to 2025-09-13 00:00:00+00:00, run_after=2025-09-14 00:00:00+00:00
[2025-09-13T16:53:43.710+0000] {processor.py:183} INFO - Processing /opt/airflow/dags/another.py took 0.557 seconds
[2025-09-13T16:54:14.828+0000] {processor.py:161} INFO - Started process (PID=1284) to work on /opt/airflow/dags/another.py
[2025-09-13T16:54:14.842+0000] {processor.py:830} INFO - Processing file /opt/airflow/dags/another.py for tasks to queue
[2025-09-13T16:54:15.008+0000] {logging_mixin.py:188} INFO - [2025-09-13T16:54:14.980+0000] {dagbag.py:538} INFO - Filling up the DagBag from /opt/airflow/dags/another.py
[2025-09-13T16:54:17.420+0000] {processor.py:840} INFO - DAG(s) 'ml_pipeline_orchestration' retrieved from /opt/airflow/dags/another.py
[2025-09-13T16:54:18.750+0000] {logging_mixin.py:188} INFO - [2025-09-13T16:54:18.748+0000] {dag.py:3036} INFO - Sync 1 DAGs
[2025-09-13T16:54:19.888+0000] {logging_mixin.py:188} INFO - [2025-09-13T16:54:19.886+0000] {dag.py:3823} INFO - Setting next_dagrun for ml_pipeline_orchestration to 2025-09-13 00:00:00+00:00, run_after=2025-09-14 00:00:00+00:00
[2025-09-13T16:54:34.822+0000] {processor.py:183} INFO - Processing /opt/airflow/dags/another.py took 20.460 seconds
[2025-09-13T16:55:05.564+0000] {processor.py:161} INFO - Started process (PID=1302) to work on /opt/airflow/dags/another.py
[2025-09-13T16:55:05.569+0000] {processor.py:830} INFO - Processing file /opt/airflow/dags/another.py for tasks to queue
[2025-09-13T16:55:05.575+0000] {logging_mixin.py:188} INFO - [2025-09-13T16:55:05.574+0000] {dagbag.py:538} INFO - Filling up the DagBag from /opt/airflow/dags/another.py
[2025-09-13T16:55:06.214+0000] {processor.py:840} INFO - DAG(s) 'ml_pipeline_orchestration' retrieved from /opt/airflow/dags/another.py
[2025-09-13T16:55:26.284+0000] {logging_mixin.py:188} INFO - [2025-09-13T16:55:26.282+0000] {dag.py:3036} INFO - Sync 1 DAGs
[2025-09-13T16:55:26.360+0000] {logging_mixin.py:188} INFO - [2025-09-13T16:55:26.360+0000] {dag.py:3823} INFO - Setting next_dagrun for ml_pipeline_orchestration to 2025-09-13 00:00:00+00:00, run_after=2025-09-14 00:00:00+00:00
[2025-09-13T16:55:26.810+0000] {processor.py:183} INFO - Processing /opt/airflow/dags/another.py took 21.270 seconds
[2025-09-13T16:55:57.418+0000] {processor.py:161} INFO - Started process (PID=1320) to work on /opt/airflow/dags/another.py
[2025-09-13T16:55:57.422+0000] {processor.py:830} INFO - Processing file /opt/airflow/dags/another.py for tasks to queue
[2025-09-13T16:55:57.428+0000] {logging_mixin.py:188} INFO - [2025-09-13T16:55:57.426+0000] {dagbag.py:538} INFO - Filling up the DagBag from /opt/airflow/dags/another.py
[2025-09-13T16:56:02.071+0000] {processor.py:840} INFO - DAG(s) 'ml_pipeline_orchestration' retrieved from /opt/airflow/dags/another.py
[2025-09-13T16:56:04.288+0000] {logging_mixin.py:188} INFO - [2025-09-13T16:56:04.287+0000] {dag.py:3036} INFO - Sync 1 DAGs
[2025-09-13T16:56:12.912+0000] {logging_mixin.py:188} INFO - [2025-09-13T16:56:12.911+0000] {dag.py:3823} INFO - Setting next_dagrun for ml_pipeline_orchestration to 2025-09-13 00:00:00+00:00, run_after=2025-09-14 00:00:00+00:00
[2025-09-13T16:56:13.448+0000] {processor.py:183} INFO - Processing /opt/airflow/dags/another.py took 16.168 seconds
[2025-09-13T16:57:18.459+0000] {processor.py:161} INFO - Started process (PID=1332) to work on /opt/airflow/dags/another.py
[2025-09-13T16:57:20.311+0000] {processor.py:830} INFO - Processing file /opt/airflow/dags/another.py for tasks to queue
[2025-09-13T16:57:36.862+0000] {logging_mixin.py:188} INFO - [2025-09-13T16:57:25.481+0000] {dagbag.py:538} INFO - Filling up the DagBag from /opt/airflow/dags/another.py
[2025-09-13T16:58:17.196+0000] {processor.py:840} INFO - DAG(s) 'ml_pipeline_orchestration' retrieved from /opt/airflow/dags/another.py
[2025-09-13T17:03:02.910+0000] {processor.py:161} INFO - Started process (PID=1342) to work on /opt/airflow/dags/another.py
[2025-09-13T17:03:02.962+0000] {processor.py:830} INFO - Processing file /opt/airflow/dags/another.py for tasks to queue
[2025-09-13T17:03:03.324+0000] {logging_mixin.py:188} INFO - [2025-09-13T17:03:03.230+0000] {dagbag.py:538} INFO - Filling up the DagBag from /opt/airflow/dags/another.py
[2025-09-13T17:05:00.731+0000] {logging_mixin.py:188} INFO - [2025-09-13T17:03:53.204+0000] {timeout.py:68} ERROR - Process timed out, PID: 1342
[2025-09-13T17:04:56.467+0000] {processor.py:161} INFO - Started process (PID=1348) to work on /opt/airflow/dags/another.py
[2025-09-13T17:04:56.493+0000] {processor.py:830} INFO - Processing file /opt/airflow/dags/another.py for tasks to queue
[2025-09-13T17:04:56.645+0000] {logging_mixin.py:188} INFO - [2025-09-13T17:04:56.566+0000] {dagbag.py:538} INFO - Filling up the DagBag from /opt/airflow/dags/another.py
[2025-09-13T17:05:36.074+0000] {processor.py:840} INFO - DAG(s) 'ml_pipeline_orchestration' retrieved from /opt/airflow/dags/another.py
