[2025-09-12T00:53:09.649+0000] {taskinstance.py:1956} INFO - Dependencies all met for dep_context=non-requeueable deps ti=<TaskInstance: ml_pipeline_orchestration.train_model manual__2025-09-12T00:52:55.790670+00:00 [queued]>
[2025-09-12T00:53:09.685+0000] {taskinstance.py:1956} INFO - Dependencies all met for dep_context=requeueable deps ti=<TaskInstance: ml_pipeline_orchestration.train_model manual__2025-09-12T00:52:55.790670+00:00 [queued]>
[2025-09-12T00:53:09.687+0000] {taskinstance.py:2170} INFO - Starting attempt 1 of 2
[2025-09-12T00:53:09.774+0000] {taskinstance.py:2191} INFO - Executing <Task(DockerOperator): train_model> on 2025-09-12 00:52:55.790670+00:00
[2025-09-12T00:53:09.796+0000] {standard_task_runner.py:60} INFO - Started process 1099 to run task
[2025-09-12T00:53:09.825+0000] {standard_task_runner.py:87} INFO - Running: ['***', 'tasks', 'run', 'ml_pipeline_orchestration', 'train_model', 'manual__2025-09-12T00:52:55.790670+00:00', '--job-id', '82', '--raw', '--subdir', 'DAGS_FOLDER/orchestration.py', '--cfg-path', '/tmp/tmpmmn1xqn6']
[2025-09-12T00:53:09.839+0000] {standard_task_runner.py:88} INFO - Job 82: Subtask train_model
[2025-09-12T00:53:10.078+0000] {task_command.py:423} INFO - Running <TaskInstance: ml_pipeline_orchestration.train_model manual__2025-09-12T00:52:55.790670+00:00 [running]> on host 10edecd9c410
[2025-09-12T00:53:10.559+0000] {taskinstance.py:2480} INFO - Exporting env vars: AIRFLOW_CTX_DAG_OWNER='Jerr-williams' AIRFLOW_CTX_DAG_ID='ml_pipeline_orchestration' AIRFLOW_CTX_TASK_ID='train_model' AIRFLOW_CTX_EXECUTION_DATE='2025-09-12T00:52:55.790670+00:00' AIRFLOW_CTX_TRY_NUMBER='1' AIRFLOW_CTX_DAG_RUN_ID='manual__2025-09-12T00:52:55.790670+00:00'
[2025-09-12T00:53:11.145+0000] {docker.py:359} INFO - Starting docker container from image 972111245465383674563253/prediction-apps:latest
[2025-09-12T00:53:49.700+0000] {docker.py:429} INFO - /app/src/data/clean_data.py:26: FutureWarning: The default of observed=False is deprecated and will be changed to True in a future version of pandas. Pass observed=False to retain current behavior or observed=True to adopt the future default and silence this warning.
  median_by_tenure = df_clean.groupby(pd.cut(df_clean['tenure'], bins=[0, 12, 24, 48, 72]))['total_charges'].median()
[2025-09-12T00:53:51.480+0000] {docker.py:429} INFO - === CUSTOMER CHURN PREDICTION TRAINING ===

1. Loading data...
Loaded 5000 rows and 14 columns

2. Cleaning data...
Starting data cleaning...
Removed 0 duplicate rows
Data cleaning completed
Removed 293 outliers from total_charges
Data cleaning completed. Final shape: (4707, 14)

3. Transforming data...
Starting data transformation...
Fitted encoder for gender
Fitted encoder for contract
Fitted encoder for internet_service
Fitted encoder for online_security
Fitted encoder for tech_support
Fitted encoder for streaming_tv
Fitted encoder for payment_method
Fitted encoder for paperless_billing
Train set: 3765 samples
Test set: 942 samples
All transformers saved to /app/Models/transformers.joblib
Data transformation completed

4. Training models...
Training logistic_regression...
[2025-09-12T00:58:40.891+0000] {docker.py:429} INFO - Best CV score: 0.7259
Model saved to /app/Models/logistic_regression.joblib
Training random_forest...
Best CV score: 0.7242
Model saved to /app/Models/random_forest.joblib
Training Gradient_Boosting...
Best CV score: 0.7233
Model saved to /app/Models/Gradient_Boosting.joblib

Training completed! 3 models trained and saved.
[2025-09-12T00:58:52.890+0000] {taskinstance.py:1138} INFO - Marking task as SUCCESS. dag_id=ml_pipeline_orchestration, task_id=train_model, execution_date=20250912T005255, start_date=20250912T005309, end_date=20250912T005852
[2025-09-12T00:58:53.409+0000] {local_task_job_runner.py:234} INFO - Task exited with return code 0
[2025-09-12T00:58:54.620+0000] {taskinstance.py:3280} INFO - 0 downstream tasks scheduled from follow-on schedule check
