[2025-09-15T22:52:24.256+0000] {taskinstance.py:1956} INFO - Dependencies all met for dep_context=non-requeueable deps ti=<TaskInstance: ml_pipeline_orchestration.prepare_workspace manual__2025-09-15T22:52:20.139806+00:00 [queued]>
[2025-09-15T22:52:24.288+0000] {taskinstance.py:1956} INFO - Dependencies all met for dep_context=requeueable deps ti=<TaskInstance: ml_pipeline_orchestration.prepare_workspace manual__2025-09-15T22:52:20.139806+00:00 [queued]>
[2025-09-15T22:52:24.289+0000] {taskinstance.py:2170} INFO - Starting attempt 1 of 2
[2025-09-15T22:52:24.337+0000] {taskinstance.py:2191} INFO - Executing <Task(BashOperator): prepare_workspace> on 2025-09-15 22:52:20.139806+00:00
[2025-09-15T22:52:24.351+0000] {standard_task_runner.py:60} INFO - Started process 246 to run task
[2025-09-15T22:52:24.363+0000] {standard_task_runner.py:87} INFO - Running: ['***', 'tasks', 'run', 'ml_pipeline_orchestration', 'prepare_workspace', 'manual__2025-09-15T22:52:20.139806+00:00', '--job-id', '35', '--raw', '--subdir', 'DAGS_FOLDER/orchestration.py', '--cfg-path', '/tmp/tmpczc0dmhz']
[2025-09-15T22:52:24.370+0000] {standard_task_runner.py:88} INFO - Job 35: Subtask prepare_workspace
[2025-09-15T22:52:24.622+0000] {task_command.py:423} INFO - Running <TaskInstance: ml_pipeline_orchestration.prepare_workspace manual__2025-09-15T22:52:20.139806+00:00 [running]> on host f5911201595b
[2025-09-15T22:52:25.186+0000] {taskinstance.py:2480} INFO - Exporting env vars: AIRFLOW_CTX_DAG_OWNER='Jerr-williams' AIRFLOW_CTX_DAG_ID='ml_pipeline_orchestration' AIRFLOW_CTX_TASK_ID='prepare_workspace' AIRFLOW_CTX_EXECUTION_DATE='2025-09-15T22:52:20.139806+00:00' AIRFLOW_CTX_TRY_NUMBER='1' AIRFLOW_CTX_DAG_RUN_ID='manual__2025-09-15T22:52:20.139806+00:00'
[2025-09-15T22:52:25.194+0000] {subprocess.py:63} INFO - Tmp dir root location: /tmp
[2025-09-15T22:52:25.197+0000] {subprocess.py:75} INFO - Running command: ['/usr/bin/bash', '-c', '\n    mkdir -p /shared_data/Models\n    mkdir -p /shared_data/data\n    mkdir -p /shared_data/metrics\n    echo "Pipeline started at $(date)" > /shared_data/Models/pipeline_log.txt\n    ']
[2025-09-15T22:52:25.227+0000] {subprocess.py:86} INFO - Output:
[2025-09-15T22:52:25.965+0000] {subprocess.py:93} INFO - mkdir: cannot create directory ‘/shared_data’: Permission denied
[2025-09-15T22:52:25.997+0000] {subprocess.py:93} INFO - mkdir: cannot create directory ‘/shared_data’: Permission denied
[2025-09-15T22:52:26.011+0000] {subprocess.py:93} INFO - mkdir: cannot create directory ‘/shared_data’: Permission denied
[2025-09-15T22:52:26.032+0000] {subprocess.py:93} INFO - /usr/bin/bash: line 5: /shared_data/Models/pipeline_log.txt: No such file or directory
[2025-09-15T22:52:26.039+0000] {subprocess.py:97} INFO - Command exited with return code 1
[2025-09-15T22:52:26.188+0000] {taskinstance.py:2698} ERROR - Task failed with exception
Traceback (most recent call last):
  File "/home/airflow/.local/lib/python3.8/site-packages/airflow/models/taskinstance.py", line 433, in _execute_task
    result = execute_callable(context=context, **execute_callable_kwargs)
  File "/home/airflow/.local/lib/python3.8/site-packages/airflow/operators/bash.py", line 212, in execute
    raise AirflowException(
airflow.exceptions.AirflowException: Bash command failed. The command returned a non-zero exit code 1.
[2025-09-15T22:52:26.216+0000] {taskinstance.py:1138} INFO - Marking task as UP_FOR_RETRY. dag_id=ml_pipeline_orchestration, task_id=prepare_workspace, execution_date=20250915T225220, start_date=20250915T225224, end_date=20250915T225226
[2025-09-15T22:52:26.439+0000] {standard_task_runner.py:107} ERROR - Failed to execute job 35 for task prepare_workspace (Bash command failed. The command returned a non-zero exit code 1.; 246)
[2025-09-15T22:52:26.586+0000] {local_task_job_runner.py:234} INFO - Task exited with return code 1
[2025-09-15T22:52:26.784+0000] {taskinstance.py:3280} INFO - 0 downstream tasks scheduled from follow-on schedule check
