[2025-09-09T11:47:13.650+0000] {taskinstance.py:1956} INFO - Dependencies all met for dep_context=non-requeueable deps ti=<TaskInstance: ml_pipeline_orchestration.train_model manual__2025-09-09T10:54:31.661941+00:00 [queued]>
[2025-09-09T11:47:13.707+0000] {taskinstance.py:1956} INFO - Dependencies all met for dep_context=requeueable deps ti=<TaskInstance: ml_pipeline_orchestration.train_model manual__2025-09-09T10:54:31.661941+00:00 [queued]>
[2025-09-09T11:47:13.708+0000] {taskinstance.py:2170} INFO - Starting attempt 2 of 2
[2025-09-09T11:47:13.844+0000] {taskinstance.py:2191} INFO - Executing <Task(DockerOperator): train_model> on 2025-09-09 10:54:31.661941+00:00
[2025-09-09T11:47:13.855+0000] {standard_task_runner.py:60} INFO - Started process 1121 to run task
[2025-09-09T11:47:13.866+0000] {standard_task_runner.py:87} INFO - Running: ['***', 'tasks', 'run', 'ml_pipeline_orchestration', 'train_model', 'manual__2025-09-09T10:54:31.661941+00:00', '--job-id', '28', '--raw', '--subdir', 'DAGS_FOLDER/orchestration.py', '--cfg-path', '/tmp/tmpdx6po1sg']
[2025-09-09T11:47:13.874+0000] {standard_task_runner.py:88} INFO - Job 28: Subtask train_model
[2025-09-09T11:47:14.066+0000] {task_command.py:423} INFO - Running <TaskInstance: ml_pipeline_orchestration.train_model manual__2025-09-09T10:54:31.661941+00:00 [running]> on host 8ba9f5523319
[2025-09-09T11:47:14.441+0000] {taskinstance.py:2480} INFO - Exporting env vars: AIRFLOW_CTX_DAG_OWNER='Jerr-williams' AIRFLOW_CTX_DAG_ID='ml_pipeline_orchestration' AIRFLOW_CTX_TASK_ID='train_model' AIRFLOW_CTX_EXECUTION_DATE='2025-09-09T10:54:31.661941+00:00' AIRFLOW_CTX_TRY_NUMBER='2' AIRFLOW_CTX_DAG_RUN_ID='manual__2025-09-09T10:54:31.661941+00:00'
[2025-09-09T11:47:14.661+0000] {docker.py:486} INFO - Pulling docker image 972111245465383674563253/prediction-apps:latest
[2025-09-09T11:47:33.770+0000] {docker.py:500} INFO - latest: Pulling from 972111245465383674563253/prediction-apps
[2025-09-09T11:47:46.655+0000] {docker.py:500} INFO - 08e9596134ee: Pulling fs layer
[2025-09-09T11:47:46.658+0000] {docker.py:500} INFO - a72dc0d7ef65: Pulling fs layer
[2025-09-09T11:47:46.660+0000] {docker.py:500} INFO - 20f4762c7702: Pulling fs layer
[2025-09-09T11:47:46.661+0000] {docker.py:500} INFO - 364475f8ab1d: Pulling fs layer
[2025-09-09T11:47:49.239+0000] {docker.py:500} INFO - a72dc0d7ef65: Downloading
[2025-09-09T11:47:49.541+0000] {docker.py:500} INFO - a72dc0d7ef65: Download complete
[2025-09-09T11:47:49.550+0000] {docker.py:500} INFO - a72dc0d7ef65: Extracting
[2025-09-09T11:47:49.744+0000] {docker.py:500} INFO - a72dc0d7ef65: Pull complete
[2025-09-09T11:47:51.940+0000] {docker.py:500} INFO - 364475f8ab1d: Downloading
[2025-09-09T11:47:52.142+0000] {docker.py:500} INFO - 364475f8ab1d: Download complete
[2025-09-09T11:47:57.040+0000] {docker.py:500} INFO - 08e9596134ee: Downloading
[2025-09-09T11:48:41.637+0000] {docker.py:500} INFO - 20f4762c7702: Downloading
[2025-09-09T11:48:43.146+0000] {docker.py:500} INFO - 20f4762c7702: Download complete
[2025-09-09T11:48:43.154+0000] {docker.py:500} INFO - 20f4762c7702: Extracting
[2025-09-09T11:48:43.742+0000] {docker.py:500} INFO - 20f4762c7702: Pull complete
[2025-09-09T11:48:43.947+0000] {docker.py:500} INFO - 364475f8ab1d: Extracting
[2025-09-09T11:48:44.142+0000] {docker.py:500} INFO - 364475f8ab1d: Pull complete
[2025-09-09T12:16:01.884+0000] {docker.py:500} INFO - 08e9596134ee: Download complete
[2025-09-09T12:16:02.342+0000] {docker.py:500} INFO - 08e9596134ee: Extracting
[2025-09-09T12:18:01.930+0000] {docker.py:500} INFO - 08e9596134ee: Pull complete
[2025-09-09T12:18:02.710+0000] {docker.py:495} INFO - Digest: sha256:0f71632ec7c03848a4c6dadd30b9f7c8886d7a2680d69f38f59e871834b4431b
[2025-09-09T12:18:02.713+0000] {docker.py:495} INFO - Status: Downloaded newer image for 972111245465383674563253/prediction-apps:latest
[2025-09-09T12:18:02.893+0000] {docker.py:359} INFO - Starting docker container from image 972111245465383674563253/prediction-apps:latest
[2025-09-09T12:18:42.030+0000] {docker.py:429} INFO - /app/src/data/clean_data.py:26: FutureWarning: The default of observed=False is deprecated and will be changed to True in a future version of pandas. Pass observed=False to retain current behavior or observed=True to adopt the future default and silence this warning.
  median_by_tenure = df_clean.groupby(pd.cut(df_clean['tenure'], bins=[0, 12, 24, 48, 72]))['total_charges'].median()
[2025-09-09T12:18:44.545+0000] {docker.py:429} INFO - === CUSTOMER CHURN PREDICTION TRAINING ===

1. Loading data...
Loaded 5000 rows and 14 columns

2. Cleaning data...
Starting data cleaning...
Removed 0 duplicate rows
Data cleaning completed
Removed 293 outliers from total_charges
Data cleaning completed. Final shape: (4707, 14)

3. Transforming data...
Starting data transformation...
Fitted encoder for gender
Fitted encoder for contract
Fitted encoder for internet_service
Fitted encoder for online_security
Fitted encoder for tech_support
Fitted encoder for streaming_tv
Fitted encoder for payment_method
Fitted encoder for paperless_billing
Train set: 3765 samples
Test set: 942 samples
All transformers saved to /app/Models/transformers.joblib
Data transformation completed

4. Training models...
Training logistic_regression...
[2025-09-09T12:28:53.811+0000] {docker.py:429} INFO - Best CV score: 0.7259
Model saved to /app/Models/logistic_regression.joblib
Training random_forest...
Best CV score: 0.7242
Model saved to /app/Models/random_forest.joblib
Training Gradient_Boosting...
Best CV score: 0.7233
Model saved to /app/Models/Gradient_Boosting.joblib

Training completed! 3 models trained and saved.
[2025-09-09T12:29:10.092+0000] {taskinstance.py:1138} INFO - Marking task as SUCCESS. dag_id=ml_pipeline_orchestration, task_id=train_model, execution_date=20250909T105431, start_date=20250909T114713, end_date=20250909T122909
[2025-09-09T12:29:14.027+0000] {local_task_job_runner.py:234} INFO - Task exited with return code 0
[2025-09-09T12:29:32.518+0000] {taskinstance.py:3280} INFO - 0 downstream tasks scheduled from follow-on schedule check
