[2025-09-12T00:36:22.383+0000] {taskinstance.py:1956} INFO - Dependencies all met for dep_context=non-requeueable deps ti=<TaskInstance: ml_pipeline_orchestration.log_experiments scheduled__2025-09-11T00:00:00+00:00 [queued]>
[2025-09-12T00:36:22.424+0000] {taskinstance.py:1956} INFO - Dependencies all met for dep_context=requeueable deps ti=<TaskInstance: ml_pipeline_orchestration.log_experiments scheduled__2025-09-11T00:00:00+00:00 [queued]>
[2025-09-12T00:36:22.425+0000] {taskinstance.py:2170} INFO - Starting attempt 2 of 2
[2025-09-12T00:36:22.515+0000] {taskinstance.py:2191} INFO - Executing <Task(DockerOperator): log_experiments> on 2025-09-11 00:00:00+00:00
[2025-09-12T00:36:22.524+0000] {standard_task_runner.py:60} INFO - Started process 602 to run task
[2025-09-12T00:36:22.534+0000] {standard_task_runner.py:87} INFO - Running: ['***', 'tasks', 'run', 'ml_pipeline_orchestration', 'log_experiments', 'scheduled__2025-09-11T00:00:00+00:00', '--job-id', '78', '--raw', '--subdir', 'DAGS_FOLDER/orchestration.py', '--cfg-path', '/tmp/tmpsw8incvg']
[2025-09-12T00:36:22.541+0000] {standard_task_runner.py:88} INFO - Job 78: Subtask log_experiments
[2025-09-12T00:36:22.755+0000] {task_command.py:423} INFO - Running <TaskInstance: ml_pipeline_orchestration.log_experiments scheduled__2025-09-11T00:00:00+00:00 [running]> on host 10edecd9c410
[2025-09-12T00:36:23.033+0000] {taskinstance.py:2480} INFO - Exporting env vars: AIRFLOW_CTX_DAG_OWNER='Jerr-williams' AIRFLOW_CTX_DAG_ID='ml_pipeline_orchestration' AIRFLOW_CTX_TASK_ID='log_experiments' AIRFLOW_CTX_EXECUTION_DATE='2025-09-11T00:00:00+00:00' AIRFLOW_CTX_TRY_NUMBER='2' AIRFLOW_CTX_DAG_RUN_ID='scheduled__2025-09-11T00:00:00+00:00'
[2025-09-12T00:36:23.220+0000] {docker.py:359} INFO - Starting docker container from image 972111245465383674563253/prediction-apps:latest
[2025-09-12T00:36:53.538+0000] {docker.py:429} INFO - /usr/local/lib/python3.12/site-packages/mlflow/utils/requirements_utils.py:20: UserWarning: pkg_resources is deprecated as an API. See https://setuptools.pypa.io/en/latest/pkg_resources.html. The pkg_resources package is slated for removal as early as 2025-11-30. Refrain from using this package or pin to Setuptools<81.
  import pkg_resources  # noqa: TID251
[2025-09-12T00:38:16.277+0000] {docker.py:429} INFO - 2025/09/12 00:38:16 WARNING mlflow.utils.git_utils: Failed to import Git (the Git executable is probably not on your PATH), so Git SHA is not available. Error: Failed to initialize: Bad git executable.
The git executable must be specified in one of the following ways:
    - be included in your $PATH
    - be set via $GIT_PYTHON_GIT_EXECUTABLE
    - explicitly set via git.refresh(<full-path-to-git-executable>)

All git commands will error until this is rectified.

This initial message can be silenced or aggravated in the future by setting the
$GIT_PYTHON_REFRESH environment variable. Use one of the following values:
    - quiet|q|silence|s|silent|none|n|0: for no message or exception
    - warn|w|warning|log|l|1: for a warning message (logging level CRITICAL, displayed by default)
    - error|e|exception|raise|r|2: for a raised exception

Example:
    export GIT_PYTHON_REFRESH=quiet
[2025-09-12T00:41:22.941+0000] {docker.py:429} INFO - Logging the Experiements
Error setting up MLflow: API request to https://dagshub.com/jerremiahwilly/Customer-churn.mlflow/api/2.0/mlflow/experiments/get-by-name failed with exception HTTPSConnectionPool(host='dagshub.com', port=443): Max retries exceeded with url: /jerremiahwilly/Customer-churn.mlflow/api/2.0/mlflow/experiments/get-by-name?experiment_name=Customer+Churn+Prediction (Caused by NameResolutionError("<urllib3.connection.HTTPSConnection object at 0x7ff7fadbc950>: Failed to resolve 'dagshub.com' ([Errno -2] Name or service not known)"))
Error tracking logistic_regression: API request to https://dagshub.com/jerremiahwilly/Customer-churn.mlflow/api/2.0/mlflow/runs/create failed with exception HTTPSConnectionPool(host='dagshub.com', port=443): Max retries exceeded with url: /jerremiahwilly/Customer-churn.mlflow/api/2.0/mlflow/runs/create (Caused by NameResolutionError("<urllib3.connection.HTTPSConnection object at 0x7ff7faaa4ef0>: Failed to resolve 'dagshub.com' ([Errno -2] Name or service not known)"))
Error tracking random_forest: API request to https://dagshub.com/jerremiahwilly/Customer-churn.mlflow/api/2.0/mlflow/runs/create failed with exception HTTPSConnectionPool(host='dagshub.com', port=443): Max retries exceeded with url: /jerremiahwilly/Customer-churn.mlflow/api/2.0/mlflow/runs/create (Caused by NameResolutionError("<urllib3.connection.HTTPSConnection object at 0x7ff7fac474a0>: Failed to resolve 'dagshub.com' ([Errno -2] Name or service not known)"))
Error tracking Gradient_Boosting: API request to https://dagshub.com/jerremiahwilly/Customer-churn.mlflow/api/2.0/mlflow/runs/create failed with exception HTTPSConnectionPool(host='dagshub.com', port=443): Max retries exceeded with url: /jerremiahwilly/Customer-churn.mlflow/api/2.0/mlflow/runs/create (Caused by NameResolutionError("<urllib3.connection.HTTPSConnection object at 0x7ff7faaa47d0>: Failed to resolve 'dagshub.com' ([Errno -2] Name or service not known)"))
Successfully logged 0 experiments
[2025-09-12T00:41:29.184+0000] {taskinstance.py:1138} INFO - Marking task as SUCCESS. dag_id=ml_pipeline_orchestration, task_id=log_experiments, execution_date=20250911T000000, start_date=20250912T003622, end_date=20250912T004129
[2025-09-12T00:41:29.421+0000] {local_task_job_runner.py:234} INFO - Task exited with return code 0
[2025-09-12T00:41:29.657+0000] {taskinstance.py:3280} INFO - 1 downstream tasks scheduled from follow-on schedule check
