[2025-09-19T16:57:31.630+0000] {processor.py:161} INFO - Started process (PID=2447) to work on /opt/airflow/dags/2nd_azure.py
[2025-09-19T16:57:31.634+0000] {processor.py:830} INFO - Processing file /opt/airflow/dags/2nd_azure.py for tasks to queue
[2025-09-19T16:57:31.638+0000] {logging_mixin.py:188} INFO - [2025-09-19T16:57:31.636+0000] {dagbag.py:538} INFO - Filling up the DagBag from /opt/airflow/dags/2nd_azure.py
[2025-09-19T16:57:38.002+0000] {logging_mixin.py:188} INFO - [2025-09-19T16:57:37.998+0000] {dagbag.py:348} ERROR - Failed to import: /opt/airflow/dags/2nd_azure.py
Traceback (most recent call last):
  File "/home/airflow/.local/lib/python3.8/site-packages/airflow/models/dagbag.py", line 344, in parse
    loader.exec_module(new_module)
  File "<frozen importlib._bootstrap_external>", line 843, in exec_module
  File "<frozen importlib._bootstrap>", line 219, in _call_with_frames_removed
  File "/opt/airflow/dags/2nd_azure.py", line 136, in <module>
    train_model_task = PythonOperator(
  File "/home/airflow/.local/lib/python3.8/site-packages/airflow/models/baseoperator.py", line 420, in apply_defaults
    raise AirflowException(f"missing keyword argument {missing_args.pop()!r}")
airflow.exceptions.AirflowException: missing keyword argument 'python_callable'
[2025-09-19T16:57:38.003+0000] {processor.py:842} WARNING - No viable dags retrieved from /opt/airflow/dags/2nd_azure.py
[2025-09-19T16:57:38.056+0000] {processor.py:183} INFO - Processing /opt/airflow/dags/2nd_azure.py took 6.437 seconds
[2025-09-19T16:58:08.283+0000] {processor.py:161} INFO - Started process (PID=2487) to work on /opt/airflow/dags/2nd_azure.py
[2025-09-19T16:58:08.288+0000] {processor.py:830} INFO - Processing file /opt/airflow/dags/2nd_azure.py for tasks to queue
[2025-09-19T16:58:08.292+0000] {logging_mixin.py:188} INFO - [2025-09-19T16:58:08.291+0000] {dagbag.py:538} INFO - Filling up the DagBag from /opt/airflow/dags/2nd_azure.py
[2025-09-19T16:58:13.577+0000] {logging_mixin.py:188} INFO - [2025-09-19T16:58:13.572+0000] {dagbag.py:348} ERROR - Failed to import: /opt/airflow/dags/2nd_azure.py
Traceback (most recent call last):
  File "/home/airflow/.local/lib/python3.8/site-packages/airflow/models/dagbag.py", line 344, in parse
    loader.exec_module(new_module)
  File "<frozen importlib._bootstrap_external>", line 843, in exec_module
  File "<frozen importlib._bootstrap>", line 219, in _call_with_frames_removed
  File "/opt/airflow/dags/2nd_azure.py", line 136, in <module>
    train_model_task = PythonOperator(
  File "/home/airflow/.local/lib/python3.8/site-packages/airflow/models/baseoperator.py", line 420, in apply_defaults
    raise AirflowException(f"missing keyword argument {missing_args.pop()!r}")
airflow.exceptions.AirflowException: missing keyword argument 'python_callable'
[2025-09-19T16:58:13.586+0000] {processor.py:842} WARNING - No viable dags retrieved from /opt/airflow/dags/2nd_azure.py
[2025-09-19T16:58:13.655+0000] {processor.py:183} INFO - Processing /opt/airflow/dags/2nd_azure.py took 5.387 seconds
[2025-09-19T16:58:43.814+0000] {processor.py:161} INFO - Started process (PID=2512) to work on /opt/airflow/dags/2nd_azure.py
[2025-09-19T16:58:43.816+0000] {processor.py:830} INFO - Processing file /opt/airflow/dags/2nd_azure.py for tasks to queue
[2025-09-19T16:58:43.820+0000] {logging_mixin.py:188} INFO - [2025-09-19T16:58:43.819+0000] {dagbag.py:538} INFO - Filling up the DagBag from /opt/airflow/dags/2nd_azure.py
[2025-09-19T16:58:50.559+0000] {logging_mixin.py:188} INFO - [2025-09-19T16:58:50.555+0000] {dagbag.py:348} ERROR - Failed to import: /opt/airflow/dags/2nd_azure.py
Traceback (most recent call last):
  File "/home/airflow/.local/lib/python3.8/site-packages/airflow/models/dagbag.py", line 344, in parse
    loader.exec_module(new_module)
  File "<frozen importlib._bootstrap_external>", line 843, in exec_module
  File "<frozen importlib._bootstrap>", line 219, in _call_with_frames_removed
  File "/opt/airflow/dags/2nd_azure.py", line 136, in <module>
    train_model_task = PythonOperator(
  File "/home/airflow/.local/lib/python3.8/site-packages/airflow/models/baseoperator.py", line 420, in apply_defaults
    raise AirflowException(f"missing keyword argument {missing_args.pop()!r}")
airflow.exceptions.AirflowException: missing keyword argument 'python_callable'
[2025-09-19T16:58:50.560+0000] {processor.py:842} WARNING - No viable dags retrieved from /opt/airflow/dags/2nd_azure.py
[2025-09-19T16:58:50.643+0000] {processor.py:183} INFO - Processing /opt/airflow/dags/2nd_azure.py took 6.839 seconds
[2025-09-19T16:59:20.763+0000] {processor.py:161} INFO - Started process (PID=2537) to work on /opt/airflow/dags/2nd_azure.py
[2025-09-19T16:59:20.767+0000] {processor.py:830} INFO - Processing file /opt/airflow/dags/2nd_azure.py for tasks to queue
[2025-09-19T16:59:20.783+0000] {logging_mixin.py:188} INFO - [2025-09-19T16:59:20.772+0000] {dagbag.py:538} INFO - Filling up the DagBag from /opt/airflow/dags/2nd_azure.py
[2025-09-19T16:59:26.781+0000] {logging_mixin.py:188} INFO - [2025-09-19T16:59:26.776+0000] {dagbag.py:348} ERROR - Failed to import: /opt/airflow/dags/2nd_azure.py
Traceback (most recent call last):
  File "/home/airflow/.local/lib/python3.8/site-packages/airflow/models/dagbag.py", line 344, in parse
    loader.exec_module(new_module)
  File "<frozen importlib._bootstrap_external>", line 843, in exec_module
  File "<frozen importlib._bootstrap>", line 219, in _call_with_frames_removed
  File "/opt/airflow/dags/2nd_azure.py", line 136, in <module>
    train_model_task = PythonOperator(
  File "/home/airflow/.local/lib/python3.8/site-packages/airflow/models/baseoperator.py", line 420, in apply_defaults
    raise AirflowException(f"missing keyword argument {missing_args.pop()!r}")
airflow.exceptions.AirflowException: missing keyword argument 'python_callable'
[2025-09-19T16:59:26.782+0000] {processor.py:842} WARNING - No viable dags retrieved from /opt/airflow/dags/2nd_azure.py
[2025-09-19T16:59:26.817+0000] {processor.py:183} INFO - Processing /opt/airflow/dags/2nd_azure.py took 6.065 seconds
[2025-09-19T16:59:56.951+0000] {processor.py:161} INFO - Started process (PID=2562) to work on /opt/airflow/dags/2nd_azure.py
[2025-09-19T16:59:56.958+0000] {processor.py:830} INFO - Processing file /opt/airflow/dags/2nd_azure.py for tasks to queue
[2025-09-19T16:59:56.962+0000] {logging_mixin.py:188} INFO - [2025-09-19T16:59:56.961+0000] {dagbag.py:538} INFO - Filling up the DagBag from /opt/airflow/dags/2nd_azure.py
[2025-09-19T17:00:03.428+0000] {logging_mixin.py:188} INFO - [2025-09-19T17:00:03.424+0000] {dagbag.py:348} ERROR - Failed to import: /opt/airflow/dags/2nd_azure.py
Traceback (most recent call last):
  File "/home/airflow/.local/lib/python3.8/site-packages/airflow/models/dagbag.py", line 344, in parse
    loader.exec_module(new_module)
  File "<frozen importlib._bootstrap_external>", line 843, in exec_module
  File "<frozen importlib._bootstrap>", line 219, in _call_with_frames_removed
  File "/opt/airflow/dags/2nd_azure.py", line 136, in <module>
    train_model_task = PythonOperator(
  File "/home/airflow/.local/lib/python3.8/site-packages/airflow/models/baseoperator.py", line 420, in apply_defaults
    raise AirflowException(f"missing keyword argument {missing_args.pop()!r}")
airflow.exceptions.AirflowException: missing keyword argument 'python_callable'
[2025-09-19T17:00:03.429+0000] {processor.py:842} WARNING - No viable dags retrieved from /opt/airflow/dags/2nd_azure.py
[2025-09-19T17:00:03.518+0000] {processor.py:183} INFO - Processing /opt/airflow/dags/2nd_azure.py took 6.588 seconds
[2025-09-19T17:00:33.682+0000] {processor.py:161} INFO - Started process (PID=2587) to work on /opt/airflow/dags/2nd_azure.py
[2025-09-19T17:00:33.685+0000] {processor.py:830} INFO - Processing file /opt/airflow/dags/2nd_azure.py for tasks to queue
[2025-09-19T17:00:33.691+0000] {logging_mixin.py:188} INFO - [2025-09-19T17:00:33.690+0000] {dagbag.py:538} INFO - Filling up the DagBag from /opt/airflow/dags/2nd_azure.py
[2025-09-19T17:00:39.631+0000] {logging_mixin.py:188} INFO - [2025-09-19T17:00:39.628+0000] {dagbag.py:348} ERROR - Failed to import: /opt/airflow/dags/2nd_azure.py
Traceback (most recent call last):
  File "/home/airflow/.local/lib/python3.8/site-packages/airflow/models/dagbag.py", line 344, in parse
    loader.exec_module(new_module)
  File "<frozen importlib._bootstrap_external>", line 843, in exec_module
  File "<frozen importlib._bootstrap>", line 219, in _call_with_frames_removed
  File "/opt/airflow/dags/2nd_azure.py", line 136, in <module>
    train_model_task = PythonOperator(
  File "/home/airflow/.local/lib/python3.8/site-packages/airflow/models/baseoperator.py", line 420, in apply_defaults
    raise AirflowException(f"missing keyword argument {missing_args.pop()!r}")
airflow.exceptions.AirflowException: missing keyword argument 'python_callable'
[2025-09-19T17:00:39.633+0000] {processor.py:842} WARNING - No viable dags retrieved from /opt/airflow/dags/2nd_azure.py
[2025-09-19T17:00:39.703+0000] {processor.py:183} INFO - Processing /opt/airflow/dags/2nd_azure.py took 6.036 seconds
[2025-09-19T17:01:09.990+0000] {processor.py:161} INFO - Started process (PID=2615) to work on /opt/airflow/dags/2nd_azure.py
[2025-09-19T17:01:09.994+0000] {processor.py:830} INFO - Processing file /opt/airflow/dags/2nd_azure.py for tasks to queue
[2025-09-19T17:01:09.997+0000] {logging_mixin.py:188} INFO - [2025-09-19T17:01:09.996+0000] {dagbag.py:538} INFO - Filling up the DagBag from /opt/airflow/dags/2nd_azure.py
[2025-09-19T17:01:19.184+0000] {logging_mixin.py:188} INFO - [2025-09-19T17:01:19.179+0000] {dagbag.py:348} ERROR - Failed to import: /opt/airflow/dags/2nd_azure.py
Traceback (most recent call last):
  File "/home/airflow/.local/lib/python3.8/site-packages/airflow/models/dagbag.py", line 344, in parse
    loader.exec_module(new_module)
  File "<frozen importlib._bootstrap_external>", line 843, in exec_module
  File "<frozen importlib._bootstrap>", line 219, in _call_with_frames_removed
  File "/opt/airflow/dags/2nd_azure.py", line 136, in <module>
    train_model_task = PythonOperator(
  File "/home/airflow/.local/lib/python3.8/site-packages/airflow/models/baseoperator.py", line 420, in apply_defaults
    raise AirflowException(f"missing keyword argument {missing_args.pop()!r}")
airflow.exceptions.AirflowException: missing keyword argument 'python_callable'
[2025-09-19T17:01:19.186+0000] {processor.py:842} WARNING - No viable dags retrieved from /opt/airflow/dags/2nd_azure.py
[2025-09-19T17:01:19.263+0000] {processor.py:183} INFO - Processing /opt/airflow/dags/2nd_azure.py took 9.284 seconds
[2025-09-19T17:01:49.788+0000] {processor.py:161} INFO - Started process (PID=2650) to work on /opt/airflow/dags/2nd_azure.py
[2025-09-19T17:01:49.812+0000] {processor.py:830} INFO - Processing file /opt/airflow/dags/2nd_azure.py for tasks to queue
[2025-09-19T17:01:49.824+0000] {logging_mixin.py:188} INFO - [2025-09-19T17:01:49.823+0000] {dagbag.py:538} INFO - Filling up the DagBag from /opt/airflow/dags/2nd_azure.py
[2025-09-19T17:01:56.470+0000] {logging_mixin.py:188} INFO - [2025-09-19T17:01:56.465+0000] {dagbag.py:348} ERROR - Failed to import: /opt/airflow/dags/2nd_azure.py
Traceback (most recent call last):
  File "/home/airflow/.local/lib/python3.8/site-packages/airflow/models/dagbag.py", line 344, in parse
    loader.exec_module(new_module)
  File "<frozen importlib._bootstrap_external>", line 843, in exec_module
  File "<frozen importlib._bootstrap>", line 219, in _call_with_frames_removed
  File "/opt/airflow/dags/2nd_azure.py", line 136, in <module>
    train_model_task = PythonOperator(
  File "/home/airflow/.local/lib/python3.8/site-packages/airflow/models/baseoperator.py", line 420, in apply_defaults
    raise AirflowException(f"missing keyword argument {missing_args.pop()!r}")
airflow.exceptions.AirflowException: missing keyword argument 'python_callable'
[2025-09-19T17:01:56.471+0000] {processor.py:842} WARNING - No viable dags retrieved from /opt/airflow/dags/2nd_azure.py
[2025-09-19T17:01:56.528+0000] {processor.py:183} INFO - Processing /opt/airflow/dags/2nd_azure.py took 6.769 seconds
[2025-09-19T17:02:26.669+0000] {processor.py:161} INFO - Started process (PID=2675) to work on /opt/airflow/dags/2nd_azure.py
[2025-09-19T17:02:26.673+0000] {processor.py:830} INFO - Processing file /opt/airflow/dags/2nd_azure.py for tasks to queue
[2025-09-19T17:02:26.678+0000] {logging_mixin.py:188} INFO - [2025-09-19T17:02:26.676+0000] {dagbag.py:538} INFO - Filling up the DagBag from /opt/airflow/dags/2nd_azure.py
[2025-09-19T17:02:32.862+0000] {logging_mixin.py:188} INFO - [2025-09-19T17:02:32.850+0000] {dagbag.py:348} ERROR - Failed to import: /opt/airflow/dags/2nd_azure.py
Traceback (most recent call last):
  File "/home/airflow/.local/lib/python3.8/site-packages/airflow/models/dagbag.py", line 344, in parse
    loader.exec_module(new_module)
  File "<frozen importlib._bootstrap_external>", line 843, in exec_module
  File "<frozen importlib._bootstrap>", line 219, in _call_with_frames_removed
  File "/opt/airflow/dags/2nd_azure.py", line 136, in <module>
    train_model_task = PythonOperator(
  File "/home/airflow/.local/lib/python3.8/site-packages/airflow/models/baseoperator.py", line 420, in apply_defaults
    raise AirflowException(f"missing keyword argument {missing_args.pop()!r}")
airflow.exceptions.AirflowException: missing keyword argument 'python_callable'
[2025-09-19T17:02:32.869+0000] {processor.py:842} WARNING - No viable dags retrieved from /opt/airflow/dags/2nd_azure.py
[2025-09-19T17:02:33.044+0000] {processor.py:183} INFO - Processing /opt/airflow/dags/2nd_azure.py took 6.388 seconds
[2025-09-19T17:03:03.380+0000] {processor.py:161} INFO - Started process (PID=2700) to work on /opt/airflow/dags/2nd_azure.py
[2025-09-19T17:03:03.383+0000] {processor.py:830} INFO - Processing file /opt/airflow/dags/2nd_azure.py for tasks to queue
[2025-09-19T17:03:03.394+0000] {logging_mixin.py:188} INFO - [2025-09-19T17:03:03.393+0000] {dagbag.py:538} INFO - Filling up the DagBag from /opt/airflow/dags/2nd_azure.py
[2025-09-19T17:03:10.076+0000] {logging_mixin.py:188} INFO - [2025-09-19T17:03:10.074+0000] {dagbag.py:348} ERROR - Failed to import: /opt/airflow/dags/2nd_azure.py
Traceback (most recent call last):
  File "/home/airflow/.local/lib/python3.8/site-packages/airflow/models/dagbag.py", line 344, in parse
    loader.exec_module(new_module)
  File "<frozen importlib._bootstrap_external>", line 843, in exec_module
  File "<frozen importlib._bootstrap>", line 219, in _call_with_frames_removed
  File "/opt/airflow/dags/2nd_azure.py", line 136, in <module>
    train_model_task = PythonOperator(
  File "/home/airflow/.local/lib/python3.8/site-packages/airflow/models/baseoperator.py", line 420, in apply_defaults
    raise AirflowException(f"missing keyword argument {missing_args.pop()!r}")
airflow.exceptions.AirflowException: missing keyword argument 'python_callable'
[2025-09-19T17:03:10.078+0000] {processor.py:842} WARNING - No viable dags retrieved from /opt/airflow/dags/2nd_azure.py
[2025-09-19T17:03:10.109+0000] {processor.py:183} INFO - Processing /opt/airflow/dags/2nd_azure.py took 6.743 seconds
[2025-09-19T17:03:29.554+0000] {processor.py:161} INFO - Started process (PID=2722) to work on /opt/airflow/dags/2nd_azure.py
[2025-09-19T17:03:29.565+0000] {processor.py:830} INFO - Processing file /opt/airflow/dags/2nd_azure.py for tasks to queue
[2025-09-19T17:03:29.574+0000] {logging_mixin.py:188} INFO - [2025-09-19T17:03:29.571+0000] {dagbag.py:538} INFO - Filling up the DagBag from /opt/airflow/dags/2nd_azure.py
[2025-09-19T17:03:57.678+0000] {logging_mixin.py:188} INFO - [2025-09-19T17:03:57.663+0000] {dagbag.py:348} ERROR - Failed to import: /opt/airflow/dags/2nd_azure.py
Traceback (most recent call last):
  File "/home/airflow/.local/lib/python3.8/site-packages/airflow/models/dagbag.py", line 344, in parse
    loader.exec_module(new_module)
  File "<frozen importlib._bootstrap_external>", line 843, in exec_module
  File "<frozen importlib._bootstrap>", line 219, in _call_with_frames_removed
  File "/opt/airflow/dags/2nd_azure.py", line 136, in <module>
    train_model_task = PythonOperator(
  File "/home/airflow/.local/lib/python3.8/site-packages/airflow/models/baseoperator.py", line 420, in apply_defaults
    raise AirflowException(f"missing keyword argument {missing_args.pop()!r}")
airflow.exceptions.AirflowException: missing keyword argument 'python_callable'
[2025-09-19T17:03:57.682+0000] {processor.py:842} WARNING - No viable dags retrieved from /opt/airflow/dags/2nd_azure.py
[2025-09-19T17:03:57.813+0000] {processor.py:183} INFO - Processing /opt/airflow/dags/2nd_azure.py took 28.289 seconds
[2025-09-19T17:04:28.458+0000] {processor.py:161} INFO - Started process (PID=2747) to work on /opt/airflow/dags/2nd_azure.py
[2025-09-19T17:04:28.463+0000] {processor.py:830} INFO - Processing file /opt/airflow/dags/2nd_azure.py for tasks to queue
[2025-09-19T17:04:28.467+0000] {logging_mixin.py:188} INFO - [2025-09-19T17:04:28.466+0000] {dagbag.py:538} INFO - Filling up the DagBag from /opt/airflow/dags/2nd_azure.py
[2025-09-19T17:04:37.876+0000] {logging_mixin.py:188} INFO - [2025-09-19T17:04:37.872+0000] {dagbag.py:348} ERROR - Failed to import: /opt/airflow/dags/2nd_azure.py
Traceback (most recent call last):
  File "/home/airflow/.local/lib/python3.8/site-packages/airflow/models/dagbag.py", line 344, in parse
    loader.exec_module(new_module)
  File "<frozen importlib._bootstrap_external>", line 843, in exec_module
  File "<frozen importlib._bootstrap>", line 219, in _call_with_frames_removed
  File "/opt/airflow/dags/2nd_azure.py", line 136, in <module>
    train_model_task = PythonOperator(
  File "/home/airflow/.local/lib/python3.8/site-packages/airflow/models/baseoperator.py", line 420, in apply_defaults
    raise AirflowException(f"missing keyword argument {missing_args.pop()!r}")
airflow.exceptions.AirflowException: missing keyword argument 'python_callable'
[2025-09-19T17:04:37.878+0000] {processor.py:842} WARNING - No viable dags retrieved from /opt/airflow/dags/2nd_azure.py
[2025-09-19T17:04:38.016+0000] {processor.py:183} INFO - Processing /opt/airflow/dags/2nd_azure.py took 9.583 seconds
[2025-09-19T17:05:08.120+0000] {processor.py:161} INFO - Started process (PID=2787) to work on /opt/airflow/dags/2nd_azure.py
[2025-09-19T17:05:08.124+0000] {processor.py:830} INFO - Processing file /opt/airflow/dags/2nd_azure.py for tasks to queue
[2025-09-19T17:05:08.128+0000] {logging_mixin.py:188} INFO - [2025-09-19T17:05:08.127+0000] {dagbag.py:538} INFO - Filling up the DagBag from /opt/airflow/dags/2nd_azure.py
[2025-09-19T17:05:16.231+0000] {logging_mixin.py:188} INFO - [2025-09-19T17:05:16.227+0000] {dagbag.py:348} ERROR - Failed to import: /opt/airflow/dags/2nd_azure.py
Traceback (most recent call last):
  File "/home/airflow/.local/lib/python3.8/site-packages/airflow/models/dagbag.py", line 344, in parse
    loader.exec_module(new_module)
  File "<frozen importlib._bootstrap_external>", line 843, in exec_module
  File "<frozen importlib._bootstrap>", line 219, in _call_with_frames_removed
  File "/opt/airflow/dags/2nd_azure.py", line 136, in <module>
    train_model_task = PythonOperator(
  File "/home/airflow/.local/lib/python3.8/site-packages/airflow/models/baseoperator.py", line 420, in apply_defaults
    raise AirflowException(f"missing keyword argument {missing_args.pop()!r}")
airflow.exceptions.AirflowException: missing keyword argument 'python_callable'
[2025-09-19T17:05:16.233+0000] {processor.py:842} WARNING - No viable dags retrieved from /opt/airflow/dags/2nd_azure.py
[2025-09-19T17:05:16.323+0000] {processor.py:183} INFO - Processing /opt/airflow/dags/2nd_azure.py took 8.212 seconds
[2025-09-19T17:05:46.886+0000] {processor.py:161} INFO - Started process (PID=2812) to work on /opt/airflow/dags/2nd_azure.py
[2025-09-19T17:05:46.897+0000] {processor.py:830} INFO - Processing file /opt/airflow/dags/2nd_azure.py for tasks to queue
[2025-09-19T17:05:46.907+0000] {logging_mixin.py:188} INFO - [2025-09-19T17:05:46.904+0000] {dagbag.py:538} INFO - Filling up the DagBag from /opt/airflow/dags/2nd_azure.py
[2025-09-19T17:06:00.379+0000] {logging_mixin.py:188} INFO - [2025-09-19T17:06:00.376+0000] {dagbag.py:348} ERROR - Failed to import: /opt/airflow/dags/2nd_azure.py
Traceback (most recent call last):
  File "/home/airflow/.local/lib/python3.8/site-packages/airflow/models/dagbag.py", line 344, in parse
    loader.exec_module(new_module)
  File "<frozen importlib._bootstrap_external>", line 843, in exec_module
  File "<frozen importlib._bootstrap>", line 219, in _call_with_frames_removed
  File "/opt/airflow/dags/2nd_azure.py", line 136, in <module>
    train_model_task = PythonOperator(
  File "/home/airflow/.local/lib/python3.8/site-packages/airflow/models/baseoperator.py", line 420, in apply_defaults
    raise AirflowException(f"missing keyword argument {missing_args.pop()!r}")
airflow.exceptions.AirflowException: missing keyword argument 'python_callable'
[2025-09-19T17:06:00.381+0000] {processor.py:842} WARNING - No viable dags retrieved from /opt/airflow/dags/2nd_azure.py
[2025-09-19T17:06:00.675+0000] {processor.py:183} INFO - Processing /opt/airflow/dags/2nd_azure.py took 13.825 seconds
[2025-09-19T17:06:31.039+0000] {processor.py:161} INFO - Started process (PID=2842) to work on /opt/airflow/dags/2nd_azure.py
[2025-09-19T17:06:31.042+0000] {processor.py:830} INFO - Processing file /opt/airflow/dags/2nd_azure.py for tasks to queue
[2025-09-19T17:06:31.046+0000] {logging_mixin.py:188} INFO - [2025-09-19T17:06:31.045+0000] {dagbag.py:538} INFO - Filling up the DagBag from /opt/airflow/dags/2nd_azure.py
[2025-09-19T17:06:38.545+0000] {logging_mixin.py:188} INFO - [2025-09-19T17:06:38.538+0000] {dagbag.py:348} ERROR - Failed to import: /opt/airflow/dags/2nd_azure.py
Traceback (most recent call last):
  File "/home/airflow/.local/lib/python3.8/site-packages/airflow/models/dagbag.py", line 344, in parse
    loader.exec_module(new_module)
  File "<frozen importlib._bootstrap_external>", line 843, in exec_module
  File "<frozen importlib._bootstrap>", line 219, in _call_with_frames_removed
  File "/opt/airflow/dags/2nd_azure.py", line 136, in <module>
    train_model_task = PythonOperator(
  File "/home/airflow/.local/lib/python3.8/site-packages/airflow/models/baseoperator.py", line 420, in apply_defaults
    raise AirflowException(f"missing keyword argument {missing_args.pop()!r}")
airflow.exceptions.AirflowException: missing keyword argument 'python_callable'
[2025-09-19T17:06:38.547+0000] {processor.py:842} WARNING - No viable dags retrieved from /opt/airflow/dags/2nd_azure.py
[2025-09-19T17:06:38.600+0000] {processor.py:183} INFO - Processing /opt/airflow/dags/2nd_azure.py took 7.574 seconds
[2025-09-19T17:07:09.225+0000] {processor.py:161} INFO - Started process (PID=2867) to work on /opt/airflow/dags/2nd_azure.py
[2025-09-19T17:07:09.238+0000] {processor.py:830} INFO - Processing file /opt/airflow/dags/2nd_azure.py for tasks to queue
[2025-09-19T17:07:09.255+0000] {logging_mixin.py:188} INFO - [2025-09-19T17:07:09.251+0000] {dagbag.py:538} INFO - Filling up the DagBag from /opt/airflow/dags/2nd_azure.py
[2025-09-19T17:07:25.321+0000] {logging_mixin.py:188} INFO - [2025-09-19T17:07:25.313+0000] {dagbag.py:348} ERROR - Failed to import: /opt/airflow/dags/2nd_azure.py
Traceback (most recent call last):
  File "/home/airflow/.local/lib/python3.8/site-packages/airflow/models/dagbag.py", line 344, in parse
    loader.exec_module(new_module)
  File "<frozen importlib._bootstrap_external>", line 843, in exec_module
  File "<frozen importlib._bootstrap>", line 219, in _call_with_frames_removed
  File "/opt/airflow/dags/2nd_azure.py", line 136, in <module>
    train_model_task = PythonOperator(
  File "/home/airflow/.local/lib/python3.8/site-packages/airflow/models/baseoperator.py", line 420, in apply_defaults
    raise AirflowException(f"missing keyword argument {missing_args.pop()!r}")
airflow.exceptions.AirflowException: missing keyword argument 'python_callable'
[2025-09-19T17:07:25.326+0000] {processor.py:842} WARNING - No viable dags retrieved from /opt/airflow/dags/2nd_azure.py
[2025-09-19T17:07:25.418+0000] {processor.py:183} INFO - Processing /opt/airflow/dags/2nd_azure.py took 16.246 seconds
[2025-09-19T17:07:55.691+0000] {processor.py:161} INFO - Started process (PID=2895) to work on /opt/airflow/dags/2nd_azure.py
[2025-09-19T17:07:55.707+0000] {processor.py:830} INFO - Processing file /opt/airflow/dags/2nd_azure.py for tasks to queue
[2025-09-19T17:07:55.715+0000] {logging_mixin.py:188} INFO - [2025-09-19T17:07:55.713+0000] {dagbag.py:538} INFO - Filling up the DagBag from /opt/airflow/dags/2nd_azure.py
[2025-09-19T17:08:05.267+0000] {logging_mixin.py:188} INFO - [2025-09-19T17:08:05.263+0000] {dagbag.py:348} ERROR - Failed to import: /opt/airflow/dags/2nd_azure.py
Traceback (most recent call last):
  File "/home/airflow/.local/lib/python3.8/site-packages/airflow/models/dagbag.py", line 344, in parse
    loader.exec_module(new_module)
  File "<frozen importlib._bootstrap_external>", line 843, in exec_module
  File "<frozen importlib._bootstrap>", line 219, in _call_with_frames_removed
  File "/opt/airflow/dags/2nd_azure.py", line 136, in <module>
    train_model_task = PythonOperator(
  File "/home/airflow/.local/lib/python3.8/site-packages/airflow/models/baseoperator.py", line 420, in apply_defaults
    raise AirflowException(f"missing keyword argument {missing_args.pop()!r}")
airflow.exceptions.AirflowException: missing keyword argument 'python_callable'
[2025-09-19T17:08:05.269+0000] {processor.py:842} WARNING - No viable dags retrieved from /opt/airflow/dags/2nd_azure.py
[2025-09-19T17:08:05.327+0000] {processor.py:183} INFO - Processing /opt/airflow/dags/2nd_azure.py took 9.678 seconds
[2025-09-19T17:08:38.992+0000] {processor.py:161} INFO - Started process (PID=2925) to work on /opt/airflow/dags/2nd_azure.py
[2025-09-19T17:08:39.072+0000] {processor.py:830} INFO - Processing file /opt/airflow/dags/2nd_azure.py for tasks to queue
[2025-09-19T17:08:39.169+0000] {logging_mixin.py:188} INFO - [2025-09-19T17:08:39.145+0000] {dagbag.py:538} INFO - Filling up the DagBag from /opt/airflow/dags/2nd_azure.py
[2025-09-19T17:08:48.134+0000] {logging_mixin.py:188} INFO - [2025-09-19T17:08:48.129+0000] {dagbag.py:348} ERROR - Failed to import: /opt/airflow/dags/2nd_azure.py
Traceback (most recent call last):
  File "/home/airflow/.local/lib/python3.8/site-packages/airflow/models/dagbag.py", line 344, in parse
    loader.exec_module(new_module)
  File "<frozen importlib._bootstrap_external>", line 843, in exec_module
  File "<frozen importlib._bootstrap>", line 219, in _call_with_frames_removed
  File "/opt/airflow/dags/2nd_azure.py", line 136, in <module>
    train_model_task = PythonOperator(
  File "/home/airflow/.local/lib/python3.8/site-packages/airflow/models/baseoperator.py", line 420, in apply_defaults
    raise AirflowException(f"missing keyword argument {missing_args.pop()!r}")
airflow.exceptions.AirflowException: missing keyword argument 'python_callable'
[2025-09-19T17:08:48.137+0000] {processor.py:842} WARNING - No viable dags retrieved from /opt/airflow/dags/2nd_azure.py
[2025-09-19T17:08:48.203+0000] {processor.py:183} INFO - Processing /opt/airflow/dags/2nd_azure.py took 9.382 seconds
[2025-09-19T17:09:19.072+0000] {processor.py:161} INFO - Started process (PID=2947) to work on /opt/airflow/dags/2nd_azure.py
[2025-09-19T17:09:19.087+0000] {processor.py:830} INFO - Processing file /opt/airflow/dags/2nd_azure.py for tasks to queue
[2025-09-19T17:09:19.102+0000] {logging_mixin.py:188} INFO - [2025-09-19T17:09:19.099+0000] {dagbag.py:538} INFO - Filling up the DagBag from /opt/airflow/dags/2nd_azure.py
[2025-09-19T17:09:39.253+0000] {logging_mixin.py:188} INFO - [2025-09-19T17:09:39.246+0000] {dagbag.py:348} ERROR - Failed to import: /opt/airflow/dags/2nd_azure.py
Traceback (most recent call last):
  File "/home/airflow/.local/lib/python3.8/site-packages/airflow/models/dagbag.py", line 344, in parse
    loader.exec_module(new_module)
  File "<frozen importlib._bootstrap_external>", line 843, in exec_module
  File "<frozen importlib._bootstrap>", line 219, in _call_with_frames_removed
  File "/opt/airflow/dags/2nd_azure.py", line 136, in <module>
    train_model_task = PythonOperator(
  File "/home/airflow/.local/lib/python3.8/site-packages/airflow/models/baseoperator.py", line 420, in apply_defaults
    raise AirflowException(f"missing keyword argument {missing_args.pop()!r}")
airflow.exceptions.AirflowException: missing keyword argument 'python_callable'
[2025-09-19T17:09:39.263+0000] {processor.py:842} WARNING - No viable dags retrieved from /opt/airflow/dags/2nd_azure.py
[2025-09-19T17:09:39.337+0000] {processor.py:183} INFO - Processing /opt/airflow/dags/2nd_azure.py took 20.318 seconds
