[2025-09-20T05:33:52.407+0000] {processor.py:161} INFO - Started process (PID=2977) to work on /opt/airflow/dags/another.py
[2025-09-20T05:33:52.410+0000] {processor.py:830} INFO - Processing file /opt/airflow/dags/another.py for tasks to queue
[2025-09-20T05:33:52.413+0000] {logging_mixin.py:188} INFO - [2025-09-20T05:33:52.412+0000] {dagbag.py:538} INFO - Filling up the DagBag from /opt/airflow/dags/another.py
[2025-09-20T05:33:52.436+0000] {logging_mixin.py:188} INFO - /opt
[2025-09-20T05:33:52.576+0000] {processor.py:840} INFO - DAG(s) 'just_orchestration' retrieved from /opt/airflow/dags/another.py
[2025-09-20T05:33:52.697+0000] {logging_mixin.py:188} INFO - [2025-09-20T05:33:52.696+0000] {dag.py:3036} INFO - Sync 1 DAGs
[2025-09-20T05:33:52.794+0000] {logging_mixin.py:188} INFO - [2025-09-20T05:33:52.792+0000] {dag.py:3823} INFO - Setting next_dagrun for just_orchestration to 2025-09-19 00:00:00+00:00, run_after=2025-09-20 00:00:00+00:00
[2025-09-20T05:33:53.326+0000] {processor.py:183} INFO - Processing /opt/airflow/dags/another.py took 0.931 seconds
[2025-09-20T05:34:23.827+0000] {processor.py:161} INFO - Started process (PID=3001) to work on /opt/airflow/dags/another.py
[2025-09-20T05:34:23.965+0000] {processor.py:830} INFO - Processing file /opt/airflow/dags/another.py for tasks to queue
[2025-09-20T05:34:24.085+0000] {logging_mixin.py:188} INFO - [2025-09-20T05:34:24.055+0000] {dagbag.py:538} INFO - Filling up the DagBag from /opt/airflow/dags/another.py
[2025-09-20T05:34:24.297+0000] {logging_mixin.py:188} INFO - /opt
[2025-09-20T05:34:24.641+0000] {processor.py:840} INFO - DAG(s) 'just_orchestration' retrieved from /opt/airflow/dags/another.py
[2025-09-20T05:34:24.785+0000] {logging_mixin.py:188} INFO - [2025-09-20T05:34:24.784+0000] {dag.py:3036} INFO - Sync 1 DAGs
[2025-09-20T05:34:24.952+0000] {logging_mixin.py:188} INFO - [2025-09-20T05:34:24.950+0000] {dag.py:3823} INFO - Setting next_dagrun for just_orchestration to 2025-09-19 00:00:00+00:00, run_after=2025-09-20 00:00:00+00:00
[2025-09-20T05:34:25.147+0000] {processor.py:183} INFO - Processing /opt/airflow/dags/another.py took 1.361 seconds
[2025-09-20T05:35:18.904+0000] {processor.py:161} INFO - Started process (PID=3026) to work on /opt/airflow/dags/another.py
[2025-09-20T05:35:18.916+0000] {processor.py:830} INFO - Processing file /opt/airflow/dags/another.py for tasks to queue
[2025-09-20T05:35:18.929+0000] {logging_mixin.py:188} INFO - [2025-09-20T05:35:18.923+0000] {dagbag.py:538} INFO - Filling up the DagBag from /opt/airflow/dags/another.py
[2025-09-20T05:35:18.988+0000] {logging_mixin.py:188} INFO - /opt
[2025-09-20T05:35:19.274+0000] {processor.py:840} INFO - DAG(s) 'just_orchestration' retrieved from /opt/airflow/dags/another.py
[2025-09-20T05:35:19.500+0000] {logging_mixin.py:188} INFO - [2025-09-20T05:35:19.498+0000] {dag.py:3036} INFO - Sync 1 DAGs
[2025-09-20T05:35:19.783+0000] {logging_mixin.py:188} INFO - [2025-09-20T05:35:19.779+0000] {dag.py:3823} INFO - Setting next_dagrun for just_orchestration to 2025-09-19 00:00:00+00:00, run_after=2025-09-20 00:00:00+00:00
[2025-09-20T05:35:19.989+0000] {processor.py:183} INFO - Processing /opt/airflow/dags/another.py took 1.116 seconds
[2025-09-20T05:35:50.980+0000] {processor.py:161} INFO - Started process (PID=3046) to work on /opt/airflow/dags/another.py
[2025-09-20T05:35:50.989+0000] {processor.py:830} INFO - Processing file /opt/airflow/dags/another.py for tasks to queue
[2025-09-20T05:35:51.005+0000] {logging_mixin.py:188} INFO - [2025-09-20T05:35:51.002+0000] {dagbag.py:538} INFO - Filling up the DagBag from /opt/airflow/dags/another.py
[2025-09-20T05:35:51.098+0000] {logging_mixin.py:188} INFO - /opt
[2025-09-20T05:35:51.528+0000] {processor.py:840} INFO - DAG(s) 'just_orchestration' retrieved from /opt/airflow/dags/another.py
[2025-09-20T05:35:51.709+0000] {logging_mixin.py:188} INFO - [2025-09-20T05:35:51.708+0000] {dag.py:3036} INFO - Sync 1 DAGs
[2025-09-20T05:35:52.001+0000] {logging_mixin.py:188} INFO - [2025-09-20T05:35:51.999+0000] {dag.py:3823} INFO - Setting next_dagrun for just_orchestration to 2025-09-19 00:00:00+00:00, run_after=2025-09-20 00:00:00+00:00
[2025-09-20T05:35:52.342+0000] {processor.py:183} INFO - Processing /opt/airflow/dags/another.py took 1.419 seconds
[2025-09-20T05:36:23.011+0000] {processor.py:161} INFO - Started process (PID=3068) to work on /opt/airflow/dags/another.py
[2025-09-20T05:36:23.023+0000] {processor.py:830} INFO - Processing file /opt/airflow/dags/another.py for tasks to queue
[2025-09-20T05:36:23.035+0000] {logging_mixin.py:188} INFO - [2025-09-20T05:36:23.033+0000] {dagbag.py:538} INFO - Filling up the DagBag from /opt/airflow/dags/another.py
[2025-09-20T05:36:23.112+0000] {logging_mixin.py:188} INFO - /opt
[2025-09-20T05:36:23.363+0000] {processor.py:840} INFO - DAG(s) 'just_orchestration' retrieved from /opt/airflow/dags/another.py
[2025-09-20T05:36:23.529+0000] {logging_mixin.py:188} INFO - [2025-09-20T05:36:23.527+0000] {dag.py:3036} INFO - Sync 1 DAGs
[2025-09-20T05:36:23.801+0000] {logging_mixin.py:188} INFO - [2025-09-20T05:36:23.800+0000] {dag.py:3823} INFO - Setting next_dagrun for just_orchestration to 2025-09-19 00:00:00+00:00, run_after=2025-09-20 00:00:00+00:00
[2025-09-20T05:36:23.981+0000] {processor.py:183} INFO - Processing /opt/airflow/dags/another.py took 0.996 seconds
[2025-09-20T05:37:08.329+0000] {processor.py:161} INFO - Started process (PID=3091) to work on /opt/airflow/dags/another.py
[2025-09-20T05:37:08.340+0000] {processor.py:830} INFO - Processing file /opt/airflow/dags/another.py for tasks to queue
[2025-09-20T05:37:08.355+0000] {logging_mixin.py:188} INFO - [2025-09-20T05:37:08.352+0000] {dagbag.py:538} INFO - Filling up the DagBag from /opt/airflow/dags/another.py
[2025-09-20T05:37:08.423+0000] {logging_mixin.py:188} INFO - /opt
[2025-09-20T05:37:08.752+0000] {processor.py:840} INFO - DAG(s) 'just_orchestration' retrieved from /opt/airflow/dags/another.py
[2025-09-20T05:37:08.970+0000] {logging_mixin.py:188} INFO - [2025-09-20T05:37:08.965+0000] {dag.py:3036} INFO - Sync 1 DAGs
[2025-09-20T05:37:09.205+0000] {logging_mixin.py:188} INFO - [2025-09-20T05:37:09.203+0000] {dag.py:3823} INFO - Setting next_dagrun for just_orchestration to 2025-09-19 00:00:00+00:00, run_after=2025-09-20 00:00:00+00:00
[2025-09-20T05:37:09.411+0000] {processor.py:183} INFO - Processing /opt/airflow/dags/another.py took 1.122 seconds
[2025-09-20T05:37:40.009+0000] {processor.py:161} INFO - Started process (PID=3111) to work on /opt/airflow/dags/another.py
[2025-09-20T05:37:40.018+0000] {processor.py:830} INFO - Processing file /opt/airflow/dags/another.py for tasks to queue
[2025-09-20T05:37:40.027+0000] {logging_mixin.py:188} INFO - [2025-09-20T05:37:40.024+0000] {dagbag.py:538} INFO - Filling up the DagBag from /opt/airflow/dags/another.py
[2025-09-20T05:37:40.069+0000] {logging_mixin.py:188} INFO - /opt
[2025-09-20T05:37:40.282+0000] {processor.py:840} INFO - DAG(s) 'just_orchestration' retrieved from /opt/airflow/dags/another.py
[2025-09-20T05:37:40.434+0000] {logging_mixin.py:188} INFO - [2025-09-20T05:37:40.432+0000] {dag.py:3036} INFO - Sync 1 DAGs
[2025-09-20T05:37:40.622+0000] {logging_mixin.py:188} INFO - [2025-09-20T05:37:40.619+0000] {dag.py:3823} INFO - Setting next_dagrun for just_orchestration to 2025-09-19 00:00:00+00:00, run_after=2025-09-20 00:00:00+00:00
[2025-09-20T05:37:41.008+0000] {processor.py:183} INFO - Processing /opt/airflow/dags/another.py took 1.034 seconds
[2025-09-20T05:38:11.244+0000] {processor.py:161} INFO - Started process (PID=3133) to work on /opt/airflow/dags/another.py
[2025-09-20T05:38:11.255+0000] {processor.py:830} INFO - Processing file /opt/airflow/dags/another.py for tasks to queue
[2025-09-20T05:38:11.269+0000] {logging_mixin.py:188} INFO - [2025-09-20T05:38:11.266+0000] {dagbag.py:538} INFO - Filling up the DagBag from /opt/airflow/dags/another.py
[2025-09-20T05:38:11.315+0000] {logging_mixin.py:188} INFO - /opt
[2025-09-20T05:38:11.683+0000] {processor.py:840} INFO - DAG(s) 'just_orchestration' retrieved from /opt/airflow/dags/another.py
[2025-09-20T05:38:11.926+0000] {logging_mixin.py:188} INFO - [2025-09-20T05:38:11.924+0000] {dag.py:3036} INFO - Sync 1 DAGs
[2025-09-20T05:38:12.222+0000] {logging_mixin.py:188} INFO - [2025-09-20T05:38:12.220+0000] {dag.py:3823} INFO - Setting next_dagrun for just_orchestration to 2025-09-19 00:00:00+00:00, run_after=2025-09-20 00:00:00+00:00
[2025-09-20T05:38:12.438+0000] {processor.py:183} INFO - Processing /opt/airflow/dags/another.py took 1.221 seconds
[2025-09-20T05:38:55.541+0000] {processor.py:161} INFO - Started process (PID=3156) to work on /opt/airflow/dags/another.py
[2025-09-20T05:38:55.551+0000] {processor.py:830} INFO - Processing file /opt/airflow/dags/another.py for tasks to queue
[2025-09-20T05:38:55.563+0000] {logging_mixin.py:188} INFO - [2025-09-20T05:38:55.559+0000] {dagbag.py:538} INFO - Filling up the DagBag from /opt/airflow/dags/another.py
[2025-09-20T05:38:55.629+0000] {logging_mixin.py:188} INFO - /opt
[2025-09-20T05:38:55.951+0000] {processor.py:840} INFO - DAG(s) 'just_orchestration' retrieved from /opt/airflow/dags/another.py
[2025-09-20T05:38:56.148+0000] {logging_mixin.py:188} INFO - [2025-09-20T05:38:56.146+0000] {dag.py:3036} INFO - Sync 1 DAGs
[2025-09-20T05:38:56.465+0000] {logging_mixin.py:188} INFO - [2025-09-20T05:38:56.456+0000] {dag.py:3823} INFO - Setting next_dagrun for just_orchestration to 2025-09-19 00:00:00+00:00, run_after=2025-09-20 00:00:00+00:00
[2025-09-20T05:38:56.894+0000] {processor.py:183} INFO - Processing /opt/airflow/dags/another.py took 1.388 seconds
[2025-09-20T05:39:28.504+0000] {processor.py:161} INFO - Started process (PID=3176) to work on /opt/airflow/dags/another.py
[2025-09-20T05:39:28.519+0000] {processor.py:830} INFO - Processing file /opt/airflow/dags/another.py for tasks to queue
[2025-09-20T05:39:28.542+0000] {logging_mixin.py:188} INFO - [2025-09-20T05:39:28.531+0000] {dagbag.py:538} INFO - Filling up the DagBag from /opt/airflow/dags/another.py
[2025-09-20T05:39:28.720+0000] {logging_mixin.py:188} INFO - /opt
[2025-09-20T05:39:29.210+0000] {processor.py:840} INFO - DAG(s) 'just_orchestration' retrieved from /opt/airflow/dags/another.py
[2025-09-20T05:39:29.936+0000] {logging_mixin.py:188} INFO - [2025-09-20T05:39:29.918+0000] {dag.py:3036} INFO - Sync 1 DAGs
[2025-09-20T05:39:30.240+0000] {logging_mixin.py:188} INFO - [2025-09-20T05:39:30.238+0000] {dag.py:3823} INFO - Setting next_dagrun for just_orchestration to 2025-09-19 00:00:00+00:00, run_after=2025-09-20 00:00:00+00:00
[2025-09-20T05:39:30.454+0000] {processor.py:183} INFO - Processing /opt/airflow/dags/another.py took 2.003 seconds
[2025-09-20T05:40:00.689+0000] {processor.py:161} INFO - Started process (PID=3198) to work on /opt/airflow/dags/another.py
[2025-09-20T05:40:00.698+0000] {processor.py:830} INFO - Processing file /opt/airflow/dags/another.py for tasks to queue
[2025-09-20T05:40:00.716+0000] {logging_mixin.py:188} INFO - [2025-09-20T05:40:00.710+0000] {dagbag.py:538} INFO - Filling up the DagBag from /opt/airflow/dags/another.py
[2025-09-20T05:40:00.776+0000] {logging_mixin.py:188} INFO - /opt
[2025-09-20T05:40:01.076+0000] {processor.py:840} INFO - DAG(s) 'just_orchestration' retrieved from /opt/airflow/dags/another.py
[2025-09-20T05:40:01.296+0000] {logging_mixin.py:188} INFO - [2025-09-20T05:40:01.294+0000] {dag.py:3036} INFO - Sync 1 DAGs
[2025-09-20T05:40:01.459+0000] {logging_mixin.py:188} INFO - [2025-09-20T05:40:01.458+0000] {dag.py:3823} INFO - Setting next_dagrun for just_orchestration to 2025-09-19 00:00:00+00:00, run_after=2025-09-20 00:00:00+00:00
[2025-09-20T05:40:01.592+0000] {processor.py:183} INFO - Processing /opt/airflow/dags/another.py took 0.937 seconds
[2025-09-20T14:12:20.938+0000] {processor.py:161} INFO - Started process (PID=199) to work on /opt/airflow/dags/another.py
[2025-09-20T14:12:20.993+0000] {processor.py:830} INFO - Processing file /opt/airflow/dags/another.py for tasks to queue
[2025-09-20T14:12:21.000+0000] {logging_mixin.py:188} INFO - [2025-09-20T14:12:20.998+0000] {dagbag.py:538} INFO - Filling up the DagBag from /opt/airflow/dags/another.py
[2025-09-20T14:12:21.037+0000] {logging_mixin.py:188} INFO - /opt
[2025-09-20T14:12:21.845+0000] {processor.py:840} INFO - DAG(s) 'just_orchestration' retrieved from /opt/airflow/dags/another.py
[2025-09-20T14:12:22.093+0000] {logging_mixin.py:188} INFO - [2025-09-20T14:12:22.093+0000] {dag.py:3036} INFO - Sync 1 DAGs
[2025-09-20T14:12:22.222+0000] {logging_mixin.py:188} INFO - [2025-09-20T14:12:22.221+0000] {dag.py:3823} INFO - Setting next_dagrun for just_orchestration to 2025-09-19 00:00:00+00:00, run_after=2025-09-20 00:00:00+00:00
[2025-09-20T14:12:22.705+0000] {processor.py:183} INFO - Processing /opt/airflow/dags/another.py took 1.791 seconds
[2025-09-20T14:12:53.245+0000] {processor.py:161} INFO - Started process (PID=224) to work on /opt/airflow/dags/another.py
[2025-09-20T14:12:53.248+0000] {processor.py:830} INFO - Processing file /opt/airflow/dags/another.py for tasks to queue
[2025-09-20T14:12:53.252+0000] {logging_mixin.py:188} INFO - [2025-09-20T14:12:53.251+0000] {dagbag.py:538} INFO - Filling up the DagBag from /opt/airflow/dags/another.py
[2025-09-20T14:12:53.269+0000] {logging_mixin.py:188} INFO - /opt
[2025-09-20T14:12:53.341+0000] {processor.py:840} INFO - DAG(s) 'just_orchestration' retrieved from /opt/airflow/dags/another.py
[2025-09-20T14:12:53.383+0000] {logging_mixin.py:188} INFO - [2025-09-20T14:12:53.383+0000] {dag.py:3036} INFO - Sync 1 DAGs
[2025-09-20T14:12:53.505+0000] {logging_mixin.py:188} INFO - [2025-09-20T14:12:53.503+0000] {dag.py:3823} INFO - Setting next_dagrun for just_orchestration to 2025-09-19 00:00:00+00:00, run_after=2025-09-20 00:00:00+00:00
[2025-09-20T14:12:53.710+0000] {processor.py:183} INFO - Processing /opt/airflow/dags/another.py took 0.476 seconds
[2025-09-20T14:13:29.110+0000] {processor.py:161} INFO - Started process (PID=247) to work on /opt/airflow/dags/another.py
[2025-09-20T14:13:29.113+0000] {processor.py:830} INFO - Processing file /opt/airflow/dags/another.py for tasks to queue
[2025-09-20T14:13:29.117+0000] {logging_mixin.py:188} INFO - [2025-09-20T14:13:29.116+0000] {dagbag.py:538} INFO - Filling up the DagBag from /opt/airflow/dags/another.py
[2025-09-20T14:13:29.132+0000] {logging_mixin.py:188} INFO - /opt
[2025-09-20T14:13:29.208+0000] {processor.py:840} INFO - DAG(s) 'just_orchestration' retrieved from /opt/airflow/dags/another.py
[2025-09-20T14:13:29.447+0000] {logging_mixin.py:188} INFO - [2025-09-20T14:13:29.446+0000] {dag.py:3036} INFO - Sync 1 DAGs
[2025-09-20T14:13:29.498+0000] {logging_mixin.py:188} INFO - [2025-09-20T14:13:29.498+0000] {dag.py:3823} INFO - Setting next_dagrun for just_orchestration to 2025-09-19 00:00:00+00:00, run_after=2025-09-20 00:00:00+00:00
[2025-09-20T14:13:29.563+0000] {processor.py:183} INFO - Processing /opt/airflow/dags/another.py took 0.463 seconds
[2025-09-20T14:14:10.231+0000] {processor.py:161} INFO - Started process (PID=264) to work on /opt/airflow/dags/another.py
[2025-09-20T14:14:10.234+0000] {processor.py:830} INFO - Processing file /opt/airflow/dags/another.py for tasks to queue
[2025-09-20T14:14:10.242+0000] {logging_mixin.py:188} INFO - [2025-09-20T14:14:10.241+0000] {dagbag.py:538} INFO - Filling up the DagBag from /opt/airflow/dags/another.py
[2025-09-20T14:14:10.299+0000] {logging_mixin.py:188} INFO - /opt
[2025-09-20T14:14:10.548+0000] {processor.py:840} INFO - DAG(s) 'just_orchestration' retrieved from /opt/airflow/dags/another.py
[2025-09-20T14:14:10.772+0000] {logging_mixin.py:188} INFO - [2025-09-20T14:14:10.771+0000] {dag.py:3036} INFO - Sync 1 DAGs
[2025-09-20T14:14:11.122+0000] {logging_mixin.py:188} INFO - [2025-09-20T14:14:11.121+0000] {dag.py:3823} INFO - Setting next_dagrun for just_orchestration to 2025-09-19 00:00:00+00:00, run_after=2025-09-20 00:00:00+00:00
[2025-09-20T14:14:11.417+0000] {processor.py:183} INFO - Processing /opt/airflow/dags/another.py took 1.206 seconds
[2025-09-20T14:15:08.124+0000] {processor.py:161} INFO - Started process (PID=289) to work on /opt/airflow/dags/another.py
[2025-09-20T14:15:08.157+0000] {processor.py:830} INFO - Processing file /opt/airflow/dags/another.py for tasks to queue
[2025-09-20T14:15:08.164+0000] {logging_mixin.py:188} INFO - [2025-09-20T14:15:08.162+0000] {dagbag.py:538} INFO - Filling up the DagBag from /opt/airflow/dags/another.py
[2025-09-20T14:15:08.202+0000] {logging_mixin.py:188} INFO - /opt
[2025-09-20T14:15:08.501+0000] {processor.py:840} INFO - DAG(s) 'just_orchestration' retrieved from /opt/airflow/dags/another.py
[2025-09-20T14:15:08.608+0000] {logging_mixin.py:188} INFO - [2025-09-20T14:15:08.607+0000] {dag.py:3036} INFO - Sync 1 DAGs
[2025-09-20T14:15:08.731+0000] {logging_mixin.py:188} INFO - [2025-09-20T14:15:08.730+0000] {dag.py:3823} INFO - Setting next_dagrun for just_orchestration to 2025-09-19 00:00:00+00:00, run_after=2025-09-20 00:00:00+00:00
[2025-09-20T14:15:08.812+0000] {processor.py:183} INFO - Processing /opt/airflow/dags/another.py took 0.719 seconds
[2025-09-20T14:15:48.827+0000] {processor.py:161} INFO - Started process (PID=314) to work on /opt/airflow/dags/another.py
[2025-09-20T14:15:48.830+0000] {processor.py:830} INFO - Processing file /opt/airflow/dags/another.py for tasks to queue
[2025-09-20T14:15:48.837+0000] {logging_mixin.py:188} INFO - [2025-09-20T14:15:48.836+0000] {dagbag.py:538} INFO - Filling up the DagBag from /opt/airflow/dags/another.py
[2025-09-20T14:15:48.883+0000] {logging_mixin.py:188} INFO - /opt
[2025-09-20T14:15:49.051+0000] {processor.py:840} INFO - DAG(s) 'just_orchestration' retrieved from /opt/airflow/dags/another.py
[2025-09-20T14:15:49.263+0000] {logging_mixin.py:188} INFO - [2025-09-20T14:15:49.262+0000] {dag.py:3036} INFO - Sync 1 DAGs
[2025-09-20T14:15:49.328+0000] {logging_mixin.py:188} INFO - [2025-09-20T14:15:49.328+0000] {dag.py:3823} INFO - Setting next_dagrun for just_orchestration to 2025-09-19 00:00:00+00:00, run_after=2025-09-20 00:00:00+00:00
[2025-09-20T14:15:49.424+0000] {processor.py:183} INFO - Processing /opt/airflow/dags/another.py took 0.613 seconds
[2025-09-20T14:16:19.764+0000] {processor.py:161} INFO - Started process (PID=329) to work on /opt/airflow/dags/another.py
[2025-09-20T14:16:19.774+0000] {processor.py:830} INFO - Processing file /opt/airflow/dags/another.py for tasks to queue
[2025-09-20T14:16:19.782+0000] {logging_mixin.py:188} INFO - [2025-09-20T14:16:19.779+0000] {dagbag.py:538} INFO - Filling up the DagBag from /opt/airflow/dags/another.py
[2025-09-20T14:16:19.823+0000] {logging_mixin.py:188} INFO - /opt
[2025-09-20T14:16:19.929+0000] {processor.py:840} INFO - DAG(s) 'just_orchestration' retrieved from /opt/airflow/dags/another.py
[2025-09-20T14:16:19.983+0000] {logging_mixin.py:188} INFO - [2025-09-20T14:16:19.983+0000] {dag.py:3036} INFO - Sync 1 DAGs
[2025-09-20T14:16:20.059+0000] {logging_mixin.py:188} INFO - [2025-09-20T14:16:20.058+0000] {dag.py:3823} INFO - Setting next_dagrun for just_orchestration to 2025-09-19 00:00:00+00:00, run_after=2025-09-20 00:00:00+00:00
[2025-09-20T14:16:20.160+0000] {processor.py:183} INFO - Processing /opt/airflow/dags/another.py took 0.435 seconds
[2025-09-20T14:16:50.597+0000] {processor.py:161} INFO - Started process (PID=354) to work on /opt/airflow/dags/another.py
[2025-09-20T14:16:50.610+0000] {processor.py:830} INFO - Processing file /opt/airflow/dags/another.py for tasks to queue
[2025-09-20T14:16:50.666+0000] {logging_mixin.py:188} INFO - [2025-09-20T14:16:50.654+0000] {dagbag.py:538} INFO - Filling up the DagBag from /opt/airflow/dags/another.py
[2025-09-20T14:16:51.104+0000] {logging_mixin.py:188} INFO - /opt
[2025-09-20T14:16:53.579+0000] {processor.py:840} INFO - DAG(s) 'just_orchestration' retrieved from /opt/airflow/dags/another.py
[2025-09-20T14:16:54.850+0000] {logging_mixin.py:188} INFO - [2025-09-20T14:16:54.848+0000] {dag.py:3036} INFO - Sync 1 DAGs
[2025-09-20T14:16:56.310+0000] {logging_mixin.py:188} INFO - [2025-09-20T14:16:56.296+0000] {dag.py:3823} INFO - Setting next_dagrun for just_orchestration to 2025-09-19 00:00:00+00:00, run_after=2025-09-20 00:00:00+00:00
[2025-09-20T14:16:56.988+0000] {processor.py:183} INFO - Processing /opt/airflow/dags/another.py took 6.448 seconds
[2025-09-20T14:17:28.140+0000] {processor.py:161} INFO - Started process (PID=379) to work on /opt/airflow/dags/another.py
[2025-09-20T14:17:28.156+0000] {processor.py:830} INFO - Processing file /opt/airflow/dags/another.py for tasks to queue
[2025-09-20T14:17:28.162+0000] {logging_mixin.py:188} INFO - [2025-09-20T14:17:28.160+0000] {dagbag.py:538} INFO - Filling up the DagBag from /opt/airflow/dags/another.py
[2025-09-20T14:17:28.182+0000] {logging_mixin.py:188} INFO - /opt
[2025-09-20T14:17:28.288+0000] {processor.py:840} INFO - DAG(s) 'just_orchestration' retrieved from /opt/airflow/dags/another.py
[2025-09-20T14:17:28.349+0000] {logging_mixin.py:188} INFO - [2025-09-20T14:17:28.348+0000] {dag.py:3036} INFO - Sync 1 DAGs
[2025-09-20T14:17:28.405+0000] {logging_mixin.py:188} INFO - [2025-09-20T14:17:28.404+0000] {dag.py:3823} INFO - Setting next_dagrun for just_orchestration to 2025-09-19 00:00:00+00:00, run_after=2025-09-20 00:00:00+00:00
[2025-09-20T14:17:28.587+0000] {processor.py:183} INFO - Processing /opt/airflow/dags/another.py took 0.456 seconds
[2025-09-20T14:17:58.711+0000] {processor.py:161} INFO - Started process (PID=404) to work on /opt/airflow/dags/another.py
[2025-09-20T14:17:58.717+0000] {processor.py:830} INFO - Processing file /opt/airflow/dags/another.py for tasks to queue
[2025-09-20T14:17:58.720+0000] {logging_mixin.py:188} INFO - [2025-09-20T14:17:58.719+0000] {dagbag.py:538} INFO - Filling up the DagBag from /opt/airflow/dags/another.py
[2025-09-20T14:17:58.738+0000] {logging_mixin.py:188} INFO - /opt
[2025-09-20T14:17:58.812+0000] {processor.py:840} INFO - DAG(s) 'just_orchestration' retrieved from /opt/airflow/dags/another.py
[2025-09-20T14:17:58.855+0000] {logging_mixin.py:188} INFO - [2025-09-20T14:17:58.854+0000] {dag.py:3036} INFO - Sync 1 DAGs
[2025-09-20T14:17:58.917+0000] {logging_mixin.py:188} INFO - [2025-09-20T14:17:58.917+0000] {dag.py:3823} INFO - Setting next_dagrun for just_orchestration to 2025-09-19 00:00:00+00:00, run_after=2025-09-20 00:00:00+00:00
[2025-09-20T14:17:59.030+0000] {processor.py:183} INFO - Processing /opt/airflow/dags/another.py took 0.335 seconds
[2025-09-20T14:26:05.029+0000] {processor.py:161} INFO - Started process (PID=173) to work on /opt/airflow/dags/another.py
[2025-09-20T14:26:05.034+0000] {processor.py:830} INFO - Processing file /opt/airflow/dags/another.py for tasks to queue
[2025-09-20T14:26:05.045+0000] {logging_mixin.py:188} INFO - [2025-09-20T14:26:05.043+0000] {dagbag.py:538} INFO - Filling up the DagBag from /opt/airflow/dags/another.py
[2025-09-20T14:26:05.084+0000] {logging_mixin.py:188} INFO - /opt
[2025-09-20T14:26:05.432+0000] {processor.py:840} INFO - DAG(s) 'just_orchestration' retrieved from /opt/airflow/dags/another.py
[2025-09-20T14:26:05.466+0000] {logging_mixin.py:188} INFO - [2025-09-20T14:26:05.464+0000] {dag.py:3036} INFO - Sync 1 DAGs
[2025-09-20T14:26:05.807+0000] {logging_mixin.py:188} INFO - [2025-09-20T14:26:05.804+0000] {dag.py:3823} INFO - Setting next_dagrun for just_orchestration to 2025-09-19 00:00:00+00:00, run_after=2025-09-20 00:00:00+00:00
[2025-09-20T14:26:06.046+0000] {processor.py:183} INFO - Processing /opt/airflow/dags/another.py took 1.043 seconds
[2025-09-20T14:27:08.207+0000] {processor.py:161} INFO - Started process (PID=196) to work on /opt/airflow/dags/another.py
[2025-09-20T14:27:08.307+0000] {processor.py:830} INFO - Processing file /opt/airflow/dags/another.py for tasks to queue
[2025-09-20T14:27:08.318+0000] {logging_mixin.py:188} INFO - [2025-09-20T14:27:08.315+0000] {dagbag.py:538} INFO - Filling up the DagBag from /opt/airflow/dags/another.py
[2025-09-20T14:27:08.543+0000] {logging_mixin.py:188} INFO - /opt
[2025-09-20T14:27:08.628+0000] {processor.py:840} INFO - DAG(s) 'just_orchestration' retrieved from /opt/airflow/dags/another.py
[2025-09-20T14:27:15.785+0000] {logging_mixin.py:188} INFO - [2025-09-20T14:27:15.784+0000] {dag.py:3036} INFO - Sync 1 DAGs
[2025-09-20T14:27:15.841+0000] {logging_mixin.py:188} INFO - [2025-09-20T14:27:15.840+0000] {dag.py:3823} INFO - Setting next_dagrun for just_orchestration to 2025-09-19 00:00:00+00:00, run_after=2025-09-20 00:00:00+00:00
[2025-09-20T14:27:16.006+0000] {processor.py:183} INFO - Processing /opt/airflow/dags/another.py took 7.814 seconds
[2025-09-20T14:28:04.377+0000] {processor.py:161} INFO - Started process (PID=223) to work on /opt/airflow/dags/another.py
[2025-09-20T14:28:04.409+0000] {processor.py:830} INFO - Processing file /opt/airflow/dags/another.py for tasks to queue
[2025-09-20T14:28:04.437+0000] {logging_mixin.py:188} INFO - [2025-09-20T14:28:04.426+0000] {dagbag.py:538} INFO - Filling up the DagBag from /opt/airflow/dags/another.py
[2025-09-20T14:28:04.667+0000] {logging_mixin.py:188} INFO - /opt
[2025-09-20T14:28:06.320+0000] {processor.py:840} INFO - DAG(s) 'just_orchestration' retrieved from /opt/airflow/dags/another.py
[2025-09-20T14:28:08.954+0000] {logging_mixin.py:188} INFO - [2025-09-20T14:28:08.952+0000] {dag.py:3036} INFO - Sync 1 DAGs
[2025-09-20T14:28:10.253+0000] {logging_mixin.py:188} INFO - [2025-09-20T14:28:10.251+0000] {dag.py:3823} INFO - Setting next_dagrun for just_orchestration to 2025-09-19 00:00:00+00:00, run_after=2025-09-20 00:00:00+00:00
[2025-09-20T14:28:11.168+0000] {processor.py:183} INFO - Processing /opt/airflow/dags/another.py took 6.844 seconds
[2025-09-20T14:28:59.928+0000] {processor.py:161} INFO - Started process (PID=248) to work on /opt/airflow/dags/another.py
[2025-09-20T14:28:59.959+0000] {processor.py:830} INFO - Processing file /opt/airflow/dags/another.py for tasks to queue
[2025-09-20T14:28:59.986+0000] {logging_mixin.py:188} INFO - [2025-09-20T14:28:59.983+0000] {dagbag.py:538} INFO - Filling up the DagBag from /opt/airflow/dags/another.py
[2025-09-20T14:29:00.154+0000] {logging_mixin.py:188} INFO - /opt
[2025-09-20T14:29:00.797+0000] {processor.py:840} INFO - DAG(s) 'just_orchestration' retrieved from /opt/airflow/dags/another.py
[2025-09-20T14:29:01.085+0000] {logging_mixin.py:188} INFO - [2025-09-20T14:29:01.083+0000] {dag.py:3036} INFO - Sync 1 DAGs
[2025-09-20T14:29:01.535+0000] {logging_mixin.py:188} INFO - [2025-09-20T14:29:01.534+0000] {dag.py:3823} INFO - Setting next_dagrun for just_orchestration to 2025-09-19 00:00:00+00:00, run_after=2025-09-20 00:00:00+00:00
[2025-09-20T14:29:02.103+0000] {processor.py:183} INFO - Processing /opt/airflow/dags/another.py took 2.298 seconds
[2025-09-20T14:29:47.524+0000] {processor.py:161} INFO - Started process (PID=273) to work on /opt/airflow/dags/another.py
[2025-09-20T14:29:47.529+0000] {processor.py:830} INFO - Processing file /opt/airflow/dags/another.py for tasks to queue
[2025-09-20T14:29:47.538+0000] {logging_mixin.py:188} INFO - [2025-09-20T14:29:47.536+0000] {dagbag.py:538} INFO - Filling up the DagBag from /opt/airflow/dags/another.py
[2025-09-20T14:29:47.567+0000] {logging_mixin.py:188} INFO - /opt
[2025-09-20T14:29:47.688+0000] {processor.py:840} INFO - DAG(s) 'just_orchestration' retrieved from /opt/airflow/dags/another.py
[2025-09-20T14:29:48.125+0000] {logging_mixin.py:188} INFO - [2025-09-20T14:29:48.124+0000] {dag.py:3036} INFO - Sync 1 DAGs
[2025-09-20T14:29:48.211+0000] {logging_mixin.py:188} INFO - [2025-09-20T14:29:48.210+0000] {dag.py:3823} INFO - Setting next_dagrun for just_orchestration to 2025-09-19 00:00:00+00:00, run_after=2025-09-20 00:00:00+00:00
[2025-09-20T14:29:48.308+0000] {processor.py:183} INFO - Processing /opt/airflow/dags/another.py took 0.794 seconds
[2025-09-20T14:30:44.863+0000] {processor.py:161} INFO - Started process (PID=298) to work on /opt/airflow/dags/another.py
[2025-09-20T14:30:44.887+0000] {processor.py:830} INFO - Processing file /opt/airflow/dags/another.py for tasks to queue
[2025-09-20T14:30:44.917+0000] {logging_mixin.py:188} INFO - [2025-09-20T14:30:44.896+0000] {dagbag.py:538} INFO - Filling up the DagBag from /opt/airflow/dags/another.py
[2025-09-20T14:30:44.997+0000] {logging_mixin.py:188} INFO - /opt
[2025-09-20T14:30:45.371+0000] {processor.py:840} INFO - DAG(s) 'just_orchestration' retrieved from /opt/airflow/dags/another.py
[2025-09-20T14:30:45.507+0000] {logging_mixin.py:188} INFO - [2025-09-20T14:30:45.506+0000] {dag.py:3036} INFO - Sync 1 DAGs
[2025-09-20T14:30:45.659+0000] {logging_mixin.py:188} INFO - [2025-09-20T14:30:45.650+0000] {dag.py:3823} INFO - Setting next_dagrun for just_orchestration to 2025-09-19 00:00:00+00:00, run_after=2025-09-20 00:00:00+00:00
[2025-09-20T14:30:45.979+0000] {processor.py:183} INFO - Processing /opt/airflow/dags/another.py took 1.166 seconds
[2025-09-20T14:31:32.378+0000] {processor.py:161} INFO - Started process (PID=321) to work on /opt/airflow/dags/another.py
[2025-09-20T14:31:32.383+0000] {processor.py:830} INFO - Processing file /opt/airflow/dags/another.py for tasks to queue
[2025-09-20T14:31:32.391+0000] {logging_mixin.py:188} INFO - [2025-09-20T14:31:32.386+0000] {dagbag.py:538} INFO - Filling up the DagBag from /opt/airflow/dags/another.py
[2025-09-20T14:31:32.470+0000] {logging_mixin.py:188} INFO - /opt
[2025-09-20T14:31:32.675+0000] {processor.py:840} INFO - DAG(s) 'just_orchestration' retrieved from /opt/airflow/dags/another.py
[2025-09-20T14:31:32.809+0000] {logging_mixin.py:188} INFO - [2025-09-20T14:31:32.808+0000] {dag.py:3036} INFO - Sync 1 DAGs
[2025-09-20T14:31:32.899+0000] {logging_mixin.py:188} INFO - [2025-09-20T14:31:32.898+0000] {dag.py:3823} INFO - Setting next_dagrun for just_orchestration to 2025-09-19 00:00:00+00:00, run_after=2025-09-20 00:00:00+00:00
[2025-09-20T14:31:33.063+0000] {processor.py:183} INFO - Processing /opt/airflow/dags/another.py took 0.733 seconds
[2025-09-20T14:32:33.411+0000] {processor.py:161} INFO - Started process (PID=346) to work on /opt/airflow/dags/another.py
[2025-09-20T14:32:33.429+0000] {processor.py:830} INFO - Processing file /opt/airflow/dags/another.py for tasks to queue
[2025-09-20T14:32:33.453+0000] {logging_mixin.py:188} INFO - [2025-09-20T14:32:33.445+0000] {dagbag.py:538} INFO - Filling up the DagBag from /opt/airflow/dags/another.py
[2025-09-20T14:32:33.529+0000] {logging_mixin.py:188} INFO - /opt
[2025-09-20T14:32:33.864+0000] {processor.py:840} INFO - DAG(s) 'just_orchestration' retrieved from /opt/airflow/dags/another.py
[2025-09-20T14:32:34.067+0000] {logging_mixin.py:188} INFO - [2025-09-20T14:32:34.066+0000] {dag.py:3036} INFO - Sync 1 DAGs
[2025-09-20T14:32:34.305+0000] {logging_mixin.py:188} INFO - [2025-09-20T14:32:34.303+0000] {dag.py:3823} INFO - Setting next_dagrun for just_orchestration to 2025-09-19 00:00:00+00:00, run_after=2025-09-20 00:00:00+00:00
[2025-09-20T14:32:34.551+0000] {processor.py:183} INFO - Processing /opt/airflow/dags/another.py took 1.186 seconds
[2025-09-20T14:33:11.005+0000] {processor.py:161} INFO - Started process (PID=371) to work on /opt/airflow/dags/another.py
[2025-09-20T14:33:11.009+0000] {processor.py:830} INFO - Processing file /opt/airflow/dags/another.py for tasks to queue
[2025-09-20T14:33:11.013+0000] {logging_mixin.py:188} INFO - [2025-09-20T14:33:11.012+0000] {dagbag.py:538} INFO - Filling up the DagBag from /opt/airflow/dags/another.py
[2025-09-20T14:33:11.045+0000] {logging_mixin.py:188} INFO - /opt
[2025-09-20T14:33:11.153+0000] {processor.py:840} INFO - DAG(s) 'just_orchestration' retrieved from /opt/airflow/dags/another.py
[2025-09-20T14:33:11.227+0000] {logging_mixin.py:188} INFO - [2025-09-20T14:33:11.226+0000] {dag.py:3036} INFO - Sync 1 DAGs
[2025-09-20T14:33:11.315+0000] {logging_mixin.py:188} INFO - [2025-09-20T14:33:11.314+0000] {dag.py:3823} INFO - Setting next_dagrun for just_orchestration to 2025-09-19 00:00:00+00:00, run_after=2025-09-20 00:00:00+00:00
[2025-09-20T14:33:11.381+0000] {processor.py:183} INFO - Processing /opt/airflow/dags/another.py took 0.390 seconds
[2025-09-20T14:33:41.657+0000] {processor.py:161} INFO - Started process (PID=391) to work on /opt/airflow/dags/another.py
[2025-09-20T14:33:41.660+0000] {processor.py:830} INFO - Processing file /opt/airflow/dags/another.py for tasks to queue
[2025-09-20T14:33:41.664+0000] {logging_mixin.py:188} INFO - [2025-09-20T14:33:41.663+0000] {dagbag.py:538} INFO - Filling up the DagBag from /opt/airflow/dags/another.py
[2025-09-20T14:33:41.683+0000] {logging_mixin.py:188} INFO - /opt
[2025-09-20T14:33:41.778+0000] {processor.py:840} INFO - DAG(s) 'just_orchestration' retrieved from /opt/airflow/dags/another.py
[2025-09-20T14:33:41.856+0000] {logging_mixin.py:188} INFO - [2025-09-20T14:33:41.855+0000] {dag.py:3036} INFO - Sync 1 DAGs
[2025-09-20T14:33:41.918+0000] {logging_mixin.py:188} INFO - [2025-09-20T14:33:41.917+0000] {dag.py:3823} INFO - Setting next_dagrun for just_orchestration to 2025-09-19 00:00:00+00:00, run_after=2025-09-20 00:00:00+00:00
[2025-09-20T14:33:42.020+0000] {processor.py:183} INFO - Processing /opt/airflow/dags/another.py took 0.375 seconds
[2025-09-20T14:34:12.979+0000] {processor.py:161} INFO - Started process (PID=413) to work on /opt/airflow/dags/another.py
[2025-09-20T14:34:12.989+0000] {processor.py:830} INFO - Processing file /opt/airflow/dags/another.py for tasks to queue
[2025-09-20T14:34:13.004+0000] {logging_mixin.py:188} INFO - [2025-09-20T14:34:12.998+0000] {dagbag.py:538} INFO - Filling up the DagBag from /opt/airflow/dags/another.py
[2025-09-20T14:34:13.073+0000] {logging_mixin.py:188} INFO - /opt
[2025-09-20T14:34:13.303+0000] {processor.py:840} INFO - DAG(s) 'just_orchestration' retrieved from /opt/airflow/dags/another.py
[2025-09-20T14:34:13.452+0000] {logging_mixin.py:188} INFO - [2025-09-20T14:34:13.450+0000] {dag.py:3036} INFO - Sync 1 DAGs
[2025-09-20T14:34:13.635+0000] {logging_mixin.py:188} INFO - [2025-09-20T14:34:13.633+0000] {dag.py:3823} INFO - Setting next_dagrun for just_orchestration to 2025-09-19 00:00:00+00:00, run_after=2025-09-20 00:00:00+00:00
[2025-09-20T14:34:13.804+0000] {processor.py:183} INFO - Processing /opt/airflow/dags/another.py took 0.853 seconds
[2025-09-20T14:34:44.016+0000] {processor.py:161} INFO - Started process (PID=438) to work on /opt/airflow/dags/another.py
[2025-09-20T14:34:44.023+0000] {processor.py:830} INFO - Processing file /opt/airflow/dags/another.py for tasks to queue
[2025-09-20T14:34:44.029+0000] {logging_mixin.py:188} INFO - [2025-09-20T14:34:44.028+0000] {dagbag.py:538} INFO - Filling up the DagBag from /opt/airflow/dags/another.py
[2025-09-20T14:34:44.049+0000] {logging_mixin.py:188} INFO - /opt
[2025-09-20T14:34:44.137+0000] {processor.py:840} INFO - DAG(s) 'just_orchestration' retrieved from /opt/airflow/dags/another.py
[2025-09-20T14:34:44.184+0000] {logging_mixin.py:188} INFO - [2025-09-20T14:34:44.183+0000] {dag.py:3036} INFO - Sync 1 DAGs
[2025-09-20T14:34:44.251+0000] {logging_mixin.py:188} INFO - [2025-09-20T14:34:44.250+0000] {dag.py:3823} INFO - Setting next_dagrun for just_orchestration to 2025-09-19 00:00:00+00:00, run_after=2025-09-20 00:00:00+00:00
[2025-09-20T14:34:44.366+0000] {processor.py:183} INFO - Processing /opt/airflow/dags/another.py took 0.359 seconds
[2025-09-20T14:35:14.646+0000] {processor.py:161} INFO - Started process (PID=463) to work on /opt/airflow/dags/another.py
[2025-09-20T14:35:14.651+0000] {processor.py:830} INFO - Processing file /opt/airflow/dags/another.py for tasks to queue
[2025-09-20T14:35:14.661+0000] {logging_mixin.py:188} INFO - [2025-09-20T14:35:14.659+0000] {dagbag.py:538} INFO - Filling up the DagBag from /opt/airflow/dags/another.py
[2025-09-20T14:35:14.687+0000] {logging_mixin.py:188} INFO - /opt
[2025-09-20T14:35:14.793+0000] {processor.py:840} INFO - DAG(s) 'just_orchestration' retrieved from /opt/airflow/dags/another.py
[2025-09-20T14:35:14.847+0000] {logging_mixin.py:188} INFO - [2025-09-20T14:35:14.847+0000] {dag.py:3036} INFO - Sync 1 DAGs
[2025-09-20T14:35:14.903+0000] {logging_mixin.py:188} INFO - [2025-09-20T14:35:14.903+0000] {dag.py:3823} INFO - Setting next_dagrun for just_orchestration to 2025-09-19 00:00:00+00:00, run_after=2025-09-20 00:00:00+00:00
[2025-09-20T14:35:14.950+0000] {processor.py:183} INFO - Processing /opt/airflow/dags/another.py took 0.321 seconds
[2025-09-20T14:35:57.255+0000] {processor.py:161} INFO - Started process (PID=486) to work on /opt/airflow/dags/another.py
[2025-09-20T14:35:57.259+0000] {processor.py:830} INFO - Processing file /opt/airflow/dags/another.py for tasks to queue
[2025-09-20T14:35:57.270+0000] {logging_mixin.py:188} INFO - [2025-09-20T14:35:57.269+0000] {dagbag.py:538} INFO - Filling up the DagBag from /opt/airflow/dags/another.py
[2025-09-20T14:35:57.302+0000] {logging_mixin.py:188} INFO - /opt
[2025-09-20T14:35:57.657+0000] {processor.py:840} INFO - DAG(s) 'just_orchestration' retrieved from /opt/airflow/dags/another.py
[2025-09-20T14:35:57.797+0000] {logging_mixin.py:188} INFO - [2025-09-20T14:35:57.796+0000] {dag.py:3036} INFO - Sync 1 DAGs
[2025-09-20T14:35:57.892+0000] {logging_mixin.py:188} INFO - [2025-09-20T14:35:57.892+0000] {dag.py:3823} INFO - Setting next_dagrun for just_orchestration to 2025-09-19 00:00:00+00:00, run_after=2025-09-20 00:00:00+00:00
[2025-09-20T14:35:58.094+0000] {processor.py:183} INFO - Processing /opt/airflow/dags/another.py took 0.858 seconds
[2025-09-20T14:36:58.095+0000] {processor.py:161} INFO - Started process (PID=511) to work on /opt/airflow/dags/another.py
[2025-09-20T14:36:58.101+0000] {processor.py:830} INFO - Processing file /opt/airflow/dags/another.py for tasks to queue
[2025-09-20T14:36:58.114+0000] {logging_mixin.py:188} INFO - [2025-09-20T14:36:58.112+0000] {dagbag.py:538} INFO - Filling up the DagBag from /opt/airflow/dags/another.py
[2025-09-20T14:36:58.140+0000] {logging_mixin.py:188} INFO - /opt
[2025-09-20T14:36:58.400+0000] {processor.py:840} INFO - DAG(s) 'just_orchestration' retrieved from /opt/airflow/dags/another.py
[2025-09-20T14:36:58.466+0000] {logging_mixin.py:188} INFO - [2025-09-20T14:36:58.466+0000] {dag.py:3036} INFO - Sync 1 DAGs
[2025-09-20T14:36:58.554+0000] {logging_mixin.py:188} INFO - [2025-09-20T14:36:58.553+0000] {dag.py:3823} INFO - Setting next_dagrun for just_orchestration to 2025-09-19 00:00:00+00:00, run_after=2025-09-20 00:00:00+00:00
[2025-09-20T14:36:58.646+0000] {processor.py:183} INFO - Processing /opt/airflow/dags/another.py took 0.570 seconds
[2025-09-20T14:37:38.032+0000] {processor.py:161} INFO - Started process (PID=538) to work on /opt/airflow/dags/another.py
[2025-09-20T14:37:38.120+0000] {processor.py:830} INFO - Processing file /opt/airflow/dags/another.py for tasks to queue
[2025-09-20T14:37:38.134+0000] {logging_mixin.py:188} INFO - [2025-09-20T14:37:38.131+0000] {dagbag.py:538} INFO - Filling up the DagBag from /opt/airflow/dags/another.py
[2025-09-20T14:37:38.234+0000] {logging_mixin.py:188} INFO - /opt
[2025-09-20T14:37:38.849+0000] {processor.py:840} INFO - DAG(s) 'just_orchestration' retrieved from /opt/airflow/dags/another.py
[2025-09-20T14:37:39.761+0000] {logging_mixin.py:188} INFO - [2025-09-20T14:37:39.755+0000] {dag.py:3036} INFO - Sync 1 DAGs
[2025-09-20T14:37:40.262+0000] {logging_mixin.py:188} INFO - [2025-09-20T14:37:40.258+0000] {dag.py:3823} INFO - Setting next_dagrun for just_orchestration to 2025-09-19 00:00:00+00:00, run_after=2025-09-20 00:00:00+00:00
[2025-09-20T14:37:40.649+0000] {processor.py:183} INFO - Processing /opt/airflow/dags/another.py took 2.658 seconds
[2025-09-20T14:38:32.858+0000] {processor.py:161} INFO - Started process (PID=561) to work on /opt/airflow/dags/another.py
[2025-09-20T14:38:32.861+0000] {processor.py:830} INFO - Processing file /opt/airflow/dags/another.py for tasks to queue
[2025-09-20T14:38:32.865+0000] {logging_mixin.py:188} INFO - [2025-09-20T14:38:32.864+0000] {dagbag.py:538} INFO - Filling up the DagBag from /opt/airflow/dags/another.py
[2025-09-20T14:38:32.883+0000] {logging_mixin.py:188} INFO - /opt
[2025-09-20T14:38:32.985+0000] {processor.py:840} INFO - DAG(s) 'just_orchestration' retrieved from /opt/airflow/dags/another.py
[2025-09-20T14:38:33.050+0000] {logging_mixin.py:188} INFO - [2025-09-20T14:38:33.049+0000] {dag.py:3036} INFO - Sync 1 DAGs
[2025-09-20T14:38:33.122+0000] {logging_mixin.py:188} INFO - [2025-09-20T14:38:33.121+0000] {dag.py:3823} INFO - Setting next_dagrun for just_orchestration to 2025-09-19 00:00:00+00:00, run_after=2025-09-20 00:00:00+00:00
[2025-09-20T14:38:33.218+0000] {processor.py:183} INFO - Processing /opt/airflow/dags/another.py took 0.374 seconds
[2025-09-20T14:39:09.601+0000] {processor.py:161} INFO - Started process (PID=586) to work on /opt/airflow/dags/another.py
[2025-09-20T14:39:09.604+0000] {processor.py:830} INFO - Processing file /opt/airflow/dags/another.py for tasks to queue
[2025-09-20T14:39:09.608+0000] {logging_mixin.py:188} INFO - [2025-09-20T14:39:09.606+0000] {dagbag.py:538} INFO - Filling up the DagBag from /opt/airflow/dags/another.py
[2025-09-20T14:39:09.631+0000] {logging_mixin.py:188} INFO - /opt
[2025-09-20T14:39:09.742+0000] {processor.py:840} INFO - DAG(s) 'just_orchestration' retrieved from /opt/airflow/dags/another.py
[2025-09-20T14:39:09.796+0000] {logging_mixin.py:188} INFO - [2025-09-20T14:39:09.795+0000] {dag.py:3036} INFO - Sync 1 DAGs
[2025-09-20T14:39:09.863+0000] {logging_mixin.py:188} INFO - [2025-09-20T14:39:09.863+0000] {dag.py:3823} INFO - Setting next_dagrun for just_orchestration to 2025-09-19 00:00:00+00:00, run_after=2025-09-20 00:00:00+00:00
[2025-09-20T14:39:09.925+0000] {processor.py:183} INFO - Processing /opt/airflow/dags/another.py took 0.336 seconds
[2025-09-20T14:39:40.321+0000] {processor.py:161} INFO - Started process (PID=606) to work on /opt/airflow/dags/another.py
[2025-09-20T14:39:40.324+0000] {processor.py:830} INFO - Processing file /opt/airflow/dags/another.py for tasks to queue
[2025-09-20T14:39:40.330+0000] {logging_mixin.py:188} INFO - [2025-09-20T14:39:40.329+0000] {dagbag.py:538} INFO - Filling up the DagBag from /opt/airflow/dags/another.py
[2025-09-20T14:39:40.354+0000] {logging_mixin.py:188} INFO - /opt
[2025-09-20T14:39:40.437+0000] {processor.py:840} INFO - DAG(s) 'just_orchestration' retrieved from /opt/airflow/dags/another.py
[2025-09-20T14:39:40.486+0000] {logging_mixin.py:188} INFO - [2025-09-20T14:39:40.485+0000] {dag.py:3036} INFO - Sync 1 DAGs
[2025-09-20T14:39:40.541+0000] {logging_mixin.py:188} INFO - [2025-09-20T14:39:40.541+0000] {dag.py:3823} INFO - Setting next_dagrun for just_orchestration to 2025-09-19 00:00:00+00:00, run_after=2025-09-20 00:00:00+00:00
[2025-09-20T14:39:40.607+0000] {processor.py:183} INFO - Processing /opt/airflow/dags/another.py took 0.297 seconds
[2025-09-20T14:40:12.248+0000] {processor.py:161} INFO - Started process (PID=628) to work on /opt/airflow/dags/another.py
[2025-09-20T15:01:22.168+0000] {processor.py:161} INFO - Started process (PID=172) to work on /opt/airflow/dags/another.py
[2025-09-20T15:01:22.263+0000] {processor.py:830} INFO - Processing file /opt/airflow/dags/another.py for tasks to queue
[2025-09-20T15:01:22.279+0000] {logging_mixin.py:188} INFO - [2025-09-20T15:01:22.275+0000] {dagbag.py:538} INFO - Filling up the DagBag from /opt/airflow/dags/another.py
[2025-09-20T15:01:22.422+0000] {logging_mixin.py:188} INFO - /opt
[2025-09-20T15:01:22.886+0000] {processor.py:840} INFO - DAG(s) 'just_orchestration' retrieved from /opt/airflow/dags/another.py
[2025-09-20T15:01:23.394+0000] {logging_mixin.py:188} INFO - [2025-09-20T15:01:23.392+0000] {dag.py:3036} INFO - Sync 1 DAGs
[2025-09-20T15:01:23.765+0000] {logging_mixin.py:188} INFO - [2025-09-20T15:01:23.764+0000] {dag.py:3823} INFO - Setting next_dagrun for just_orchestration to 2025-09-19 00:00:00+00:00, run_after=2025-09-20 00:00:00+00:00
[2025-09-20T15:01:23.963+0000] {processor.py:183} INFO - Processing /opt/airflow/dags/another.py took 1.832 seconds
[2025-09-20T15:02:03.914+0000] {processor.py:161} INFO - Started process (PID=199) to work on /opt/airflow/dags/another.py
[2025-09-20T15:02:03.917+0000] {processor.py:830} INFO - Processing file /opt/airflow/dags/another.py for tasks to queue
[2025-09-20T15:02:03.922+0000] {logging_mixin.py:188} INFO - [2025-09-20T15:02:03.921+0000] {dagbag.py:538} INFO - Filling up the DagBag from /opt/airflow/dags/another.py
[2025-09-20T15:02:03.952+0000] {logging_mixin.py:188} INFO - /opt
[2025-09-20T15:02:04.037+0000] {processor.py:840} INFO - DAG(s) 'just_orchestration' retrieved from /opt/airflow/dags/another.py
[2025-09-20T15:02:04.358+0000] {logging_mixin.py:188} INFO - [2025-09-20T15:02:04.357+0000] {dag.py:3036} INFO - Sync 1 DAGs
[2025-09-20T15:02:04.461+0000] {logging_mixin.py:188} INFO - [2025-09-20T15:02:04.461+0000] {dag.py:3823} INFO - Setting next_dagrun for just_orchestration to 2025-09-19 00:00:00+00:00, run_after=2025-09-20 00:00:00+00:00
[2025-09-20T15:02:04.635+0000] {processor.py:183} INFO - Processing /opt/airflow/dags/another.py took 0.733 seconds
[2025-09-20T15:02:44.143+0000] {processor.py:161} INFO - Started process (PID=222) to work on /opt/airflow/dags/another.py
[2025-09-20T15:02:44.147+0000] {processor.py:830} INFO - Processing file /opt/airflow/dags/another.py for tasks to queue
[2025-09-20T15:02:44.154+0000] {logging_mixin.py:188} INFO - [2025-09-20T15:02:44.149+0000] {dagbag.py:538} INFO - Filling up the DagBag from /opt/airflow/dags/another.py
[2025-09-20T15:02:44.173+0000] {logging_mixin.py:188} INFO - /opt
[2025-09-20T15:02:44.288+0000] {processor.py:840} INFO - DAG(s) 'just_orchestration' retrieved from /opt/airflow/dags/another.py
[2025-09-20T15:02:44.379+0000] {logging_mixin.py:188} INFO - [2025-09-20T15:02:44.378+0000] {dag.py:3036} INFO - Sync 1 DAGs
[2025-09-20T15:02:44.452+0000] {logging_mixin.py:188} INFO - [2025-09-20T15:02:44.452+0000] {dag.py:3823} INFO - Setting next_dagrun for just_orchestration to 2025-09-19 00:00:00+00:00, run_after=2025-09-20 00:00:00+00:00
[2025-09-20T15:02:44.529+0000] {processor.py:183} INFO - Processing /opt/airflow/dags/another.py took 0.396 seconds
