[2025-09-20T05:34:20.094+0000] {processor.py:161} INFO - Started process (PID=2991) to work on /opt/airflow/dags/orchestration.py
[2025-09-20T05:34:20.106+0000] {processor.py:830} INFO - Processing file /opt/airflow/dags/orchestration.py for tasks to queue
[2025-09-20T05:34:20.128+0000] {logging_mixin.py:188} INFO - [2025-09-20T05:34:20.125+0000] {dagbag.py:538} INFO - Filling up the DagBag from /opt/airflow/dags/orchestration.py
[2025-09-20T05:34:20.440+0000] {processor.py:840} INFO - DAG(s) 'ml_pipeline_orchestration' retrieved from /opt/airflow/dags/orchestration.py
[2025-09-20T05:34:20.623+0000] {logging_mixin.py:188} INFO - [2025-09-20T05:34:20.621+0000] {dag.py:3036} INFO - Sync 1 DAGs
[2025-09-20T05:34:20.909+0000] {logging_mixin.py:188} INFO - [2025-09-20T05:34:20.907+0000] {dag.py:3823} INFO - Setting next_dagrun for ml_pipeline_orchestration to 2025-09-19 00:00:00+00:00, run_after=2025-09-20 00:00:00+00:00
[2025-09-20T05:34:21.239+0000] {processor.py:183} INFO - Processing /opt/airflow/dags/orchestration.py took 1.187 seconds
[2025-09-20T05:34:52.265+0000] {processor.py:161} INFO - Started process (PID=3011) to work on /opt/airflow/dags/orchestration.py
[2025-09-20T05:34:52.276+0000] {processor.py:830} INFO - Processing file /opt/airflow/dags/orchestration.py for tasks to queue
[2025-09-20T05:34:52.291+0000] {logging_mixin.py:188} INFO - [2025-09-20T05:34:52.287+0000] {dagbag.py:538} INFO - Filling up the DagBag from /opt/airflow/dags/orchestration.py
[2025-09-20T05:34:53.050+0000] {processor.py:840} INFO - DAG(s) 'ml_pipeline_orchestration' retrieved from /opt/airflow/dags/orchestration.py
[2025-09-20T05:34:53.771+0000] {logging_mixin.py:188} INFO - [2025-09-20T05:34:53.769+0000] {dag.py:3036} INFO - Sync 1 DAGs
[2025-09-20T05:34:54.128+0000] {logging_mixin.py:188} INFO - [2025-09-20T05:34:54.126+0000] {dag.py:3823} INFO - Setting next_dagrun for ml_pipeline_orchestration to 2025-09-19 00:00:00+00:00, run_after=2025-09-20 00:00:00+00:00
[2025-09-20T05:34:54.482+0000] {processor.py:183} INFO - Processing /opt/airflow/dags/orchestration.py took 2.448 seconds
[2025-09-20T05:35:25.450+0000] {processor.py:161} INFO - Started process (PID=3033) to work on /opt/airflow/dags/orchestration.py
[2025-09-20T05:35:25.467+0000] {processor.py:830} INFO - Processing file /opt/airflow/dags/orchestration.py for tasks to queue
[2025-09-20T05:35:25.502+0000] {logging_mixin.py:188} INFO - [2025-09-20T05:35:25.495+0000] {dagbag.py:538} INFO - Filling up the DagBag from /opt/airflow/dags/orchestration.py
[2025-09-20T05:35:25.963+0000] {processor.py:840} INFO - DAG(s) 'ml_pipeline_orchestration' retrieved from /opt/airflow/dags/orchestration.py
[2025-09-20T05:35:26.238+0000] {logging_mixin.py:188} INFO - [2025-09-20T05:35:26.237+0000] {dag.py:3036} INFO - Sync 1 DAGs
[2025-09-20T05:35:26.502+0000] {logging_mixin.py:188} INFO - [2025-09-20T05:35:26.500+0000] {dag.py:3823} INFO - Setting next_dagrun for ml_pipeline_orchestration to 2025-09-19 00:00:00+00:00, run_after=2025-09-20 00:00:00+00:00
[2025-09-20T05:35:26.891+0000] {processor.py:183} INFO - Processing /opt/airflow/dags/orchestration.py took 1.567 seconds
[2025-09-20T05:36:11.815+0000] {processor.py:161} INFO - Started process (PID=3056) to work on /opt/airflow/dags/orchestration.py
[2025-09-20T05:36:11.843+0000] {processor.py:830} INFO - Processing file /opt/airflow/dags/orchestration.py for tasks to queue
[2025-09-20T05:36:11.868+0000] {logging_mixin.py:188} INFO - [2025-09-20T05:36:11.864+0000] {dagbag.py:538} INFO - Filling up the DagBag from /opt/airflow/dags/orchestration.py
[2025-09-20T05:36:12.901+0000] {processor.py:840} INFO - DAG(s) 'ml_pipeline_orchestration' retrieved from /opt/airflow/dags/orchestration.py
[2025-09-20T05:36:13.212+0000] {logging_mixin.py:188} INFO - [2025-09-20T05:36:13.210+0000] {dag.py:3036} INFO - Sync 1 DAGs
[2025-09-20T05:36:13.505+0000] {logging_mixin.py:188} INFO - [2025-09-20T05:36:13.503+0000] {dag.py:3823} INFO - Setting next_dagrun for ml_pipeline_orchestration to 2025-09-19 00:00:00+00:00, run_after=2025-09-20 00:00:00+00:00
[2025-09-20T05:36:14.559+0000] {processor.py:183} INFO - Processing /opt/airflow/dags/orchestration.py took 2.783 seconds
[2025-09-20T05:36:45.982+0000] {processor.py:161} INFO - Started process (PID=3076) to work on /opt/airflow/dags/orchestration.py
[2025-09-20T05:36:45.991+0000] {processor.py:830} INFO - Processing file /opt/airflow/dags/orchestration.py for tasks to queue
[2025-09-20T05:36:46.005+0000] {logging_mixin.py:188} INFO - [2025-09-20T05:36:46.002+0000] {dagbag.py:538} INFO - Filling up the DagBag from /opt/airflow/dags/orchestration.py
[2025-09-20T05:36:46.250+0000] {processor.py:840} INFO - DAG(s) 'ml_pipeline_orchestration' retrieved from /opt/airflow/dags/orchestration.py
[2025-09-20T05:36:46.389+0000] {logging_mixin.py:188} INFO - [2025-09-20T05:36:46.387+0000] {dag.py:3036} INFO - Sync 1 DAGs
[2025-09-20T05:36:46.559+0000] {logging_mixin.py:188} INFO - [2025-09-20T05:36:46.558+0000] {dag.py:3823} INFO - Setting next_dagrun for ml_pipeline_orchestration to 2025-09-19 00:00:00+00:00, run_after=2025-09-20 00:00:00+00:00
[2025-09-20T05:36:46.766+0000] {processor.py:183} INFO - Processing /opt/airflow/dags/orchestration.py took 0.809 seconds
[2025-09-20T05:37:17.271+0000] {processor.py:161} INFO - Started process (PID=3098) to work on /opt/airflow/dags/orchestration.py
[2025-09-20T05:37:17.279+0000] {processor.py:830} INFO - Processing file /opt/airflow/dags/orchestration.py for tasks to queue
[2025-09-20T05:37:17.295+0000] {logging_mixin.py:188} INFO - [2025-09-20T05:37:17.292+0000] {dagbag.py:538} INFO - Filling up the DagBag from /opt/airflow/dags/orchestration.py
[2025-09-20T05:37:17.581+0000] {processor.py:840} INFO - DAG(s) 'ml_pipeline_orchestration' retrieved from /opt/airflow/dags/orchestration.py
[2025-09-20T05:37:17.719+0000] {logging_mixin.py:188} INFO - [2025-09-20T05:37:17.717+0000] {dag.py:3036} INFO - Sync 1 DAGs
[2025-09-20T05:37:17.908+0000] {logging_mixin.py:188} INFO - [2025-09-20T05:37:17.907+0000] {dag.py:3823} INFO - Setting next_dagrun for ml_pipeline_orchestration to 2025-09-19 00:00:00+00:00, run_after=2025-09-20 00:00:00+00:00
[2025-09-20T05:37:18.051+0000] {processor.py:183} INFO - Processing /opt/airflow/dags/orchestration.py took 0.812 seconds
[2025-09-20T05:38:00.157+0000] {processor.py:161} INFO - Started process (PID=3121) to work on /opt/airflow/dags/orchestration.py
[2025-09-20T05:38:00.235+0000] {processor.py:830} INFO - Processing file /opt/airflow/dags/orchestration.py for tasks to queue
[2025-09-20T05:38:00.251+0000] {logging_mixin.py:188} INFO - [2025-09-20T05:38:00.248+0000] {dagbag.py:538} INFO - Filling up the DagBag from /opt/airflow/dags/orchestration.py
[2025-09-20T05:38:00.896+0000] {processor.py:840} INFO - DAG(s) 'ml_pipeline_orchestration' retrieved from /opt/airflow/dags/orchestration.py
[2025-09-20T05:38:01.467+0000] {logging_mixin.py:188} INFO - [2025-09-20T05:38:01.465+0000] {dag.py:3036} INFO - Sync 1 DAGs
[2025-09-20T05:38:01.989+0000] {logging_mixin.py:188} INFO - [2025-09-20T05:38:01.987+0000] {dag.py:3823} INFO - Setting next_dagrun for ml_pipeline_orchestration to 2025-09-19 00:00:00+00:00, run_after=2025-09-20 00:00:00+00:00
[2025-09-20T05:38:02.341+0000] {processor.py:183} INFO - Processing /opt/airflow/dags/orchestration.py took 2.216 seconds
[2025-09-20T05:38:33.274+0000] {processor.py:161} INFO - Started process (PID=3141) to work on /opt/airflow/dags/orchestration.py
[2025-09-20T05:38:33.288+0000] {processor.py:830} INFO - Processing file /opt/airflow/dags/orchestration.py for tasks to queue
[2025-09-20T05:38:33.314+0000] {logging_mixin.py:188} INFO - [2025-09-20T05:38:33.311+0000] {dagbag.py:538} INFO - Filling up the DagBag from /opt/airflow/dags/orchestration.py
[2025-09-20T05:38:33.719+0000] {processor.py:840} INFO - DAG(s) 'ml_pipeline_orchestration' retrieved from /opt/airflow/dags/orchestration.py
[2025-09-20T05:38:33.975+0000] {logging_mixin.py:188} INFO - [2025-09-20T05:38:33.970+0000] {dag.py:3036} INFO - Sync 1 DAGs
[2025-09-20T05:38:34.364+0000] {logging_mixin.py:188} INFO - [2025-09-20T05:38:34.360+0000] {dag.py:3823} INFO - Setting next_dagrun for ml_pipeline_orchestration to 2025-09-19 00:00:00+00:00, run_after=2025-09-20 00:00:00+00:00
[2025-09-20T05:38:34.593+0000] {processor.py:183} INFO - Processing /opt/airflow/dags/orchestration.py took 1.355 seconds
[2025-09-20T05:39:05.292+0000] {processor.py:161} INFO - Started process (PID=3163) to work on /opt/airflow/dags/orchestration.py
[2025-09-20T05:39:05.301+0000] {processor.py:830} INFO - Processing file /opt/airflow/dags/orchestration.py for tasks to queue
[2025-09-20T05:39:05.312+0000] {logging_mixin.py:188} INFO - [2025-09-20T05:39:05.308+0000] {dagbag.py:538} INFO - Filling up the DagBag from /opt/airflow/dags/orchestration.py
[2025-09-20T05:39:05.561+0000] {processor.py:840} INFO - DAG(s) 'ml_pipeline_orchestration' retrieved from /opt/airflow/dags/orchestration.py
[2025-09-20T05:39:05.774+0000] {logging_mixin.py:188} INFO - [2025-09-20T05:39:05.772+0000] {dag.py:3036} INFO - Sync 1 DAGs
[2025-09-20T05:39:05.946+0000] {logging_mixin.py:188} INFO - [2025-09-20T05:39:05.945+0000] {dag.py:3823} INFO - Setting next_dagrun for ml_pipeline_orchestration to 2025-09-19 00:00:00+00:00, run_after=2025-09-20 00:00:00+00:00
[2025-09-20T05:39:06.104+0000] {processor.py:183} INFO - Processing /opt/airflow/dags/orchestration.py took 0.851 seconds
[2025-09-20T05:39:51.354+0000] {processor.py:161} INFO - Started process (PID=3186) to work on /opt/airflow/dags/orchestration.py
[2025-09-20T05:39:51.364+0000] {processor.py:830} INFO - Processing file /opt/airflow/dags/orchestration.py for tasks to queue
[2025-09-20T05:39:51.391+0000] {logging_mixin.py:188} INFO - [2025-09-20T05:39:51.386+0000] {dagbag.py:538} INFO - Filling up the DagBag from /opt/airflow/dags/orchestration.py
[2025-09-20T05:39:51.829+0000] {processor.py:840} INFO - DAG(s) 'ml_pipeline_orchestration' retrieved from /opt/airflow/dags/orchestration.py
[2025-09-20T05:39:52.026+0000] {logging_mixin.py:188} INFO - [2025-09-20T05:39:52.021+0000] {dag.py:3036} INFO - Sync 1 DAGs
[2025-09-20T05:39:52.393+0000] {logging_mixin.py:188} INFO - [2025-09-20T05:39:52.391+0000] {dag.py:3823} INFO - Setting next_dagrun for ml_pipeline_orchestration to 2025-09-19 00:00:00+00:00, run_after=2025-09-20 00:00:00+00:00
[2025-09-20T05:39:52.661+0000] {processor.py:183} INFO - Processing /opt/airflow/dags/orchestration.py took 1.344 seconds
[2025-09-20T05:40:23.262+0000] {processor.py:161} INFO - Started process (PID=3206) to work on /opt/airflow/dags/orchestration.py
[2025-09-20T05:40:23.274+0000] {processor.py:830} INFO - Processing file /opt/airflow/dags/orchestration.py for tasks to queue
[2025-09-20T05:40:23.290+0000] {logging_mixin.py:188} INFO - [2025-09-20T05:40:23.286+0000] {dagbag.py:538} INFO - Filling up the DagBag from /opt/airflow/dags/orchestration.py
[2025-09-20T05:40:23.630+0000] {processor.py:840} INFO - DAG(s) 'ml_pipeline_orchestration' retrieved from /opt/airflow/dags/orchestration.py
[2025-09-20T05:40:23.824+0000] {logging_mixin.py:188} INFO - [2025-09-20T05:40:23.822+0000] {dag.py:3036} INFO - Sync 1 DAGs
[2025-09-20T05:40:24.219+0000] {logging_mixin.py:188} INFO - [2025-09-20T05:40:24.218+0000] {dag.py:3823} INFO - Setting next_dagrun for ml_pipeline_orchestration to 2025-09-19 00:00:00+00:00, run_after=2025-09-20 00:00:00+00:00
[2025-09-20T05:40:24.511+0000] {processor.py:183} INFO - Processing /opt/airflow/dags/orchestration.py took 1.285 seconds
[2025-09-20T14:12:50.425+0000] {processor.py:161} INFO - Started process (PID=214) to work on /opt/airflow/dags/orchestration.py
[2025-09-20T14:12:50.508+0000] {processor.py:830} INFO - Processing file /opt/airflow/dags/orchestration.py for tasks to queue
[2025-09-20T14:12:50.515+0000] {logging_mixin.py:188} INFO - [2025-09-20T14:12:50.513+0000] {dagbag.py:538} INFO - Filling up the DagBag from /opt/airflow/dags/orchestration.py
[2025-09-20T14:12:51.097+0000] {processor.py:840} INFO - DAG(s) 'ml_pipeline_orchestration' retrieved from /opt/airflow/dags/orchestration.py
[2025-09-20T14:12:51.529+0000] {logging_mixin.py:188} INFO - [2025-09-20T14:12:51.528+0000] {dag.py:3036} INFO - Sync 1 DAGs
[2025-09-20T14:12:52.076+0000] {logging_mixin.py:188} INFO - [2025-09-20T14:12:52.076+0000] {dag.py:3823} INFO - Setting next_dagrun for ml_pipeline_orchestration to 2025-09-19 00:00:00+00:00, run_after=2025-09-20 00:00:00+00:00
[2025-09-20T14:12:52.228+0000] {processor.py:183} INFO - Processing /opt/airflow/dags/orchestration.py took 1.815 seconds
[2025-09-20T14:13:27.693+0000] {processor.py:161} INFO - Started process (PID=237) to work on /opt/airflow/dags/orchestration.py
[2025-09-20T14:13:27.700+0000] {processor.py:830} INFO - Processing file /opt/airflow/dags/orchestration.py for tasks to queue
[2025-09-20T14:13:27.709+0000] {logging_mixin.py:188} INFO - [2025-09-20T14:13:27.708+0000] {dagbag.py:538} INFO - Filling up the DagBag from /opt/airflow/dags/orchestration.py
[2025-09-20T14:13:28.055+0000] {processor.py:840} INFO - DAG(s) 'ml_pipeline_orchestration' retrieved from /opt/airflow/dags/orchestration.py
[2025-09-20T14:13:28.796+0000] {logging_mixin.py:188} INFO - [2025-09-20T14:13:28.795+0000] {dag.py:3036} INFO - Sync 1 DAGs
[2025-09-20T14:13:28.852+0000] {logging_mixin.py:188} INFO - [2025-09-20T14:13:28.851+0000] {dag.py:3823} INFO - Setting next_dagrun for ml_pipeline_orchestration to 2025-09-19 00:00:00+00:00, run_after=2025-09-20 00:00:00+00:00
[2025-09-20T14:13:29.051+0000] {processor.py:183} INFO - Processing /opt/airflow/dags/orchestration.py took 1.371 seconds
[2025-09-20T14:14:10.274+0000] {processor.py:161} INFO - Started process (PID=267) to work on /opt/airflow/dags/orchestration.py
[2025-09-20T14:14:10.277+0000] {processor.py:830} INFO - Processing file /opt/airflow/dags/orchestration.py for tasks to queue
[2025-09-20T14:14:10.280+0000] {logging_mixin.py:188} INFO - [2025-09-20T14:14:10.279+0000] {dagbag.py:538} INFO - Filling up the DagBag from /opt/airflow/dags/orchestration.py
[2025-09-20T14:14:10.550+0000] {processor.py:840} INFO - DAG(s) 'ml_pipeline_orchestration' retrieved from /opt/airflow/dags/orchestration.py
[2025-09-20T14:14:10.771+0000] {logging_mixin.py:188} INFO - [2025-09-20T14:14:10.770+0000] {dag.py:3036} INFO - Sync 1 DAGs
[2025-09-20T14:14:11.123+0000] {logging_mixin.py:188} INFO - [2025-09-20T14:14:11.123+0000] {dag.py:3823} INFO - Setting next_dagrun for ml_pipeline_orchestration to 2025-09-19 00:00:00+00:00, run_after=2025-09-20 00:00:00+00:00
[2025-09-20T14:14:11.445+0000] {processor.py:183} INFO - Processing /opt/airflow/dags/orchestration.py took 1.183 seconds
[2025-09-20T14:15:08.552+0000] {processor.py:161} INFO - Started process (PID=292) to work on /opt/airflow/dags/orchestration.py
[2025-09-20T14:15:08.589+0000] {processor.py:830} INFO - Processing file /opt/airflow/dags/orchestration.py for tasks to queue
[2025-09-20T14:15:08.593+0000] {logging_mixin.py:188} INFO - [2025-09-20T14:15:08.592+0000] {dagbag.py:538} INFO - Filling up the DagBag from /opt/airflow/dags/orchestration.py
[2025-09-20T14:15:08.751+0000] {processor.py:840} INFO - DAG(s) 'ml_pipeline_orchestration' retrieved from /opt/airflow/dags/orchestration.py
[2025-09-20T14:15:08.806+0000] {logging_mixin.py:188} INFO - [2025-09-20T14:15:08.806+0000] {dag.py:3036} INFO - Sync 1 DAGs
[2025-09-20T14:15:08.873+0000] {logging_mixin.py:188} INFO - [2025-09-20T14:15:08.873+0000] {dag.py:3823} INFO - Setting next_dagrun for ml_pipeline_orchestration to 2025-09-19 00:00:00+00:00, run_after=2025-09-20 00:00:00+00:00
[2025-09-20T14:15:08.934+0000] {processor.py:183} INFO - Processing /opt/airflow/dags/orchestration.py took 0.396 seconds
[2025-09-20T14:15:49.484+0000] {processor.py:161} INFO - Started process (PID=319) to work on /opt/airflow/dags/orchestration.py
[2025-09-20T14:15:49.488+0000] {processor.py:830} INFO - Processing file /opt/airflow/dags/orchestration.py for tasks to queue
[2025-09-20T14:15:49.491+0000] {logging_mixin.py:188} INFO - [2025-09-20T14:15:49.490+0000] {dagbag.py:538} INFO - Filling up the DagBag from /opt/airflow/dags/orchestration.py
[2025-09-20T14:15:49.613+0000] {processor.py:840} INFO - DAG(s) 'ml_pipeline_orchestration' retrieved from /opt/airflow/dags/orchestration.py
[2025-09-20T14:15:49.673+0000] {logging_mixin.py:188} INFO - [2025-09-20T14:15:49.672+0000] {dag.py:3036} INFO - Sync 1 DAGs
[2025-09-20T14:15:49.748+0000] {logging_mixin.py:188} INFO - [2025-09-20T14:15:49.747+0000] {dag.py:3823} INFO - Setting next_dagrun for ml_pipeline_orchestration to 2025-09-19 00:00:00+00:00, run_after=2025-09-20 00:00:00+00:00
[2025-09-20T14:15:49.816+0000] {processor.py:183} INFO - Processing /opt/airflow/dags/orchestration.py took 0.345 seconds
[2025-09-20T14:16:30.225+0000] {processor.py:161} INFO - Started process (PID=344) to work on /opt/airflow/dags/orchestration.py
[2025-09-20T14:16:30.229+0000] {processor.py:830} INFO - Processing file /opt/airflow/dags/orchestration.py for tasks to queue
[2025-09-20T14:16:30.240+0000] {logging_mixin.py:188} INFO - [2025-09-20T14:16:30.238+0000] {dagbag.py:538} INFO - Filling up the DagBag from /opt/airflow/dags/orchestration.py
[2025-09-20T14:16:30.396+0000] {processor.py:840} INFO - DAG(s) 'ml_pipeline_orchestration' retrieved from /opt/airflow/dags/orchestration.py
[2025-09-20T14:16:30.450+0000] {logging_mixin.py:188} INFO - [2025-09-20T14:16:30.450+0000] {dag.py:3036} INFO - Sync 1 DAGs
[2025-09-20T14:16:30.511+0000] {logging_mixin.py:188} INFO - [2025-09-20T14:16:30.510+0000] {dag.py:3823} INFO - Setting next_dagrun for ml_pipeline_orchestration to 2025-09-19 00:00:00+00:00, run_after=2025-09-20 00:00:00+00:00
[2025-09-20T14:16:30.599+0000] {processor.py:183} INFO - Processing /opt/airflow/dags/orchestration.py took 0.390 seconds
[2025-09-20T14:17:09.989+0000] {processor.py:161} INFO - Started process (PID=367) to work on /opt/airflow/dags/orchestration.py
[2025-09-20T14:17:09.991+0000] {processor.py:830} INFO - Processing file /opt/airflow/dags/orchestration.py for tasks to queue
[2025-09-20T14:17:10.081+0000] {logging_mixin.py:188} INFO - [2025-09-20T14:17:10.078+0000] {dagbag.py:538} INFO - Filling up the DagBag from /opt/airflow/dags/orchestration.py
[2025-09-20T14:17:10.412+0000] {processor.py:840} INFO - DAG(s) 'ml_pipeline_orchestration' retrieved from /opt/airflow/dags/orchestration.py
[2025-09-20T14:17:10.522+0000] {logging_mixin.py:188} INFO - [2025-09-20T14:17:10.521+0000] {dag.py:3036} INFO - Sync 1 DAGs
[2025-09-20T14:17:10.595+0000] {logging_mixin.py:188} INFO - [2025-09-20T14:17:10.595+0000] {dag.py:3823} INFO - Setting next_dagrun for ml_pipeline_orchestration to 2025-09-19 00:00:00+00:00, run_after=2025-09-20 00:00:00+00:00
[2025-09-20T14:17:10.719+0000] {processor.py:183} INFO - Processing /opt/airflow/dags/orchestration.py took 0.741 seconds
[2025-09-20T14:17:46.690+0000] {processor.py:161} INFO - Started process (PID=392) to work on /opt/airflow/dags/orchestration.py
[2025-09-20T14:17:46.745+0000] {processor.py:830} INFO - Processing file /opt/airflow/dags/orchestration.py for tasks to queue
[2025-09-20T14:17:46.750+0000] {logging_mixin.py:188} INFO - [2025-09-20T14:17:46.748+0000] {dagbag.py:538} INFO - Filling up the DagBag from /opt/airflow/dags/orchestration.py
[2025-09-20T14:17:46.867+0000] {processor.py:840} INFO - DAG(s) 'ml_pipeline_orchestration' retrieved from /opt/airflow/dags/orchestration.py
[2025-09-20T14:17:46.925+0000] {logging_mixin.py:188} INFO - [2025-09-20T14:17:46.924+0000] {dag.py:3036} INFO - Sync 1 DAGs
[2025-09-20T14:17:46.988+0000] {logging_mixin.py:188} INFO - [2025-09-20T14:17:46.988+0000] {dag.py:3823} INFO - Setting next_dagrun for ml_pipeline_orchestration to 2025-09-19 00:00:00+00:00, run_after=2025-09-20 00:00:00+00:00
[2025-09-20T14:17:47.066+0000] {processor.py:183} INFO - Processing /opt/airflow/dags/orchestration.py took 0.393 seconds
[2025-09-20T14:26:05.109+0000] {processor.py:161} INFO - Started process (PID=176) to work on /opt/airflow/dags/orchestration.py
[2025-09-20T14:26:05.140+0000] {processor.py:830} INFO - Processing file /opt/airflow/dags/orchestration.py for tasks to queue
[2025-09-20T14:26:05.147+0000] {logging_mixin.py:188} INFO - [2025-09-20T14:26:05.143+0000] {dagbag.py:538} INFO - Filling up the DagBag from /opt/airflow/dags/orchestration.py
[2025-09-20T14:26:05.431+0000] {processor.py:840} INFO - DAG(s) 'ml_pipeline_orchestration' retrieved from /opt/airflow/dags/orchestration.py
[2025-09-20T14:26:05.504+0000] {logging_mixin.py:188} INFO - [2025-09-20T14:26:05.503+0000] {dag.py:3036} INFO - Sync 1 DAGs
[2025-09-20T14:26:05.829+0000] {logging_mixin.py:188} INFO - [2025-09-20T14:26:05.829+0000] {dag.py:3823} INFO - Setting next_dagrun for ml_pipeline_orchestration to 2025-09-19 00:00:00+00:00, run_after=2025-09-20 00:00:00+00:00
[2025-09-20T14:26:06.199+0000] {processor.py:183} INFO - Processing /opt/airflow/dags/orchestration.py took 1.110 seconds
[2025-09-20T14:27:08.838+0000] {processor.py:161} INFO - Started process (PID=201) to work on /opt/airflow/dags/orchestration.py
[2025-09-20T14:27:08.841+0000] {processor.py:830} INFO - Processing file /opt/airflow/dags/orchestration.py for tasks to queue
[2025-09-20T14:27:08.845+0000] {logging_mixin.py:188} INFO - [2025-09-20T14:27:08.844+0000] {dagbag.py:538} INFO - Filling up the DagBag from /opt/airflow/dags/orchestration.py
[2025-09-20T14:27:08.939+0000] {processor.py:840} INFO - DAG(s) 'ml_pipeline_orchestration' retrieved from /opt/airflow/dags/orchestration.py
[2025-09-20T14:27:15.794+0000] {logging_mixin.py:188} INFO - [2025-09-20T14:27:15.794+0000] {dag.py:3036} INFO - Sync 1 DAGs
[2025-09-20T14:27:15.855+0000] {logging_mixin.py:188} INFO - [2025-09-20T14:27:15.854+0000] {dag.py:3823} INFO - Setting next_dagrun for ml_pipeline_orchestration to 2025-09-19 00:00:00+00:00, run_after=2025-09-20 00:00:00+00:00
[2025-09-20T14:27:16.221+0000] {processor.py:183} INFO - Processing /opt/airflow/dags/orchestration.py took 7.389 seconds
[2025-09-20T14:28:05.269+0000] {processor.py:161} INFO - Started process (PID=226) to work on /opt/airflow/dags/orchestration.py
[2025-09-20T14:28:05.281+0000] {processor.py:830} INFO - Processing file /opt/airflow/dags/orchestration.py for tasks to queue
[2025-09-20T14:28:05.316+0000] {logging_mixin.py:188} INFO - [2025-09-20T14:28:05.291+0000] {dagbag.py:538} INFO - Filling up the DagBag from /opt/airflow/dags/orchestration.py
[2025-09-20T14:28:06.326+0000] {processor.py:840} INFO - DAG(s) 'ml_pipeline_orchestration' retrieved from /opt/airflow/dags/orchestration.py
[2025-09-20T14:28:08.999+0000] {logging_mixin.py:188} INFO - [2025-09-20T14:28:08.997+0000] {dag.py:3036} INFO - Sync 1 DAGs
[2025-09-20T14:28:10.255+0000] {logging_mixin.py:188} INFO - [2025-09-20T14:28:10.253+0000] {dag.py:3823} INFO - Setting next_dagrun for ml_pipeline_orchestration to 2025-09-19 00:00:00+00:00, run_after=2025-09-20 00:00:00+00:00
[2025-09-20T14:28:11.182+0000] {processor.py:183} INFO - Processing /opt/airflow/dags/orchestration.py took 5.954 seconds
[2025-09-20T14:29:00.440+0000] {processor.py:161} INFO - Started process (PID=251) to work on /opt/airflow/dags/orchestration.py
[2025-09-20T14:29:00.464+0000] {processor.py:830} INFO - Processing file /opt/airflow/dags/orchestration.py for tasks to queue
[2025-09-20T14:29:00.500+0000] {logging_mixin.py:188} INFO - [2025-09-20T14:29:00.487+0000] {dagbag.py:538} INFO - Filling up the DagBag from /opt/airflow/dags/orchestration.py
[2025-09-20T14:29:01.058+0000] {processor.py:840} INFO - DAG(s) 'ml_pipeline_orchestration' retrieved from /opt/airflow/dags/orchestration.py
[2025-09-20T14:29:01.301+0000] {logging_mixin.py:188} INFO - [2025-09-20T14:29:01.299+0000] {dag.py:3036} INFO - Sync 1 DAGs
[2025-09-20T14:29:01.829+0000] {logging_mixin.py:188} INFO - [2025-09-20T14:29:01.827+0000] {dag.py:3823} INFO - Setting next_dagrun for ml_pipeline_orchestration to 2025-09-19 00:00:00+00:00, run_after=2025-09-20 00:00:00+00:00
[2025-09-20T14:29:02.238+0000] {processor.py:183} INFO - Processing /opt/airflow/dags/orchestration.py took 1.905 seconds
[2025-09-20T14:29:47.605+0000] {processor.py:161} INFO - Started process (PID=276) to work on /opt/airflow/dags/orchestration.py
[2025-09-20T14:29:47.610+0000] {processor.py:830} INFO - Processing file /opt/airflow/dags/orchestration.py for tasks to queue
[2025-09-20T14:29:47.616+0000] {logging_mixin.py:188} INFO - [2025-09-20T14:29:47.614+0000] {dagbag.py:538} INFO - Filling up the DagBag from /opt/airflow/dags/orchestration.py
[2025-09-20T14:29:47.769+0000] {processor.py:840} INFO - DAG(s) 'ml_pipeline_orchestration' retrieved from /opt/airflow/dags/orchestration.py
[2025-09-20T14:29:48.089+0000] {logging_mixin.py:188} INFO - [2025-09-20T14:29:48.088+0000] {dag.py:3036} INFO - Sync 1 DAGs
[2025-09-20T14:29:48.166+0000] {logging_mixin.py:188} INFO - [2025-09-20T14:29:48.164+0000] {dag.py:3823} INFO - Setting next_dagrun for ml_pipeline_orchestration to 2025-09-19 00:00:00+00:00, run_after=2025-09-20 00:00:00+00:00
[2025-09-20T14:29:48.269+0000] {processor.py:183} INFO - Processing /opt/airflow/dags/orchestration.py took 0.676 seconds
[2025-09-20T14:30:45.092+0000] {processor.py:161} INFO - Started process (PID=301) to work on /opt/airflow/dags/orchestration.py
[2025-09-20T14:30:45.096+0000] {processor.py:830} INFO - Processing file /opt/airflow/dags/orchestration.py for tasks to queue
[2025-09-20T14:30:45.101+0000] {logging_mixin.py:188} INFO - [2025-09-20T14:30:45.100+0000] {dagbag.py:538} INFO - Filling up the DagBag from /opt/airflow/dags/orchestration.py
[2025-09-20T14:30:45.443+0000] {processor.py:840} INFO - DAG(s) 'ml_pipeline_orchestration' retrieved from /opt/airflow/dags/orchestration.py
[2025-09-20T14:30:45.522+0000] {logging_mixin.py:188} INFO - [2025-09-20T14:30:45.521+0000] {dag.py:3036} INFO - Sync 1 DAGs
[2025-09-20T14:30:45.695+0000] {logging_mixin.py:188} INFO - [2025-09-20T14:30:45.694+0000] {dag.py:3823} INFO - Setting next_dagrun for ml_pipeline_orchestration to 2025-09-19 00:00:00+00:00, run_after=2025-09-20 00:00:00+00:00
[2025-09-20T14:30:46.130+0000] {processor.py:183} INFO - Processing /opt/airflow/dags/orchestration.py took 1.102 seconds
[2025-09-20T14:31:32.561+0000] {processor.py:161} INFO - Started process (PID=326) to work on /opt/airflow/dags/orchestration.py
[2025-09-20T14:31:32.567+0000] {processor.py:830} INFO - Processing file /opt/airflow/dags/orchestration.py for tasks to queue
[2025-09-20T14:31:32.571+0000] {logging_mixin.py:188} INFO - [2025-09-20T14:31:32.570+0000] {dagbag.py:538} INFO - Filling up the DagBag from /opt/airflow/dags/orchestration.py
[2025-09-20T14:31:32.693+0000] {processor.py:840} INFO - DAG(s) 'ml_pipeline_orchestration' retrieved from /opt/airflow/dags/orchestration.py
[2025-09-20T14:31:32.812+0000] {logging_mixin.py:188} INFO - [2025-09-20T14:31:32.811+0000] {dag.py:3036} INFO - Sync 1 DAGs
[2025-09-20T14:31:32.903+0000] {logging_mixin.py:188} INFO - [2025-09-20T14:31:32.903+0000] {dag.py:3823} INFO - Setting next_dagrun for ml_pipeline_orchestration to 2025-09-19 00:00:00+00:00, run_after=2025-09-20 00:00:00+00:00
[2025-09-20T14:31:33.032+0000] {processor.py:183} INFO - Processing /opt/airflow/dags/orchestration.py took 0.484 seconds
[2025-09-20T14:32:33.768+0000] {processor.py:161} INFO - Started process (PID=351) to work on /opt/airflow/dags/orchestration.py
[2025-09-20T14:32:33.781+0000] {processor.py:830} INFO - Processing file /opt/airflow/dags/orchestration.py for tasks to queue
[2025-09-20T14:32:33.800+0000] {logging_mixin.py:188} INFO - [2025-09-20T14:32:33.797+0000] {dagbag.py:538} INFO - Filling up the DagBag from /opt/airflow/dags/orchestration.py
[2025-09-20T14:32:34.207+0000] {processor.py:840} INFO - DAG(s) 'ml_pipeline_orchestration' retrieved from /opt/airflow/dags/orchestration.py
[2025-09-20T14:32:34.388+0000] {logging_mixin.py:188} INFO - [2025-09-20T14:32:34.386+0000] {dag.py:3036} INFO - Sync 1 DAGs
[2025-09-20T14:32:34.695+0000] {logging_mixin.py:188} INFO - [2025-09-20T14:32:34.693+0000] {dag.py:3823} INFO - Setting next_dagrun for ml_pipeline_orchestration to 2025-09-19 00:00:00+00:00, run_after=2025-09-20 00:00:00+00:00
[2025-09-20T14:32:35.006+0000] {processor.py:183} INFO - Processing /opt/airflow/dags/orchestration.py took 1.278 seconds
[2025-09-20T14:33:11.468+0000] {processor.py:161} INFO - Started process (PID=376) to work on /opt/airflow/dags/orchestration.py
[2025-09-20T14:33:11.471+0000] {processor.py:830} INFO - Processing file /opt/airflow/dags/orchestration.py for tasks to queue
[2025-09-20T14:33:11.476+0000] {logging_mixin.py:188} INFO - [2025-09-20T14:33:11.475+0000] {dagbag.py:538} INFO - Filling up the DagBag from /opt/airflow/dags/orchestration.py
[2025-09-20T14:33:11.587+0000] {processor.py:840} INFO - DAG(s) 'ml_pipeline_orchestration' retrieved from /opt/airflow/dags/orchestration.py
[2025-09-20T14:33:11.642+0000] {logging_mixin.py:188} INFO - [2025-09-20T14:33:11.641+0000] {dag.py:3036} INFO - Sync 1 DAGs
[2025-09-20T14:33:11.719+0000] {logging_mixin.py:188} INFO - [2025-09-20T14:33:11.718+0000] {dag.py:3823} INFO - Setting next_dagrun for ml_pipeline_orchestration to 2025-09-19 00:00:00+00:00, run_after=2025-09-20 00:00:00+00:00
[2025-09-20T14:33:11.796+0000] {processor.py:183} INFO - Processing /opt/airflow/dags/orchestration.py took 0.338 seconds
[2025-09-20T14:33:49.862+0000] {processor.py:161} INFO - Started process (PID=403) to work on /opt/airflow/dags/orchestration.py
[2025-09-20T14:33:49.865+0000] {processor.py:830} INFO - Processing file /opt/airflow/dags/orchestration.py for tasks to queue
[2025-09-20T14:33:49.869+0000] {logging_mixin.py:188} INFO - [2025-09-20T14:33:49.868+0000] {dagbag.py:538} INFO - Filling up the DagBag from /opt/airflow/dags/orchestration.py
[2025-09-20T14:33:49.983+0000] {processor.py:840} INFO - DAG(s) 'ml_pipeline_orchestration' retrieved from /opt/airflow/dags/orchestration.py
[2025-09-20T14:33:50.068+0000] {logging_mixin.py:188} INFO - [2025-09-20T14:33:50.067+0000] {dag.py:3036} INFO - Sync 1 DAGs
[2025-09-20T14:33:50.161+0000] {logging_mixin.py:188} INFO - [2025-09-20T14:33:50.160+0000] {dag.py:3823} INFO - Setting next_dagrun for ml_pipeline_orchestration to 2025-09-19 00:00:00+00:00, run_after=2025-09-20 00:00:00+00:00
[2025-09-20T14:33:50.225+0000] {processor.py:183} INFO - Processing /opt/airflow/dags/orchestration.py took 0.373 seconds
[2025-09-20T14:34:35.410+0000] {processor.py:161} INFO - Started process (PID=426) to work on /opt/airflow/dags/orchestration.py
[2025-09-20T14:34:35.417+0000] {processor.py:830} INFO - Processing file /opt/airflow/dags/orchestration.py for tasks to queue
[2025-09-20T14:34:35.423+0000] {logging_mixin.py:188} INFO - [2025-09-20T14:34:35.422+0000] {dagbag.py:538} INFO - Filling up the DagBag from /opt/airflow/dags/orchestration.py
[2025-09-20T14:34:35.546+0000] {processor.py:840} INFO - DAG(s) 'ml_pipeline_orchestration' retrieved from /opt/airflow/dags/orchestration.py
[2025-09-20T14:34:35.605+0000] {logging_mixin.py:188} INFO - [2025-09-20T14:34:35.604+0000] {dag.py:3036} INFO - Sync 1 DAGs
[2025-09-20T14:34:35.670+0000] {logging_mixin.py:188} INFO - [2025-09-20T14:34:35.670+0000] {dag.py:3823} INFO - Setting next_dagrun for ml_pipeline_orchestration to 2025-09-19 00:00:00+00:00, run_after=2025-09-20 00:00:00+00:00
[2025-09-20T14:34:35.743+0000] {processor.py:183} INFO - Processing /opt/airflow/dags/orchestration.py took 0.342 seconds
[2025-09-20T14:35:12.715+0000] {processor.py:161} INFO - Started process (PID=451) to work on /opt/airflow/dags/orchestration.py
[2025-09-20T14:35:12.723+0000] {processor.py:830} INFO - Processing file /opt/airflow/dags/orchestration.py for tasks to queue
[2025-09-20T14:35:12.731+0000] {logging_mixin.py:188} INFO - [2025-09-20T14:35:12.730+0000] {dagbag.py:538} INFO - Filling up the DagBag from /opt/airflow/dags/orchestration.py
[2025-09-20T14:35:12.860+0000] {processor.py:840} INFO - DAG(s) 'ml_pipeline_orchestration' retrieved from /opt/airflow/dags/orchestration.py
[2025-09-20T14:35:12.955+0000] {logging_mixin.py:188} INFO - [2025-09-20T14:35:12.955+0000] {dag.py:3036} INFO - Sync 1 DAGs
[2025-09-20T14:35:13.054+0000] {logging_mixin.py:188} INFO - [2025-09-20T14:35:13.053+0000] {dag.py:3823} INFO - Setting next_dagrun for ml_pipeline_orchestration to 2025-09-19 00:00:00+00:00, run_after=2025-09-20 00:00:00+00:00
[2025-09-20T14:35:13.138+0000] {processor.py:183} INFO - Processing /opt/airflow/dags/orchestration.py took 0.438 seconds
[2025-09-20T14:35:44.419+0000] {processor.py:161} INFO - Started process (PID=471) to work on /opt/airflow/dags/orchestration.py
[2025-09-20T14:35:44.495+0000] {processor.py:830} INFO - Processing file /opt/airflow/dags/orchestration.py for tasks to queue
[2025-09-20T14:35:44.619+0000] {logging_mixin.py:188} INFO - [2025-09-20T14:35:44.581+0000] {dagbag.py:538} INFO - Filling up the DagBag from /opt/airflow/dags/orchestration.py
[2025-09-20T14:35:46.470+0000] {processor.py:840} INFO - DAG(s) 'ml_pipeline_orchestration' retrieved from /opt/airflow/dags/orchestration.py
[2025-09-20T14:35:46.973+0000] {logging_mixin.py:188} INFO - [2025-09-20T14:35:46.973+0000] {dag.py:3036} INFO - Sync 1 DAGs
[2025-09-20T14:35:47.299+0000] {logging_mixin.py:188} INFO - [2025-09-20T14:35:47.298+0000] {dag.py:3823} INFO - Setting next_dagrun for ml_pipeline_orchestration to 2025-09-19 00:00:00+00:00, run_after=2025-09-20 00:00:00+00:00
[2025-09-20T14:35:47.449+0000] {processor.py:183} INFO - Processing /opt/airflow/dags/orchestration.py took 3.200 seconds
[2025-09-20T14:36:17.866+0000] {processor.py:161} INFO - Started process (PID=493) to work on /opt/airflow/dags/orchestration.py
[2025-09-20T14:36:17.878+0000] {processor.py:830} INFO - Processing file /opt/airflow/dags/orchestration.py for tasks to queue
[2025-09-20T14:36:17.917+0000] {logging_mixin.py:188} INFO - [2025-09-20T14:36:17.907+0000] {dagbag.py:538} INFO - Filling up the DagBag from /opt/airflow/dags/orchestration.py
[2025-09-20T14:36:18.759+0000] {processor.py:840} INFO - DAG(s) 'ml_pipeline_orchestration' retrieved from /opt/airflow/dags/orchestration.py
[2025-09-20T14:36:19.390+0000] {logging_mixin.py:188} INFO - [2025-09-20T14:36:19.388+0000] {dag.py:3036} INFO - Sync 1 DAGs
[2025-09-20T14:36:19.834+0000] {logging_mixin.py:188} INFO - [2025-09-20T14:36:19.824+0000] {dag.py:3823} INFO - Setting next_dagrun for ml_pipeline_orchestration to 2025-09-19 00:00:00+00:00, run_after=2025-09-20 00:00:00+00:00
[2025-09-20T14:36:20.141+0000] {processor.py:183} INFO - Processing /opt/airflow/dags/orchestration.py took 2.324 seconds
[2025-09-20T14:36:58.780+0000] {processor.py:161} INFO - Started process (PID=518) to work on /opt/airflow/dags/orchestration.py
[2025-09-20T14:36:58.782+0000] {processor.py:830} INFO - Processing file /opt/airflow/dags/orchestration.py for tasks to queue
[2025-09-20T14:36:58.785+0000] {logging_mixin.py:188} INFO - [2025-09-20T14:36:58.784+0000] {dagbag.py:538} INFO - Filling up the DagBag from /opt/airflow/dags/orchestration.py
[2025-09-20T14:36:58.874+0000] {processor.py:840} INFO - DAG(s) 'ml_pipeline_orchestration' retrieved from /opt/airflow/dags/orchestration.py
[2025-09-20T14:36:58.924+0000] {logging_mixin.py:188} INFO - [2025-09-20T14:36:58.923+0000] {dag.py:3036} INFO - Sync 1 DAGs
[2025-09-20T14:36:58.989+0000] {logging_mixin.py:188} INFO - [2025-09-20T14:36:58.988+0000] {dag.py:3823} INFO - Setting next_dagrun for ml_pipeline_orchestration to 2025-09-19 00:00:00+00:00, run_after=2025-09-20 00:00:00+00:00
[2025-09-20T14:36:59.143+0000] {processor.py:183} INFO - Processing /opt/airflow/dags/orchestration.py took 0.379 seconds
[2025-09-20T14:37:39.116+0000] {processor.py:161} INFO - Started process (PID=541) to work on /opt/airflow/dags/orchestration.py
[2025-09-20T14:37:39.301+0000] {processor.py:830} INFO - Processing file /opt/airflow/dags/orchestration.py for tasks to queue
[2025-09-20T14:37:39.572+0000] {logging_mixin.py:188} INFO - [2025-09-20T14:37:39.564+0000] {dagbag.py:538} INFO - Filling up the DagBag from /opt/airflow/dags/orchestration.py
[2025-09-20T14:37:40.481+0000] {processor.py:840} INFO - DAG(s) 'ml_pipeline_orchestration' retrieved from /opt/airflow/dags/orchestration.py
[2025-09-20T14:37:41.000+0000] {logging_mixin.py:188} INFO - [2025-09-20T14:37:40.997+0000] {dag.py:3036} INFO - Sync 1 DAGs
[2025-09-20T14:37:41.462+0000] {logging_mixin.py:188} INFO - [2025-09-20T14:37:41.460+0000] {dag.py:3823} INFO - Setting next_dagrun for ml_pipeline_orchestration to 2025-09-19 00:00:00+00:00, run_after=2025-09-20 00:00:00+00:00
[2025-09-20T14:37:42.116+0000] {processor.py:183} INFO - Processing /opt/airflow/dags/orchestration.py took 3.195 seconds
[2025-09-20T14:38:33.126+0000] {processor.py:161} INFO - Started process (PID=566) to work on /opt/airflow/dags/orchestration.py
[2025-09-20T14:38:33.132+0000] {processor.py:830} INFO - Processing file /opt/airflow/dags/orchestration.py for tasks to queue
[2025-09-20T14:38:33.136+0000] {logging_mixin.py:188} INFO - [2025-09-20T14:38:33.135+0000] {dagbag.py:538} INFO - Filling up the DagBag from /opt/airflow/dags/orchestration.py
[2025-09-20T14:38:33.286+0000] {processor.py:840} INFO - DAG(s) 'ml_pipeline_orchestration' retrieved from /opt/airflow/dags/orchestration.py
[2025-09-20T14:38:33.340+0000] {logging_mixin.py:188} INFO - [2025-09-20T14:38:33.340+0000] {dag.py:3036} INFO - Sync 1 DAGs
[2025-09-20T14:38:33.415+0000] {logging_mixin.py:188} INFO - [2025-09-20T14:38:33.415+0000] {dag.py:3823} INFO - Setting next_dagrun for ml_pipeline_orchestration to 2025-09-19 00:00:00+00:00, run_after=2025-09-20 00:00:00+00:00
[2025-09-20T14:38:33.492+0000] {processor.py:183} INFO - Processing /opt/airflow/dags/orchestration.py took 0.377 seconds
[2025-09-20T14:39:10.014+0000] {processor.py:161} INFO - Started process (PID=591) to work on /opt/airflow/dags/orchestration.py
[2025-09-20T14:39:10.021+0000] {processor.py:830} INFO - Processing file /opt/airflow/dags/orchestration.py for tasks to queue
[2025-09-20T14:39:10.024+0000] {logging_mixin.py:188} INFO - [2025-09-20T14:39:10.023+0000] {dagbag.py:538} INFO - Filling up the DagBag from /opt/airflow/dags/orchestration.py
[2025-09-20T14:39:10.155+0000] {processor.py:840} INFO - DAG(s) 'ml_pipeline_orchestration' retrieved from /opt/airflow/dags/orchestration.py
[2025-09-20T14:39:10.243+0000] {logging_mixin.py:188} INFO - [2025-09-20T14:39:10.242+0000] {dag.py:3036} INFO - Sync 1 DAGs
[2025-09-20T14:39:10.325+0000] {logging_mixin.py:188} INFO - [2025-09-20T14:39:10.325+0000] {dag.py:3823} INFO - Setting next_dagrun for ml_pipeline_orchestration to 2025-09-19 00:00:00+00:00, run_after=2025-09-20 00:00:00+00:00
[2025-09-20T14:39:10.413+0000] {processor.py:183} INFO - Processing /opt/airflow/dags/orchestration.py took 0.420 seconds
[2025-09-20T14:39:40.686+0000] {processor.py:161} INFO - Started process (PID=611) to work on /opt/airflow/dags/orchestration.py
[2025-09-20T14:39:40.689+0000] {processor.py:830} INFO - Processing file /opt/airflow/dags/orchestration.py for tasks to queue
[2025-09-20T14:39:40.695+0000] {logging_mixin.py:188} INFO - [2025-09-20T14:39:40.692+0000] {dagbag.py:538} INFO - Filling up the DagBag from /opt/airflow/dags/orchestration.py
[2025-09-20T14:39:40.834+0000] {processor.py:840} INFO - DAG(s) 'ml_pipeline_orchestration' retrieved from /opt/airflow/dags/orchestration.py
[2025-09-20T14:39:40.900+0000] {logging_mixin.py:188} INFO - [2025-09-20T14:39:40.899+0000] {dag.py:3036} INFO - Sync 1 DAGs
[2025-09-20T14:39:40.977+0000] {logging_mixin.py:188} INFO - [2025-09-20T14:39:40.976+0000] {dag.py:3823} INFO - Setting next_dagrun for ml_pipeline_orchestration to 2025-09-19 00:00:00+00:00, run_after=2025-09-20 00:00:00+00:00
[2025-09-20T14:39:41.036+0000] {processor.py:183} INFO - Processing /opt/airflow/dags/orchestration.py took 0.361 seconds
[2025-09-20T14:40:12.379+0000] {processor.py:161} INFO - Started process (PID=629) to work on /opt/airflow/dags/orchestration.py
[2025-09-20T15:01:22.843+0000] {processor.py:161} INFO - Started process (PID=177) to work on /opt/airflow/dags/orchestration.py
[2025-09-20T15:01:22.898+0000] {processor.py:830} INFO - Processing file /opt/airflow/dags/orchestration.py for tasks to queue
[2025-09-20T15:01:22.909+0000] {logging_mixin.py:188} INFO - [2025-09-20T15:01:22.906+0000] {dagbag.py:538} INFO - Filling up the DagBag from /opt/airflow/dags/orchestration.py
[2025-09-20T15:01:23.375+0000] {processor.py:840} INFO - DAG(s) 'ml_pipeline_orchestration' retrieved from /opt/airflow/dags/orchestration.py
[2025-09-20T15:01:23.555+0000] {logging_mixin.py:188} INFO - [2025-09-20T15:01:23.554+0000] {dag.py:3036} INFO - Sync 1 DAGs
[2025-09-20T15:01:23.772+0000] {logging_mixin.py:188} INFO - [2025-09-20T15:01:23.769+0000] {dag.py:3823} INFO - Setting next_dagrun for ml_pipeline_orchestration to 2025-09-19 00:00:00+00:00, run_after=2025-09-20 00:00:00+00:00
[2025-09-20T15:01:23.966+0000] {processor.py:183} INFO - Processing /opt/airflow/dags/orchestration.py took 1.161 seconds
[2025-09-20T15:02:04.779+0000] {processor.py:161} INFO - Started process (PID=204) to work on /opt/airflow/dags/orchestration.py
[2025-09-20T15:02:04.785+0000] {processor.py:830} INFO - Processing file /opt/airflow/dags/orchestration.py for tasks to queue
[2025-09-20T15:02:04.791+0000] {logging_mixin.py:188} INFO - [2025-09-20T15:02:04.789+0000] {dagbag.py:538} INFO - Filling up the DagBag from /opt/airflow/dags/orchestration.py
[2025-09-20T15:02:05.558+0000] {processor.py:840} INFO - DAG(s) 'ml_pipeline_orchestration' retrieved from /opt/airflow/dags/orchestration.py
[2025-09-20T15:02:05.914+0000] {logging_mixin.py:188} INFO - [2025-09-20T15:02:05.914+0000] {dag.py:3036} INFO - Sync 1 DAGs
[2025-09-20T15:02:05.995+0000] {logging_mixin.py:188} INFO - [2025-09-20T15:02:05.994+0000] {dag.py:3823} INFO - Setting next_dagrun for ml_pipeline_orchestration to 2025-09-19 00:00:00+00:00, run_after=2025-09-20 00:00:00+00:00
[2025-09-20T15:02:06.074+0000] {processor.py:183} INFO - Processing /opt/airflow/dags/orchestration.py took 1.321 seconds
[2025-09-20T15:02:44.465+0000] {processor.py:161} INFO - Started process (PID=227) to work on /opt/airflow/dags/orchestration.py
[2025-09-20T15:02:44.472+0000] {processor.py:830} INFO - Processing file /opt/airflow/dags/orchestration.py for tasks to queue
[2025-09-20T15:02:44.479+0000] {logging_mixin.py:188} INFO - [2025-09-20T15:02:44.477+0000] {dagbag.py:538} INFO - Filling up the DagBag from /opt/airflow/dags/orchestration.py
[2025-09-20T15:02:44.642+0000] {processor.py:840} INFO - DAG(s) 'ml_pipeline_orchestration' retrieved from /opt/airflow/dags/orchestration.py
[2025-09-20T15:02:44.722+0000] {logging_mixin.py:188} INFO - [2025-09-20T15:02:44.721+0000] {dag.py:3036} INFO - Sync 1 DAGs
[2025-09-20T15:02:44.822+0000] {logging_mixin.py:188} INFO - [2025-09-20T15:02:44.822+0000] {dag.py:3823} INFO - Setting next_dagrun for ml_pipeline_orchestration to 2025-09-19 00:00:00+00:00, run_after=2025-09-20 00:00:00+00:00
[2025-09-20T15:02:44.956+0000] {processor.py:183} INFO - Processing /opt/airflow/dags/orchestration.py took 0.506 seconds
