[2025-09-20T05:34:21.567+0000] {processor.py:161} INFO - Started process (PID=2996) to work on /opt/airflow/dags/welcome_dag.py
[2025-09-20T05:34:21.592+0000] {processor.py:830} INFO - Processing file /opt/airflow/dags/welcome_dag.py for tasks to queue
[2025-09-20T05:34:21.616+0000] {logging_mixin.py:188} INFO - [2025-09-20T05:34:21.613+0000] {dagbag.py:538} INFO - Filling up the DagBag from /opt/airflow/dags/welcome_dag.py
[2025-09-20T05:34:21.760+0000] {processor.py:840} INFO - DAG(s) 'welcome_dag' retrieved from /opt/airflow/dags/welcome_dag.py
[2025-09-20T05:34:23.143+0000] {logging_mixin.py:188} INFO - [2025-09-20T05:34:23.141+0000] {dag.py:3036} INFO - Sync 1 DAGs
[2025-09-20T05:34:23.871+0000] {logging_mixin.py:188} INFO - [2025-09-20T05:34:23.821+0000] {dag.py:3823} INFO - Setting next_dagrun for welcome_dag to 2025-09-19 23:00:00+00:00, run_after=2025-09-20 23:00:00+00:00
[2025-09-20T05:34:24.386+0000] {processor.py:183} INFO - Processing /opt/airflow/dags/welcome_dag.py took 2.879 seconds
[2025-09-20T05:35:17.479+0000] {processor.py:161} INFO - Started process (PID=3021) to work on /opt/airflow/dags/welcome_dag.py
[2025-09-20T05:35:17.489+0000] {processor.py:830} INFO - Processing file /opt/airflow/dags/welcome_dag.py for tasks to queue
[2025-09-20T05:35:17.503+0000] {logging_mixin.py:188} INFO - [2025-09-20T05:35:17.499+0000] {dagbag.py:538} INFO - Filling up the DagBag from /opt/airflow/dags/welcome_dag.py
[2025-09-20T05:35:17.671+0000] {processor.py:840} INFO - DAG(s) 'welcome_dag' retrieved from /opt/airflow/dags/welcome_dag.py
[2025-09-20T05:35:18.147+0000] {logging_mixin.py:188} INFO - [2025-09-20T05:35:18.145+0000] {dag.py:3036} INFO - Sync 1 DAGs
[2025-09-20T05:35:18.442+0000] {logging_mixin.py:188} INFO - [2025-09-20T05:35:18.440+0000] {dag.py:3823} INFO - Setting next_dagrun for welcome_dag to 2025-09-19 23:00:00+00:00, run_after=2025-09-20 23:00:00+00:00
[2025-09-20T05:35:18.640+0000] {processor.py:183} INFO - Processing /opt/airflow/dags/welcome_dag.py took 1.200 seconds
[2025-09-20T05:35:48.867+0000] {processor.py:161} INFO - Started process (PID=3041) to work on /opt/airflow/dags/welcome_dag.py
[2025-09-20T05:35:48.876+0000] {processor.py:830} INFO - Processing file /opt/airflow/dags/welcome_dag.py for tasks to queue
[2025-09-20T05:35:48.892+0000] {logging_mixin.py:188} INFO - [2025-09-20T05:35:48.889+0000] {dagbag.py:538} INFO - Filling up the DagBag from /opt/airflow/dags/welcome_dag.py
[2025-09-20T05:35:49.055+0000] {processor.py:840} INFO - DAG(s) 'welcome_dag' retrieved from /opt/airflow/dags/welcome_dag.py
[2025-09-20T05:35:49.376+0000] {logging_mixin.py:188} INFO - [2025-09-20T05:35:49.375+0000] {dag.py:3036} INFO - Sync 1 DAGs
[2025-09-20T05:35:49.627+0000] {logging_mixin.py:188} INFO - [2025-09-20T05:35:49.625+0000] {dag.py:3823} INFO - Setting next_dagrun for welcome_dag to 2025-09-19 23:00:00+00:00, run_after=2025-09-20 23:00:00+00:00
[2025-09-20T05:35:49.865+0000] {processor.py:183} INFO - Processing /opt/airflow/dags/welcome_dag.py took 1.041 seconds
[2025-09-20T05:36:20.242+0000] {processor.py:161} INFO - Started process (PID=3063) to work on /opt/airflow/dags/welcome_dag.py
[2025-09-20T05:36:20.253+0000] {processor.py:830} INFO - Processing file /opt/airflow/dags/welcome_dag.py for tasks to queue
[2025-09-20T05:36:20.268+0000] {logging_mixin.py:188} INFO - [2025-09-20T05:36:20.265+0000] {dagbag.py:538} INFO - Filling up the DagBag from /opt/airflow/dags/welcome_dag.py
[2025-09-20T05:36:20.381+0000] {processor.py:840} INFO - DAG(s) 'welcome_dag' retrieved from /opt/airflow/dags/welcome_dag.py
[2025-09-20T05:36:20.599+0000] {logging_mixin.py:188} INFO - [2025-09-20T05:36:20.598+0000] {dag.py:3036} INFO - Sync 1 DAGs
[2025-09-20T05:36:20.769+0000] {logging_mixin.py:188} INFO - [2025-09-20T05:36:20.768+0000] {dag.py:3823} INFO - Setting next_dagrun for welcome_dag to 2025-09-19 23:00:00+00:00, run_after=2025-09-20 23:00:00+00:00
[2025-09-20T05:36:20.936+0000] {processor.py:183} INFO - Processing /opt/airflow/dags/welcome_dag.py took 0.736 seconds
[2025-09-20T05:37:07.025+0000] {processor.py:161} INFO - Started process (PID=3086) to work on /opt/airflow/dags/welcome_dag.py
[2025-09-20T05:37:07.034+0000] {processor.py:830} INFO - Processing file /opt/airflow/dags/welcome_dag.py for tasks to queue
[2025-09-20T05:37:07.043+0000] {logging_mixin.py:188} INFO - [2025-09-20T05:37:07.040+0000] {dagbag.py:538} INFO - Filling up the DagBag from /opt/airflow/dags/welcome_dag.py
[2025-09-20T05:37:07.240+0000] {processor.py:840} INFO - DAG(s) 'welcome_dag' retrieved from /opt/airflow/dags/welcome_dag.py
[2025-09-20T05:37:07.563+0000] {logging_mixin.py:188} INFO - [2025-09-20T05:37:07.562+0000] {dag.py:3036} INFO - Sync 1 DAGs
[2025-09-20T05:37:07.834+0000] {logging_mixin.py:188} INFO - [2025-09-20T05:37:07.832+0000] {dag.py:3823} INFO - Setting next_dagrun for welcome_dag to 2025-09-19 23:00:00+00:00, run_after=2025-09-20 23:00:00+00:00
[2025-09-20T05:37:08.037+0000] {processor.py:183} INFO - Processing /opt/airflow/dags/welcome_dag.py took 1.068 seconds
[2025-09-20T05:37:38.849+0000] {processor.py:161} INFO - Started process (PID=3106) to work on /opt/airflow/dags/welcome_dag.py
[2025-09-20T05:37:38.889+0000] {processor.py:830} INFO - Processing file /opt/airflow/dags/welcome_dag.py for tasks to queue
[2025-09-20T05:37:38.901+0000] {logging_mixin.py:188} INFO - [2025-09-20T05:37:38.898+0000] {dagbag.py:538} INFO - Filling up the DagBag from /opt/airflow/dags/welcome_dag.py
[2025-09-20T05:37:39.073+0000] {processor.py:840} INFO - DAG(s) 'welcome_dag' retrieved from /opt/airflow/dags/welcome_dag.py
[2025-09-20T05:37:39.375+0000] {logging_mixin.py:188} INFO - [2025-09-20T05:37:39.374+0000] {dag.py:3036} INFO - Sync 1 DAGs
[2025-09-20T05:37:39.570+0000] {logging_mixin.py:188} INFO - [2025-09-20T05:37:39.568+0000] {dag.py:3823} INFO - Setting next_dagrun for welcome_dag to 2025-09-19 23:00:00+00:00, run_after=2025-09-20 23:00:00+00:00
[2025-09-20T05:37:39.827+0000] {processor.py:183} INFO - Processing /opt/airflow/dags/welcome_dag.py took 1.122 seconds
[2025-09-20T05:38:10.173+0000] {processor.py:161} INFO - Started process (PID=3128) to work on /opt/airflow/dags/welcome_dag.py
[2025-09-20T05:38:10.183+0000] {processor.py:830} INFO - Processing file /opt/airflow/dags/welcome_dag.py for tasks to queue
[2025-09-20T05:38:10.194+0000] {logging_mixin.py:188} INFO - [2025-09-20T05:38:10.190+0000] {dagbag.py:538} INFO - Filling up the DagBag from /opt/airflow/dags/welcome_dag.py
[2025-09-20T05:38:10.357+0000] {processor.py:840} INFO - DAG(s) 'welcome_dag' retrieved from /opt/airflow/dags/welcome_dag.py
[2025-09-20T05:38:10.589+0000] {logging_mixin.py:188} INFO - [2025-09-20T05:38:10.587+0000] {dag.py:3036} INFO - Sync 1 DAGs
[2025-09-20T05:38:10.794+0000] {logging_mixin.py:188} INFO - [2025-09-20T05:38:10.790+0000] {dag.py:3823} INFO - Setting next_dagrun for welcome_dag to 2025-09-19 23:00:00+00:00, run_after=2025-09-20 23:00:00+00:00
[2025-09-20T05:38:11.027+0000] {processor.py:183} INFO - Processing /opt/airflow/dags/welcome_dag.py took 0.892 seconds
[2025-09-20T05:38:54.210+0000] {processor.py:161} INFO - Started process (PID=3151) to work on /opt/airflow/dags/welcome_dag.py
[2025-09-20T05:38:54.221+0000] {processor.py:830} INFO - Processing file /opt/airflow/dags/welcome_dag.py for tasks to queue
[2025-09-20T05:38:54.232+0000] {logging_mixin.py:188} INFO - [2025-09-20T05:38:54.229+0000] {dagbag.py:538} INFO - Filling up the DagBag from /opt/airflow/dags/welcome_dag.py
[2025-09-20T05:38:54.387+0000] {processor.py:840} INFO - DAG(s) 'welcome_dag' retrieved from /opt/airflow/dags/welcome_dag.py
[2025-09-20T05:38:54.652+0000] {logging_mixin.py:188} INFO - [2025-09-20T05:38:54.650+0000] {dag.py:3036} INFO - Sync 1 DAGs
[2025-09-20T05:38:55.009+0000] {logging_mixin.py:188} INFO - [2025-09-20T05:38:55.006+0000] {dag.py:3823} INFO - Setting next_dagrun for welcome_dag to 2025-09-19 23:00:00+00:00, run_after=2025-09-20 23:00:00+00:00
[2025-09-20T05:38:55.287+0000] {processor.py:183} INFO - Processing /opt/airflow/dags/welcome_dag.py took 1.125 seconds
[2025-09-20T05:39:26.237+0000] {processor.py:161} INFO - Started process (PID=3171) to work on /opt/airflow/dags/welcome_dag.py
[2025-09-20T05:39:26.261+0000] {processor.py:830} INFO - Processing file /opt/airflow/dags/welcome_dag.py for tasks to queue
[2025-09-20T05:39:26.282+0000] {logging_mixin.py:188} INFO - [2025-09-20T05:39:26.277+0000] {dagbag.py:538} INFO - Filling up the DagBag from /opt/airflow/dags/welcome_dag.py
[2025-09-20T05:39:26.544+0000] {processor.py:840} INFO - DAG(s) 'welcome_dag' retrieved from /opt/airflow/dags/welcome_dag.py
[2025-09-20T05:39:27.086+0000] {logging_mixin.py:188} INFO - [2025-09-20T05:39:27.085+0000] {dag.py:3036} INFO - Sync 1 DAGs
[2025-09-20T05:39:27.631+0000] {logging_mixin.py:188} INFO - [2025-09-20T05:39:27.624+0000] {dag.py:3823} INFO - Setting next_dagrun for welcome_dag to 2025-09-19 23:00:00+00:00, run_after=2025-09-20 23:00:00+00:00
[2025-09-20T05:39:27.842+0000] {processor.py:183} INFO - Processing /opt/airflow/dags/welcome_dag.py took 1.679 seconds
[2025-09-20T05:39:58.716+0000] {processor.py:161} INFO - Started process (PID=3193) to work on /opt/airflow/dags/welcome_dag.py
[2025-09-20T05:39:58.726+0000] {processor.py:830} INFO - Processing file /opt/airflow/dags/welcome_dag.py for tasks to queue
[2025-09-20T05:39:58.738+0000] {logging_mixin.py:188} INFO - [2025-09-20T05:39:58.734+0000] {dagbag.py:538} INFO - Filling up the DagBag from /opt/airflow/dags/welcome_dag.py
[2025-09-20T05:39:58.907+0000] {processor.py:840} INFO - DAG(s) 'welcome_dag' retrieved from /opt/airflow/dags/welcome_dag.py
[2025-09-20T05:39:59.138+0000] {logging_mixin.py:188} INFO - [2025-09-20T05:39:59.136+0000] {dag.py:3036} INFO - Sync 1 DAGs
[2025-09-20T05:39:59.314+0000] {logging_mixin.py:188} INFO - [2025-09-20T05:39:59.312+0000] {dag.py:3823} INFO - Setting next_dagrun for welcome_dag to 2025-09-19 23:00:00+00:00, run_after=2025-09-20 23:00:00+00:00
[2025-09-20T05:39:59.501+0000] {processor.py:183} INFO - Processing /opt/airflow/dags/welcome_dag.py took 0.815 seconds
[2025-09-20T14:12:50.846+0000] {processor.py:161} INFO - Started process (PID=217) to work on /opt/airflow/dags/welcome_dag.py
[2025-09-20T14:12:50.895+0000] {processor.py:830} INFO - Processing file /opt/airflow/dags/welcome_dag.py for tasks to queue
[2025-09-20T14:12:50.898+0000] {logging_mixin.py:188} INFO - [2025-09-20T14:12:50.897+0000] {dagbag.py:538} INFO - Filling up the DagBag from /opt/airflow/dags/welcome_dag.py
[2025-09-20T14:12:51.097+0000] {processor.py:840} INFO - DAG(s) 'welcome_dag' retrieved from /opt/airflow/dags/welcome_dag.py
[2025-09-20T14:12:51.526+0000] {logging_mixin.py:188} INFO - [2025-09-20T14:12:51.525+0000] {dag.py:3036} INFO - Sync 1 DAGs
[2025-09-20T14:12:51.624+0000] {logging_mixin.py:188} INFO - [2025-09-20T14:12:51.623+0000] {dag.py:3823} INFO - Setting next_dagrun for welcome_dag to 2025-09-19 23:00:00+00:00, run_after=2025-09-20 23:00:00+00:00
[2025-09-20T14:12:52.120+0000] {processor.py:183} INFO - Processing /opt/airflow/dags/welcome_dag.py took 1.283 seconds
[2025-09-20T14:13:28.039+0000] {processor.py:161} INFO - Started process (PID=242) to work on /opt/airflow/dags/welcome_dag.py
[2025-09-20T14:13:28.041+0000] {processor.py:830} INFO - Processing file /opt/airflow/dags/welcome_dag.py for tasks to queue
[2025-09-20T14:13:28.046+0000] {logging_mixin.py:188} INFO - [2025-09-20T14:13:28.045+0000] {dagbag.py:538} INFO - Filling up the DagBag from /opt/airflow/dags/welcome_dag.py
[2025-09-20T14:13:28.088+0000] {processor.py:840} INFO - DAG(s) 'welcome_dag' retrieved from /opt/airflow/dags/welcome_dag.py
[2025-09-20T14:13:28.805+0000] {logging_mixin.py:188} INFO - [2025-09-20T14:13:28.804+0000] {dag.py:3036} INFO - Sync 1 DAGs
[2025-09-20T14:13:28.871+0000] {logging_mixin.py:188} INFO - [2025-09-20T14:13:28.870+0000] {dag.py:3823} INFO - Setting next_dagrun for welcome_dag to 2025-09-19 23:00:00+00:00, run_after=2025-09-20 23:00:00+00:00
[2025-09-20T14:13:29.226+0000] {processor.py:183} INFO - Processing /opt/airflow/dags/welcome_dag.py took 1.198 seconds
[2025-09-20T14:14:11.486+0000] {processor.py:161} INFO - Started process (PID=274) to work on /opt/airflow/dags/welcome_dag.py
[2025-09-20T14:14:11.489+0000] {processor.py:830} INFO - Processing file /opt/airflow/dags/welcome_dag.py for tasks to queue
[2025-09-20T14:14:11.493+0000] {logging_mixin.py:188} INFO - [2025-09-20T14:14:11.492+0000] {dagbag.py:538} INFO - Filling up the DagBag from /opt/airflow/dags/welcome_dag.py
[2025-09-20T14:14:11.539+0000] {processor.py:840} INFO - DAG(s) 'welcome_dag' retrieved from /opt/airflow/dags/welcome_dag.py
[2025-09-20T14:14:11.624+0000] {logging_mixin.py:188} INFO - [2025-09-20T14:14:11.624+0000] {dag.py:3036} INFO - Sync 1 DAGs
[2025-09-20T14:14:11.688+0000] {logging_mixin.py:188} INFO - [2025-09-20T14:14:11.687+0000] {dag.py:3823} INFO - Setting next_dagrun for welcome_dag to 2025-09-19 23:00:00+00:00, run_after=2025-09-20 23:00:00+00:00
[2025-09-20T14:14:11.760+0000] {processor.py:183} INFO - Processing /opt/airflow/dags/welcome_dag.py took 0.284 seconds
[2025-09-20T14:15:08.880+0000] {processor.py:161} INFO - Started process (PID=297) to work on /opt/airflow/dags/welcome_dag.py
[2025-09-20T14:15:08.886+0000] {processor.py:830} INFO - Processing file /opt/airflow/dags/welcome_dag.py for tasks to queue
[2025-09-20T14:15:08.890+0000] {logging_mixin.py:188} INFO - [2025-09-20T14:15:08.889+0000] {dagbag.py:538} INFO - Filling up the DagBag from /opt/airflow/dags/welcome_dag.py
[2025-09-20T14:15:08.955+0000] {processor.py:840} INFO - DAG(s) 'welcome_dag' retrieved from /opt/airflow/dags/welcome_dag.py
[2025-09-20T14:15:09.028+0000] {logging_mixin.py:188} INFO - [2025-09-20T14:15:09.028+0000] {dag.py:3036} INFO - Sync 1 DAGs
[2025-09-20T14:15:09.091+0000] {logging_mixin.py:188} INFO - [2025-09-20T14:15:09.090+0000] {dag.py:3823} INFO - Setting next_dagrun for welcome_dag to 2025-09-19 23:00:00+00:00, run_after=2025-09-20 23:00:00+00:00
[2025-09-20T14:15:09.149+0000] {processor.py:183} INFO - Processing /opt/airflow/dags/welcome_dag.py took 0.283 seconds
[2025-09-20T14:15:49.498+0000] {processor.py:161} INFO - Started process (PID=322) to work on /opt/airflow/dags/welcome_dag.py
[2025-09-20T14:15:49.501+0000] {processor.py:830} INFO - Processing file /opt/airflow/dags/welcome_dag.py for tasks to queue
[2025-09-20T14:15:49.506+0000] {logging_mixin.py:188} INFO - [2025-09-20T14:15:49.505+0000] {dagbag.py:538} INFO - Filling up the DagBag from /opt/airflow/dags/welcome_dag.py
[2025-09-20T14:15:49.548+0000] {processor.py:840} INFO - DAG(s) 'welcome_dag' retrieved from /opt/airflow/dags/welcome_dag.py
[2025-09-20T14:15:49.647+0000] {logging_mixin.py:188} INFO - [2025-09-20T14:15:49.647+0000] {dag.py:3036} INFO - Sync 1 DAGs
[2025-09-20T14:15:49.730+0000] {logging_mixin.py:188} INFO - [2025-09-20T14:15:49.729+0000] {dag.py:3823} INFO - Setting next_dagrun for welcome_dag to 2025-09-19 23:00:00+00:00, run_after=2025-09-20 23:00:00+00:00
[2025-09-20T14:15:49.795+0000] {processor.py:183} INFO - Processing /opt/airflow/dags/welcome_dag.py took 0.309 seconds
[2025-09-20T14:16:30.672+0000] {processor.py:161} INFO - Started process (PID=349) to work on /opt/airflow/dags/welcome_dag.py
[2025-09-20T14:16:30.676+0000] {processor.py:830} INFO - Processing file /opt/airflow/dags/welcome_dag.py for tasks to queue
[2025-09-20T14:16:30.685+0000] {logging_mixin.py:188} INFO - [2025-09-20T14:16:30.684+0000] {dagbag.py:538} INFO - Filling up the DagBag from /opt/airflow/dags/welcome_dag.py
[2025-09-20T14:16:30.796+0000] {processor.py:840} INFO - DAG(s) 'welcome_dag' retrieved from /opt/airflow/dags/welcome_dag.py
[2025-09-20T14:16:30.955+0000] {logging_mixin.py:188} INFO - [2025-09-20T14:16:30.954+0000] {dag.py:3036} INFO - Sync 1 DAGs
[2025-09-20T14:16:31.066+0000] {logging_mixin.py:188} INFO - [2025-09-20T14:16:31.065+0000] {dag.py:3823} INFO - Setting next_dagrun for welcome_dag to 2025-09-19 23:00:00+00:00, run_after=2025-09-20 23:00:00+00:00
[2025-09-20T14:16:31.404+0000] {processor.py:183} INFO - Processing /opt/airflow/dags/welcome_dag.py took 0.745 seconds
[2025-09-20T14:17:10.370+0000] {processor.py:161} INFO - Started process (PID=372) to work on /opt/airflow/dags/welcome_dag.py
[2025-09-20T14:17:10.385+0000] {processor.py:830} INFO - Processing file /opt/airflow/dags/welcome_dag.py for tasks to queue
[2025-09-20T14:17:10.418+0000] {logging_mixin.py:188} INFO - [2025-09-20T14:17:10.409+0000] {dagbag.py:538} INFO - Filling up the DagBag from /opt/airflow/dags/welcome_dag.py
[2025-09-20T14:17:10.498+0000] {processor.py:840} INFO - DAG(s) 'welcome_dag' retrieved from /opt/airflow/dags/welcome_dag.py
[2025-09-20T14:17:10.608+0000] {logging_mixin.py:188} INFO - [2025-09-20T14:17:10.607+0000] {dag.py:3036} INFO - Sync 1 DAGs
[2025-09-20T14:17:10.669+0000] {logging_mixin.py:188} INFO - [2025-09-20T14:17:10.669+0000] {dag.py:3823} INFO - Setting next_dagrun for welcome_dag to 2025-09-19 23:00:00+00:00, run_after=2025-09-20 23:00:00+00:00
[2025-09-20T14:17:10.786+0000] {processor.py:183} INFO - Processing /opt/airflow/dags/welcome_dag.py took 0.434 seconds
[2025-09-20T14:17:46.971+0000] {processor.py:161} INFO - Started process (PID=397) to work on /opt/airflow/dags/welcome_dag.py
[2025-09-20T14:17:46.974+0000] {processor.py:830} INFO - Processing file /opt/airflow/dags/welcome_dag.py for tasks to queue
[2025-09-20T14:17:46.978+0000] {logging_mixin.py:188} INFO - [2025-09-20T14:17:46.977+0000] {dagbag.py:538} INFO - Filling up the DagBag from /opt/airflow/dags/welcome_dag.py
[2025-09-20T14:17:47.019+0000] {processor.py:840} INFO - DAG(s) 'welcome_dag' retrieved from /opt/airflow/dags/welcome_dag.py
[2025-09-20T14:17:47.111+0000] {logging_mixin.py:188} INFO - [2025-09-20T14:17:47.110+0000] {dag.py:3036} INFO - Sync 1 DAGs
[2025-09-20T14:17:47.168+0000] {logging_mixin.py:188} INFO - [2025-09-20T14:17:47.167+0000] {dag.py:3823} INFO - Setting next_dagrun for welcome_dag to 2025-09-19 23:00:00+00:00, run_after=2025-09-20 23:00:00+00:00
[2025-09-20T14:17:47.410+0000] {processor.py:183} INFO - Processing /opt/airflow/dags/welcome_dag.py took 0.449 seconds
[2025-09-20T14:26:06.205+0000] {processor.py:161} INFO - Started process (PID=181) to work on /opt/airflow/dags/welcome_dag.py
[2025-09-20T14:26:06.209+0000] {processor.py:830} INFO - Processing file /opt/airflow/dags/welcome_dag.py for tasks to queue
[2025-09-20T14:26:06.218+0000] {logging_mixin.py:188} INFO - [2025-09-20T14:26:06.213+0000] {dagbag.py:538} INFO - Filling up the DagBag from /opt/airflow/dags/welcome_dag.py
[2025-09-20T14:26:06.274+0000] {processor.py:840} INFO - DAG(s) 'welcome_dag' retrieved from /opt/airflow/dags/welcome_dag.py
[2025-09-20T14:26:06.321+0000] {logging_mixin.py:188} INFO - [2025-09-20T14:26:06.321+0000] {dag.py:3036} INFO - Sync 1 DAGs
[2025-09-20T14:26:06.385+0000] {logging_mixin.py:188} INFO - [2025-09-20T14:26:06.385+0000] {dag.py:3823} INFO - Setting next_dagrun for welcome_dag to 2025-09-19 23:00:00+00:00, run_after=2025-09-20 23:00:00+00:00
[2025-09-20T14:26:06.469+0000] {processor.py:183} INFO - Processing /opt/airflow/dags/welcome_dag.py took 0.280 seconds
[2025-09-20T14:27:16.093+0000] {processor.py:161} INFO - Started process (PID=206) to work on /opt/airflow/dags/welcome_dag.py
[2025-09-20T14:27:16.177+0000] {processor.py:830} INFO - Processing file /opt/airflow/dags/welcome_dag.py for tasks to queue
[2025-09-20T14:27:16.189+0000] {logging_mixin.py:188} INFO - [2025-09-20T14:27:16.187+0000] {dagbag.py:538} INFO - Filling up the DagBag from /opt/airflow/dags/welcome_dag.py
[2025-09-20T14:27:16.269+0000] {processor.py:840} INFO - DAG(s) 'welcome_dag' retrieved from /opt/airflow/dags/welcome_dag.py
[2025-09-20T14:27:16.541+0000] {logging_mixin.py:188} INFO - [2025-09-20T14:27:16.540+0000] {dag.py:3036} INFO - Sync 1 DAGs
[2025-09-20T14:27:16.594+0000] {logging_mixin.py:188} INFO - [2025-09-20T14:27:16.593+0000] {dag.py:3823} INFO - Setting next_dagrun for welcome_dag to 2025-09-19 23:00:00+00:00, run_after=2025-09-20 23:00:00+00:00
[2025-09-20T14:27:16.866+0000] {processor.py:183} INFO - Processing /opt/airflow/dags/welcome_dag.py took 0.782 seconds
[2025-09-20T14:28:11.528+0000] {processor.py:161} INFO - Started process (PID=233) to work on /opt/airflow/dags/welcome_dag.py
[2025-09-20T14:28:11.536+0000] {processor.py:830} INFO - Processing file /opt/airflow/dags/welcome_dag.py for tasks to queue
[2025-09-20T14:28:11.554+0000] {logging_mixin.py:188} INFO - [2025-09-20T14:28:11.548+0000] {dagbag.py:538} INFO - Filling up the DagBag from /opt/airflow/dags/welcome_dag.py
[2025-09-20T14:28:11.749+0000] {processor.py:840} INFO - DAG(s) 'welcome_dag' retrieved from /opt/airflow/dags/welcome_dag.py
[2025-09-20T14:28:12.014+0000] {logging_mixin.py:188} INFO - [2025-09-20T14:28:12.013+0000] {dag.py:3036} INFO - Sync 1 DAGs
[2025-09-20T14:28:12.274+0000] {logging_mixin.py:188} INFO - [2025-09-20T14:28:12.272+0000] {dag.py:3823} INFO - Setting next_dagrun for welcome_dag to 2025-09-19 23:00:00+00:00, run_after=2025-09-20 23:00:00+00:00
[2025-09-20T14:28:12.574+0000] {processor.py:183} INFO - Processing /opt/airflow/dags/welcome_dag.py took 1.093 seconds
[2025-09-20T14:29:02.893+0000] {processor.py:161} INFO - Started process (PID=258) to work on /opt/airflow/dags/welcome_dag.py
[2025-09-20T14:29:02.929+0000] {processor.py:830} INFO - Processing file /opt/airflow/dags/welcome_dag.py for tasks to queue
[2025-09-20T14:29:02.967+0000] {logging_mixin.py:188} INFO - [2025-09-20T14:29:02.964+0000] {dagbag.py:538} INFO - Filling up the DagBag from /opt/airflow/dags/welcome_dag.py
[2025-09-20T14:29:03.508+0000] {processor.py:840} INFO - DAG(s) 'welcome_dag' retrieved from /opt/airflow/dags/welcome_dag.py
[2025-09-20T14:29:03.877+0000] {logging_mixin.py:188} INFO - [2025-09-20T14:29:03.875+0000] {dag.py:3036} INFO - Sync 1 DAGs
[2025-09-20T14:29:04.224+0000] {logging_mixin.py:188} INFO - [2025-09-20T14:29:04.221+0000] {dag.py:3823} INFO - Setting next_dagrun for welcome_dag to 2025-09-19 23:00:00+00:00, run_after=2025-09-20 23:00:00+00:00
[2025-09-20T14:29:04.399+0000] {processor.py:183} INFO - Processing /opt/airflow/dags/welcome_dag.py took 1.672 seconds
[2025-09-20T14:29:48.378+0000] {processor.py:161} INFO - Started process (PID=283) to work on /opt/airflow/dags/welcome_dag.py
[2025-09-20T14:29:48.382+0000] {processor.py:830} INFO - Processing file /opt/airflow/dags/welcome_dag.py for tasks to queue
[2025-09-20T14:29:48.389+0000] {logging_mixin.py:188} INFO - [2025-09-20T14:29:48.387+0000] {dagbag.py:538} INFO - Filling up the DagBag from /opt/airflow/dags/welcome_dag.py
[2025-09-20T14:29:48.434+0000] {processor.py:840} INFO - DAG(s) 'welcome_dag' retrieved from /opt/airflow/dags/welcome_dag.py
[2025-09-20T14:29:48.732+0000] {logging_mixin.py:188} INFO - [2025-09-20T14:29:48.732+0000] {dag.py:3036} INFO - Sync 1 DAGs
[2025-09-20T14:29:48.791+0000] {logging_mixin.py:188} INFO - [2025-09-20T14:29:48.790+0000] {dag.py:3823} INFO - Setting next_dagrun for welcome_dag to 2025-09-19 23:00:00+00:00, run_after=2025-09-20 23:00:00+00:00
[2025-09-20T14:29:48.870+0000] {processor.py:183} INFO - Processing /opt/airflow/dags/welcome_dag.py took 0.503 seconds
[2025-09-20T14:30:46.142+0000] {processor.py:161} INFO - Started process (PID=306) to work on /opt/airflow/dags/welcome_dag.py
[2025-09-20T14:30:46.147+0000] {processor.py:830} INFO - Processing file /opt/airflow/dags/welcome_dag.py for tasks to queue
[2025-09-20T14:30:46.165+0000] {logging_mixin.py:188} INFO - [2025-09-20T14:30:46.164+0000] {dagbag.py:538} INFO - Filling up the DagBag from /opt/airflow/dags/welcome_dag.py
[2025-09-20T14:30:46.246+0000] {processor.py:840} INFO - DAG(s) 'welcome_dag' retrieved from /opt/airflow/dags/welcome_dag.py
[2025-09-20T14:30:46.365+0000] {logging_mixin.py:188} INFO - [2025-09-20T14:30:46.364+0000] {dag.py:3036} INFO - Sync 1 DAGs
[2025-09-20T14:30:46.461+0000] {logging_mixin.py:188} INFO - [2025-09-20T14:30:46.460+0000] {dag.py:3823} INFO - Setting next_dagrun for welcome_dag to 2025-09-19 23:00:00+00:00, run_after=2025-09-20 23:00:00+00:00
[2025-09-20T14:30:46.731+0000] {processor.py:183} INFO - Processing /opt/airflow/dags/welcome_dag.py took 0.607 seconds
[2025-09-20T14:31:33.130+0000] {processor.py:161} INFO - Started process (PID=333) to work on /opt/airflow/dags/welcome_dag.py
[2025-09-20T14:31:33.133+0000] {processor.py:830} INFO - Processing file /opt/airflow/dags/welcome_dag.py for tasks to queue
[2025-09-20T14:31:33.137+0000] {logging_mixin.py:188} INFO - [2025-09-20T14:31:33.136+0000] {dagbag.py:538} INFO - Filling up the DagBag from /opt/airflow/dags/welcome_dag.py
[2025-09-20T14:31:33.177+0000] {processor.py:840} INFO - DAG(s) 'welcome_dag' retrieved from /opt/airflow/dags/welcome_dag.py
[2025-09-20T14:31:33.252+0000] {logging_mixin.py:188} INFO - [2025-09-20T14:31:33.252+0000] {dag.py:3036} INFO - Sync 1 DAGs
[2025-09-20T14:31:33.313+0000] {logging_mixin.py:188} INFO - [2025-09-20T14:31:33.312+0000] {dag.py:3823} INFO - Setting next_dagrun for welcome_dag to 2025-09-19 23:00:00+00:00, run_after=2025-09-20 23:00:00+00:00
[2025-09-20T14:31:33.446+0000] {processor.py:183} INFO - Processing /opt/airflow/dags/welcome_dag.py took 0.327 seconds
[2025-09-20T14:32:34.898+0000] {processor.py:161} INFO - Started process (PID=356) to work on /opt/airflow/dags/welcome_dag.py
[2025-09-20T14:32:34.911+0000] {processor.py:830} INFO - Processing file /opt/airflow/dags/welcome_dag.py for tasks to queue
[2025-09-20T14:32:34.951+0000] {logging_mixin.py:188} INFO - [2025-09-20T14:32:34.926+0000] {dagbag.py:538} INFO - Filling up the DagBag from /opt/airflow/dags/welcome_dag.py
[2025-09-20T14:32:35.152+0000] {processor.py:840} INFO - DAG(s) 'welcome_dag' retrieved from /opt/airflow/dags/welcome_dag.py
[2025-09-20T14:32:35.489+0000] {logging_mixin.py:188} INFO - [2025-09-20T14:32:35.488+0000] {dag.py:3036} INFO - Sync 1 DAGs
[2025-09-20T14:32:35.723+0000] {logging_mixin.py:188} INFO - [2025-09-20T14:32:35.721+0000] {dag.py:3823} INFO - Setting next_dagrun for welcome_dag to 2025-09-19 23:00:00+00:00, run_after=2025-09-20 23:00:00+00:00
[2025-09-20T14:32:35.947+0000] {processor.py:183} INFO - Processing /opt/airflow/dags/welcome_dag.py took 1.109 seconds
[2025-09-20T14:33:11.873+0000] {processor.py:161} INFO - Started process (PID=381) to work on /opt/airflow/dags/welcome_dag.py
[2025-09-20T14:33:11.877+0000] {processor.py:830} INFO - Processing file /opt/airflow/dags/welcome_dag.py for tasks to queue
[2025-09-20T14:33:11.884+0000] {logging_mixin.py:188} INFO - [2025-09-20T14:33:11.881+0000] {dagbag.py:538} INFO - Filling up the DagBag from /opt/airflow/dags/welcome_dag.py
[2025-09-20T14:33:11.936+0000] {processor.py:840} INFO - DAG(s) 'welcome_dag' retrieved from /opt/airflow/dags/welcome_dag.py
[2025-09-20T14:33:12.035+0000] {logging_mixin.py:188} INFO - [2025-09-20T14:33:12.034+0000] {dag.py:3036} INFO - Sync 1 DAGs
[2025-09-20T14:33:12.096+0000] {logging_mixin.py:188} INFO - [2025-09-20T14:33:12.095+0000] {dag.py:3823} INFO - Setting next_dagrun for welcome_dag to 2025-09-19 23:00:00+00:00, run_after=2025-09-20 23:00:00+00:00
[2025-09-20T14:33:12.209+0000] {processor.py:183} INFO - Processing /opt/airflow/dags/welcome_dag.py took 0.346 seconds
[2025-09-20T14:33:49.922+0000] {processor.py:161} INFO - Started process (PID=406) to work on /opt/airflow/dags/welcome_dag.py
[2025-09-20T14:33:49.926+0000] {processor.py:830} INFO - Processing file /opt/airflow/dags/welcome_dag.py for tasks to queue
[2025-09-20T14:33:49.929+0000] {logging_mixin.py:188} INFO - [2025-09-20T14:33:49.928+0000] {dagbag.py:538} INFO - Filling up the DagBag from /opt/airflow/dags/welcome_dag.py
[2025-09-20T14:33:49.979+0000] {processor.py:840} INFO - DAG(s) 'welcome_dag' retrieved from /opt/airflow/dags/welcome_dag.py
[2025-09-20T14:33:50.103+0000] {logging_mixin.py:188} INFO - [2025-09-20T14:33:50.102+0000] {dag.py:3036} INFO - Sync 1 DAGs
[2025-09-20T14:33:50.190+0000] {logging_mixin.py:188} INFO - [2025-09-20T14:33:50.190+0000] {dag.py:3823} INFO - Setting next_dagrun for welcome_dag to 2025-09-19 23:00:00+00:00, run_after=2025-09-20 23:00:00+00:00
[2025-09-20T14:33:50.263+0000] {processor.py:183} INFO - Processing /opt/airflow/dags/welcome_dag.py took 0.351 seconds
[2025-09-20T14:34:35.828+0000] {processor.py:161} INFO - Started process (PID=433) to work on /opt/airflow/dags/welcome_dag.py
[2025-09-20T14:34:35.833+0000] {processor.py:830} INFO - Processing file /opt/airflow/dags/welcome_dag.py for tasks to queue
[2025-09-20T14:34:35.837+0000] {logging_mixin.py:188} INFO - [2025-09-20T14:34:35.836+0000] {dagbag.py:538} INFO - Filling up the DagBag from /opt/airflow/dags/welcome_dag.py
[2025-09-20T14:34:35.872+0000] {processor.py:840} INFO - DAG(s) 'welcome_dag' retrieved from /opt/airflow/dags/welcome_dag.py
[2025-09-20T14:34:35.945+0000] {logging_mixin.py:188} INFO - [2025-09-20T14:34:35.945+0000] {dag.py:3036} INFO - Sync 1 DAGs
[2025-09-20T14:34:36.030+0000] {logging_mixin.py:188} INFO - [2025-09-20T14:34:36.029+0000] {dag.py:3823} INFO - Setting next_dagrun for welcome_dag to 2025-09-19 23:00:00+00:00, run_after=2025-09-20 23:00:00+00:00
[2025-09-20T14:34:36.137+0000] {processor.py:183} INFO - Processing /opt/airflow/dags/welcome_dag.py took 0.325 seconds
[2025-09-20T14:35:13.213+0000] {processor.py:161} INFO - Started process (PID=456) to work on /opt/airflow/dags/welcome_dag.py
[2025-09-20T14:35:13.219+0000] {processor.py:830} INFO - Processing file /opt/airflow/dags/welcome_dag.py for tasks to queue
[2025-09-20T14:35:13.236+0000] {logging_mixin.py:188} INFO - [2025-09-20T14:35:13.235+0000] {dagbag.py:538} INFO - Filling up the DagBag from /opt/airflow/dags/welcome_dag.py
[2025-09-20T14:35:13.282+0000] {processor.py:840} INFO - DAG(s) 'welcome_dag' retrieved from /opt/airflow/dags/welcome_dag.py
[2025-09-20T14:35:13.374+0000] {logging_mixin.py:188} INFO - [2025-09-20T14:35:13.374+0000] {dag.py:3036} INFO - Sync 1 DAGs
[2025-09-20T14:35:13.437+0000] {logging_mixin.py:188} INFO - [2025-09-20T14:35:13.437+0000] {dag.py:3823} INFO - Setting next_dagrun for welcome_dag to 2025-09-19 23:00:00+00:00, run_after=2025-09-20 23:00:00+00:00
[2025-09-20T14:35:13.516+0000] {processor.py:183} INFO - Processing /opt/airflow/dags/welcome_dag.py took 0.315 seconds
[2025-09-20T14:35:47.867+0000] {processor.py:161} INFO - Started process (PID=476) to work on /opt/airflow/dags/welcome_dag.py
[2025-09-20T14:35:47.876+0000] {processor.py:830} INFO - Processing file /opt/airflow/dags/welcome_dag.py for tasks to queue
[2025-09-20T14:35:47.885+0000] {logging_mixin.py:188} INFO - [2025-09-20T14:35:47.883+0000] {dagbag.py:538} INFO - Filling up the DagBag from /opt/airflow/dags/welcome_dag.py
[2025-09-20T14:35:47.938+0000] {processor.py:840} INFO - DAG(s) 'welcome_dag' retrieved from /opt/airflow/dags/welcome_dag.py
[2025-09-20T14:35:48.156+0000] {logging_mixin.py:188} INFO - [2025-09-20T14:35:48.155+0000] {dag.py:3036} INFO - Sync 1 DAGs
[2025-09-20T14:35:48.305+0000] {logging_mixin.py:188} INFO - [2025-09-20T14:35:48.304+0000] {dag.py:3823} INFO - Setting next_dagrun for welcome_dag to 2025-09-19 23:00:00+00:00, run_after=2025-09-20 23:00:00+00:00
[2025-09-20T14:35:48.496+0000] {processor.py:183} INFO - Processing /opt/airflow/dags/welcome_dag.py took 0.648 seconds
[2025-09-20T14:36:19.015+0000] {processor.py:161} INFO - Started process (PID=496) to work on /opt/airflow/dags/welcome_dag.py
[2025-09-20T14:36:19.028+0000] {processor.py:830} INFO - Processing file /opt/airflow/dags/welcome_dag.py for tasks to queue
[2025-09-20T14:36:19.060+0000] {logging_mixin.py:188} INFO - [2025-09-20T14:36:19.054+0000] {dagbag.py:538} INFO - Filling up the DagBag from /opt/airflow/dags/welcome_dag.py
[2025-09-20T14:36:19.484+0000] {processor.py:840} INFO - DAG(s) 'welcome_dag' retrieved from /opt/airflow/dags/welcome_dag.py
[2025-09-20T14:36:20.119+0000] {logging_mixin.py:188} INFO - [2025-09-20T14:36:20.117+0000] {dag.py:3036} INFO - Sync 1 DAGs
[2025-09-20T14:36:20.650+0000] {logging_mixin.py:188} INFO - [2025-09-20T14:36:20.646+0000] {dag.py:3823} INFO - Setting next_dagrun for welcome_dag to 2025-09-19 23:00:00+00:00, run_after=2025-09-20 23:00:00+00:00
[2025-09-20T14:36:20.868+0000] {processor.py:183} INFO - Processing /opt/airflow/dags/welcome_dag.py took 1.938 seconds
[2025-09-20T14:36:59.100+0000] {processor.py:161} INFO - Started process (PID=521) to work on /opt/airflow/dags/welcome_dag.py
[2025-09-20T14:36:59.103+0000] {processor.py:830} INFO - Processing file /opt/airflow/dags/welcome_dag.py for tasks to queue
[2025-09-20T14:36:59.107+0000] {logging_mixin.py:188} INFO - [2025-09-20T14:36:59.106+0000] {dagbag.py:538} INFO - Filling up the DagBag from /opt/airflow/dags/welcome_dag.py
[2025-09-20T14:36:59.173+0000] {processor.py:840} INFO - DAG(s) 'welcome_dag' retrieved from /opt/airflow/dags/welcome_dag.py
[2025-09-20T14:36:59.249+0000] {logging_mixin.py:188} INFO - [2025-09-20T14:36:59.248+0000] {dag.py:3036} INFO - Sync 1 DAGs
[2025-09-20T14:36:59.325+0000] {logging_mixin.py:188} INFO - [2025-09-20T14:36:59.325+0000] {dag.py:3823} INFO - Setting next_dagrun for welcome_dag to 2025-09-19 23:00:00+00:00, run_after=2025-09-20 23:00:00+00:00
[2025-09-20T14:36:59.406+0000] {processor.py:183} INFO - Processing /opt/airflow/dags/welcome_dag.py took 0.317 seconds
[2025-09-20T14:37:41.447+0000] {processor.py:161} INFO - Started process (PID=546) to work on /opt/airflow/dags/welcome_dag.py
[2025-09-20T14:37:41.461+0000] {processor.py:830} INFO - Processing file /opt/airflow/dags/welcome_dag.py for tasks to queue
[2025-09-20T14:37:41.537+0000] {logging_mixin.py:188} INFO - [2025-09-20T14:37:41.486+0000] {dagbag.py:538} INFO - Filling up the DagBag from /opt/airflow/dags/welcome_dag.py
[2025-09-20T14:37:41.772+0000] {processor.py:840} INFO - DAG(s) 'welcome_dag' retrieved from /opt/airflow/dags/welcome_dag.py
[2025-09-20T14:37:42.600+0000] {logging_mixin.py:188} INFO - [2025-09-20T14:37:42.599+0000] {dag.py:3036} INFO - Sync 1 DAGs
[2025-09-20T14:37:42.907+0000] {logging_mixin.py:188} INFO - [2025-09-20T14:37:42.905+0000] {dag.py:3823} INFO - Setting next_dagrun for welcome_dag to 2025-09-19 23:00:00+00:00, run_after=2025-09-20 23:00:00+00:00
[2025-09-20T14:37:43.176+0000] {processor.py:183} INFO - Processing /opt/airflow/dags/welcome_dag.py took 1.817 seconds
[2025-09-20T14:38:33.303+0000] {processor.py:161} INFO - Started process (PID=571) to work on /opt/airflow/dags/welcome_dag.py
[2025-09-20T14:38:33.308+0000] {processor.py:830} INFO - Processing file /opt/airflow/dags/welcome_dag.py for tasks to queue
[2025-09-20T14:38:33.313+0000] {logging_mixin.py:188} INFO - [2025-09-20T14:38:33.312+0000] {dagbag.py:538} INFO - Filling up the DagBag from /opt/airflow/dags/welcome_dag.py
[2025-09-20T14:38:33.354+0000] {processor.py:840} INFO - DAG(s) 'welcome_dag' retrieved from /opt/airflow/dags/welcome_dag.py
[2025-09-20T14:38:33.451+0000] {logging_mixin.py:188} INFO - [2025-09-20T14:38:33.451+0000] {dag.py:3036} INFO - Sync 1 DAGs
[2025-09-20T14:38:33.526+0000] {logging_mixin.py:188} INFO - [2025-09-20T14:38:33.525+0000] {dag.py:3823} INFO - Setting next_dagrun for welcome_dag to 2025-09-19 23:00:00+00:00, run_after=2025-09-20 23:00:00+00:00
[2025-09-20T14:38:33.573+0000] {processor.py:183} INFO - Processing /opt/airflow/dags/welcome_dag.py took 0.281 seconds
[2025-09-20T14:39:10.506+0000] {processor.py:161} INFO - Started process (PID=596) to work on /opt/airflow/dags/welcome_dag.py
[2025-09-20T14:39:10.509+0000] {processor.py:830} INFO - Processing file /opt/airflow/dags/welcome_dag.py for tasks to queue
[2025-09-20T14:39:10.514+0000] {logging_mixin.py:188} INFO - [2025-09-20T14:39:10.512+0000] {dagbag.py:538} INFO - Filling up the DagBag from /opt/airflow/dags/welcome_dag.py
[2025-09-20T14:39:10.555+0000] {processor.py:840} INFO - DAG(s) 'welcome_dag' retrieved from /opt/airflow/dags/welcome_dag.py
[2025-09-20T14:39:10.659+0000] {logging_mixin.py:188} INFO - [2025-09-20T14:39:10.658+0000] {dag.py:3036} INFO - Sync 1 DAGs
[2025-09-20T14:39:10.740+0000] {logging_mixin.py:188} INFO - [2025-09-20T14:39:10.738+0000] {dag.py:3823} INFO - Setting next_dagrun for welcome_dag to 2025-09-19 23:00:00+00:00, run_after=2025-09-20 23:00:00+00:00
[2025-09-20T14:39:10.829+0000] {processor.py:183} INFO - Processing /opt/airflow/dags/welcome_dag.py took 0.334 seconds
[2025-09-20T14:39:47.892+0000] {processor.py:161} INFO - Started process (PID=621) to work on /opt/airflow/dags/welcome_dag.py
[2025-09-20T14:39:47.897+0000] {processor.py:830} INFO - Processing file /opt/airflow/dags/welcome_dag.py for tasks to queue
[2025-09-20T14:39:47.905+0000] {logging_mixin.py:188} INFO - [2025-09-20T14:39:47.903+0000] {dagbag.py:538} INFO - Filling up the DagBag from /opt/airflow/dags/welcome_dag.py
[2025-09-20T14:39:47.970+0000] {processor.py:840} INFO - DAG(s) 'welcome_dag' retrieved from /opt/airflow/dags/welcome_dag.py
[2025-09-20T14:39:48.159+0000] {logging_mixin.py:188} INFO - [2025-09-20T14:39:48.159+0000] {dag.py:3036} INFO - Sync 1 DAGs
[2025-09-20T14:39:48.270+0000] {logging_mixin.py:188} INFO - [2025-09-20T14:39:48.269+0000] {dag.py:3823} INFO - Setting next_dagrun for welcome_dag to 2025-09-19 23:00:00+00:00, run_after=2025-09-20 23:00:00+00:00
[2025-09-20T14:39:48.461+0000] {processor.py:183} INFO - Processing /opt/airflow/dags/welcome_dag.py took 0.588 seconds
[2025-09-20T15:01:24.209+0000] {processor.py:161} INFO - Started process (PID=184) to work on /opt/airflow/dags/welcome_dag.py
[2025-09-20T15:01:24.222+0000] {processor.py:830} INFO - Processing file /opt/airflow/dags/welcome_dag.py for tasks to queue
[2025-09-20T15:01:24.234+0000] {logging_mixin.py:188} INFO - [2025-09-20T15:01:24.229+0000] {dagbag.py:538} INFO - Filling up the DagBag from /opt/airflow/dags/welcome_dag.py
[2025-09-20T15:01:24.454+0000] {processor.py:840} INFO - DAG(s) 'welcome_dag' retrieved from /opt/airflow/dags/welcome_dag.py
[2025-09-20T15:01:25.459+0000] {logging_mixin.py:188} INFO - [2025-09-20T15:01:25.457+0000] {dag.py:3036} INFO - Sync 1 DAGs
[2025-09-20T15:01:25.777+0000] {logging_mixin.py:188} INFO - [2025-09-20T15:01:25.765+0000] {dag.py:3823} INFO - Setting next_dagrun for welcome_dag to 2025-09-19 23:00:00+00:00, run_after=2025-09-20 23:00:00+00:00
[2025-09-20T15:01:26.256+0000] {processor.py:183} INFO - Processing /opt/airflow/dags/welcome_dag.py took 2.080 seconds
[2025-09-20T15:02:05.198+0000] {processor.py:161} INFO - Started process (PID=207) to work on /opt/airflow/dags/welcome_dag.py
[2025-09-20T15:02:05.249+0000] {processor.py:830} INFO - Processing file /opt/airflow/dags/welcome_dag.py for tasks to queue
[2025-09-20T15:02:05.258+0000] {logging_mixin.py:188} INFO - [2025-09-20T15:02:05.256+0000] {dagbag.py:538} INFO - Filling up the DagBag from /opt/airflow/dags/welcome_dag.py
[2025-09-20T15:02:05.371+0000] {processor.py:840} INFO - DAG(s) 'welcome_dag' retrieved from /opt/airflow/dags/welcome_dag.py
[2025-09-20T15:02:05.899+0000] {logging_mixin.py:188} INFO - [2025-09-20T15:02:05.898+0000] {dag.py:3036} INFO - Sync 1 DAGs
[2025-09-20T15:02:05.983+0000] {logging_mixin.py:188} INFO - [2025-09-20T15:02:05.982+0000] {dag.py:3823} INFO - Setting next_dagrun for welcome_dag to 2025-09-19 23:00:00+00:00, run_after=2025-09-20 23:00:00+00:00
[2025-09-20T15:02:06.062+0000] {processor.py:183} INFO - Processing /opt/airflow/dags/welcome_dag.py took 0.900 seconds
[2025-09-20T15:02:44.615+0000] {processor.py:161} INFO - Started process (PID=232) to work on /opt/airflow/dags/welcome_dag.py
[2025-09-20T15:02:44.618+0000] {processor.py:830} INFO - Processing file /opt/airflow/dags/welcome_dag.py for tasks to queue
[2025-09-20T15:02:44.633+0000] {logging_mixin.py:188} INFO - [2025-09-20T15:02:44.632+0000] {dagbag.py:538} INFO - Filling up the DagBag from /opt/airflow/dags/welcome_dag.py
[2025-09-20T15:02:44.693+0000] {processor.py:840} INFO - DAG(s) 'welcome_dag' retrieved from /opt/airflow/dags/welcome_dag.py
[2025-09-20T15:02:44.842+0000] {logging_mixin.py:188} INFO - [2025-09-20T15:02:44.842+0000] {dag.py:3036} INFO - Sync 1 DAGs
[2025-09-20T15:02:44.940+0000] {logging_mixin.py:188} INFO - [2025-09-20T15:02:44.940+0000] {dag.py:3823} INFO - Setting next_dagrun for welcome_dag to 2025-09-19 23:00:00+00:00, run_after=2025-09-20 23:00:00+00:00
[2025-09-20T15:02:45.028+0000] {processor.py:183} INFO - Processing /opt/airflow/dags/welcome_dag.py took 0.425 seconds
