[2025-09-10T09:50:54.924+0000] {processor.py:161} INFO - Started process (PID=164) to work on /opt/airflow/dags/orchestration.py
[2025-09-10T09:50:54.930+0000] {processor.py:830} INFO - Processing file /opt/airflow/dags/orchestration.py for tasks to queue
[2025-09-10T09:50:54.951+0000] {logging_mixin.py:188} INFO - [2025-09-10T09:50:54.950+0000] {dagbag.py:538} INFO - Filling up the DagBag from /opt/airflow/dags/orchestration.py
[2025-09-10T09:50:55.123+0000] {processor.py:840} INFO - DAG(s) 'ml_pipeline_orchestration' retrieved from /opt/airflow/dags/orchestration.py
[2025-09-10T09:50:55.168+0000] {logging_mixin.py:188} INFO - [2025-09-10T09:50:55.167+0000] {dag.py:3036} INFO - Sync 1 DAGs
[2025-09-10T09:50:55.260+0000] {logging_mixin.py:188} INFO - [2025-09-10T09:50:55.259+0000] {dag.py:3823} INFO - Setting next_dagrun for ml_pipeline_orchestration to 2025-09-10 00:00:00+00:00, run_after=2025-09-11 00:00:00+00:00
[2025-09-10T09:50:55.344+0000] {processor.py:183} INFO - Processing /opt/airflow/dags/orchestration.py took 0.432 seconds
[2025-09-10T09:51:25.885+0000] {processor.py:161} INFO - Started process (PID=187) to work on /opt/airflow/dags/orchestration.py
[2025-09-10T09:51:25.890+0000] {processor.py:830} INFO - Processing file /opt/airflow/dags/orchestration.py for tasks to queue
[2025-09-10T09:51:25.893+0000] {logging_mixin.py:188} INFO - [2025-09-10T09:51:25.891+0000] {dagbag.py:538} INFO - Filling up the DagBag from /opt/airflow/dags/orchestration.py
[2025-09-10T09:51:26.067+0000] {processor.py:840} INFO - DAG(s) 'ml_pipeline_orchestration' retrieved from /opt/airflow/dags/orchestration.py
[2025-09-10T09:51:35.187+0000] {logging_mixin.py:188} INFO - [2025-09-10T09:51:35.186+0000] {dag.py:3036} INFO - Sync 1 DAGs
[2025-09-10T09:51:35.394+0000] {logging_mixin.py:188} INFO - [2025-09-10T09:51:35.393+0000] {dag.py:3823} INFO - Setting next_dagrun for ml_pipeline_orchestration to 2025-09-10 00:00:00+00:00, run_after=2025-09-11 00:00:00+00:00
[2025-09-10T09:51:35.563+0000] {processor.py:183} INFO - Processing /opt/airflow/dags/orchestration.py took 9.695 seconds
[2025-09-10T09:52:06.112+0000] {processor.py:161} INFO - Started process (PID=202) to work on /opt/airflow/dags/orchestration.py
[2025-09-10T09:52:06.120+0000] {processor.py:830} INFO - Processing file /opt/airflow/dags/orchestration.py for tasks to queue
[2025-09-10T09:52:06.137+0000] {logging_mixin.py:188} INFO - [2025-09-10T09:52:06.133+0000] {dagbag.py:538} INFO - Filling up the DagBag from /opt/airflow/dags/orchestration.py
[2025-09-10T09:52:07.898+0000] {processor.py:840} INFO - DAG(s) 'ml_pipeline_orchestration' retrieved from /opt/airflow/dags/orchestration.py
[2025-09-10T09:52:08.073+0000] {logging_mixin.py:188} INFO - [2025-09-10T09:52:08.073+0000] {dag.py:3036} INFO - Sync 1 DAGs
[2025-09-10T09:52:08.526+0000] {logging_mixin.py:188} INFO - [2025-09-10T09:52:08.524+0000] {dag.py:3823} INFO - Setting next_dagrun for ml_pipeline_orchestration to 2025-09-10 00:00:00+00:00, run_after=2025-09-11 00:00:00+00:00
[2025-09-10T09:52:13.233+0000] {processor.py:183} INFO - Processing /opt/airflow/dags/orchestration.py took 7.389 seconds
[2025-09-10T18:28:19.982+0000] {processor.py:161} INFO - Started process (PID=164) to work on /opt/airflow/dags/orchestration.py
[2025-09-10T18:28:20.158+0000] {processor.py:830} INFO - Processing file /opt/airflow/dags/orchestration.py for tasks to queue
[2025-09-10T18:28:20.848+0000] {logging_mixin.py:188} INFO - [2025-09-10T18:28:20.812+0000] {dagbag.py:538} INFO - Filling up the DagBag from /opt/airflow/dags/orchestration.py
[2025-09-10T18:28:23.239+0000] {processor.py:840} INFO - DAG(s) 'ml_pipeline_orchestration' retrieved from /opt/airflow/dags/orchestration.py
[2025-09-10T18:28:23.657+0000] {logging_mixin.py:188} INFO - [2025-09-10T18:28:23.655+0000] {dag.py:3036} INFO - Sync 1 DAGs
[2025-09-10T18:28:23.945+0000] {logging_mixin.py:188} INFO - [2025-09-10T18:28:23.938+0000] {dag.py:3823} INFO - Setting next_dagrun for ml_pipeline_orchestration to 2025-09-10 00:00:00+00:00, run_after=2025-09-11 00:00:00+00:00
[2025-09-10T18:28:24.176+0000] {processor.py:183} INFO - Processing /opt/airflow/dags/orchestration.py took 4.365 seconds
[2025-09-10T18:28:54.681+0000] {processor.py:161} INFO - Started process (PID=180) to work on /opt/airflow/dags/orchestration.py
[2025-09-10T18:28:54.686+0000] {processor.py:830} INFO - Processing file /opt/airflow/dags/orchestration.py for tasks to queue
[2025-09-10T18:28:54.692+0000] {logging_mixin.py:188} INFO - [2025-09-10T18:28:54.691+0000] {dagbag.py:538} INFO - Filling up the DagBag from /opt/airflow/dags/orchestration.py
[2025-09-10T18:28:54.859+0000] {processor.py:840} INFO - DAG(s) 'ml_pipeline_orchestration' retrieved from /opt/airflow/dags/orchestration.py
[2025-09-10T18:29:04.101+0000] {logging_mixin.py:188} INFO - [2025-09-10T18:29:04.100+0000] {dag.py:3036} INFO - Sync 1 DAGs
[2025-09-10T18:29:04.159+0000] {logging_mixin.py:188} INFO - [2025-09-10T18:29:04.158+0000] {dag.py:3823} INFO - Setting next_dagrun for ml_pipeline_orchestration to 2025-09-10 00:00:00+00:00, run_after=2025-09-11 00:00:00+00:00
[2025-09-10T18:29:04.815+0000] {processor.py:183} INFO - Processing /opt/airflow/dags/orchestration.py took 10.155 seconds
[2025-09-10T18:29:35.289+0000] {processor.py:161} INFO - Started process (PID=195) to work on /opt/airflow/dags/orchestration.py
[2025-09-10T18:29:35.298+0000] {processor.py:830} INFO - Processing file /opt/airflow/dags/orchestration.py for tasks to queue
[2025-09-10T18:29:35.304+0000] {logging_mixin.py:188} INFO - [2025-09-10T18:29:35.303+0000] {dagbag.py:538} INFO - Filling up the DagBag from /opt/airflow/dags/orchestration.py
[2025-09-10T18:29:36.039+0000] {processor.py:840} INFO - DAG(s) 'ml_pipeline_orchestration' retrieved from /opt/airflow/dags/orchestration.py
[2025-09-10T18:29:36.221+0000] {logging_mixin.py:188} INFO - [2025-09-10T18:29:36.221+0000] {dag.py:3036} INFO - Sync 1 DAGs
[2025-09-10T18:29:36.296+0000] {logging_mixin.py:188} INFO - [2025-09-10T18:29:36.295+0000] {dag.py:3823} INFO - Setting next_dagrun for ml_pipeline_orchestration to 2025-09-10 00:00:00+00:00, run_after=2025-09-11 00:00:00+00:00
[2025-09-10T18:29:36.379+0000] {processor.py:183} INFO - Processing /opt/airflow/dags/orchestration.py took 1.109 seconds
[2025-09-10T18:30:07.299+0000] {processor.py:161} INFO - Started process (PID=210) to work on /opt/airflow/dags/orchestration.py
[2025-09-10T18:30:07.369+0000] {processor.py:830} INFO - Processing file /opt/airflow/dags/orchestration.py for tasks to queue
[2025-09-10T18:30:07.443+0000] {logging_mixin.py:188} INFO - [2025-09-10T18:30:07.440+0000] {dagbag.py:538} INFO - Filling up the DagBag from /opt/airflow/dags/orchestration.py
[2025-09-10T18:30:08.561+0000] {processor.py:840} INFO - DAG(s) 'ml_pipeline_orchestration' retrieved from /opt/airflow/dags/orchestration.py
[2025-09-10T18:30:09.093+0000] {logging_mixin.py:188} INFO - [2025-09-10T18:30:09.093+0000] {dag.py:3036} INFO - Sync 1 DAGs
[2025-09-10T18:30:09.263+0000] {logging_mixin.py:188} INFO - [2025-09-10T18:30:09.262+0000] {dag.py:3823} INFO - Setting next_dagrun for ml_pipeline_orchestration to 2025-09-10 00:00:00+00:00, run_after=2025-09-11 00:00:00+00:00
[2025-09-10T18:30:14.760+0000] {processor.py:183} INFO - Processing /opt/airflow/dags/orchestration.py took 7.712 seconds
[2025-09-10T18:30:46.007+0000] {processor.py:161} INFO - Started process (PID=225) to work on /opt/airflow/dags/orchestration.py
[2025-09-10T18:30:46.080+0000] {processor.py:830} INFO - Processing file /opt/airflow/dags/orchestration.py for tasks to queue
[2025-09-10T18:30:46.216+0000] {logging_mixin.py:188} INFO - [2025-09-10T18:30:46.145+0000] {dagbag.py:538} INFO - Filling up the DagBag from /opt/airflow/dags/orchestration.py
[2025-09-10T18:30:48.805+0000] {processor.py:840} INFO - DAG(s) 'ml_pipeline_orchestration' retrieved from /opt/airflow/dags/orchestration.py
[2025-09-10T18:30:49.171+0000] {logging_mixin.py:188} INFO - [2025-09-10T18:30:49.168+0000] {dag.py:3036} INFO - Sync 1 DAGs
[2025-09-10T18:30:49.690+0000] {logging_mixin.py:188} INFO - [2025-09-10T18:30:49.688+0000] {dag.py:3823} INFO - Setting next_dagrun for ml_pipeline_orchestration to 2025-09-10 00:00:00+00:00, run_after=2025-09-11 00:00:00+00:00
[2025-09-10T18:30:50.390+0000] {processor.py:183} INFO - Processing /opt/airflow/dags/orchestration.py took 4.679 seconds
[2025-09-10T18:31:21.625+0000] {processor.py:161} INFO - Started process (PID=240) to work on /opt/airflow/dags/orchestration.py
[2025-09-10T18:31:21.648+0000] {processor.py:830} INFO - Processing file /opt/airflow/dags/orchestration.py for tasks to queue
[2025-09-10T18:31:21.768+0000] {logging_mixin.py:188} INFO - [2025-09-10T18:31:21.726+0000] {dagbag.py:538} INFO - Filling up the DagBag from /opt/airflow/dags/orchestration.py
[2025-09-10T18:31:23.487+0000] {processor.py:840} INFO - DAG(s) 'ml_pipeline_orchestration' retrieved from /opt/airflow/dags/orchestration.py
[2025-09-10T18:31:23.948+0000] {logging_mixin.py:188} INFO - [2025-09-10T18:31:23.946+0000] {dag.py:3036} INFO - Sync 1 DAGs
[2025-09-10T18:31:24.708+0000] {logging_mixin.py:188} INFO - [2025-09-10T18:31:24.706+0000] {dag.py:3823} INFO - Setting next_dagrun for ml_pipeline_orchestration to 2025-09-10 00:00:00+00:00, run_after=2025-09-11 00:00:00+00:00
[2025-09-10T18:31:25.766+0000] {processor.py:183} INFO - Processing /opt/airflow/dags/orchestration.py took 4.348 seconds
[2025-09-10T18:31:57.081+0000] {processor.py:161} INFO - Started process (PID=260) to work on /opt/airflow/dags/orchestration.py
[2025-09-10T18:31:57.088+0000] {processor.py:830} INFO - Processing file /opt/airflow/dags/orchestration.py for tasks to queue
[2025-09-10T18:31:57.098+0000] {logging_mixin.py:188} INFO - [2025-09-10T18:31:57.094+0000] {dagbag.py:538} INFO - Filling up the DagBag from /opt/airflow/dags/orchestration.py
[2025-09-10T18:31:57.306+0000] {processor.py:840} INFO - DAG(s) 'ml_pipeline_orchestration' retrieved from /opt/airflow/dags/orchestration.py
[2025-09-10T18:31:57.430+0000] {logging_mixin.py:188} INFO - [2025-09-10T18:31:57.429+0000] {dag.py:3036} INFO - Sync 1 DAGs
[2025-09-10T18:31:57.652+0000] {logging_mixin.py:188} INFO - [2025-09-10T18:31:57.639+0000] {dag.py:3823} INFO - Setting next_dagrun for ml_pipeline_orchestration to 2025-09-10 00:00:00+00:00, run_after=2025-09-11 00:00:00+00:00
[2025-09-10T18:31:57.808+0000] {processor.py:183} INFO - Processing /opt/airflow/dags/orchestration.py took 0.990 seconds
[2025-09-10T18:32:28.443+0000] {processor.py:161} INFO - Started process (PID=273) to work on /opt/airflow/dags/orchestration.py
[2025-09-10T18:32:28.465+0000] {processor.py:830} INFO - Processing file /opt/airflow/dags/orchestration.py for tasks to queue
[2025-09-10T18:32:28.515+0000] {logging_mixin.py:188} INFO - [2025-09-10T18:32:28.507+0000] {dagbag.py:538} INFO - Filling up the DagBag from /opt/airflow/dags/orchestration.py
[2025-09-10T18:32:29.927+0000] {processor.py:840} INFO - DAG(s) 'ml_pipeline_orchestration' retrieved from /opt/airflow/dags/orchestration.py
[2025-09-10T18:32:30.632+0000] {logging_mixin.py:188} INFO - [2025-09-10T18:32:30.630+0000] {dag.py:3036} INFO - Sync 1 DAGs
[2025-09-10T18:32:32.591+0000] {logging_mixin.py:188} INFO - [2025-09-10T18:32:32.585+0000] {dag.py:3823} INFO - Setting next_dagrun for ml_pipeline_orchestration to 2025-09-10 00:00:00+00:00, run_after=2025-09-11 00:00:00+00:00
[2025-09-10T18:32:33.445+0000] {processor.py:183} INFO - Processing /opt/airflow/dags/orchestration.py took 5.063 seconds
[2025-09-10T18:33:04.666+0000] {processor.py:161} INFO - Started process (PID=290) to work on /opt/airflow/dags/orchestration.py
[2025-09-10T18:33:04.676+0000] {processor.py:830} INFO - Processing file /opt/airflow/dags/orchestration.py for tasks to queue
[2025-09-10T18:33:04.690+0000] {logging_mixin.py:188} INFO - [2025-09-10T18:33:04.686+0000] {dagbag.py:538} INFO - Filling up the DagBag from /opt/airflow/dags/orchestration.py
[2025-09-10T18:33:05.464+0000] {processor.py:840} INFO - DAG(s) 'ml_pipeline_orchestration' retrieved from /opt/airflow/dags/orchestration.py
[2025-09-10T18:33:06.758+0000] {logging_mixin.py:188} INFO - [2025-09-10T18:33:06.756+0000] {dag.py:3036} INFO - Sync 1 DAGs
[2025-09-10T18:33:07.006+0000] {logging_mixin.py:188} INFO - [2025-09-10T18:33:07.004+0000] {dag.py:3823} INFO - Setting next_dagrun for ml_pipeline_orchestration to 2025-09-10 00:00:00+00:00, run_after=2025-09-11 00:00:00+00:00
[2025-09-10T18:33:07.333+0000] {processor.py:183} INFO - Processing /opt/airflow/dags/orchestration.py took 2.707 seconds
[2025-09-10T18:33:37.923+0000] {processor.py:161} INFO - Started process (PID=305) to work on /opt/airflow/dags/orchestration.py
[2025-09-10T18:33:37.949+0000] {processor.py:830} INFO - Processing file /opt/airflow/dags/orchestration.py for tasks to queue
[2025-09-10T18:33:37.965+0000] {logging_mixin.py:188} INFO - [2025-09-10T18:33:37.960+0000] {dagbag.py:538} INFO - Filling up the DagBag from /opt/airflow/dags/orchestration.py
[2025-09-10T18:33:38.404+0000] {processor.py:840} INFO - DAG(s) 'ml_pipeline_orchestration' retrieved from /opt/airflow/dags/orchestration.py
[2025-09-10T18:33:38.669+0000] {logging_mixin.py:188} INFO - [2025-09-10T18:33:38.654+0000] {dag.py:3036} INFO - Sync 1 DAGs
[2025-09-10T18:33:39.281+0000] {logging_mixin.py:188} INFO - [2025-09-10T18:33:39.279+0000] {dag.py:3823} INFO - Setting next_dagrun for ml_pipeline_orchestration to 2025-09-10 00:00:00+00:00, run_after=2025-09-11 00:00:00+00:00
[2025-09-10T18:33:39.562+0000] {processor.py:183} INFO - Processing /opt/airflow/dags/orchestration.py took 1.711 seconds
[2025-09-10T18:34:10.049+0000] {processor.py:161} INFO - Started process (PID=318) to work on /opt/airflow/dags/orchestration.py
[2025-09-10T18:34:10.074+0000] {processor.py:830} INFO - Processing file /opt/airflow/dags/orchestration.py for tasks to queue
[2025-09-10T18:34:10.132+0000] {logging_mixin.py:188} INFO - [2025-09-10T18:34:10.123+0000] {dagbag.py:538} INFO - Filling up the DagBag from /opt/airflow/dags/orchestration.py
[2025-09-10T18:34:16.639+0000] {processor.py:840} INFO - DAG(s) 'ml_pipeline_orchestration' retrieved from /opt/airflow/dags/orchestration.py
[2025-09-10T18:34:19.308+0000] {logging_mixin.py:188} INFO - [2025-09-10T18:34:19.298+0000] {dag.py:3036} INFO - Sync 1 DAGs
[2025-09-10T18:34:22.430+0000] {logging_mixin.py:188} INFO - [2025-09-10T18:34:22.405+0000] {dag.py:3823} INFO - Setting next_dagrun for ml_pipeline_orchestration to 2025-09-10 00:00:00+00:00, run_after=2025-09-11 00:00:00+00:00
[2025-09-10T18:34:23.707+0000] {processor.py:183} INFO - Processing /opt/airflow/dags/orchestration.py took 13.686 seconds
[2025-09-10T18:34:54.288+0000] {processor.py:161} INFO - Started process (PID=330) to work on /opt/airflow/dags/orchestration.py
[2025-09-10T18:34:54.301+0000] {processor.py:830} INFO - Processing file /opt/airflow/dags/orchestration.py for tasks to queue
[2025-09-10T18:34:54.320+0000] {logging_mixin.py:188} INFO - [2025-09-10T18:34:54.304+0000] {dagbag.py:538} INFO - Filling up the DagBag from /opt/airflow/dags/orchestration.py
[2025-09-10T18:34:54.564+0000] {processor.py:840} INFO - DAG(s) 'ml_pipeline_orchestration' retrieved from /opt/airflow/dags/orchestration.py
[2025-09-10T18:34:54.687+0000] {logging_mixin.py:188} INFO - [2025-09-10T18:34:54.687+0000] {dag.py:3036} INFO - Sync 1 DAGs
[2025-09-10T18:34:54.790+0000] {logging_mixin.py:188} INFO - [2025-09-10T18:34:54.789+0000] {dag.py:3823} INFO - Setting next_dagrun for ml_pipeline_orchestration to 2025-09-10 00:00:00+00:00, run_after=2025-09-11 00:00:00+00:00
[2025-09-10T18:34:55.120+0000] {processor.py:183} INFO - Processing /opt/airflow/dags/orchestration.py took 0.849 seconds
[2025-09-10T18:35:26.109+0000] {processor.py:161} INFO - Started process (PID=345) to work on /opt/airflow/dags/orchestration.py
[2025-09-10T18:35:26.192+0000] {processor.py:830} INFO - Processing file /opt/airflow/dags/orchestration.py for tasks to queue
[2025-09-10T18:35:26.404+0000] {logging_mixin.py:188} INFO - [2025-09-10T18:35:26.369+0000] {dagbag.py:538} INFO - Filling up the DagBag from /opt/airflow/dags/orchestration.py
[2025-09-10T18:35:30.751+0000] {processor.py:840} INFO - DAG(s) 'ml_pipeline_orchestration' retrieved from /opt/airflow/dags/orchestration.py
[2025-09-10T18:35:33.424+0000] {logging_mixin.py:188} INFO - [2025-09-10T18:35:33.422+0000] {dag.py:3036} INFO - Sync 1 DAGs
[2025-09-10T18:35:38.638+0000] {logging_mixin.py:188} INFO - [2025-09-10T18:35:38.636+0000] {dag.py:3823} INFO - Setting next_dagrun for ml_pipeline_orchestration to 2025-09-10 00:00:00+00:00, run_after=2025-09-11 00:00:00+00:00
[2025-09-10T18:35:39.057+0000] {processor.py:183} INFO - Processing /opt/airflow/dags/orchestration.py took 13.152 seconds
[2025-09-10T18:36:09.941+0000] {processor.py:161} INFO - Started process (PID=360) to work on /opt/airflow/dags/orchestration.py
[2025-09-10T18:36:09.966+0000] {processor.py:830} INFO - Processing file /opt/airflow/dags/orchestration.py for tasks to queue
[2025-09-10T18:36:09.986+0000] {logging_mixin.py:188} INFO - [2025-09-10T18:36:09.975+0000] {dagbag.py:538} INFO - Filling up the DagBag from /opt/airflow/dags/orchestration.py
[2025-09-10T18:36:10.978+0000] {processor.py:840} INFO - DAG(s) 'ml_pipeline_orchestration' retrieved from /opt/airflow/dags/orchestration.py
[2025-09-10T18:36:11.051+0000] {logging_mixin.py:188} INFO - [2025-09-10T18:36:11.046+0000] {dag.py:3036} INFO - Sync 1 DAGs
[2025-09-10T18:36:11.458+0000] {logging_mixin.py:188} INFO - [2025-09-10T18:36:11.450+0000] {dag.py:3823} INFO - Setting next_dagrun for ml_pipeline_orchestration to 2025-09-10 00:00:00+00:00, run_after=2025-09-11 00:00:00+00:00
[2025-09-10T18:36:11.786+0000] {processor.py:183} INFO - Processing /opt/airflow/dags/orchestration.py took 1.940 seconds
[2025-09-10T18:36:43.105+0000] {processor.py:161} INFO - Started process (PID=375) to work on /opt/airflow/dags/orchestration.py
[2025-09-10T18:36:43.148+0000] {processor.py:830} INFO - Processing file /opt/airflow/dags/orchestration.py for tasks to queue
[2025-09-10T18:36:43.188+0000] {logging_mixin.py:188} INFO - [2025-09-10T18:36:43.182+0000] {dagbag.py:538} INFO - Filling up the DagBag from /opt/airflow/dags/orchestration.py
[2025-09-10T18:36:44.171+0000] {processor.py:840} INFO - DAG(s) 'ml_pipeline_orchestration' retrieved from /opt/airflow/dags/orchestration.py
[2025-09-10T18:36:47.434+0000] {logging_mixin.py:188} INFO - [2025-09-10T18:36:47.430+0000] {dag.py:3036} INFO - Sync 1 DAGs
[2025-09-10T18:36:48.093+0000] {logging_mixin.py:188} INFO - [2025-09-10T18:36:48.091+0000] {dag.py:3823} INFO - Setting next_dagrun for ml_pipeline_orchestration to 2025-09-10 00:00:00+00:00, run_after=2025-09-11 00:00:00+00:00
[2025-09-10T18:36:48.758+0000] {processor.py:183} INFO - Processing /opt/airflow/dags/orchestration.py took 5.808 seconds
[2025-09-10T18:37:19.078+0000] {processor.py:161} INFO - Started process (PID=393) to work on /opt/airflow/dags/orchestration.py
[2025-09-10T18:37:19.093+0000] {processor.py:830} INFO - Processing file /opt/airflow/dags/orchestration.py for tasks to queue
[2025-09-10T18:37:19.108+0000] {logging_mixin.py:188} INFO - [2025-09-10T18:37:19.099+0000] {dagbag.py:538} INFO - Filling up the DagBag from /opt/airflow/dags/orchestration.py
[2025-09-10T18:37:20.316+0000] {processor.py:840} INFO - DAG(s) 'ml_pipeline_orchestration' retrieved from /opt/airflow/dags/orchestration.py
[2025-09-10T18:37:20.782+0000] {logging_mixin.py:188} INFO - [2025-09-10T18:37:20.774+0000] {dag.py:3036} INFO - Sync 1 DAGs
[2025-09-10T18:37:21.163+0000] {logging_mixin.py:188} INFO - [2025-09-10T18:37:21.161+0000] {dag.py:3823} INFO - Setting next_dagrun for ml_pipeline_orchestration to 2025-09-10 00:00:00+00:00, run_after=2025-09-11 00:00:00+00:00
[2025-09-10T18:37:21.379+0000] {processor.py:183} INFO - Processing /opt/airflow/dags/orchestration.py took 2.329 seconds
[2025-09-10T18:37:51.758+0000] {processor.py:161} INFO - Started process (PID=408) to work on /opt/airflow/dags/orchestration.py
[2025-09-10T18:37:51.795+0000] {processor.py:830} INFO - Processing file /opt/airflow/dags/orchestration.py for tasks to queue
[2025-09-10T18:37:52.271+0000] {logging_mixin.py:188} INFO - [2025-09-10T18:37:51.936+0000] {dagbag.py:538} INFO - Filling up the DagBag from /opt/airflow/dags/orchestration.py
[2025-09-10T18:38:03.381+0000] {processor.py:840} INFO - DAG(s) 'ml_pipeline_orchestration' retrieved from /opt/airflow/dags/orchestration.py
[2025-09-10T18:38:07.883+0000] {logging_mixin.py:188} INFO - [2025-09-10T18:38:07.872+0000] {dag.py:3036} INFO - Sync 1 DAGs
[2025-09-10T18:39:11.925+0000] {processor.py:161} INFO - Started process (PID=428) to work on /opt/airflow/dags/orchestration.py
[2025-09-10T18:39:11.929+0000] {processor.py:830} INFO - Processing file /opt/airflow/dags/orchestration.py for tasks to queue
[2025-09-10T18:39:11.934+0000] {logging_mixin.py:188} INFO - [2025-09-10T18:39:11.933+0000] {dagbag.py:538} INFO - Filling up the DagBag from /opt/airflow/dags/orchestration.py
[2025-09-10T18:39:12.161+0000] {processor.py:840} INFO - DAG(s) 'ml_pipeline_orchestration' retrieved from /opt/airflow/dags/orchestration.py
[2025-09-10T18:39:12.309+0000] {logging_mixin.py:188} INFO - [2025-09-10T18:39:12.308+0000] {dag.py:3036} INFO - Sync 1 DAGs
[2025-09-10T18:39:12.392+0000] {logging_mixin.py:188} INFO - [2025-09-10T18:39:12.391+0000] {dag.py:3823} INFO - Setting next_dagrun for ml_pipeline_orchestration to 2025-09-10 00:00:00+00:00, run_after=2025-09-11 00:00:00+00:00
[2025-09-10T18:39:12.478+0000] {processor.py:183} INFO - Processing /opt/airflow/dags/orchestration.py took 0.564 seconds
[2025-09-10T18:39:43.125+0000] {processor.py:161} INFO - Started process (PID=443) to work on /opt/airflow/dags/orchestration.py
[2025-09-10T18:39:43.131+0000] {processor.py:830} INFO - Processing file /opt/airflow/dags/orchestration.py for tasks to queue
[2025-09-10T18:39:43.138+0000] {logging_mixin.py:188} INFO - [2025-09-10T18:39:43.136+0000] {dagbag.py:538} INFO - Filling up the DagBag from /opt/airflow/dags/orchestration.py
[2025-09-10T18:39:43.309+0000] {processor.py:840} INFO - DAG(s) 'ml_pipeline_orchestration' retrieved from /opt/airflow/dags/orchestration.py
[2025-09-10T18:39:43.368+0000] {logging_mixin.py:188} INFO - [2025-09-10T18:39:43.367+0000] {dag.py:3036} INFO - Sync 1 DAGs
[2025-09-10T18:39:43.430+0000] {logging_mixin.py:188} INFO - [2025-09-10T18:39:43.429+0000] {dag.py:3823} INFO - Setting next_dagrun for ml_pipeline_orchestration to 2025-09-10 00:00:00+00:00, run_after=2025-09-11 00:00:00+00:00
[2025-09-10T18:39:43.560+0000] {processor.py:183} INFO - Processing /opt/airflow/dags/orchestration.py took 0.455 seconds
[2025-09-10T18:40:13.636+0000] {processor.py:161} INFO - Started process (PID=460) to work on /opt/airflow/dags/orchestration.py
[2025-09-10T18:40:13.638+0000] {processor.py:830} INFO - Processing file /opt/airflow/dags/orchestration.py for tasks to queue
[2025-09-10T18:40:13.642+0000] {logging_mixin.py:188} INFO - [2025-09-10T18:40:13.641+0000] {dagbag.py:538} INFO - Filling up the DagBag from /opt/airflow/dags/orchestration.py
[2025-09-10T18:40:13.936+0000] {processor.py:840} INFO - DAG(s) 'ml_pipeline_orchestration' retrieved from /opt/airflow/dags/orchestration.py
[2025-09-10T18:40:14.023+0000] {logging_mixin.py:188} INFO - [2025-09-10T18:40:14.022+0000] {dag.py:3036} INFO - Sync 1 DAGs
[2025-09-10T18:40:14.103+0000] {logging_mixin.py:188} INFO - [2025-09-10T18:40:14.103+0000] {dag.py:3823} INFO - Setting next_dagrun for ml_pipeline_orchestration to 2025-09-10 00:00:00+00:00, run_after=2025-09-11 00:00:00+00:00
[2025-09-10T18:40:14.384+0000] {processor.py:183} INFO - Processing /opt/airflow/dags/orchestration.py took 0.755 seconds
[2025-09-10T18:40:44.933+0000] {processor.py:161} INFO - Started process (PID=475) to work on /opt/airflow/dags/orchestration.py
[2025-09-10T18:40:44.936+0000] {processor.py:830} INFO - Processing file /opt/airflow/dags/orchestration.py for tasks to queue
[2025-09-10T18:40:44.941+0000] {logging_mixin.py:188} INFO - [2025-09-10T18:40:44.940+0000] {dagbag.py:538} INFO - Filling up the DagBag from /opt/airflow/dags/orchestration.py
[2025-09-10T18:40:45.233+0000] {processor.py:840} INFO - DAG(s) 'ml_pipeline_orchestration' retrieved from /opt/airflow/dags/orchestration.py
[2025-09-10T18:40:45.432+0000] {logging_mixin.py:188} INFO - [2025-09-10T18:40:45.431+0000] {dag.py:3036} INFO - Sync 1 DAGs
[2025-09-10T18:40:45.578+0000] {logging_mixin.py:188} INFO - [2025-09-10T18:40:45.577+0000] {dag.py:3823} INFO - Setting next_dagrun for ml_pipeline_orchestration to 2025-09-10 00:00:00+00:00, run_after=2025-09-11 00:00:00+00:00
[2025-09-10T18:40:47.829+0000] {processor.py:183} INFO - Processing /opt/airflow/dags/orchestration.py took 2.911 seconds
[2025-09-10T18:41:17.997+0000] {processor.py:161} INFO - Started process (PID=490) to work on /opt/airflow/dags/orchestration.py
[2025-09-10T18:41:18.004+0000] {processor.py:830} INFO - Processing file /opt/airflow/dags/orchestration.py for tasks to queue
[2025-09-10T18:41:18.011+0000] {logging_mixin.py:188} INFO - [2025-09-10T18:41:18.009+0000] {dagbag.py:538} INFO - Filling up the DagBag from /opt/airflow/dags/orchestration.py
[2025-09-10T18:41:18.139+0000] {processor.py:840} INFO - DAG(s) 'ml_pipeline_orchestration' retrieved from /opt/airflow/dags/orchestration.py
[2025-09-10T18:41:18.191+0000] {logging_mixin.py:188} INFO - [2025-09-10T18:41:18.190+0000] {dag.py:3036} INFO - Sync 1 DAGs
[2025-09-10T18:41:18.295+0000] {logging_mixin.py:188} INFO - [2025-09-10T18:41:18.295+0000] {dag.py:3823} INFO - Setting next_dagrun for ml_pipeline_orchestration to 2025-09-10 00:00:00+00:00, run_after=2025-09-11 00:00:00+00:00
[2025-09-10T18:41:18.465+0000] {processor.py:183} INFO - Processing /opt/airflow/dags/orchestration.py took 0.488 seconds
[2025-09-10T18:41:49.040+0000] {processor.py:161} INFO - Started process (PID=505) to work on /opt/airflow/dags/orchestration.py
[2025-09-10T18:41:49.044+0000] {processor.py:830} INFO - Processing file /opt/airflow/dags/orchestration.py for tasks to queue
[2025-09-10T18:41:49.050+0000] {logging_mixin.py:188} INFO - [2025-09-10T18:41:49.048+0000] {dagbag.py:538} INFO - Filling up the DagBag from /opt/airflow/dags/orchestration.py
[2025-09-10T18:41:49.193+0000] {processor.py:840} INFO - DAG(s) 'ml_pipeline_orchestration' retrieved from /opt/airflow/dags/orchestration.py
[2025-09-10T18:41:49.273+0000] {logging_mixin.py:188} INFO - [2025-09-10T18:41:49.272+0000] {dag.py:3036} INFO - Sync 1 DAGs
[2025-09-10T18:41:49.327+0000] {logging_mixin.py:188} INFO - [2025-09-10T18:41:49.326+0000] {dag.py:3823} INFO - Setting next_dagrun for ml_pipeline_orchestration to 2025-09-10 00:00:00+00:00, run_after=2025-09-11 00:00:00+00:00
[2025-09-10T18:41:49.389+0000] {processor.py:183} INFO - Processing /opt/airflow/dags/orchestration.py took 0.368 seconds
[2025-09-10T18:42:20.267+0000] {processor.py:161} INFO - Started process (PID=520) to work on /opt/airflow/dags/orchestration.py
[2025-09-10T18:42:20.271+0000] {processor.py:830} INFO - Processing file /opt/airflow/dags/orchestration.py for tasks to queue
[2025-09-10T18:42:20.276+0000] {logging_mixin.py:188} INFO - [2025-09-10T18:42:20.275+0000] {dagbag.py:538} INFO - Filling up the DagBag from /opt/airflow/dags/orchestration.py
[2025-09-10T18:42:20.367+0000] {processor.py:840} INFO - DAG(s) 'ml_pipeline_orchestration' retrieved from /opt/airflow/dags/orchestration.py
[2025-09-10T18:42:20.422+0000] {logging_mixin.py:188} INFO - [2025-09-10T18:42:20.422+0000] {dag.py:3036} INFO - Sync 1 DAGs
[2025-09-10T18:42:20.474+0000] {logging_mixin.py:188} INFO - [2025-09-10T18:42:20.473+0000] {dag.py:3823} INFO - Setting next_dagrun for ml_pipeline_orchestration to 2025-09-10 00:00:00+00:00, run_after=2025-09-11 00:00:00+00:00
[2025-09-10T18:42:20.545+0000] {processor.py:183} INFO - Processing /opt/airflow/dags/orchestration.py took 0.290 seconds
[2025-09-10T18:42:51.171+0000] {processor.py:161} INFO - Started process (PID=535) to work on /opt/airflow/dags/orchestration.py
[2025-09-10T18:42:51.174+0000] {processor.py:830} INFO - Processing file /opt/airflow/dags/orchestration.py for tasks to queue
[2025-09-10T18:42:51.178+0000] {logging_mixin.py:188} INFO - [2025-09-10T18:42:51.177+0000] {dagbag.py:538} INFO - Filling up the DagBag from /opt/airflow/dags/orchestration.py
[2025-09-10T18:42:51.264+0000] {processor.py:840} INFO - DAG(s) 'ml_pipeline_orchestration' retrieved from /opt/airflow/dags/orchestration.py
[2025-09-10T18:42:51.310+0000] {logging_mixin.py:188} INFO - [2025-09-10T18:42:51.309+0000] {dag.py:3036} INFO - Sync 1 DAGs
[2025-09-10T18:42:51.367+0000] {logging_mixin.py:188} INFO - [2025-09-10T18:42:51.366+0000] {dag.py:3823} INFO - Setting next_dagrun for ml_pipeline_orchestration to 2025-09-10 00:00:00+00:00, run_after=2025-09-11 00:00:00+00:00
[2025-09-10T18:42:51.468+0000] {processor.py:183} INFO - Processing /opt/airflow/dags/orchestration.py took 0.306 seconds
[2025-09-10T18:43:22.357+0000] {processor.py:161} INFO - Started process (PID=550) to work on /opt/airflow/dags/orchestration.py
[2025-09-10T18:43:22.362+0000] {processor.py:830} INFO - Processing file /opt/airflow/dags/orchestration.py for tasks to queue
[2025-09-10T18:43:22.370+0000] {logging_mixin.py:188} INFO - [2025-09-10T18:43:22.368+0000] {dagbag.py:538} INFO - Filling up the DagBag from /opt/airflow/dags/orchestration.py
[2025-09-10T18:43:22.525+0000] {processor.py:840} INFO - DAG(s) 'ml_pipeline_orchestration' retrieved from /opt/airflow/dags/orchestration.py
[2025-09-10T18:43:22.579+0000] {logging_mixin.py:188} INFO - [2025-09-10T18:43:22.579+0000] {dag.py:3036} INFO - Sync 1 DAGs
[2025-09-10T18:43:22.644+0000] {logging_mixin.py:188} INFO - [2025-09-10T18:43:22.644+0000] {dag.py:3823} INFO - Setting next_dagrun for ml_pipeline_orchestration to 2025-09-10 00:00:00+00:00, run_after=2025-09-11 00:00:00+00:00
[2025-09-10T18:43:22.726+0000] {processor.py:183} INFO - Processing /opt/airflow/dags/orchestration.py took 0.397 seconds
[2025-09-10T18:43:53.261+0000] {processor.py:161} INFO - Started process (PID=565) to work on /opt/airflow/dags/orchestration.py
[2025-09-10T18:43:53.266+0000] {processor.py:830} INFO - Processing file /opt/airflow/dags/orchestration.py for tasks to queue
[2025-09-10T18:43:53.274+0000] {logging_mixin.py:188} INFO - [2025-09-10T18:43:53.272+0000] {dagbag.py:538} INFO - Filling up the DagBag from /opt/airflow/dags/orchestration.py
[2025-09-10T18:43:53.417+0000] {processor.py:840} INFO - DAG(s) 'ml_pipeline_orchestration' retrieved from /opt/airflow/dags/orchestration.py
[2025-09-10T18:43:53.464+0000] {logging_mixin.py:188} INFO - [2025-09-10T18:43:53.464+0000] {dag.py:3036} INFO - Sync 1 DAGs
[2025-09-10T18:43:53.534+0000] {logging_mixin.py:188} INFO - [2025-09-10T18:43:53.533+0000] {dag.py:3823} INFO - Setting next_dagrun for ml_pipeline_orchestration to 2025-09-10 00:00:00+00:00, run_after=2025-09-11 00:00:00+00:00
[2025-09-10T18:43:53.608+0000] {processor.py:183} INFO - Processing /opt/airflow/dags/orchestration.py took 0.369 seconds
[2025-09-10T18:44:24.182+0000] {processor.py:161} INFO - Started process (PID=580) to work on /opt/airflow/dags/orchestration.py
[2025-09-10T18:44:24.189+0000] {processor.py:830} INFO - Processing file /opt/airflow/dags/orchestration.py for tasks to queue
[2025-09-10T18:44:24.196+0000] {logging_mixin.py:188} INFO - [2025-09-10T18:44:24.194+0000] {dagbag.py:538} INFO - Filling up the DagBag from /opt/airflow/dags/orchestration.py
[2025-09-10T18:44:24.408+0000] {processor.py:840} INFO - DAG(s) 'ml_pipeline_orchestration' retrieved from /opt/airflow/dags/orchestration.py
[2025-09-10T18:44:24.483+0000] {logging_mixin.py:188} INFO - [2025-09-10T18:44:24.483+0000] {dag.py:3036} INFO - Sync 1 DAGs
[2025-09-10T18:44:24.551+0000] {logging_mixin.py:188} INFO - [2025-09-10T18:44:24.550+0000] {dag.py:3823} INFO - Setting next_dagrun for ml_pipeline_orchestration to 2025-09-10 00:00:00+00:00, run_after=2025-09-11 00:00:00+00:00
[2025-09-10T18:44:24.599+0000] {processor.py:183} INFO - Processing /opt/airflow/dags/orchestration.py took 0.444 seconds
[2025-09-10T18:44:55.346+0000] {processor.py:161} INFO - Started process (PID=595) to work on /opt/airflow/dags/orchestration.py
[2025-09-10T18:44:55.351+0000] {processor.py:830} INFO - Processing file /opt/airflow/dags/orchestration.py for tasks to queue
[2025-09-10T18:44:55.361+0000] {logging_mixin.py:188} INFO - [2025-09-10T18:44:55.359+0000] {dagbag.py:538} INFO - Filling up the DagBag from /opt/airflow/dags/orchestration.py
[2025-09-10T18:44:55.535+0000] {processor.py:840} INFO - DAG(s) 'ml_pipeline_orchestration' retrieved from /opt/airflow/dags/orchestration.py
[2025-09-10T18:44:55.581+0000] {logging_mixin.py:188} INFO - [2025-09-10T18:44:55.581+0000] {dag.py:3036} INFO - Sync 1 DAGs
[2025-09-10T18:44:55.646+0000] {logging_mixin.py:188} INFO - [2025-09-10T18:44:55.646+0000] {dag.py:3823} INFO - Setting next_dagrun for ml_pipeline_orchestration to 2025-09-10 00:00:00+00:00, run_after=2025-09-11 00:00:00+00:00
[2025-09-10T18:44:55.725+0000] {processor.py:183} INFO - Processing /opt/airflow/dags/orchestration.py took 0.395 seconds
[2025-09-10T18:45:25.946+0000] {processor.py:161} INFO - Started process (PID=610) to work on /opt/airflow/dags/orchestration.py
[2025-09-10T18:45:25.952+0000] {processor.py:830} INFO - Processing file /opt/airflow/dags/orchestration.py for tasks to queue
[2025-09-10T18:45:25.958+0000] {logging_mixin.py:188} INFO - [2025-09-10T18:45:25.956+0000] {dagbag.py:538} INFO - Filling up the DagBag from /opt/airflow/dags/orchestration.py
[2025-09-10T18:45:26.098+0000] {processor.py:840} INFO - DAG(s) 'ml_pipeline_orchestration' retrieved from /opt/airflow/dags/orchestration.py
[2025-09-10T18:45:26.150+0000] {logging_mixin.py:188} INFO - [2025-09-10T18:45:26.150+0000] {dag.py:3036} INFO - Sync 1 DAGs
[2025-09-10T18:45:26.205+0000] {logging_mixin.py:188} INFO - [2025-09-10T18:45:26.204+0000] {dag.py:3823} INFO - Setting next_dagrun for ml_pipeline_orchestration to 2025-09-10 00:00:00+00:00, run_after=2025-09-11 00:00:00+00:00
[2025-09-10T18:45:26.342+0000] {processor.py:183} INFO - Processing /opt/airflow/dags/orchestration.py took 0.421 seconds
[2025-09-10T18:45:56.517+0000] {processor.py:161} INFO - Started process (PID=625) to work on /opt/airflow/dags/orchestration.py
[2025-09-10T18:45:56.522+0000] {processor.py:830} INFO - Processing file /opt/airflow/dags/orchestration.py for tasks to queue
[2025-09-10T18:45:56.531+0000] {logging_mixin.py:188} INFO - [2025-09-10T18:45:56.528+0000] {dagbag.py:538} INFO - Filling up the DagBag from /opt/airflow/dags/orchestration.py
[2025-09-10T18:45:56.666+0000] {processor.py:840} INFO - DAG(s) 'ml_pipeline_orchestration' retrieved from /opt/airflow/dags/orchestration.py
[2025-09-10T18:45:56.721+0000] {logging_mixin.py:188} INFO - [2025-09-10T18:45:56.721+0000] {dag.py:3036} INFO - Sync 1 DAGs
[2025-09-10T18:45:56.777+0000] {logging_mixin.py:188} INFO - [2025-09-10T18:45:56.776+0000] {dag.py:3823} INFO - Setting next_dagrun for ml_pipeline_orchestration to 2025-09-10 00:00:00+00:00, run_after=2025-09-11 00:00:00+00:00
[2025-09-10T18:45:56.836+0000] {processor.py:183} INFO - Processing /opt/airflow/dags/orchestration.py took 0.342 seconds
[2025-09-10T18:46:27.141+0000] {processor.py:161} INFO - Started process (PID=642) to work on /opt/airflow/dags/orchestration.py
[2025-09-10T18:46:27.145+0000] {processor.py:830} INFO - Processing file /opt/airflow/dags/orchestration.py for tasks to queue
[2025-09-10T18:46:27.150+0000] {logging_mixin.py:188} INFO - [2025-09-10T18:46:27.148+0000] {dagbag.py:538} INFO - Filling up the DagBag from /opt/airflow/dags/orchestration.py
[2025-09-10T18:46:27.299+0000] {processor.py:840} INFO - DAG(s) 'ml_pipeline_orchestration' retrieved from /opt/airflow/dags/orchestration.py
[2025-09-10T18:46:27.387+0000] {logging_mixin.py:188} INFO - [2025-09-10T18:46:27.387+0000] {dag.py:3036} INFO - Sync 1 DAGs
[2025-09-10T18:46:27.488+0000] {logging_mixin.py:188} INFO - [2025-09-10T18:46:27.488+0000] {dag.py:3823} INFO - Setting next_dagrun for ml_pipeline_orchestration to 2025-09-10 00:00:00+00:00, run_after=2025-09-11 00:00:00+00:00
[2025-09-10T18:46:27.854+0000] {processor.py:183} INFO - Processing /opt/airflow/dags/orchestration.py took 0.724 seconds
[2025-09-10T18:46:58.229+0000] {processor.py:161} INFO - Started process (PID=657) to work on /opt/airflow/dags/orchestration.py
[2025-09-10T18:46:58.236+0000] {processor.py:830} INFO - Processing file /opt/airflow/dags/orchestration.py for tasks to queue
[2025-09-10T18:46:58.246+0000] {logging_mixin.py:188} INFO - [2025-09-10T18:46:58.243+0000] {dagbag.py:538} INFO - Filling up the DagBag from /opt/airflow/dags/orchestration.py
[2025-09-10T18:46:58.441+0000] {processor.py:840} INFO - DAG(s) 'ml_pipeline_orchestration' retrieved from /opt/airflow/dags/orchestration.py
[2025-09-10T18:46:58.488+0000] {logging_mixin.py:188} INFO - [2025-09-10T18:46:58.488+0000] {dag.py:3036} INFO - Sync 1 DAGs
[2025-09-10T18:46:58.546+0000] {logging_mixin.py:188} INFO - [2025-09-10T18:46:58.546+0000] {dag.py:3823} INFO - Setting next_dagrun for ml_pipeline_orchestration to 2025-09-10 00:00:00+00:00, run_after=2025-09-11 00:00:00+00:00
[2025-09-10T18:46:58.630+0000] {processor.py:183} INFO - Processing /opt/airflow/dags/orchestration.py took 0.427 seconds
[2025-09-10T18:47:29.301+0000] {processor.py:161} INFO - Started process (PID=672) to work on /opt/airflow/dags/orchestration.py
[2025-09-10T18:47:29.306+0000] {processor.py:830} INFO - Processing file /opt/airflow/dags/orchestration.py for tasks to queue
[2025-09-10T18:47:29.313+0000] {logging_mixin.py:188} INFO - [2025-09-10T18:47:29.311+0000] {dagbag.py:538} INFO - Filling up the DagBag from /opt/airflow/dags/orchestration.py
[2025-09-10T18:47:29.429+0000] {processor.py:840} INFO - DAG(s) 'ml_pipeline_orchestration' retrieved from /opt/airflow/dags/orchestration.py
[2025-09-10T18:47:29.477+0000] {logging_mixin.py:188} INFO - [2025-09-10T18:47:29.477+0000] {dag.py:3036} INFO - Sync 1 DAGs
[2025-09-10T18:47:29.533+0000] {logging_mixin.py:188} INFO - [2025-09-10T18:47:29.533+0000] {dag.py:3823} INFO - Setting next_dagrun for ml_pipeline_orchestration to 2025-09-10 00:00:00+00:00, run_after=2025-09-11 00:00:00+00:00
[2025-09-10T18:47:29.581+0000] {processor.py:183} INFO - Processing /opt/airflow/dags/orchestration.py took 0.302 seconds
[2025-09-10T18:48:00.333+0000] {processor.py:161} INFO - Started process (PID=687) to work on /opt/airflow/dags/orchestration.py
[2025-09-10T18:48:00.340+0000] {processor.py:830} INFO - Processing file /opt/airflow/dags/orchestration.py for tasks to queue
[2025-09-10T18:48:00.348+0000] {logging_mixin.py:188} INFO - [2025-09-10T18:48:00.346+0000] {dagbag.py:538} INFO - Filling up the DagBag from /opt/airflow/dags/orchestration.py
[2025-09-10T18:48:00.467+0000] {processor.py:840} INFO - DAG(s) 'ml_pipeline_orchestration' retrieved from /opt/airflow/dags/orchestration.py
[2025-09-10T18:48:00.511+0000] {logging_mixin.py:188} INFO - [2025-09-10T18:48:00.511+0000] {dag.py:3036} INFO - Sync 1 DAGs
[2025-09-10T18:48:00.572+0000] {logging_mixin.py:188} INFO - [2025-09-10T18:48:00.571+0000] {dag.py:3823} INFO - Setting next_dagrun for ml_pipeline_orchestration to 2025-09-10 00:00:00+00:00, run_after=2025-09-11 00:00:00+00:00
[2025-09-10T18:48:00.656+0000] {processor.py:183} INFO - Processing /opt/airflow/dags/orchestration.py took 0.350 seconds
[2025-09-10T18:48:31.241+0000] {processor.py:161} INFO - Started process (PID=702) to work on /opt/airflow/dags/orchestration.py
[2025-09-10T18:48:31.245+0000] {processor.py:830} INFO - Processing file /opt/airflow/dags/orchestration.py for tasks to queue
[2025-09-10T18:48:31.248+0000] {logging_mixin.py:188} INFO - [2025-09-10T18:48:31.247+0000] {dagbag.py:538} INFO - Filling up the DagBag from /opt/airflow/dags/orchestration.py
[2025-09-10T18:48:31.365+0000] {processor.py:840} INFO - DAG(s) 'ml_pipeline_orchestration' retrieved from /opt/airflow/dags/orchestration.py
[2025-09-10T18:48:31.422+0000] {logging_mixin.py:188} INFO - [2025-09-10T18:48:31.421+0000] {dag.py:3036} INFO - Sync 1 DAGs
[2025-09-10T18:48:31.488+0000] {logging_mixin.py:188} INFO - [2025-09-10T18:48:31.487+0000] {dag.py:3823} INFO - Setting next_dagrun for ml_pipeline_orchestration to 2025-09-10 00:00:00+00:00, run_after=2025-09-11 00:00:00+00:00
[2025-09-10T18:48:31.551+0000] {processor.py:183} INFO - Processing /opt/airflow/dags/orchestration.py took 0.326 seconds
[2025-09-10T18:49:02.079+0000] {processor.py:161} INFO - Started process (PID=717) to work on /opt/airflow/dags/orchestration.py
[2025-09-10T18:49:02.085+0000] {processor.py:830} INFO - Processing file /opt/airflow/dags/orchestration.py for tasks to queue
[2025-09-10T18:49:02.095+0000] {logging_mixin.py:188} INFO - [2025-09-10T18:49:02.089+0000] {dagbag.py:538} INFO - Filling up the DagBag from /opt/airflow/dags/orchestration.py
[2025-09-10T18:49:02.201+0000] {processor.py:840} INFO - DAG(s) 'ml_pipeline_orchestration' retrieved from /opt/airflow/dags/orchestration.py
[2025-09-10T18:49:02.245+0000] {logging_mixin.py:188} INFO - [2025-09-10T18:49:02.244+0000] {dag.py:3036} INFO - Sync 1 DAGs
[2025-09-10T18:49:02.305+0000] {logging_mixin.py:188} INFO - [2025-09-10T18:49:02.304+0000] {dag.py:3823} INFO - Setting next_dagrun for ml_pipeline_orchestration to 2025-09-10 00:00:00+00:00, run_after=2025-09-11 00:00:00+00:00
[2025-09-10T18:49:02.358+0000] {processor.py:183} INFO - Processing /opt/airflow/dags/orchestration.py took 0.306 seconds
[2025-09-10T18:49:32.913+0000] {processor.py:161} INFO - Started process (PID=732) to work on /opt/airflow/dags/orchestration.py
[2025-09-10T18:49:32.917+0000] {processor.py:830} INFO - Processing file /opt/airflow/dags/orchestration.py for tasks to queue
[2025-09-10T18:49:32.923+0000] {logging_mixin.py:188} INFO - [2025-09-10T18:49:32.922+0000] {dagbag.py:538} INFO - Filling up the DagBag from /opt/airflow/dags/orchestration.py
[2025-09-10T18:49:33.047+0000] {processor.py:840} INFO - DAG(s) 'ml_pipeline_orchestration' retrieved from /opt/airflow/dags/orchestration.py
[2025-09-10T18:49:33.099+0000] {logging_mixin.py:188} INFO - [2025-09-10T18:49:33.099+0000] {dag.py:3036} INFO - Sync 1 DAGs
[2025-09-10T18:49:33.169+0000] {logging_mixin.py:188} INFO - [2025-09-10T18:49:33.168+0000] {dag.py:3823} INFO - Setting next_dagrun for ml_pipeline_orchestration to 2025-09-10 00:00:00+00:00, run_after=2025-09-11 00:00:00+00:00
[2025-09-10T18:49:33.253+0000] {processor.py:183} INFO - Processing /opt/airflow/dags/orchestration.py took 0.356 seconds
[2025-09-10T18:50:03.700+0000] {processor.py:161} INFO - Started process (PID=747) to work on /opt/airflow/dags/orchestration.py
[2025-09-10T18:50:03.704+0000] {processor.py:830} INFO - Processing file /opt/airflow/dags/orchestration.py for tasks to queue
[2025-09-10T18:50:03.710+0000] {logging_mixin.py:188} INFO - [2025-09-10T18:50:03.708+0000] {dagbag.py:538} INFO - Filling up the DagBag from /opt/airflow/dags/orchestration.py
[2025-09-10T18:50:03.852+0000] {processor.py:840} INFO - DAG(s) 'ml_pipeline_orchestration' retrieved from /opt/airflow/dags/orchestration.py
[2025-09-10T18:50:03.903+0000] {logging_mixin.py:188} INFO - [2025-09-10T18:50:03.902+0000] {dag.py:3036} INFO - Sync 1 DAGs
[2025-09-10T18:50:03.956+0000] {logging_mixin.py:188} INFO - [2025-09-10T18:50:03.955+0000] {dag.py:3823} INFO - Setting next_dagrun for ml_pipeline_orchestration to 2025-09-10 00:00:00+00:00, run_after=2025-09-11 00:00:00+00:00
[2025-09-10T18:50:04.017+0000] {processor.py:183} INFO - Processing /opt/airflow/dags/orchestration.py took 0.334 seconds
[2025-09-10T18:50:34.903+0000] {processor.py:161} INFO - Started process (PID=762) to work on /opt/airflow/dags/orchestration.py
[2025-09-10T18:50:34.909+0000] {processor.py:830} INFO - Processing file /opt/airflow/dags/orchestration.py for tasks to queue
[2025-09-10T18:50:34.914+0000] {logging_mixin.py:188} INFO - [2025-09-10T18:50:34.913+0000] {dagbag.py:538} INFO - Filling up the DagBag from /opt/airflow/dags/orchestration.py
[2025-09-10T18:50:35.016+0000] {processor.py:840} INFO - DAG(s) 'ml_pipeline_orchestration' retrieved from /opt/airflow/dags/orchestration.py
[2025-09-10T18:50:35.082+0000] {logging_mixin.py:188} INFO - [2025-09-10T18:50:35.081+0000] {dag.py:3036} INFO - Sync 1 DAGs
[2025-09-10T18:50:35.156+0000] {logging_mixin.py:188} INFO - [2025-09-10T18:50:35.155+0000] {dag.py:3823} INFO - Setting next_dagrun for ml_pipeline_orchestration to 2025-09-10 00:00:00+00:00, run_after=2025-09-11 00:00:00+00:00
[2025-09-10T18:50:35.210+0000] {processor.py:183} INFO - Processing /opt/airflow/dags/orchestration.py took 0.327 seconds
[2025-09-10T18:51:05.885+0000] {processor.py:161} INFO - Started process (PID=777) to work on /opt/airflow/dags/orchestration.py
[2025-09-10T18:51:05.894+0000] {processor.py:830} INFO - Processing file /opt/airflow/dags/orchestration.py for tasks to queue
[2025-09-10T18:51:05.900+0000] {logging_mixin.py:188} INFO - [2025-09-10T18:51:05.899+0000] {dagbag.py:538} INFO - Filling up the DagBag from /opt/airflow/dags/orchestration.py
[2025-09-10T18:51:06.124+0000] {processor.py:840} INFO - DAG(s) 'ml_pipeline_orchestration' retrieved from /opt/airflow/dags/orchestration.py
[2025-09-10T18:51:06.173+0000] {logging_mixin.py:188} INFO - [2025-09-10T18:51:06.172+0000] {dag.py:3036} INFO - Sync 1 DAGs
[2025-09-10T18:51:06.237+0000] {logging_mixin.py:188} INFO - [2025-09-10T18:51:06.236+0000] {dag.py:3823} INFO - Setting next_dagrun for ml_pipeline_orchestration to 2025-09-10 00:00:00+00:00, run_after=2025-09-11 00:00:00+00:00
[2025-09-10T18:51:06.340+0000] {processor.py:183} INFO - Processing /opt/airflow/dags/orchestration.py took 0.477 seconds
[2025-09-10T18:51:36.817+0000] {processor.py:161} INFO - Started process (PID=792) to work on /opt/airflow/dags/orchestration.py
[2025-09-10T18:51:36.820+0000] {processor.py:830} INFO - Processing file /opt/airflow/dags/orchestration.py for tasks to queue
[2025-09-10T18:51:36.828+0000] {logging_mixin.py:188} INFO - [2025-09-10T18:51:36.825+0000] {dagbag.py:538} INFO - Filling up the DagBag from /opt/airflow/dags/orchestration.py
[2025-09-10T18:51:36.940+0000] {processor.py:840} INFO - DAG(s) 'ml_pipeline_orchestration' retrieved from /opt/airflow/dags/orchestration.py
[2025-09-10T18:51:36.988+0000] {logging_mixin.py:188} INFO - [2025-09-10T18:51:36.987+0000] {dag.py:3036} INFO - Sync 1 DAGs
[2025-09-10T18:51:37.047+0000] {logging_mixin.py:188} INFO - [2025-09-10T18:51:37.047+0000] {dag.py:3823} INFO - Setting next_dagrun for ml_pipeline_orchestration to 2025-09-10 00:00:00+00:00, run_after=2025-09-11 00:00:00+00:00
[2025-09-10T18:51:37.256+0000] {processor.py:183} INFO - Processing /opt/airflow/dags/orchestration.py took 0.454 seconds
