[2025-09-10T09:50:54.993+0000] {processor.py:161} INFO - Started process (PID=167) to work on /opt/airflow/dags/try.py
[2025-09-10T09:50:55.006+0000] {processor.py:830} INFO - Processing file /opt/airflow/dags/try.py for tasks to queue
[2025-09-10T09:50:55.016+0000] {logging_mixin.py:188} INFO - [2025-09-10T09:50:55.015+0000] {dagbag.py:538} INFO - Filling up the DagBag from /opt/airflow/dags/try.py
[2025-09-10T09:50:55.138+0000] {processor.py:840} INFO - DAG(s) 'ml_pipeline_orchestration2' retrieved from /opt/airflow/dags/try.py
[2025-09-10T09:50:55.184+0000] {logging_mixin.py:188} INFO - [2025-09-10T09:50:55.183+0000] {dag.py:3036} INFO - Sync 1 DAGs
[2025-09-10T09:50:55.258+0000] {logging_mixin.py:188} INFO - [2025-09-10T09:50:55.258+0000] {dag.py:3823} INFO - Setting next_dagrun for ml_pipeline_orchestration2 to 2025-09-09 00:00:00+00:00, run_after=2025-09-10 00:00:00+00:00
[2025-09-10T09:50:55.391+0000] {processor.py:183} INFO - Processing /opt/airflow/dags/try.py took 0.423 seconds
[2025-09-10T09:51:25.924+0000] {processor.py:161} INFO - Started process (PID=190) to work on /opt/airflow/dags/try.py
[2025-09-10T09:51:25.929+0000] {processor.py:830} INFO - Processing file /opt/airflow/dags/try.py for tasks to queue
[2025-09-10T09:51:25.935+0000] {logging_mixin.py:188} INFO - [2025-09-10T09:51:25.934+0000] {dagbag.py:538} INFO - Filling up the DagBag from /opt/airflow/dags/try.py
[2025-09-10T09:51:26.100+0000] {processor.py:840} INFO - DAG(s) 'ml_pipeline_orchestration2' retrieved from /opt/airflow/dags/try.py
[2025-09-10T09:51:35.175+0000] {logging_mixin.py:188} INFO - [2025-09-10T09:51:35.174+0000] {dag.py:3036} INFO - Sync 1 DAGs
[2025-09-10T09:51:35.394+0000] {logging_mixin.py:188} INFO - [2025-09-10T09:51:35.393+0000] {dag.py:3823} INFO - Setting next_dagrun for ml_pipeline_orchestration2 to 2025-09-09 00:00:00+00:00, run_after=2025-09-10 00:00:00+00:00
[2025-09-10T09:51:35.612+0000] {processor.py:183} INFO - Processing /opt/airflow/dags/try.py took 9.702 seconds
[2025-09-10T09:52:06.112+0000] {processor.py:161} INFO - Started process (PID=203) to work on /opt/airflow/dags/try.py
[2025-09-10T09:52:06.125+0000] {processor.py:830} INFO - Processing file /opt/airflow/dags/try.py for tasks to queue
[2025-09-10T09:52:06.137+0000] {logging_mixin.py:188} INFO - [2025-09-10T09:52:06.136+0000] {dagbag.py:538} INFO - Filling up the DagBag from /opt/airflow/dags/try.py
[2025-09-10T09:52:07.730+0000] {processor.py:840} INFO - DAG(s) 'ml_pipeline_orchestration2' retrieved from /opt/airflow/dags/try.py
[2025-09-10T09:52:08.073+0000] {logging_mixin.py:188} INFO - [2025-09-10T09:52:08.073+0000] {dag.py:3036} INFO - Sync 1 DAGs
[2025-09-10T09:52:08.527+0000] {logging_mixin.py:188} INFO - [2025-09-10T09:52:08.526+0000] {dag.py:3823} INFO - Setting next_dagrun for ml_pipeline_orchestration2 to 2025-09-09 00:00:00+00:00, run_after=2025-09-10 00:00:00+00:00
[2025-09-10T09:52:13.233+0000] {processor.py:183} INFO - Processing /opt/airflow/dags/try.py took 7.390 seconds
[2025-09-10T18:28:21.006+0000] {processor.py:161} INFO - Started process (PID=167) to work on /opt/airflow/dags/try.py
[2025-09-10T18:28:21.075+0000] {processor.py:830} INFO - Processing file /opt/airflow/dags/try.py for tasks to queue
[2025-09-10T18:28:21.106+0000] {logging_mixin.py:188} INFO - [2025-09-10T18:28:21.099+0000] {dagbag.py:538} INFO - Filling up the DagBag from /opt/airflow/dags/try.py
[2025-09-10T18:28:22.920+0000] {processor.py:840} INFO - DAG(s) 'ml_pipeline_orchestration2' retrieved from /opt/airflow/dags/try.py
[2025-09-10T18:28:23.311+0000] {logging_mixin.py:188} INFO - [2025-09-10T18:28:23.292+0000] {dag.py:3036} INFO - Sync 1 DAGs
[2025-09-10T18:28:23.761+0000] {logging_mixin.py:188} INFO - [2025-09-10T18:28:23.759+0000] {dag.py:3823} INFO - Setting next_dagrun for ml_pipeline_orchestration2 to 2025-09-09 00:00:00+00:00, run_after=2025-09-10 00:00:00+00:00
[2025-09-10T18:28:24.012+0000] {processor.py:183} INFO - Processing /opt/airflow/dags/try.py took 3.710 seconds
[2025-09-10T18:28:54.742+0000] {processor.py:161} INFO - Started process (PID=183) to work on /opt/airflow/dags/try.py
[2025-09-10T18:28:54.750+0000] {processor.py:830} INFO - Processing file /opt/airflow/dags/try.py for tasks to queue
[2025-09-10T18:28:54.759+0000] {logging_mixin.py:188} INFO - [2025-09-10T18:28:54.758+0000] {dagbag.py:538} INFO - Filling up the DagBag from /opt/airflow/dags/try.py
[2025-09-10T18:28:54.907+0000] {processor.py:840} INFO - DAG(s) 'ml_pipeline_orchestration2' retrieved from /opt/airflow/dags/try.py
[2025-09-10T18:29:04.123+0000] {logging_mixin.py:188} INFO - [2025-09-10T18:29:04.122+0000] {dag.py:3036} INFO - Sync 1 DAGs
[2025-09-10T18:29:04.180+0000] {logging_mixin.py:188} INFO - [2025-09-10T18:29:04.180+0000] {dag.py:3823} INFO - Setting next_dagrun for ml_pipeline_orchestration2 to 2025-09-09 00:00:00+00:00, run_after=2025-09-10 00:00:00+00:00
[2025-09-10T18:29:04.810+0000] {processor.py:183} INFO - Processing /opt/airflow/dags/try.py took 10.093 seconds
[2025-09-10T18:29:35.305+0000] {processor.py:161} INFO - Started process (PID=198) to work on /opt/airflow/dags/try.py
[2025-09-10T18:29:35.315+0000] {processor.py:830} INFO - Processing file /opt/airflow/dags/try.py for tasks to queue
[2025-09-10T18:29:35.324+0000] {logging_mixin.py:188} INFO - [2025-09-10T18:29:35.324+0000] {dagbag.py:538} INFO - Filling up the DagBag from /opt/airflow/dags/try.py
[2025-09-10T18:29:36.038+0000] {processor.py:840} INFO - DAG(s) 'ml_pipeline_orchestration2' retrieved from /opt/airflow/dags/try.py
[2025-09-10T18:29:36.225+0000] {logging_mixin.py:188} INFO - [2025-09-10T18:29:36.224+0000] {dag.py:3036} INFO - Sync 1 DAGs
[2025-09-10T18:29:36.297+0000] {logging_mixin.py:188} INFO - [2025-09-10T18:29:36.297+0000] {dag.py:3823} INFO - Setting next_dagrun for ml_pipeline_orchestration2 to 2025-09-09 00:00:00+00:00, run_after=2025-09-10 00:00:00+00:00
[2025-09-10T18:29:36.393+0000] {processor.py:183} INFO - Processing /opt/airflow/dags/try.py took 1.101 seconds
[2025-09-10T18:30:07.306+0000] {processor.py:161} INFO - Started process (PID=211) to work on /opt/airflow/dags/try.py
[2025-09-10T18:30:07.350+0000] {processor.py:830} INFO - Processing file /opt/airflow/dags/try.py for tasks to queue
[2025-09-10T18:30:07.442+0000] {logging_mixin.py:188} INFO - [2025-09-10T18:30:07.438+0000] {dagbag.py:538} INFO - Filling up the DagBag from /opt/airflow/dags/try.py
[2025-09-10T18:30:08.560+0000] {processor.py:840} INFO - DAG(s) 'ml_pipeline_orchestration2' retrieved from /opt/airflow/dags/try.py
[2025-09-10T18:30:09.221+0000] {logging_mixin.py:188} INFO - [2025-09-10T18:30:09.221+0000] {dag.py:3036} INFO - Sync 1 DAGs
[2025-09-10T18:30:09.310+0000] {logging_mixin.py:188} INFO - [2025-09-10T18:30:09.310+0000] {dag.py:3823} INFO - Setting next_dagrun for ml_pipeline_orchestration2 to 2025-09-09 00:00:00+00:00, run_after=2025-09-10 00:00:00+00:00
[2025-09-10T18:30:14.754+0000] {processor.py:183} INFO - Processing /opt/airflow/dags/try.py took 7.703 seconds
[2025-09-10T18:30:46.310+0000] {processor.py:161} INFO - Started process (PID=228) to work on /opt/airflow/dags/try.py
[2025-09-10T18:30:46.399+0000] {processor.py:830} INFO - Processing file /opt/airflow/dags/try.py for tasks to queue
[2025-09-10T18:30:46.424+0000] {logging_mixin.py:188} INFO - [2025-09-10T18:30:46.416+0000] {dagbag.py:538} INFO - Filling up the DagBag from /opt/airflow/dags/try.py
[2025-09-10T18:30:48.402+0000] {processor.py:840} INFO - DAG(s) 'ml_pipeline_orchestration2' retrieved from /opt/airflow/dags/try.py
[2025-09-10T18:30:49.101+0000] {logging_mixin.py:188} INFO - [2025-09-10T18:30:49.100+0000] {dag.py:3036} INFO - Sync 1 DAGs
[2025-09-10T18:30:49.986+0000] {logging_mixin.py:188} INFO - [2025-09-10T18:30:49.984+0000] {dag.py:3823} INFO - Setting next_dagrun for ml_pipeline_orchestration2 to 2025-09-09 00:00:00+00:00, run_after=2025-09-10 00:00:00+00:00
[2025-09-10T18:30:50.793+0000] {processor.py:183} INFO - Processing /opt/airflow/dags/try.py took 4.797 seconds
[2025-09-10T18:31:21.988+0000] {processor.py:161} INFO - Started process (PID=243) to work on /opt/airflow/dags/try.py
[2025-09-10T18:31:22.035+0000] {processor.py:830} INFO - Processing file /opt/airflow/dags/try.py for tasks to queue
[2025-09-10T18:31:22.072+0000] {logging_mixin.py:188} INFO - [2025-09-10T18:31:22.068+0000] {dagbag.py:538} INFO - Filling up the DagBag from /opt/airflow/dags/try.py
[2025-09-10T18:31:23.369+0000] {processor.py:840} INFO - DAG(s) 'ml_pipeline_orchestration2' retrieved from /opt/airflow/dags/try.py
[2025-09-10T18:31:23.881+0000] {logging_mixin.py:188} INFO - [2025-09-10T18:31:23.878+0000] {dag.py:3036} INFO - Sync 1 DAGs
[2025-09-10T18:31:24.302+0000] {logging_mixin.py:188} INFO - [2025-09-10T18:31:24.300+0000] {dag.py:3823} INFO - Setting next_dagrun for ml_pipeline_orchestration2 to 2025-09-09 00:00:00+00:00, run_after=2025-09-10 00:00:00+00:00
[2025-09-10T18:31:24.676+0000] {processor.py:183} INFO - Processing /opt/airflow/dags/try.py took 2.785 seconds
[2025-09-10T18:31:55.788+0000] {processor.py:161} INFO - Started process (PID=255) to work on /opt/airflow/dags/try.py
[2025-09-10T18:31:55.794+0000] {processor.py:830} INFO - Processing file /opt/airflow/dags/try.py for tasks to queue
[2025-09-10T18:31:55.818+0000] {logging_mixin.py:188} INFO - [2025-09-10T18:31:55.817+0000] {dagbag.py:538} INFO - Filling up the DagBag from /opt/airflow/dags/try.py
[2025-09-10T18:31:56.205+0000] {processor.py:840} INFO - DAG(s) 'ml_pipeline_orchestration2' retrieved from /opt/airflow/dags/try.py
[2025-09-10T18:31:56.398+0000] {logging_mixin.py:188} INFO - [2025-09-10T18:31:56.397+0000] {dag.py:3036} INFO - Sync 1 DAGs
[2025-09-10T18:31:56.500+0000] {logging_mixin.py:188} INFO - [2025-09-10T18:31:56.499+0000] {dag.py:3823} INFO - Setting next_dagrun for ml_pipeline_orchestration2 to 2025-09-09 00:00:00+00:00, run_after=2025-09-10 00:00:00+00:00
[2025-09-10T18:31:56.616+0000] {processor.py:183} INFO - Processing /opt/airflow/dags/try.py took 0.867 seconds
[2025-09-10T18:32:27.338+0000] {processor.py:161} INFO - Started process (PID=270) to work on /opt/airflow/dags/try.py
[2025-09-10T18:32:27.374+0000] {processor.py:830} INFO - Processing file /opt/airflow/dags/try.py for tasks to queue
[2025-09-10T18:32:27.398+0000] {logging_mixin.py:188} INFO - [2025-09-10T18:32:27.389+0000] {dagbag.py:538} INFO - Filling up the DagBag from /opt/airflow/dags/try.py
[2025-09-10T18:32:27.994+0000] {processor.py:840} INFO - DAG(s) 'ml_pipeline_orchestration2' retrieved from /opt/airflow/dags/try.py
[2025-09-10T18:32:28.464+0000] {logging_mixin.py:188} INFO - [2025-09-10T18:32:28.460+0000] {dag.py:3036} INFO - Sync 1 DAGs
[2025-09-10T18:32:28.987+0000] {logging_mixin.py:188} INFO - [2025-09-10T18:32:28.985+0000] {dag.py:3823} INFO - Setting next_dagrun for ml_pipeline_orchestration2 to 2025-09-09 00:00:00+00:00, run_after=2025-09-10 00:00:00+00:00
[2025-09-10T18:32:29.676+0000] {processor.py:183} INFO - Processing /opt/airflow/dags/try.py took 2.476 seconds
[2025-09-10T18:33:00.256+0000] {processor.py:161} INFO - Started process (PID=285) to work on /opt/airflow/dags/try.py
[2025-09-10T18:33:00.288+0000] {processor.py:830} INFO - Processing file /opt/airflow/dags/try.py for tasks to queue
[2025-09-10T18:33:00.303+0000] {logging_mixin.py:188} INFO - [2025-09-10T18:33:00.300+0000] {dagbag.py:538} INFO - Filling up the DagBag from /opt/airflow/dags/try.py
[2025-09-10T18:33:00.706+0000] {processor.py:840} INFO - DAG(s) 'ml_pipeline_orchestration2' retrieved from /opt/airflow/dags/try.py
[2025-09-10T18:33:02.804+0000] {logging_mixin.py:188} INFO - [2025-09-10T18:33:02.803+0000] {dag.py:3036} INFO - Sync 1 DAGs
[2025-09-10T18:33:03.024+0000] {logging_mixin.py:188} INFO - [2025-09-10T18:33:03.022+0000] {dag.py:3823} INFO - Setting next_dagrun for ml_pipeline_orchestration2 to 2025-09-09 00:00:00+00:00, run_after=2025-09-10 00:00:00+00:00
[2025-09-10T18:33:03.230+0000] {processor.py:183} INFO - Processing /opt/airflow/dags/try.py took 3.034 seconds
[2025-09-10T18:33:33.728+0000] {processor.py:161} INFO - Started process (PID=300) to work on /opt/airflow/dags/try.py
[2025-09-10T18:33:33.777+0000] {processor.py:830} INFO - Processing file /opt/airflow/dags/try.py for tasks to queue
[2025-09-10T18:33:33.781+0000] {logging_mixin.py:188} INFO - [2025-09-10T18:33:33.780+0000] {dagbag.py:538} INFO - Filling up the DagBag from /opt/airflow/dags/try.py
[2025-09-10T18:33:34.003+0000] {processor.py:840} INFO - DAG(s) 'ml_pipeline_orchestration2' retrieved from /opt/airflow/dags/try.py
[2025-09-10T18:33:34.097+0000] {logging_mixin.py:188} INFO - [2025-09-10T18:33:34.097+0000] {dag.py:3036} INFO - Sync 1 DAGs
[2025-09-10T18:33:34.199+0000] {logging_mixin.py:188} INFO - [2025-09-10T18:33:34.198+0000] {dag.py:3823} INFO - Setting next_dagrun for ml_pipeline_orchestration2 to 2025-09-09 00:00:00+00:00, run_after=2025-09-10 00:00:00+00:00
[2025-09-10T18:33:34.469+0000] {processor.py:183} INFO - Processing /opt/airflow/dags/try.py took 0.759 seconds
[2025-09-10T18:34:07.690+0000] {processor.py:161} INFO - Started process (PID=315) to work on /opt/airflow/dags/try.py
[2025-09-10T18:34:07.733+0000] {processor.py:830} INFO - Processing file /opt/airflow/dags/try.py for tasks to queue
[2025-09-10T18:34:08.066+0000] {logging_mixin.py:188} INFO - [2025-09-10T18:34:07.819+0000] {dagbag.py:538} INFO - Filling up the DagBag from /opt/airflow/dags/try.py
[2025-09-10T18:34:16.638+0000] {processor.py:840} INFO - DAG(s) 'ml_pipeline_orchestration2' retrieved from /opt/airflow/dags/try.py
[2025-09-10T18:34:19.303+0000] {logging_mixin.py:188} INFO - [2025-09-10T18:34:19.301+0000] {dag.py:3036} INFO - Sync 1 DAGs
[2025-09-10T18:34:22.434+0000] {logging_mixin.py:188} INFO - [2025-09-10T18:34:22.404+0000] {dag.py:3823} INFO - Setting next_dagrun for ml_pipeline_orchestration2 to 2025-09-09 00:00:00+00:00, run_after=2025-09-10 00:00:00+00:00
[2025-09-10T18:34:23.806+0000] {processor.py:183} INFO - Processing /opt/airflow/dags/try.py took 17.384 seconds
[2025-09-10T18:34:55.234+0000] {processor.py:161} INFO - Started process (PID=334) to work on /opt/airflow/dags/try.py
[2025-09-10T18:34:55.238+0000] {processor.py:830} INFO - Processing file /opt/airflow/dags/try.py for tasks to queue
[2025-09-10T18:34:55.254+0000] {logging_mixin.py:188} INFO - [2025-09-10T18:34:55.252+0000] {dagbag.py:538} INFO - Filling up the DagBag from /opt/airflow/dags/try.py
[2025-09-10T18:34:55.522+0000] {processor.py:840} INFO - DAG(s) 'ml_pipeline_orchestration2' retrieved from /opt/airflow/dags/try.py
[2025-09-10T18:34:55.656+0000] {logging_mixin.py:188} INFO - [2025-09-10T18:34:55.647+0000] {dag.py:3036} INFO - Sync 1 DAGs
[2025-09-10T18:34:55.783+0000] {logging_mixin.py:188} INFO - [2025-09-10T18:34:55.782+0000] {dag.py:3823} INFO - Setting next_dagrun for ml_pipeline_orchestration2 to 2025-09-09 00:00:00+00:00, run_after=2025-09-10 00:00:00+00:00
[2025-09-10T18:34:55.893+0000] {processor.py:183} INFO - Processing /opt/airflow/dags/try.py took 0.696 seconds
[2025-09-10T18:35:28.209+0000] {processor.py:161} INFO - Started process (PID=348) to work on /opt/airflow/dags/try.py
[2025-09-10T18:35:28.489+0000] {processor.py:830} INFO - Processing file /opt/airflow/dags/try.py for tasks to queue
[2025-09-10T18:35:28.742+0000] {logging_mixin.py:188} INFO - [2025-09-10T18:35:28.572+0000] {dagbag.py:538} INFO - Filling up the DagBag from /opt/airflow/dags/try.py
[2025-09-10T18:35:31.348+0000] {processor.py:840} INFO - DAG(s) 'ml_pipeline_orchestration2' retrieved from /opt/airflow/dags/try.py
[2025-09-10T18:35:33.437+0000] {logging_mixin.py:188} INFO - [2025-09-10T18:35:33.425+0000] {dag.py:3036} INFO - Sync 1 DAGs
[2025-09-10T18:35:38.637+0000] {logging_mixin.py:188} INFO - [2025-09-10T18:35:38.635+0000] {dag.py:3823} INFO - Setting next_dagrun for ml_pipeline_orchestration2 to 2025-09-09 00:00:00+00:00, run_after=2025-09-10 00:00:00+00:00
[2025-09-10T18:35:39.128+0000] {processor.py:183} INFO - Processing /opt/airflow/dags/try.py took 11.129 seconds
[2025-09-10T18:36:10.189+0000] {processor.py:161} INFO - Started process (PID=363) to work on /opt/airflow/dags/try.py
[2025-09-10T18:36:10.219+0000] {processor.py:830} INFO - Processing file /opt/airflow/dags/try.py for tasks to queue
[2025-09-10T18:36:10.254+0000] {logging_mixin.py:188} INFO - [2025-09-10T18:36:10.246+0000] {dagbag.py:538} INFO - Filling up the DagBag from /opt/airflow/dags/try.py
[2025-09-10T18:36:10.947+0000] {processor.py:840} INFO - DAG(s) 'ml_pipeline_orchestration2' retrieved from /opt/airflow/dags/try.py
[2025-09-10T18:36:11.012+0000] {logging_mixin.py:188} INFO - [2025-09-10T18:36:11.010+0000] {dag.py:3036} INFO - Sync 1 DAGs
[2025-09-10T18:36:11.479+0000] {logging_mixin.py:188} INFO - [2025-09-10T18:36:11.474+0000] {dag.py:3823} INFO - Setting next_dagrun for ml_pipeline_orchestration2 to 2025-09-09 00:00:00+00:00, run_after=2025-09-10 00:00:00+00:00
[2025-09-10T18:36:11.861+0000] {processor.py:183} INFO - Processing /opt/airflow/dags/try.py took 1.780 seconds
[2025-09-10T18:36:43.390+0000] {processor.py:161} INFO - Started process (PID=378) to work on /opt/airflow/dags/try.py
[2025-09-10T18:36:43.424+0000] {processor.py:830} INFO - Processing file /opt/airflow/dags/try.py for tasks to queue
[2025-09-10T18:36:43.478+0000] {logging_mixin.py:188} INFO - [2025-09-10T18:36:43.459+0000] {dagbag.py:538} INFO - Filling up the DagBag from /opt/airflow/dags/try.py
[2025-09-10T18:36:44.267+0000] {processor.py:840} INFO - DAG(s) 'ml_pipeline_orchestration2' retrieved from /opt/airflow/dags/try.py
[2025-09-10T18:36:47.471+0000] {logging_mixin.py:188} INFO - [2025-09-10T18:36:47.466+0000] {dag.py:3036} INFO - Sync 1 DAGs
[2025-09-10T18:36:48.228+0000] {logging_mixin.py:188} INFO - [2025-09-10T18:36:48.225+0000] {dag.py:3823} INFO - Setting next_dagrun for ml_pipeline_orchestration2 to 2025-09-09 00:00:00+00:00, run_after=2025-09-10 00:00:00+00:00
[2025-09-10T18:36:48.661+0000] {processor.py:183} INFO - Processing /opt/airflow/dags/try.py took 5.428 seconds
[2025-09-10T18:37:18.893+0000] {processor.py:161} INFO - Started process (PID=390) to work on /opt/airflow/dags/try.py
[2025-09-10T18:37:18.902+0000] {processor.py:830} INFO - Processing file /opt/airflow/dags/try.py for tasks to queue
[2025-09-10T18:37:18.910+0000] {logging_mixin.py:188} INFO - [2025-09-10T18:37:18.908+0000] {dagbag.py:538} INFO - Filling up the DagBag from /opt/airflow/dags/try.py
[2025-09-10T18:37:19.154+0000] {processor.py:840} INFO - DAG(s) 'ml_pipeline_orchestration2' retrieved from /opt/airflow/dags/try.py
[2025-09-10T18:37:19.712+0000] {logging_mixin.py:188} INFO - [2025-09-10T18:37:19.708+0000] {dag.py:3036} INFO - Sync 1 DAGs
[2025-09-10T18:37:20.560+0000] {logging_mixin.py:188} INFO - [2025-09-10T18:37:20.555+0000] {dag.py:3823} INFO - Setting next_dagrun for ml_pipeline_orchestration2 to 2025-09-09 00:00:00+00:00, run_after=2025-09-10 00:00:00+00:00
[2025-09-10T18:37:20.896+0000] {processor.py:183} INFO - Processing /opt/airflow/dags/try.py took 2.029 seconds
[2025-09-10T18:37:51.758+0000] {processor.py:161} INFO - Started process (PID=405) to work on /opt/airflow/dags/try.py
[2025-09-10T18:37:51.797+0000] {processor.py:830} INFO - Processing file /opt/airflow/dags/try.py for tasks to queue
[2025-09-10T18:37:52.271+0000] {logging_mixin.py:188} INFO - [2025-09-10T18:37:51.934+0000] {dagbag.py:538} INFO - Filling up the DagBag from /opt/airflow/dags/try.py
[2025-09-10T18:38:02.929+0000] {processor.py:840} INFO - DAG(s) 'ml_pipeline_orchestration2' retrieved from /opt/airflow/dags/try.py
[2025-09-10T18:38:07.885+0000] {logging_mixin.py:188} INFO - [2025-09-10T18:38:07.881+0000] {dag.py:3036} INFO - Sync 1 DAGs
[2025-09-10T18:38:09.878+0000] {logging_mixin.py:188} INFO - [2025-09-10T18:38:09.875+0000] {dag.py:3823} INFO - Setting next_dagrun for ml_pipeline_orchestration2 to 2025-09-09 00:00:00+00:00, run_after=2025-09-10 00:00:00+00:00
[2025-09-10T18:38:13.025+0000] {processor.py:183} INFO - Processing /opt/airflow/dags/try.py took 21.330 seconds
[2025-09-10T18:38:44.064+0000] {processor.py:161} INFO - Started process (PID=418) to work on /opt/airflow/dags/try.py
[2025-09-10T18:38:44.068+0000] {processor.py:830} INFO - Processing file /opt/airflow/dags/try.py for tasks to queue
[2025-09-10T18:38:44.072+0000] {logging_mixin.py:188} INFO - [2025-09-10T18:38:44.070+0000] {dagbag.py:538} INFO - Filling up the DagBag from /opt/airflow/dags/try.py
[2025-09-10T18:38:44.388+0000] {processor.py:840} INFO - DAG(s) 'ml_pipeline_orchestration2' retrieved from /opt/airflow/dags/try.py
[2025-09-10T18:38:44.522+0000] {logging_mixin.py:188} INFO - [2025-09-10T18:38:44.521+0000] {dag.py:3036} INFO - Sync 1 DAGs
[2025-09-10T18:38:44.653+0000] {logging_mixin.py:188} INFO - [2025-09-10T18:38:44.653+0000] {dag.py:3823} INFO - Setting next_dagrun for ml_pipeline_orchestration2 to 2025-09-09 00:00:00+00:00, run_after=2025-09-10 00:00:00+00:00
[2025-09-10T18:38:45.487+0000] {processor.py:183} INFO - Processing /opt/airflow/dags/try.py took 1.438 seconds
[2025-09-10T18:39:15.609+0000] {processor.py:161} INFO - Started process (PID=433) to work on /opt/airflow/dags/try.py
[2025-09-10T18:39:15.615+0000] {processor.py:830} INFO - Processing file /opt/airflow/dags/try.py for tasks to queue
[2025-09-10T18:39:15.621+0000] {logging_mixin.py:188} INFO - [2025-09-10T18:39:15.618+0000] {dagbag.py:538} INFO - Filling up the DagBag from /opt/airflow/dags/try.py
[2025-09-10T18:39:15.718+0000] {processor.py:840} INFO - DAG(s) 'ml_pipeline_orchestration2' retrieved from /opt/airflow/dags/try.py
[2025-09-10T18:39:15.798+0000] {logging_mixin.py:188} INFO - [2025-09-10T18:39:15.798+0000] {dag.py:3036} INFO - Sync 1 DAGs
[2025-09-10T18:39:15.912+0000] {logging_mixin.py:188} INFO - [2025-09-10T18:39:15.912+0000] {dag.py:3823} INFO - Setting next_dagrun for ml_pipeline_orchestration2 to 2025-09-09 00:00:00+00:00, run_after=2025-09-10 00:00:00+00:00
[2025-09-10T18:39:16.111+0000] {processor.py:183} INFO - Processing /opt/airflow/dags/try.py took 0.518 seconds
[2025-09-10T18:39:46.572+0000] {processor.py:161} INFO - Started process (PID=449) to work on /opt/airflow/dags/try.py
[2025-09-10T18:39:46.576+0000] {processor.py:830} INFO - Processing file /opt/airflow/dags/try.py for tasks to queue
[2025-09-10T18:39:46.582+0000] {logging_mixin.py:188} INFO - [2025-09-10T18:39:46.580+0000] {dagbag.py:538} INFO - Filling up the DagBag from /opt/airflow/dags/try.py
[2025-09-10T18:39:46.731+0000] {processor.py:840} INFO - DAG(s) 'ml_pipeline_orchestration2' retrieved from /opt/airflow/dags/try.py
[2025-09-10T18:39:46.788+0000] {logging_mixin.py:188} INFO - [2025-09-10T18:39:46.787+0000] {dag.py:3036} INFO - Sync 1 DAGs
[2025-09-10T18:39:46.846+0000] {logging_mixin.py:188} INFO - [2025-09-10T18:39:46.845+0000] {dag.py:3823} INFO - Setting next_dagrun for ml_pipeline_orchestration2 to 2025-09-09 00:00:00+00:00, run_after=2025-09-10 00:00:00+00:00
[2025-09-10T18:39:46.944+0000] {processor.py:183} INFO - Processing /opt/airflow/dags/try.py took 0.391 seconds
[2025-09-10T18:40:17.435+0000] {processor.py:161} INFO - Started process (PID=465) to work on /opt/airflow/dags/try.py
[2025-09-10T18:40:17.440+0000] {processor.py:830} INFO - Processing file /opt/airflow/dags/try.py for tasks to queue
[2025-09-10T18:40:17.448+0000] {logging_mixin.py:188} INFO - [2025-09-10T18:40:17.447+0000] {dagbag.py:538} INFO - Filling up the DagBag from /opt/airflow/dags/try.py
[2025-09-10T18:40:17.544+0000] {processor.py:840} INFO - DAG(s) 'ml_pipeline_orchestration2' retrieved from /opt/airflow/dags/try.py
[2025-09-10T18:40:17.599+0000] {logging_mixin.py:188} INFO - [2025-09-10T18:40:17.598+0000] {dag.py:3036} INFO - Sync 1 DAGs
[2025-09-10T18:40:17.653+0000] {logging_mixin.py:188} INFO - [2025-09-10T18:40:17.653+0000] {dag.py:3823} INFO - Setting next_dagrun for ml_pipeline_orchestration2 to 2025-09-09 00:00:00+00:00, run_after=2025-09-10 00:00:00+00:00
[2025-09-10T18:40:17.814+0000] {processor.py:183} INFO - Processing /opt/airflow/dags/try.py took 0.400 seconds
[2025-09-10T18:40:47.916+0000] {processor.py:161} INFO - Started process (PID=480) to work on /opt/airflow/dags/try.py
[2025-09-10T18:40:47.921+0000] {processor.py:830} INFO - Processing file /opt/airflow/dags/try.py for tasks to queue
[2025-09-10T18:40:47.927+0000] {logging_mixin.py:188} INFO - [2025-09-10T18:40:47.924+0000] {dagbag.py:538} INFO - Filling up the DagBag from /opt/airflow/dags/try.py
[2025-09-10T18:40:48.056+0000] {processor.py:840} INFO - DAG(s) 'ml_pipeline_orchestration2' retrieved from /opt/airflow/dags/try.py
[2025-09-10T18:40:48.116+0000] {logging_mixin.py:188} INFO - [2025-09-10T18:40:48.115+0000] {dag.py:3036} INFO - Sync 1 DAGs
[2025-09-10T18:40:48.217+0000] {logging_mixin.py:188} INFO - [2025-09-10T18:40:48.216+0000] {dag.py:3823} INFO - Setting next_dagrun for ml_pipeline_orchestration2 to 2025-09-09 00:00:00+00:00, run_after=2025-09-10 00:00:00+00:00
[2025-09-10T18:40:48.462+0000] {processor.py:183} INFO - Processing /opt/airflow/dags/try.py took 0.563 seconds
[2025-09-10T18:41:19.576+0000] {processor.py:161} INFO - Started process (PID=495) to work on /opt/airflow/dags/try.py
[2025-09-10T18:41:19.579+0000] {processor.py:830} INFO - Processing file /opt/airflow/dags/try.py for tasks to queue
[2025-09-10T18:41:19.583+0000] {logging_mixin.py:188} INFO - [2025-09-10T18:41:19.582+0000] {dagbag.py:538} INFO - Filling up the DagBag from /opt/airflow/dags/try.py
[2025-09-10T18:41:19.664+0000] {processor.py:840} INFO - DAG(s) 'ml_pipeline_orchestration2' retrieved from /opt/airflow/dags/try.py
[2025-09-10T18:41:19.713+0000] {logging_mixin.py:188} INFO - [2025-09-10T18:41:19.712+0000] {dag.py:3036} INFO - Sync 1 DAGs
[2025-09-10T18:41:19.777+0000] {logging_mixin.py:188} INFO - [2025-09-10T18:41:19.776+0000] {dag.py:3823} INFO - Setting next_dagrun for ml_pipeline_orchestration2 to 2025-09-09 00:00:00+00:00, run_after=2025-09-10 00:00:00+00:00
[2025-09-10T18:41:20.022+0000] {processor.py:183} INFO - Processing /opt/airflow/dags/try.py took 0.454 seconds
[2025-09-10T18:41:50.390+0000] {processor.py:161} INFO - Started process (PID=510) to work on /opt/airflow/dags/try.py
[2025-09-10T18:41:50.397+0000] {processor.py:830} INFO - Processing file /opt/airflow/dags/try.py for tasks to queue
[2025-09-10T18:41:50.404+0000] {logging_mixin.py:188} INFO - [2025-09-10T18:41:50.402+0000] {dagbag.py:538} INFO - Filling up the DagBag from /opt/airflow/dags/try.py
[2025-09-10T18:41:50.533+0000] {processor.py:840} INFO - DAG(s) 'ml_pipeline_orchestration2' retrieved from /opt/airflow/dags/try.py
[2025-09-10T18:41:50.591+0000] {logging_mixin.py:188} INFO - [2025-09-10T18:41:50.591+0000] {dag.py:3036} INFO - Sync 1 DAGs
[2025-09-10T18:41:50.644+0000] {logging_mixin.py:188} INFO - [2025-09-10T18:41:50.644+0000] {dag.py:3823} INFO - Setting next_dagrun for ml_pipeline_orchestration2 to 2025-09-09 00:00:00+00:00, run_after=2025-09-10 00:00:00+00:00
[2025-09-10T18:41:50.709+0000] {processor.py:183} INFO - Processing /opt/airflow/dags/try.py took 0.343 seconds
[2025-09-10T18:42:21.399+0000] {processor.py:161} INFO - Started process (PID=525) to work on /opt/airflow/dags/try.py
[2025-09-10T18:42:21.406+0000] {processor.py:830} INFO - Processing file /opt/airflow/dags/try.py for tasks to queue
[2025-09-10T18:42:21.413+0000] {logging_mixin.py:188} INFO - [2025-09-10T18:42:21.410+0000] {dagbag.py:538} INFO - Filling up the DagBag from /opt/airflow/dags/try.py
[2025-09-10T18:42:21.515+0000] {processor.py:840} INFO - DAG(s) 'ml_pipeline_orchestration2' retrieved from /opt/airflow/dags/try.py
[2025-09-10T18:42:21.565+0000] {logging_mixin.py:188} INFO - [2025-09-10T18:42:21.564+0000] {dag.py:3036} INFO - Sync 1 DAGs
[2025-09-10T18:42:21.631+0000] {logging_mixin.py:188} INFO - [2025-09-10T18:42:21.630+0000] {dag.py:3823} INFO - Setting next_dagrun for ml_pipeline_orchestration2 to 2025-09-09 00:00:00+00:00, run_after=2025-09-10 00:00:00+00:00
[2025-09-10T18:42:21.725+0000] {processor.py:183} INFO - Processing /opt/airflow/dags/try.py took 0.349 seconds
[2025-09-10T18:42:52.491+0000] {processor.py:161} INFO - Started process (PID=540) to work on /opt/airflow/dags/try.py
[2025-09-10T18:42:52.496+0000] {processor.py:830} INFO - Processing file /opt/airflow/dags/try.py for tasks to queue
[2025-09-10T18:42:52.503+0000] {logging_mixin.py:188} INFO - [2025-09-10T18:42:52.501+0000] {dagbag.py:538} INFO - Filling up the DagBag from /opt/airflow/dags/try.py
[2025-09-10T18:42:52.614+0000] {processor.py:840} INFO - DAG(s) 'ml_pipeline_orchestration2' retrieved from /opt/airflow/dags/try.py
[2025-09-10T18:42:52.661+0000] {logging_mixin.py:188} INFO - [2025-09-10T18:42:52.661+0000] {dag.py:3036} INFO - Sync 1 DAGs
[2025-09-10T18:42:52.720+0000] {logging_mixin.py:188} INFO - [2025-09-10T18:42:52.719+0000] {dag.py:3823} INFO - Setting next_dagrun for ml_pipeline_orchestration2 to 2025-09-09 00:00:00+00:00, run_after=2025-09-10 00:00:00+00:00
[2025-09-10T18:42:52.789+0000] {processor.py:183} INFO - Processing /opt/airflow/dags/try.py took 0.315 seconds
[2025-09-10T18:43:23.442+0000] {processor.py:161} INFO - Started process (PID=555) to work on /opt/airflow/dags/try.py
[2025-09-10T18:43:23.448+0000] {processor.py:830} INFO - Processing file /opt/airflow/dags/try.py for tasks to queue
[2025-09-10T18:43:23.456+0000] {logging_mixin.py:188} INFO - [2025-09-10T18:43:23.453+0000] {dagbag.py:538} INFO - Filling up the DagBag from /opt/airflow/dags/try.py
[2025-09-10T18:43:23.599+0000] {processor.py:840} INFO - DAG(s) 'ml_pipeline_orchestration2' retrieved from /opt/airflow/dags/try.py
[2025-09-10T18:43:23.659+0000] {logging_mixin.py:188} INFO - [2025-09-10T18:43:23.658+0000] {dag.py:3036} INFO - Sync 1 DAGs
[2025-09-10T18:43:23.726+0000] {logging_mixin.py:188} INFO - [2025-09-10T18:43:23.725+0000] {dag.py:3823} INFO - Setting next_dagrun for ml_pipeline_orchestration2 to 2025-09-09 00:00:00+00:00, run_after=2025-09-10 00:00:00+00:00
[2025-09-10T18:43:23.794+0000] {processor.py:183} INFO - Processing /opt/airflow/dags/try.py took 0.377 seconds
[2025-09-10T18:43:54.297+0000] {processor.py:161} INFO - Started process (PID=570) to work on /opt/airflow/dags/try.py
[2025-09-10T18:43:54.304+0000] {processor.py:830} INFO - Processing file /opt/airflow/dags/try.py for tasks to queue
[2025-09-10T18:43:54.309+0000] {logging_mixin.py:188} INFO - [2025-09-10T18:43:54.308+0000] {dagbag.py:538} INFO - Filling up the DagBag from /opt/airflow/dags/try.py
[2025-09-10T18:43:54.439+0000] {processor.py:840} INFO - DAG(s) 'ml_pipeline_orchestration2' retrieved from /opt/airflow/dags/try.py
[2025-09-10T18:43:54.526+0000] {logging_mixin.py:188} INFO - [2025-09-10T18:43:54.526+0000] {dag.py:3036} INFO - Sync 1 DAGs
[2025-09-10T18:43:54.598+0000] {logging_mixin.py:188} INFO - [2025-09-10T18:43:54.597+0000] {dag.py:3823} INFO - Setting next_dagrun for ml_pipeline_orchestration2 to 2025-09-09 00:00:00+00:00, run_after=2025-09-10 00:00:00+00:00
[2025-09-10T18:43:54.670+0000] {processor.py:183} INFO - Processing /opt/airflow/dags/try.py took 0.392 seconds
[2025-09-10T18:44:25.569+0000] {processor.py:161} INFO - Started process (PID=585) to work on /opt/airflow/dags/try.py
[2025-09-10T18:44:25.574+0000] {processor.py:830} INFO - Processing file /opt/airflow/dags/try.py for tasks to queue
[2025-09-10T18:44:25.580+0000] {logging_mixin.py:188} INFO - [2025-09-10T18:44:25.579+0000] {dagbag.py:538} INFO - Filling up the DagBag from /opt/airflow/dags/try.py
[2025-09-10T18:44:25.684+0000] {processor.py:840} INFO - DAG(s) 'ml_pipeline_orchestration2' retrieved from /opt/airflow/dags/try.py
[2025-09-10T18:44:25.733+0000] {logging_mixin.py:188} INFO - [2025-09-10T18:44:25.732+0000] {dag.py:3036} INFO - Sync 1 DAGs
[2025-09-10T18:44:25.792+0000] {logging_mixin.py:188} INFO - [2025-09-10T18:44:25.791+0000] {dag.py:3823} INFO - Setting next_dagrun for ml_pipeline_orchestration2 to 2025-09-09 00:00:00+00:00, run_after=2025-09-10 00:00:00+00:00
[2025-09-10T18:44:25.851+0000] {processor.py:183} INFO - Processing /opt/airflow/dags/try.py took 0.304 seconds
[2025-09-10T18:44:56.545+0000] {processor.py:161} INFO - Started process (PID=600) to work on /opt/airflow/dags/try.py
[2025-09-10T18:44:56.550+0000] {processor.py:830} INFO - Processing file /opt/airflow/dags/try.py for tasks to queue
[2025-09-10T18:44:56.558+0000] {logging_mixin.py:188} INFO - [2025-09-10T18:44:56.556+0000] {dagbag.py:538} INFO - Filling up the DagBag from /opt/airflow/dags/try.py
[2025-09-10T18:44:56.682+0000] {processor.py:840} INFO - DAG(s) 'ml_pipeline_orchestration2' retrieved from /opt/airflow/dags/try.py
[2025-09-10T18:44:56.740+0000] {logging_mixin.py:188} INFO - [2025-09-10T18:44:56.739+0000] {dag.py:3036} INFO - Sync 1 DAGs
[2025-09-10T18:44:56.809+0000] {logging_mixin.py:188} INFO - [2025-09-10T18:44:56.808+0000] {dag.py:3823} INFO - Setting next_dagrun for ml_pipeline_orchestration2 to 2025-09-09 00:00:00+00:00, run_after=2025-09-10 00:00:00+00:00
[2025-09-10T18:44:56.880+0000] {processor.py:183} INFO - Processing /opt/airflow/dags/try.py took 0.354 seconds
[2025-09-10T18:45:27.480+0000] {processor.py:161} INFO - Started process (PID=615) to work on /opt/airflow/dags/try.py
[2025-09-10T18:45:27.483+0000] {processor.py:830} INFO - Processing file /opt/airflow/dags/try.py for tasks to queue
[2025-09-10T18:45:27.486+0000] {logging_mixin.py:188} INFO - [2025-09-10T18:45:27.485+0000] {dagbag.py:538} INFO - Filling up the DagBag from /opt/airflow/dags/try.py
[2025-09-10T18:45:27.562+0000] {processor.py:840} INFO - DAG(s) 'ml_pipeline_orchestration2' retrieved from /opt/airflow/dags/try.py
[2025-09-10T18:45:27.612+0000] {logging_mixin.py:188} INFO - [2025-09-10T18:45:27.612+0000] {dag.py:3036} INFO - Sync 1 DAGs
[2025-09-10T18:45:27.675+0000] {logging_mixin.py:188} INFO - [2025-09-10T18:45:27.674+0000] {dag.py:3823} INFO - Setting next_dagrun for ml_pipeline_orchestration2 to 2025-09-09 00:00:00+00:00, run_after=2025-09-10 00:00:00+00:00
[2025-09-10T18:45:27.733+0000] {processor.py:183} INFO - Processing /opt/airflow/dags/try.py took 0.268 seconds
[2025-09-10T18:45:57.903+0000] {processor.py:161} INFO - Started process (PID=630) to work on /opt/airflow/dags/try.py
[2025-09-10T18:45:57.906+0000] {processor.py:830} INFO - Processing file /opt/airflow/dags/try.py for tasks to queue
[2025-09-10T18:45:57.911+0000] {logging_mixin.py:188} INFO - [2025-09-10T18:45:57.909+0000] {dagbag.py:538} INFO - Filling up the DagBag from /opt/airflow/dags/try.py
[2025-09-10T18:45:57.994+0000] {processor.py:840} INFO - DAG(s) 'ml_pipeline_orchestration2' retrieved from /opt/airflow/dags/try.py
[2025-09-10T18:45:58.041+0000] {logging_mixin.py:188} INFO - [2025-09-10T18:45:58.040+0000] {dag.py:3036} INFO - Sync 1 DAGs
[2025-09-10T18:45:58.096+0000] {logging_mixin.py:188} INFO - [2025-09-10T18:45:58.096+0000] {dag.py:3823} INFO - Setting next_dagrun for ml_pipeline_orchestration2 to 2025-09-09 00:00:00+00:00, run_after=2025-09-10 00:00:00+00:00
[2025-09-10T18:45:58.156+0000] {processor.py:183} INFO - Processing /opt/airflow/dags/try.py took 0.262 seconds
[2025-09-10T18:46:28.640+0000] {processor.py:161} INFO - Started process (PID=647) to work on /opt/airflow/dags/try.py
[2025-09-10T18:46:28.644+0000] {processor.py:830} INFO - Processing file /opt/airflow/dags/try.py for tasks to queue
[2025-09-10T18:46:28.650+0000] {logging_mixin.py:188} INFO - [2025-09-10T18:46:28.649+0000] {dagbag.py:538} INFO - Filling up the DagBag from /opt/airflow/dags/try.py
[2025-09-10T18:46:28.777+0000] {processor.py:840} INFO - DAG(s) 'ml_pipeline_orchestration2' retrieved from /opt/airflow/dags/try.py
[2025-09-10T18:46:28.865+0000] {logging_mixin.py:188} INFO - [2025-09-10T18:46:28.864+0000] {dag.py:3036} INFO - Sync 1 DAGs
[2025-09-10T18:46:28.955+0000] {logging_mixin.py:188} INFO - [2025-09-10T18:46:28.955+0000] {dag.py:3823} INFO - Setting next_dagrun for ml_pipeline_orchestration2 to 2025-09-09 00:00:00+00:00, run_after=2025-09-10 00:00:00+00:00
[2025-09-10T18:46:29.034+0000] {processor.py:183} INFO - Processing /opt/airflow/dags/try.py took 0.410 seconds
[2025-09-10T18:46:59.498+0000] {processor.py:161} INFO - Started process (PID=662) to work on /opt/airflow/dags/try.py
[2025-09-10T18:46:59.504+0000] {processor.py:830} INFO - Processing file /opt/airflow/dags/try.py for tasks to queue
[2025-09-10T18:46:59.510+0000] {logging_mixin.py:188} INFO - [2025-09-10T18:46:59.509+0000] {dagbag.py:538} INFO - Filling up the DagBag from /opt/airflow/dags/try.py
[2025-09-10T18:46:59.610+0000] {processor.py:840} INFO - DAG(s) 'ml_pipeline_orchestration2' retrieved from /opt/airflow/dags/try.py
[2025-09-10T18:46:59.658+0000] {logging_mixin.py:188} INFO - [2025-09-10T18:46:59.657+0000] {dag.py:3036} INFO - Sync 1 DAGs
[2025-09-10T18:46:59.716+0000] {logging_mixin.py:188} INFO - [2025-09-10T18:46:59.715+0000] {dag.py:3823} INFO - Setting next_dagrun for ml_pipeline_orchestration2 to 2025-09-09 00:00:00+00:00, run_after=2025-09-10 00:00:00+00:00
[2025-09-10T18:46:59.823+0000] {processor.py:183} INFO - Processing /opt/airflow/dags/try.py took 0.355 seconds
[2025-09-10T18:47:30.600+0000] {processor.py:161} INFO - Started process (PID=677) to work on /opt/airflow/dags/try.py
[2025-09-10T18:47:30.605+0000] {processor.py:830} INFO - Processing file /opt/airflow/dags/try.py for tasks to queue
[2025-09-10T18:47:30.609+0000] {logging_mixin.py:188} INFO - [2025-09-10T18:47:30.608+0000] {dagbag.py:538} INFO - Filling up the DagBag from /opt/airflow/dags/try.py
[2025-09-10T18:47:30.681+0000] {processor.py:840} INFO - DAG(s) 'ml_pipeline_orchestration2' retrieved from /opt/airflow/dags/try.py
[2025-09-10T18:47:30.726+0000] {logging_mixin.py:188} INFO - [2025-09-10T18:47:30.725+0000] {dag.py:3036} INFO - Sync 1 DAGs
[2025-09-10T18:47:30.785+0000] {logging_mixin.py:188} INFO - [2025-09-10T18:47:30.785+0000] {dag.py:3823} INFO - Setting next_dagrun for ml_pipeline_orchestration2 to 2025-09-09 00:00:00+00:00, run_after=2025-09-10 00:00:00+00:00
[2025-09-10T18:47:30.844+0000] {processor.py:183} INFO - Processing /opt/airflow/dags/try.py took 0.253 seconds
[2025-09-10T18:48:01.488+0000] {processor.py:161} INFO - Started process (PID=692) to work on /opt/airflow/dags/try.py
[2025-09-10T18:48:01.494+0000] {processor.py:830} INFO - Processing file /opt/airflow/dags/try.py for tasks to queue
[2025-09-10T18:48:01.499+0000] {logging_mixin.py:188} INFO - [2025-09-10T18:48:01.497+0000] {dagbag.py:538} INFO - Filling up the DagBag from /opt/airflow/dags/try.py
[2025-09-10T18:48:01.615+0000] {processor.py:840} INFO - DAG(s) 'ml_pipeline_orchestration2' retrieved from /opt/airflow/dags/try.py
[2025-09-10T18:48:01.674+0000] {logging_mixin.py:188} INFO - [2025-09-10T18:48:01.673+0000] {dag.py:3036} INFO - Sync 1 DAGs
[2025-09-10T18:48:01.735+0000] {logging_mixin.py:188} INFO - [2025-09-10T18:48:01.734+0000] {dag.py:3823} INFO - Setting next_dagrun for ml_pipeline_orchestration2 to 2025-09-09 00:00:00+00:00, run_after=2025-09-10 00:00:00+00:00
[2025-09-10T18:48:01.782+0000] {processor.py:183} INFO - Processing /opt/airflow/dags/try.py took 0.323 seconds
[2025-09-10T18:48:32.259+0000] {processor.py:161} INFO - Started process (PID=707) to work on /opt/airflow/dags/try.py
[2025-09-10T18:48:32.263+0000] {processor.py:830} INFO - Processing file /opt/airflow/dags/try.py for tasks to queue
[2025-09-10T18:48:32.268+0000] {logging_mixin.py:188} INFO - [2025-09-10T18:48:32.267+0000] {dagbag.py:538} INFO - Filling up the DagBag from /opt/airflow/dags/try.py
[2025-09-10T18:48:32.376+0000] {processor.py:840} INFO - DAG(s) 'ml_pipeline_orchestration2' retrieved from /opt/airflow/dags/try.py
[2025-09-10T18:48:32.446+0000] {logging_mixin.py:188} INFO - [2025-09-10T18:48:32.446+0000] {dag.py:3036} INFO - Sync 1 DAGs
[2025-09-10T18:48:32.498+0000] {logging_mixin.py:188} INFO - [2025-09-10T18:48:32.498+0000] {dag.py:3823} INFO - Setting next_dagrun for ml_pipeline_orchestration2 to 2025-09-09 00:00:00+00:00, run_after=2025-09-10 00:00:00+00:00
[2025-09-10T18:48:32.572+0000] {processor.py:183} INFO - Processing /opt/airflow/dags/try.py took 0.327 seconds
[2025-09-10T18:49:03.102+0000] {processor.py:161} INFO - Started process (PID=722) to work on /opt/airflow/dags/try.py
[2025-09-10T18:49:03.106+0000] {processor.py:830} INFO - Processing file /opt/airflow/dags/try.py for tasks to queue
[2025-09-10T18:49:03.115+0000] {logging_mixin.py:188} INFO - [2025-09-10T18:49:03.114+0000] {dagbag.py:538} INFO - Filling up the DagBag from /opt/airflow/dags/try.py
[2025-09-10T18:49:03.222+0000] {processor.py:840} INFO - DAG(s) 'ml_pipeline_orchestration2' retrieved from /opt/airflow/dags/try.py
[2025-09-10T18:49:03.285+0000] {logging_mixin.py:188} INFO - [2025-09-10T18:49:03.284+0000] {dag.py:3036} INFO - Sync 1 DAGs
[2025-09-10T18:49:03.357+0000] {logging_mixin.py:188} INFO - [2025-09-10T18:49:03.356+0000] {dag.py:3823} INFO - Setting next_dagrun for ml_pipeline_orchestration2 to 2025-09-09 00:00:00+00:00, run_after=2025-09-10 00:00:00+00:00
[2025-09-10T18:49:03.427+0000] {processor.py:183} INFO - Processing /opt/airflow/dags/try.py took 0.346 seconds
[2025-09-10T18:49:34.222+0000] {processor.py:161} INFO - Started process (PID=737) to work on /opt/airflow/dags/try.py
[2025-09-10T18:49:34.235+0000] {processor.py:830} INFO - Processing file /opt/airflow/dags/try.py for tasks to queue
[2025-09-10T18:49:34.242+0000] {logging_mixin.py:188} INFO - [2025-09-10T18:49:34.241+0000] {dagbag.py:538} INFO - Filling up the DagBag from /opt/airflow/dags/try.py
[2025-09-10T18:49:34.397+0000] {processor.py:840} INFO - DAG(s) 'ml_pipeline_orchestration2' retrieved from /opt/airflow/dags/try.py
[2025-09-10T18:49:34.487+0000] {logging_mixin.py:188} INFO - [2025-09-10T18:49:34.486+0000] {dag.py:3036} INFO - Sync 1 DAGs
[2025-09-10T18:49:34.591+0000] {logging_mixin.py:188} INFO - [2025-09-10T18:49:34.591+0000] {dag.py:3823} INFO - Setting next_dagrun for ml_pipeline_orchestration2 to 2025-09-09 00:00:00+00:00, run_after=2025-09-10 00:00:00+00:00
[2025-09-10T18:49:34.645+0000] {processor.py:183} INFO - Processing /opt/airflow/dags/try.py took 0.453 seconds
[2025-09-10T18:50:05.065+0000] {processor.py:161} INFO - Started process (PID=752) to work on /opt/airflow/dags/try.py
[2025-09-10T18:50:05.069+0000] {processor.py:830} INFO - Processing file /opt/airflow/dags/try.py for tasks to queue
[2025-09-10T18:50:05.076+0000] {logging_mixin.py:188} INFO - [2025-09-10T18:50:05.075+0000] {dagbag.py:538} INFO - Filling up the DagBag from /opt/airflow/dags/try.py
[2025-09-10T18:50:05.203+0000] {processor.py:840} INFO - DAG(s) 'ml_pipeline_orchestration2' retrieved from /opt/airflow/dags/try.py
[2025-09-10T18:50:05.266+0000] {logging_mixin.py:188} INFO - [2025-09-10T18:50:05.265+0000] {dag.py:3036} INFO - Sync 1 DAGs
[2025-09-10T18:50:05.332+0000] {logging_mixin.py:188} INFO - [2025-09-10T18:50:05.331+0000] {dag.py:3823} INFO - Setting next_dagrun for ml_pipeline_orchestration2 to 2025-09-09 00:00:00+00:00, run_after=2025-09-10 00:00:00+00:00
[2025-09-10T18:50:05.448+0000] {processor.py:183} INFO - Processing /opt/airflow/dags/try.py took 0.396 seconds
[2025-09-10T18:50:36.127+0000] {processor.py:161} INFO - Started process (PID=767) to work on /opt/airflow/dags/try.py
[2025-09-10T18:50:36.133+0000] {processor.py:830} INFO - Processing file /opt/airflow/dags/try.py for tasks to queue
[2025-09-10T18:50:36.139+0000] {logging_mixin.py:188} INFO - [2025-09-10T18:50:36.137+0000] {dagbag.py:538} INFO - Filling up the DagBag from /opt/airflow/dags/try.py
[2025-09-10T18:50:36.247+0000] {processor.py:840} INFO - DAG(s) 'ml_pipeline_orchestration2' retrieved from /opt/airflow/dags/try.py
[2025-09-10T18:50:36.292+0000] {logging_mixin.py:188} INFO - [2025-09-10T18:50:36.292+0000] {dag.py:3036} INFO - Sync 1 DAGs
[2025-09-10T18:50:36.344+0000] {logging_mixin.py:188} INFO - [2025-09-10T18:50:36.344+0000] {dag.py:3823} INFO - Setting next_dagrun for ml_pipeline_orchestration2 to 2025-09-09 00:00:00+00:00, run_after=2025-09-10 00:00:00+00:00
[2025-09-10T18:50:36.385+0000] {processor.py:183} INFO - Processing /opt/airflow/dags/try.py took 0.275 seconds
[2025-09-10T18:51:07.025+0000] {processor.py:161} INFO - Started process (PID=782) to work on /opt/airflow/dags/try.py
[2025-09-10T18:51:07.030+0000] {processor.py:830} INFO - Processing file /opt/airflow/dags/try.py for tasks to queue
[2025-09-10T18:51:07.041+0000] {logging_mixin.py:188} INFO - [2025-09-10T18:51:07.035+0000] {dagbag.py:538} INFO - Filling up the DagBag from /opt/airflow/dags/try.py
[2025-09-10T18:51:07.143+0000] {processor.py:840} INFO - DAG(s) 'ml_pipeline_orchestration2' retrieved from /opt/airflow/dags/try.py
[2025-09-10T18:51:07.193+0000] {logging_mixin.py:188} INFO - [2025-09-10T18:51:07.192+0000] {dag.py:3036} INFO - Sync 1 DAGs
[2025-09-10T18:51:07.262+0000] {logging_mixin.py:188} INFO - [2025-09-10T18:51:07.262+0000] {dag.py:3823} INFO - Setting next_dagrun for ml_pipeline_orchestration2 to 2025-09-09 00:00:00+00:00, run_after=2025-09-10 00:00:00+00:00
[2025-09-10T18:51:07.353+0000] {processor.py:183} INFO - Processing /opt/airflow/dags/try.py took 0.344 seconds
[2025-09-10T18:51:38.000+0000] {processor.py:161} INFO - Started process (PID=797) to work on /opt/airflow/dags/try.py
[2025-09-10T18:51:38.005+0000] {processor.py:830} INFO - Processing file /opt/airflow/dags/try.py for tasks to queue
[2025-09-10T18:51:38.009+0000] {logging_mixin.py:188} INFO - [2025-09-10T18:51:38.008+0000] {dagbag.py:538} INFO - Filling up the DagBag from /opt/airflow/dags/try.py
[2025-09-10T18:51:38.100+0000] {processor.py:840} INFO - DAG(s) 'ml_pipeline_orchestration2' retrieved from /opt/airflow/dags/try.py
[2025-09-10T18:51:38.147+0000] {logging_mixin.py:188} INFO - [2025-09-10T18:51:38.146+0000] {dag.py:3036} INFO - Sync 1 DAGs
[2025-09-10T18:51:38.203+0000] {logging_mixin.py:188} INFO - [2025-09-10T18:51:38.203+0000] {dag.py:3823} INFO - Setting next_dagrun for ml_pipeline_orchestration2 to 2025-09-09 00:00:00+00:00, run_after=2025-09-10 00:00:00+00:00
[2025-09-10T18:51:38.310+0000] {processor.py:183} INFO - Processing /opt/airflow/dags/try.py took 0.329 seconds
