[2025-09-10T09:50:55.456+0000] {processor.py:161} INFO - Started process (PID=174) to work on /opt/airflow/dags/welcome_dag.py
[2025-09-10T09:50:55.459+0000] {processor.py:830} INFO - Processing file /opt/airflow/dags/welcome_dag.py for tasks to queue
[2025-09-10T09:50:55.468+0000] {logging_mixin.py:188} INFO - [2025-09-10T09:50:55.467+0000] {dagbag.py:538} INFO - Filling up the DagBag from /opt/airflow/dags/welcome_dag.py
[2025-09-10T09:50:55.503+0000] {processor.py:840} INFO - DAG(s) 'welcome_dag' retrieved from /opt/airflow/dags/welcome_dag.py
[2025-09-10T09:50:55.540+0000] {logging_mixin.py:188} INFO - [2025-09-10T09:50:55.539+0000] {dag.py:3036} INFO - Sync 1 DAGs
[2025-09-10T09:50:55.607+0000] {logging_mixin.py:188} INFO - [2025-09-10T09:50:55.606+0000] {dag.py:3823} INFO - Setting next_dagrun for welcome_dag to 2025-09-09 23:00:00+00:00, run_after=2025-09-10 23:00:00+00:00
[2025-09-10T09:50:55.693+0000] {processor.py:183} INFO - Processing /opt/airflow/dags/welcome_dag.py took 0.245 seconds
[2025-09-10T09:51:35.658+0000] {processor.py:161} INFO - Started process (PID=195) to work on /opt/airflow/dags/welcome_dag.py
[2025-09-10T09:51:35.661+0000] {processor.py:830} INFO - Processing file /opt/airflow/dags/welcome_dag.py for tasks to queue
[2025-09-10T09:51:35.664+0000] {logging_mixin.py:188} INFO - [2025-09-10T09:51:35.663+0000] {dagbag.py:538} INFO - Filling up the DagBag from /opt/airflow/dags/welcome_dag.py
[2025-09-10T09:51:35.695+0000] {processor.py:840} INFO - DAG(s) 'welcome_dag' retrieved from /opt/airflow/dags/welcome_dag.py
[2025-09-10T09:51:35.983+0000] {logging_mixin.py:188} INFO - [2025-09-10T09:51:35.982+0000] {dag.py:3036} INFO - Sync 1 DAGs
[2025-09-10T09:51:36.094+0000] {logging_mixin.py:188} INFO - [2025-09-10T09:51:36.093+0000] {dag.py:3823} INFO - Setting next_dagrun for welcome_dag to 2025-09-09 23:00:00+00:00, run_after=2025-09-10 23:00:00+00:00
[2025-09-10T09:51:36.261+0000] {processor.py:183} INFO - Processing /opt/airflow/dags/welcome_dag.py took 0.615 seconds
[2025-09-10T09:52:13.366+0000] {processor.py:161} INFO - Started process (PID=212) to work on /opt/airflow/dags/welcome_dag.py
[2025-09-10T09:52:13.372+0000] {processor.py:830} INFO - Processing file /opt/airflow/dags/welcome_dag.py for tasks to queue
[2025-09-10T09:52:13.381+0000] {logging_mixin.py:188} INFO - [2025-09-10T09:52:13.380+0000] {dagbag.py:538} INFO - Filling up the DagBag from /opt/airflow/dags/welcome_dag.py
[2025-09-10T09:52:13.537+0000] {processor.py:840} INFO - DAG(s) 'welcome_dag' retrieved from /opt/airflow/dags/welcome_dag.py
[2025-09-10T09:52:13.638+0000] {logging_mixin.py:188} INFO - [2025-09-10T09:52:13.638+0000] {dag.py:3036} INFO - Sync 1 DAGs
[2025-09-10T09:52:13.720+0000] {logging_mixin.py:188} INFO - [2025-09-10T09:52:13.720+0000] {dag.py:3823} INFO - Setting next_dagrun for welcome_dag to 2025-09-09 23:00:00+00:00, run_after=2025-09-10 23:00:00+00:00
[2025-09-10T09:52:14.797+0000] {processor.py:183} INFO - Processing /opt/airflow/dags/welcome_dag.py took 1.465 seconds
[2025-09-10T18:28:24.270+0000] {processor.py:161} INFO - Started process (PID=172) to work on /opt/airflow/dags/welcome_dag.py
[2025-09-10T18:28:24.302+0000] {processor.py:830} INFO - Processing file /opt/airflow/dags/welcome_dag.py for tasks to queue
[2025-09-10T18:28:24.348+0000] {logging_mixin.py:188} INFO - [2025-09-10T18:28:24.342+0000] {dagbag.py:538} INFO - Filling up the DagBag from /opt/airflow/dags/welcome_dag.py
[2025-09-10T18:28:24.468+0000] {processor.py:840} INFO - DAG(s) 'welcome_dag' retrieved from /opt/airflow/dags/welcome_dag.py
[2025-09-10T18:28:24.846+0000] {logging_mixin.py:188} INFO - [2025-09-10T18:28:24.844+0000] {dag.py:3036} INFO - Sync 1 DAGs
[2025-09-10T18:28:25.083+0000] {logging_mixin.py:188} INFO - [2025-09-10T18:28:25.082+0000] {dag.py:3823} INFO - Setting next_dagrun for welcome_dag to 2025-09-09 23:00:00+00:00, run_after=2025-09-10 23:00:00+00:00
[2025-09-10T18:28:25.738+0000] {processor.py:183} INFO - Processing /opt/airflow/dags/welcome_dag.py took 1.509 seconds
[2025-09-10T18:29:04.874+0000] {processor.py:161} INFO - Started process (PID=190) to work on /opt/airflow/dags/welcome_dag.py
[2025-09-10T18:29:04.877+0000] {processor.py:830} INFO - Processing file /opt/airflow/dags/welcome_dag.py for tasks to queue
[2025-09-10T18:29:04.880+0000] {logging_mixin.py:188} INFO - [2025-09-10T18:29:04.879+0000] {dagbag.py:538} INFO - Filling up the DagBag from /opt/airflow/dags/welcome_dag.py
[2025-09-10T18:29:04.911+0000] {processor.py:840} INFO - DAG(s) 'welcome_dag' retrieved from /opt/airflow/dags/welcome_dag.py
[2025-09-10T18:29:05.197+0000] {logging_mixin.py:188} INFO - [2025-09-10T18:29:05.196+0000] {dag.py:3036} INFO - Sync 1 DAGs
[2025-09-10T18:29:05.265+0000] {logging_mixin.py:188} INFO - [2025-09-10T18:29:05.264+0000] {dag.py:3823} INFO - Setting next_dagrun for welcome_dag to 2025-09-09 23:00:00+00:00, run_after=2025-09-10 23:00:00+00:00
[2025-09-10T18:29:05.975+0000] {processor.py:183} INFO - Processing /opt/airflow/dags/welcome_dag.py took 1.109 seconds
[2025-09-10T18:29:36.444+0000] {processor.py:161} INFO - Started process (PID=205) to work on /opt/airflow/dags/welcome_dag.py
[2025-09-10T18:29:36.447+0000] {processor.py:830} INFO - Processing file /opt/airflow/dags/welcome_dag.py for tasks to queue
[2025-09-10T18:29:36.452+0000] {logging_mixin.py:188} INFO - [2025-09-10T18:29:36.451+0000] {dagbag.py:538} INFO - Filling up the DagBag from /opt/airflow/dags/welcome_dag.py
[2025-09-10T18:29:36.503+0000] {processor.py:840} INFO - DAG(s) 'welcome_dag' retrieved from /opt/airflow/dags/welcome_dag.py
[2025-09-10T18:29:36.580+0000] {logging_mixin.py:188} INFO - [2025-09-10T18:29:36.579+0000] {dag.py:3036} INFO - Sync 1 DAGs
[2025-09-10T18:29:36.657+0000] {logging_mixin.py:188} INFO - [2025-09-10T18:29:36.656+0000] {dag.py:3823} INFO - Setting next_dagrun for welcome_dag to 2025-09-09 23:00:00+00:00, run_after=2025-09-10 23:00:00+00:00
[2025-09-10T18:29:38.819+0000] {processor.py:183} INFO - Processing /opt/airflow/dags/welcome_dag.py took 2.384 seconds
[2025-09-10T18:30:14.957+0000] {processor.py:161} INFO - Started process (PID=220) to work on /opt/airflow/dags/welcome_dag.py
[2025-09-10T18:30:15.008+0000] {processor.py:830} INFO - Processing file /opt/airflow/dags/welcome_dag.py for tasks to queue
[2025-09-10T18:30:15.018+0000] {logging_mixin.py:188} INFO - [2025-09-10T18:30:15.015+0000] {dagbag.py:538} INFO - Filling up the DagBag from /opt/airflow/dags/welcome_dag.py
[2025-09-10T18:30:15.199+0000] {processor.py:840} INFO - DAG(s) 'welcome_dag' retrieved from /opt/airflow/dags/welcome_dag.py
[2025-09-10T18:30:15.332+0000] {logging_mixin.py:188} INFO - [2025-09-10T18:30:15.331+0000] {dag.py:3036} INFO - Sync 1 DAGs
[2025-09-10T18:30:15.586+0000] {logging_mixin.py:188} INFO - [2025-09-10T18:30:15.586+0000] {dag.py:3823} INFO - Setting next_dagrun for welcome_dag to 2025-09-09 23:00:00+00:00, run_after=2025-09-10 23:00:00+00:00
[2025-09-10T18:30:16.081+0000] {processor.py:183} INFO - Processing /opt/airflow/dags/welcome_dag.py took 1.172 seconds
[2025-09-10T18:30:50.908+0000] {processor.py:161} INFO - Started process (PID=233) to work on /opt/airflow/dags/welcome_dag.py
[2025-09-10T18:30:50.920+0000] {processor.py:830} INFO - Processing file /opt/airflow/dags/welcome_dag.py for tasks to queue
[2025-09-10T18:30:50.967+0000] {logging_mixin.py:188} INFO - [2025-09-10T18:30:50.959+0000] {dagbag.py:538} INFO - Filling up the DagBag from /opt/airflow/dags/welcome_dag.py
[2025-09-10T18:30:51.362+0000] {processor.py:840} INFO - DAG(s) 'welcome_dag' retrieved from /opt/airflow/dags/welcome_dag.py
[2025-09-10T18:30:52.713+0000] {logging_mixin.py:188} INFO - [2025-09-10T18:30:52.702+0000] {dag.py:3036} INFO - Sync 1 DAGs
[2025-09-10T18:30:53.442+0000] {logging_mixin.py:188} INFO - [2025-09-10T18:30:53.439+0000] {dag.py:3823} INFO - Setting next_dagrun for welcome_dag to 2025-09-09 23:00:00+00:00, run_after=2025-09-10 23:00:00+00:00
[2025-09-10T18:30:53.670+0000] {processor.py:183} INFO - Processing /opt/airflow/dags/welcome_dag.py took 2.821 seconds
[2025-09-10T18:31:26.220+0000] {processor.py:161} INFO - Started process (PID=248) to work on /opt/airflow/dags/welcome_dag.py
[2025-09-10T18:31:26.306+0000] {processor.py:830} INFO - Processing file /opt/airflow/dags/welcome_dag.py for tasks to queue
[2025-09-10T18:31:26.356+0000] {logging_mixin.py:188} INFO - [2025-09-10T18:31:26.329+0000] {dagbag.py:538} INFO - Filling up the DagBag from /opt/airflow/dags/welcome_dag.py
[2025-09-10T18:31:26.595+0000] {processor.py:840} INFO - DAG(s) 'welcome_dag' retrieved from /opt/airflow/dags/welcome_dag.py
[2025-09-10T18:31:27.554+0000] {logging_mixin.py:188} INFO - [2025-09-10T18:31:27.551+0000] {dag.py:3036} INFO - Sync 1 DAGs
[2025-09-10T18:31:28.105+0000] {logging_mixin.py:188} INFO - [2025-09-10T18:31:28.103+0000] {dag.py:3823} INFO - Setting next_dagrun for welcome_dag to 2025-09-09 23:00:00+00:00, run_after=2025-09-10 23:00:00+00:00
[2025-09-10T18:31:28.437+0000] {processor.py:183} INFO - Processing /opt/airflow/dags/welcome_dag.py took 2.374 seconds
[2025-09-10T18:31:59.026+0000] {processor.py:161} INFO - Started process (PID=265) to work on /opt/airflow/dags/welcome_dag.py
[2025-09-10T18:31:59.033+0000] {processor.py:830} INFO - Processing file /opt/airflow/dags/welcome_dag.py for tasks to queue
[2025-09-10T18:31:59.041+0000] {logging_mixin.py:188} INFO - [2025-09-10T18:31:59.039+0000] {dagbag.py:538} INFO - Filling up the DagBag from /opt/airflow/dags/welcome_dag.py
[2025-09-10T18:31:59.110+0000] {processor.py:840} INFO - DAG(s) 'welcome_dag' retrieved from /opt/airflow/dags/welcome_dag.py
[2025-09-10T18:31:59.342+0000] {logging_mixin.py:188} INFO - [2025-09-10T18:31:59.342+0000] {dag.py:3036} INFO - Sync 1 DAGs
[2025-09-10T18:31:59.469+0000] {logging_mixin.py:188} INFO - [2025-09-10T18:31:59.468+0000] {dag.py:3823} INFO - Setting next_dagrun for welcome_dag to 2025-09-09 23:00:00+00:00, run_after=2025-09-10 23:00:00+00:00
[2025-09-10T18:31:59.653+0000] {processor.py:183} INFO - Processing /opt/airflow/dags/welcome_dag.py took 0.689 seconds
[2025-09-10T18:32:30.363+0000] {processor.py:161} INFO - Started process (PID=278) to work on /opt/airflow/dags/welcome_dag.py
[2025-09-10T18:32:30.390+0000] {processor.py:830} INFO - Processing file /opt/airflow/dags/welcome_dag.py for tasks to queue
[2025-09-10T18:32:30.433+0000] {logging_mixin.py:188} INFO - [2025-09-10T18:32:30.421+0000] {dagbag.py:538} INFO - Filling up the DagBag from /opt/airflow/dags/welcome_dag.py
[2025-09-10T18:32:30.834+0000] {processor.py:840} INFO - DAG(s) 'welcome_dag' retrieved from /opt/airflow/dags/welcome_dag.py
[2025-09-10T18:32:38.127+0000] {logging_mixin.py:188} INFO - [2025-09-10T18:32:38.127+0000] {dag.py:3036} INFO - Sync 1 DAGs
[2025-09-10T18:32:38.215+0000] {logging_mixin.py:188} INFO - [2025-09-10T18:32:38.214+0000] {dag.py:3823} INFO - Setting next_dagrun for welcome_dag to 2025-09-09 23:00:00+00:00, run_after=2025-09-10 23:00:00+00:00
[2025-09-10T18:32:38.419+0000] {processor.py:183} INFO - Processing /opt/airflow/dags/welcome_dag.py took 8.127 seconds
[2025-09-10T18:33:08.714+0000] {processor.py:161} INFO - Started process (PID=295) to work on /opt/airflow/dags/welcome_dag.py
[2025-09-10T18:33:08.738+0000] {processor.py:830} INFO - Processing file /opt/airflow/dags/welcome_dag.py for tasks to queue
[2025-09-10T18:33:08.758+0000] {logging_mixin.py:188} INFO - [2025-09-10T18:33:08.750+0000] {dagbag.py:538} INFO - Filling up the DagBag from /opt/airflow/dags/welcome_dag.py
[2025-09-10T18:33:09.065+0000] {processor.py:840} INFO - DAG(s) 'welcome_dag' retrieved from /opt/airflow/dags/welcome_dag.py
[2025-09-10T18:33:09.568+0000] {logging_mixin.py:188} INFO - [2025-09-10T18:33:09.563+0000] {dag.py:3036} INFO - Sync 1 DAGs
[2025-09-10T18:33:09.876+0000] {logging_mixin.py:188} INFO - [2025-09-10T18:33:09.875+0000] {dag.py:3823} INFO - Setting next_dagrun for welcome_dag to 2025-09-09 23:00:00+00:00, run_after=2025-09-10 23:00:00+00:00
[2025-09-10T18:33:10.071+0000] {processor.py:183} INFO - Processing /opt/airflow/dags/welcome_dag.py took 1.420 seconds
[2025-09-10T18:33:40.968+0000] {processor.py:161} INFO - Started process (PID=310) to work on /opt/airflow/dags/welcome_dag.py
[2025-09-10T18:33:40.992+0000] {processor.py:830} INFO - Processing file /opt/airflow/dags/welcome_dag.py for tasks to queue
[2025-09-10T18:33:41.038+0000] {logging_mixin.py:188} INFO - [2025-09-10T18:33:41.028+0000] {dagbag.py:538} INFO - Filling up the DagBag from /opt/airflow/dags/welcome_dag.py
[2025-09-10T18:33:41.773+0000] {processor.py:840} INFO - DAG(s) 'welcome_dag' retrieved from /opt/airflow/dags/welcome_dag.py
[2025-09-10T18:33:42.861+0000] {logging_mixin.py:188} INFO - [2025-09-10T18:33:42.859+0000] {dag.py:3036} INFO - Sync 1 DAGs
[2025-09-10T18:33:43.298+0000] {logging_mixin.py:188} INFO - [2025-09-10T18:33:43.296+0000] {dag.py:3823} INFO - Setting next_dagrun for welcome_dag to 2025-09-09 23:00:00+00:00, run_after=2025-09-10 23:00:00+00:00
[2025-09-10T18:33:43.728+0000] {processor.py:183} INFO - Processing /opt/airflow/dags/welcome_dag.py took 2.814 seconds
[2025-09-10T18:34:24.579+0000] {processor.py:161} INFO - Started process (PID=325) to work on /opt/airflow/dags/welcome_dag.py
[2025-09-10T18:34:24.612+0000] {processor.py:830} INFO - Processing file /opt/airflow/dags/welcome_dag.py for tasks to queue
[2025-09-10T18:34:24.632+0000] {logging_mixin.py:188} INFO - [2025-09-10T18:34:24.628+0000] {dagbag.py:538} INFO - Filling up the DagBag from /opt/airflow/dags/welcome_dag.py
[2025-09-10T18:34:25.015+0000] {processor.py:840} INFO - DAG(s) 'welcome_dag' retrieved from /opt/airflow/dags/welcome_dag.py
[2025-09-10T18:34:26.007+0000] {logging_mixin.py:188} INFO - [2025-09-10T18:34:26.005+0000] {dag.py:3036} INFO - Sync 1 DAGs
[2025-09-10T18:34:26.652+0000] {logging_mixin.py:188} INFO - [2025-09-10T18:34:26.650+0000] {dag.py:3823} INFO - Setting next_dagrun for welcome_dag to 2025-09-09 23:00:00+00:00, run_after=2025-09-10 23:00:00+00:00
[2025-09-10T18:34:26.936+0000] {processor.py:183} INFO - Processing /opt/airflow/dags/welcome_dag.py took 2.428 seconds
[2025-09-10T18:34:58.078+0000] {processor.py:161} INFO - Started process (PID=340) to work on /opt/airflow/dags/welcome_dag.py
[2025-09-10T18:34:58.086+0000] {processor.py:830} INFO - Processing file /opt/airflow/dags/welcome_dag.py for tasks to queue
[2025-09-10T18:34:58.099+0000] {logging_mixin.py:188} INFO - [2025-09-10T18:34:58.097+0000] {dagbag.py:538} INFO - Filling up the DagBag from /opt/airflow/dags/welcome_dag.py
[2025-09-10T18:34:58.358+0000] {processor.py:840} INFO - DAG(s) 'welcome_dag' retrieved from /opt/airflow/dags/welcome_dag.py
[2025-09-10T18:34:58.577+0000] {logging_mixin.py:188} INFO - [2025-09-10T18:34:58.576+0000] {dag.py:3036} INFO - Sync 1 DAGs
[2025-09-10T18:34:58.672+0000] {logging_mixin.py:188} INFO - [2025-09-10T18:34:58.670+0000] {dag.py:3823} INFO - Setting next_dagrun for welcome_dag to 2025-09-09 23:00:00+00:00, run_after=2025-09-10 23:00:00+00:00
[2025-09-10T18:34:59.025+0000] {processor.py:183} INFO - Processing /opt/airflow/dags/welcome_dag.py took 0.984 seconds
[2025-09-10T18:35:39.236+0000] {processor.py:161} INFO - Started process (PID=355) to work on /opt/airflow/dags/welcome_dag.py
[2025-09-10T18:35:39.243+0000] {processor.py:830} INFO - Processing file /opt/airflow/dags/welcome_dag.py for tasks to queue
[2025-09-10T18:35:39.252+0000] {logging_mixin.py:188} INFO - [2025-09-10T18:35:39.249+0000] {dagbag.py:538} INFO - Filling up the DagBag from /opt/airflow/dags/welcome_dag.py
[2025-09-10T18:35:39.336+0000] {processor.py:840} INFO - DAG(s) 'welcome_dag' retrieved from /opt/airflow/dags/welcome_dag.py
[2025-09-10T18:35:39.478+0000] {logging_mixin.py:188} INFO - [2025-09-10T18:35:39.477+0000] {dag.py:3036} INFO - Sync 1 DAGs
[2025-09-10T18:35:39.574+0000] {logging_mixin.py:188} INFO - [2025-09-10T18:35:39.573+0000] {dag.py:3823} INFO - Setting next_dagrun for welcome_dag to 2025-09-09 23:00:00+00:00, run_after=2025-09-10 23:00:00+00:00
[2025-09-10T18:35:39.678+0000] {processor.py:183} INFO - Processing /opt/airflow/dags/welcome_dag.py took 0.465 seconds
[2025-09-10T18:36:12.172+0000] {processor.py:161} INFO - Started process (PID=370) to work on /opt/airflow/dags/welcome_dag.py
[2025-09-10T18:36:12.217+0000] {processor.py:830} INFO - Processing file /opt/airflow/dags/welcome_dag.py for tasks to queue
[2025-09-10T18:36:12.259+0000] {logging_mixin.py:188} INFO - [2025-09-10T18:36:12.248+0000] {dagbag.py:538} INFO - Filling up the DagBag from /opt/airflow/dags/welcome_dag.py
[2025-09-10T18:36:12.502+0000] {processor.py:840} INFO - DAG(s) 'welcome_dag' retrieved from /opt/airflow/dags/welcome_dag.py
[2025-09-10T18:36:12.677+0000] {logging_mixin.py:188} INFO - [2025-09-10T18:36:12.675+0000] {dag.py:3036} INFO - Sync 1 DAGs
[2025-09-10T18:36:13.023+0000] {logging_mixin.py:188} INFO - [2025-09-10T18:36:13.021+0000] {dag.py:3823} INFO - Setting next_dagrun for welcome_dag to 2025-09-09 23:00:00+00:00, run_after=2025-09-10 23:00:00+00:00
[2025-09-10T18:36:13.231+0000] {processor.py:183} INFO - Processing /opt/airflow/dags/welcome_dag.py took 1.141 seconds
[2025-09-10T18:36:49.085+0000] {processor.py:161} INFO - Started process (PID=385) to work on /opt/airflow/dags/welcome_dag.py
[2025-09-10T18:36:49.099+0000] {processor.py:830} INFO - Processing file /opt/airflow/dags/welcome_dag.py for tasks to queue
[2025-09-10T18:36:49.116+0000] {logging_mixin.py:188} INFO - [2025-09-10T18:36:49.111+0000] {dagbag.py:538} INFO - Filling up the DagBag from /opt/airflow/dags/welcome_dag.py
[2025-09-10T18:36:49.418+0000] {processor.py:840} INFO - DAG(s) 'welcome_dag' retrieved from /opt/airflow/dags/welcome_dag.py
[2025-09-10T18:36:51.579+0000] {logging_mixin.py:188} INFO - [2025-09-10T18:36:51.574+0000] {dag.py:3036} INFO - Sync 1 DAGs
[2025-09-10T18:36:51.868+0000] {logging_mixin.py:188} INFO - [2025-09-10T18:36:51.867+0000] {dag.py:3823} INFO - Setting next_dagrun for welcome_dag to 2025-09-09 23:00:00+00:00, run_after=2025-09-10 23:00:00+00:00
[2025-09-10T18:36:52.095+0000] {processor.py:183} INFO - Processing /opt/airflow/dags/welcome_dag.py took 3.065 seconds
[2025-09-10T18:37:22.780+0000] {processor.py:161} INFO - Started process (PID=400) to work on /opt/airflow/dags/welcome_dag.py
[2025-09-10T18:37:22.806+0000] {processor.py:830} INFO - Processing file /opt/airflow/dags/welcome_dag.py for tasks to queue
[2025-09-10T18:37:22.854+0000] {logging_mixin.py:188} INFO - [2025-09-10T18:37:22.849+0000] {dagbag.py:538} INFO - Filling up the DagBag from /opt/airflow/dags/welcome_dag.py
[2025-09-10T18:37:23.264+0000] {processor.py:840} INFO - DAG(s) 'welcome_dag' retrieved from /opt/airflow/dags/welcome_dag.py
[2025-09-10T18:37:23.660+0000] {logging_mixin.py:188} INFO - [2025-09-10T18:37:23.658+0000] {dag.py:3036} INFO - Sync 1 DAGs
[2025-09-10T18:37:24.200+0000] {logging_mixin.py:188} INFO - [2025-09-10T18:37:24.196+0000] {dag.py:3823} INFO - Setting next_dagrun for welcome_dag to 2025-09-09 23:00:00+00:00, run_after=2025-09-10 23:00:00+00:00
[2025-09-10T18:37:24.947+0000] {processor.py:183} INFO - Processing /opt/airflow/dags/welcome_dag.py took 2.273 seconds
[2025-09-10T18:38:16.678+0000] {processor.py:161} INFO - Started process (PID=413) to work on /opt/airflow/dags/welcome_dag.py
[2025-09-10T18:38:16.789+0000] {processor.py:830} INFO - Processing file /opt/airflow/dags/welcome_dag.py for tasks to queue
[2025-09-10T18:38:17.429+0000] {logging_mixin.py:188} INFO - [2025-09-10T18:38:17.234+0000] {dagbag.py:538} INFO - Filling up the DagBag from /opt/airflow/dags/welcome_dag.py
[2025-09-10T18:38:21.180+0000] {processor.py:840} INFO - DAG(s) 'welcome_dag' retrieved from /opt/airflow/dags/welcome_dag.py
[2025-09-10T18:38:21.737+0000] {logging_mixin.py:188} INFO - [2025-09-10T18:38:21.735+0000] {dag.py:3036} INFO - Sync 1 DAGs
[2025-09-10T18:38:22.398+0000] {logging_mixin.py:188} INFO - [2025-09-10T18:38:22.396+0000] {dag.py:3823} INFO - Setting next_dagrun for welcome_dag to 2025-09-09 23:00:00+00:00, run_after=2025-09-10 23:00:00+00:00
[2025-09-10T18:38:22.841+0000] {processor.py:183} INFO - Processing /opt/airflow/dags/welcome_dag.py took 7.302 seconds
[2025-09-10T18:38:53.712+0000] {processor.py:161} INFO - Started process (PID=423) to work on /opt/airflow/dags/welcome_dag.py
[2025-09-10T18:38:53.716+0000] {processor.py:830} INFO - Processing file /opt/airflow/dags/welcome_dag.py for tasks to queue
[2025-09-10T18:38:53.723+0000] {logging_mixin.py:188} INFO - [2025-09-10T18:38:53.721+0000] {dagbag.py:538} INFO - Filling up the DagBag from /opt/airflow/dags/welcome_dag.py
[2025-09-10T18:38:54.001+0000] {processor.py:840} INFO - DAG(s) 'welcome_dag' retrieved from /opt/airflow/dags/welcome_dag.py
[2025-09-10T18:38:54.150+0000] {logging_mixin.py:188} INFO - [2025-09-10T18:38:54.150+0000] {dag.py:3036} INFO - Sync 1 DAGs
[2025-09-10T18:38:54.549+0000] {logging_mixin.py:188} INFO - [2025-09-10T18:38:54.544+0000] {dag.py:3823} INFO - Setting next_dagrun for welcome_dag to 2025-09-09 23:00:00+00:00, run_after=2025-09-10 23:00:00+00:00
[2025-09-10T18:39:03.752+0000] {processor.py:183} INFO - Processing /opt/airflow/dags/welcome_dag.py took 10.061 seconds
[2025-09-10T18:39:34.305+0000] {processor.py:161} INFO - Started process (PID=438) to work on /opt/airflow/dags/welcome_dag.py
[2025-09-10T18:39:34.311+0000] {processor.py:830} INFO - Processing file /opt/airflow/dags/welcome_dag.py for tasks to queue
[2025-09-10T18:39:34.319+0000] {logging_mixin.py:188} INFO - [2025-09-10T18:39:34.317+0000] {dagbag.py:538} INFO - Filling up the DagBag from /opt/airflow/dags/welcome_dag.py
[2025-09-10T18:39:34.387+0000] {processor.py:840} INFO - DAG(s) 'welcome_dag' retrieved from /opt/airflow/dags/welcome_dag.py
[2025-09-10T18:39:34.499+0000] {logging_mixin.py:188} INFO - [2025-09-10T18:39:34.498+0000] {dag.py:3036} INFO - Sync 1 DAGs
[2025-09-10T18:39:34.559+0000] {logging_mixin.py:188} INFO - [2025-09-10T18:39:34.559+0000] {dag.py:3823} INFO - Setting next_dagrun for welcome_dag to 2025-09-09 23:00:00+00:00, run_after=2025-09-10 23:00:00+00:00
[2025-09-10T18:39:34.892+0000] {processor.py:183} INFO - Processing /opt/airflow/dags/welcome_dag.py took 0.606 seconds
[2025-09-10T18:40:05.229+0000] {processor.py:161} INFO - Started process (PID=454) to work on /opt/airflow/dags/welcome_dag.py
[2025-09-10T18:40:05.233+0000] {processor.py:830} INFO - Processing file /opt/airflow/dags/welcome_dag.py for tasks to queue
[2025-09-10T18:40:05.239+0000] {logging_mixin.py:188} INFO - [2025-09-10T18:40:05.238+0000] {dagbag.py:538} INFO - Filling up the DagBag from /opt/airflow/dags/welcome_dag.py
[2025-09-10T18:40:05.284+0000] {processor.py:840} INFO - DAG(s) 'welcome_dag' retrieved from /opt/airflow/dags/welcome_dag.py
[2025-09-10T18:40:05.390+0000] {logging_mixin.py:188} INFO - [2025-09-10T18:40:05.390+0000] {dag.py:3036} INFO - Sync 1 DAGs
[2025-09-10T18:40:05.451+0000] {logging_mixin.py:188} INFO - [2025-09-10T18:40:05.450+0000] {dag.py:3823} INFO - Setting next_dagrun for welcome_dag to 2025-09-09 23:00:00+00:00, run_after=2025-09-10 23:00:00+00:00
[2025-09-10T18:40:05.522+0000] {processor.py:183} INFO - Processing /opt/airflow/dags/welcome_dag.py took 0.309 seconds
[2025-09-10T18:40:35.752+0000] {processor.py:161} INFO - Started process (PID=470) to work on /opt/airflow/dags/welcome_dag.py
[2025-09-10T18:40:35.756+0000] {processor.py:830} INFO - Processing file /opt/airflow/dags/welcome_dag.py for tasks to queue
[2025-09-10T18:40:35.761+0000] {logging_mixin.py:188} INFO - [2025-09-10T18:40:35.760+0000] {dagbag.py:538} INFO - Filling up the DagBag from /opt/airflow/dags/welcome_dag.py
[2025-09-10T18:40:35.802+0000] {processor.py:840} INFO - DAG(s) 'welcome_dag' retrieved from /opt/airflow/dags/welcome_dag.py
[2025-09-10T18:40:35.897+0000] {logging_mixin.py:188} INFO - [2025-09-10T18:40:35.896+0000] {dag.py:3036} INFO - Sync 1 DAGs
[2025-09-10T18:40:35.952+0000] {logging_mixin.py:188} INFO - [2025-09-10T18:40:35.952+0000] {dag.py:3823} INFO - Setting next_dagrun for welcome_dag to 2025-09-09 23:00:00+00:00, run_after=2025-09-10 23:00:00+00:00
[2025-09-10T18:40:36.050+0000] {processor.py:183} INFO - Processing /opt/airflow/dags/welcome_dag.py took 0.322 seconds
[2025-09-10T18:41:06.908+0000] {processor.py:161} INFO - Started process (PID=485) to work on /opt/airflow/dags/welcome_dag.py
[2025-09-10T18:41:06.914+0000] {processor.py:830} INFO - Processing file /opt/airflow/dags/welcome_dag.py for tasks to queue
[2025-09-10T18:41:06.927+0000] {logging_mixin.py:188} INFO - [2025-09-10T18:41:06.924+0000] {dagbag.py:538} INFO - Filling up the DagBag from /opt/airflow/dags/welcome_dag.py
[2025-09-10T18:41:07.041+0000] {processor.py:840} INFO - DAG(s) 'welcome_dag' retrieved from /opt/airflow/dags/welcome_dag.py
[2025-09-10T18:41:07.171+0000] {logging_mixin.py:188} INFO - [2025-09-10T18:41:07.170+0000] {dag.py:3036} INFO - Sync 1 DAGs
[2025-09-10T18:41:07.255+0000] {logging_mixin.py:188} INFO - [2025-09-10T18:41:07.254+0000] {dag.py:3823} INFO - Setting next_dagrun for welcome_dag to 2025-09-09 23:00:00+00:00, run_after=2025-09-10 23:00:00+00:00
[2025-09-10T18:41:07.308+0000] {processor.py:183} INFO - Processing /opt/airflow/dags/welcome_dag.py took 0.427 seconds
[2025-09-10T18:41:37.857+0000] {processor.py:161} INFO - Started process (PID=500) to work on /opt/airflow/dags/welcome_dag.py
[2025-09-10T18:41:37.860+0000] {processor.py:830} INFO - Processing file /opt/airflow/dags/welcome_dag.py for tasks to queue
[2025-09-10T18:41:37.864+0000] {logging_mixin.py:188} INFO - [2025-09-10T18:41:37.863+0000] {dagbag.py:538} INFO - Filling up the DagBag from /opt/airflow/dags/welcome_dag.py
[2025-09-10T18:41:37.902+0000] {processor.py:840} INFO - DAG(s) 'welcome_dag' retrieved from /opt/airflow/dags/welcome_dag.py
[2025-09-10T18:41:37.973+0000] {logging_mixin.py:188} INFO - [2025-09-10T18:41:37.973+0000] {dag.py:3036} INFO - Sync 1 DAGs
[2025-09-10T18:41:38.039+0000] {logging_mixin.py:188} INFO - [2025-09-10T18:41:38.039+0000] {dag.py:3823} INFO - Setting next_dagrun for welcome_dag to 2025-09-09 23:00:00+00:00, run_after=2025-09-10 23:00:00+00:00
[2025-09-10T18:41:38.115+0000] {processor.py:183} INFO - Processing /opt/airflow/dags/welcome_dag.py took 0.267 seconds
[2025-09-10T18:42:08.772+0000] {processor.py:161} INFO - Started process (PID=515) to work on /opt/airflow/dags/welcome_dag.py
[2025-09-10T18:42:08.777+0000] {processor.py:830} INFO - Processing file /opt/airflow/dags/welcome_dag.py for tasks to queue
[2025-09-10T18:42:08.785+0000] {logging_mixin.py:188} INFO - [2025-09-10T18:42:08.782+0000] {dagbag.py:538} INFO - Filling up the DagBag from /opt/airflow/dags/welcome_dag.py
[2025-09-10T18:42:08.861+0000] {processor.py:840} INFO - DAG(s) 'welcome_dag' retrieved from /opt/airflow/dags/welcome_dag.py
[2025-09-10T18:42:08.943+0000] {logging_mixin.py:188} INFO - [2025-09-10T18:42:08.942+0000] {dag.py:3036} INFO - Sync 1 DAGs
[2025-09-10T18:42:09.021+0000] {logging_mixin.py:188} INFO - [2025-09-10T18:42:09.021+0000] {dag.py:3823} INFO - Setting next_dagrun for welcome_dag to 2025-09-09 23:00:00+00:00, run_after=2025-09-10 23:00:00+00:00
[2025-09-10T18:42:09.121+0000] {processor.py:183} INFO - Processing /opt/airflow/dags/welcome_dag.py took 0.367 seconds
[2025-09-10T18:42:39.929+0000] {processor.py:161} INFO - Started process (PID=530) to work on /opt/airflow/dags/welcome_dag.py
[2025-09-10T18:42:39.934+0000] {processor.py:830} INFO - Processing file /opt/airflow/dags/welcome_dag.py for tasks to queue
[2025-09-10T18:42:39.941+0000] {logging_mixin.py:188} INFO - [2025-09-10T18:42:39.939+0000] {dagbag.py:538} INFO - Filling up the DagBag from /opt/airflow/dags/welcome_dag.py
[2025-09-10T18:42:40.010+0000] {processor.py:840} INFO - DAG(s) 'welcome_dag' retrieved from /opt/airflow/dags/welcome_dag.py
[2025-09-10T18:42:40.113+0000] {logging_mixin.py:188} INFO - [2025-09-10T18:42:40.113+0000] {dag.py:3036} INFO - Sync 1 DAGs
[2025-09-10T18:42:40.192+0000] {logging_mixin.py:188} INFO - [2025-09-10T18:42:40.191+0000] {dag.py:3823} INFO - Setting next_dagrun for welcome_dag to 2025-09-09 23:00:00+00:00, run_after=2025-09-10 23:00:00+00:00
[2025-09-10T18:42:40.253+0000] {processor.py:183} INFO - Processing /opt/airflow/dags/welcome_dag.py took 0.346 seconds
[2025-09-10T18:43:10.794+0000] {processor.py:161} INFO - Started process (PID=545) to work on /opt/airflow/dags/welcome_dag.py
[2025-09-10T18:43:10.799+0000] {processor.py:830} INFO - Processing file /opt/airflow/dags/welcome_dag.py for tasks to queue
[2025-09-10T18:43:10.804+0000] {logging_mixin.py:188} INFO - [2025-09-10T18:43:10.803+0000] {dagbag.py:538} INFO - Filling up the DagBag from /opt/airflow/dags/welcome_dag.py
[2025-09-10T18:43:10.883+0000] {processor.py:840} INFO - DAG(s) 'welcome_dag' retrieved from /opt/airflow/dags/welcome_dag.py
[2025-09-10T18:43:10.984+0000] {logging_mixin.py:188} INFO - [2025-09-10T18:43:10.983+0000] {dag.py:3036} INFO - Sync 1 DAGs
[2025-09-10T18:43:11.074+0000] {logging_mixin.py:188} INFO - [2025-09-10T18:43:11.073+0000] {dag.py:3823} INFO - Setting next_dagrun for welcome_dag to 2025-09-09 23:00:00+00:00, run_after=2025-09-10 23:00:00+00:00
[2025-09-10T18:43:11.152+0000] {processor.py:183} INFO - Processing /opt/airflow/dags/welcome_dag.py took 0.375 seconds
[2025-09-10T18:43:42.074+0000] {processor.py:161} INFO - Started process (PID=560) to work on /opt/airflow/dags/welcome_dag.py
[2025-09-10T18:43:42.079+0000] {processor.py:830} INFO - Processing file /opt/airflow/dags/welcome_dag.py for tasks to queue
[2025-09-10T18:43:42.087+0000] {logging_mixin.py:188} INFO - [2025-09-10T18:43:42.085+0000] {dagbag.py:538} INFO - Filling up the DagBag from /opt/airflow/dags/welcome_dag.py
[2025-09-10T18:43:42.142+0000] {processor.py:840} INFO - DAG(s) 'welcome_dag' retrieved from /opt/airflow/dags/welcome_dag.py
[2025-09-10T18:43:42.252+0000] {logging_mixin.py:188} INFO - [2025-09-10T18:43:42.251+0000] {dag.py:3036} INFO - Sync 1 DAGs
[2025-09-10T18:43:42.353+0000] {logging_mixin.py:188} INFO - [2025-09-10T18:43:42.352+0000] {dag.py:3823} INFO - Setting next_dagrun for welcome_dag to 2025-09-09 23:00:00+00:00, run_after=2025-09-10 23:00:00+00:00
[2025-09-10T18:43:42.511+0000] {processor.py:183} INFO - Processing /opt/airflow/dags/welcome_dag.py took 0.457 seconds
[2025-09-10T18:44:12.967+0000] {processor.py:161} INFO - Started process (PID=575) to work on /opt/airflow/dags/welcome_dag.py
[2025-09-10T18:44:12.974+0000] {processor.py:830} INFO - Processing file /opt/airflow/dags/welcome_dag.py for tasks to queue
[2025-09-10T18:44:12.982+0000] {logging_mixin.py:188} INFO - [2025-09-10T18:44:12.980+0000] {dagbag.py:538} INFO - Filling up the DagBag from /opt/airflow/dags/welcome_dag.py
[2025-09-10T18:44:13.044+0000] {processor.py:840} INFO - DAG(s) 'welcome_dag' retrieved from /opt/airflow/dags/welcome_dag.py
[2025-09-10T18:44:13.164+0000] {logging_mixin.py:188} INFO - [2025-09-10T18:44:13.164+0000] {dag.py:3036} INFO - Sync 1 DAGs
[2025-09-10T18:44:13.237+0000] {logging_mixin.py:188} INFO - [2025-09-10T18:44:13.237+0000] {dag.py:3823} INFO - Setting next_dagrun for welcome_dag to 2025-09-09 23:00:00+00:00, run_after=2025-09-10 23:00:00+00:00
[2025-09-10T18:44:13.311+0000] {processor.py:183} INFO - Processing /opt/airflow/dags/welcome_dag.py took 0.367 seconds
[2025-09-10T18:44:43.933+0000] {processor.py:161} INFO - Started process (PID=590) to work on /opt/airflow/dags/welcome_dag.py
[2025-09-10T18:44:43.938+0000] {processor.py:830} INFO - Processing file /opt/airflow/dags/welcome_dag.py for tasks to queue
[2025-09-10T18:44:43.945+0000] {logging_mixin.py:188} INFO - [2025-09-10T18:44:43.943+0000] {dagbag.py:538} INFO - Filling up the DagBag from /opt/airflow/dags/welcome_dag.py
[2025-09-10T18:44:44.001+0000] {processor.py:840} INFO - DAG(s) 'welcome_dag' retrieved from /opt/airflow/dags/welcome_dag.py
[2025-09-10T18:44:44.103+0000] {logging_mixin.py:188} INFO - [2025-09-10T18:44:44.103+0000] {dag.py:3036} INFO - Sync 1 DAGs
[2025-09-10T18:44:44.172+0000] {logging_mixin.py:188} INFO - [2025-09-10T18:44:44.171+0000] {dag.py:3823} INFO - Setting next_dagrun for welcome_dag to 2025-09-09 23:00:00+00:00, run_after=2025-09-10 23:00:00+00:00
[2025-09-10T18:44:44.248+0000] {processor.py:183} INFO - Processing /opt/airflow/dags/welcome_dag.py took 0.338 seconds
[2025-09-10T18:45:15.231+0000] {processor.py:161} INFO - Started process (PID=605) to work on /opt/airflow/dags/welcome_dag.py
[2025-09-10T18:45:15.250+0000] {processor.py:830} INFO - Processing file /opt/airflow/dags/welcome_dag.py for tasks to queue
[2025-09-10T18:45:15.258+0000] {logging_mixin.py:188} INFO - [2025-09-10T18:45:15.257+0000] {dagbag.py:538} INFO - Filling up the DagBag from /opt/airflow/dags/welcome_dag.py
[2025-09-10T18:45:15.361+0000] {processor.py:840} INFO - DAG(s) 'welcome_dag' retrieved from /opt/airflow/dags/welcome_dag.py
[2025-09-10T18:45:15.533+0000] {logging_mixin.py:188} INFO - [2025-09-10T18:45:15.533+0000] {dag.py:3036} INFO - Sync 1 DAGs
[2025-09-10T18:45:15.627+0000] {logging_mixin.py:188} INFO - [2025-09-10T18:45:15.626+0000] {dag.py:3823} INFO - Setting next_dagrun for welcome_dag to 2025-09-09 23:00:00+00:00, run_after=2025-09-10 23:00:00+00:00
[2025-09-10T18:45:15.708+0000] {processor.py:183} INFO - Processing /opt/airflow/dags/welcome_dag.py took 0.488 seconds
[2025-09-10T18:45:46.013+0000] {processor.py:161} INFO - Started process (PID=620) to work on /opt/airflow/dags/welcome_dag.py
[2025-09-10T18:45:46.018+0000] {processor.py:830} INFO - Processing file /opt/airflow/dags/welcome_dag.py for tasks to queue
[2025-09-10T18:45:46.026+0000] {logging_mixin.py:188} INFO - [2025-09-10T18:45:46.023+0000] {dagbag.py:538} INFO - Filling up the DagBag from /opt/airflow/dags/welcome_dag.py
[2025-09-10T18:45:46.079+0000] {processor.py:840} INFO - DAG(s) 'welcome_dag' retrieved from /opt/airflow/dags/welcome_dag.py
[2025-09-10T18:45:46.176+0000] {logging_mixin.py:188} INFO - [2025-09-10T18:45:46.175+0000] {dag.py:3036} INFO - Sync 1 DAGs
[2025-09-10T18:45:46.239+0000] {logging_mixin.py:188} INFO - [2025-09-10T18:45:46.238+0000] {dag.py:3823} INFO - Setting next_dagrun for welcome_dag to 2025-09-09 23:00:00+00:00, run_after=2025-09-10 23:00:00+00:00
[2025-09-10T18:45:46.288+0000] {processor.py:183} INFO - Processing /opt/airflow/dags/welcome_dag.py took 0.299 seconds
[2025-09-10T18:46:16.502+0000] {processor.py:161} INFO - Started process (PID=637) to work on /opt/airflow/dags/welcome_dag.py
[2025-09-10T18:46:16.505+0000] {processor.py:830} INFO - Processing file /opt/airflow/dags/welcome_dag.py for tasks to queue
[2025-09-10T18:46:16.513+0000] {logging_mixin.py:188} INFO - [2025-09-10T18:46:16.512+0000] {dagbag.py:538} INFO - Filling up the DagBag from /opt/airflow/dags/welcome_dag.py
[2025-09-10T18:46:16.555+0000] {processor.py:840} INFO - DAG(s) 'welcome_dag' retrieved from /opt/airflow/dags/welcome_dag.py
[2025-09-10T18:46:16.669+0000] {logging_mixin.py:188} INFO - [2025-09-10T18:46:16.669+0000] {dag.py:3036} INFO - Sync 1 DAGs
[2025-09-10T18:46:16.750+0000] {logging_mixin.py:188} INFO - [2025-09-10T18:46:16.749+0000] {dag.py:3823} INFO - Setting next_dagrun for welcome_dag to 2025-09-09 23:00:00+00:00, run_after=2025-09-10 23:00:00+00:00
[2025-09-10T18:46:16.957+0000] {processor.py:183} INFO - Processing /opt/airflow/dags/welcome_dag.py took 0.482 seconds
[2025-09-10T18:46:47.398+0000] {processor.py:161} INFO - Started process (PID=652) to work on /opt/airflow/dags/welcome_dag.py
[2025-09-10T18:46:47.401+0000] {processor.py:830} INFO - Processing file /opt/airflow/dags/welcome_dag.py for tasks to queue
[2025-09-10T18:46:47.411+0000] {logging_mixin.py:188} INFO - [2025-09-10T18:46:47.410+0000] {dagbag.py:538} INFO - Filling up the DagBag from /opt/airflow/dags/welcome_dag.py
[2025-09-10T18:46:47.594+0000] {processor.py:840} INFO - DAG(s) 'welcome_dag' retrieved from /opt/airflow/dags/welcome_dag.py
[2025-09-10T18:46:47.724+0000] {logging_mixin.py:188} INFO - [2025-09-10T18:46:47.723+0000] {dag.py:3036} INFO - Sync 1 DAGs
[2025-09-10T18:46:47.796+0000] {logging_mixin.py:188} INFO - [2025-09-10T18:46:47.796+0000] {dag.py:3823} INFO - Setting next_dagrun for welcome_dag to 2025-09-09 23:00:00+00:00, run_after=2025-09-10 23:00:00+00:00
[2025-09-10T18:46:47.979+0000] {processor.py:183} INFO - Processing /opt/airflow/dags/welcome_dag.py took 0.710 seconds
[2025-09-10T18:47:18.135+0000] {processor.py:161} INFO - Started process (PID=667) to work on /opt/airflow/dags/welcome_dag.py
[2025-09-10T18:47:18.141+0000] {processor.py:830} INFO - Processing file /opt/airflow/dags/welcome_dag.py for tasks to queue
[2025-09-10T18:47:18.148+0000] {logging_mixin.py:188} INFO - [2025-09-10T18:47:18.146+0000] {dagbag.py:538} INFO - Filling up the DagBag from /opt/airflow/dags/welcome_dag.py
[2025-09-10T18:47:18.203+0000] {processor.py:840} INFO - DAG(s) 'welcome_dag' retrieved from /opt/airflow/dags/welcome_dag.py
[2025-09-10T18:47:18.276+0000] {logging_mixin.py:188} INFO - [2025-09-10T18:47:18.276+0000] {dag.py:3036} INFO - Sync 1 DAGs
[2025-09-10T18:47:18.342+0000] {logging_mixin.py:188} INFO - [2025-09-10T18:47:18.342+0000] {dag.py:3823} INFO - Setting next_dagrun for welcome_dag to 2025-09-09 23:00:00+00:00, run_after=2025-09-10 23:00:00+00:00
[2025-09-10T18:47:18.411+0000] {processor.py:183} INFO - Processing /opt/airflow/dags/welcome_dag.py took 0.298 seconds
[2025-09-10T18:47:48.919+0000] {processor.py:161} INFO - Started process (PID=682) to work on /opt/airflow/dags/welcome_dag.py
[2025-09-10T18:47:48.924+0000] {processor.py:830} INFO - Processing file /opt/airflow/dags/welcome_dag.py for tasks to queue
[2025-09-10T18:47:48.930+0000] {logging_mixin.py:188} INFO - [2025-09-10T18:47:48.929+0000] {dagbag.py:538} INFO - Filling up the DagBag from /opt/airflow/dags/welcome_dag.py
[2025-09-10T18:47:48.973+0000] {processor.py:840} INFO - DAG(s) 'welcome_dag' retrieved from /opt/airflow/dags/welcome_dag.py
[2025-09-10T18:47:49.051+0000] {logging_mixin.py:188} INFO - [2025-09-10T18:47:49.050+0000] {dag.py:3036} INFO - Sync 1 DAGs
[2025-09-10T18:47:49.123+0000] {logging_mixin.py:188} INFO - [2025-09-10T18:47:49.123+0000] {dag.py:3823} INFO - Setting next_dagrun for welcome_dag to 2025-09-09 23:00:00+00:00, run_after=2025-09-10 23:00:00+00:00
[2025-09-10T18:47:49.186+0000] {processor.py:183} INFO - Processing /opt/airflow/dags/welcome_dag.py took 0.284 seconds
[2025-09-10T18:48:20.050+0000] {processor.py:161} INFO - Started process (PID=697) to work on /opt/airflow/dags/welcome_dag.py
[2025-09-10T18:48:20.053+0000] {processor.py:830} INFO - Processing file /opt/airflow/dags/welcome_dag.py for tasks to queue
[2025-09-10T18:48:20.056+0000] {logging_mixin.py:188} INFO - [2025-09-10T18:48:20.055+0000] {dagbag.py:538} INFO - Filling up the DagBag from /opt/airflow/dags/welcome_dag.py
[2025-09-10T18:48:20.100+0000] {processor.py:840} INFO - DAG(s) 'welcome_dag' retrieved from /opt/airflow/dags/welcome_dag.py
[2025-09-10T18:48:20.180+0000] {logging_mixin.py:188} INFO - [2025-09-10T18:48:20.179+0000] {dag.py:3036} INFO - Sync 1 DAGs
[2025-09-10T18:48:20.284+0000] {logging_mixin.py:188} INFO - [2025-09-10T18:48:20.283+0000] {dag.py:3823} INFO - Setting next_dagrun for welcome_dag to 2025-09-09 23:00:00+00:00, run_after=2025-09-10 23:00:00+00:00
[2025-09-10T18:48:20.448+0000] {processor.py:183} INFO - Processing /opt/airflow/dags/welcome_dag.py took 0.409 seconds
[2025-09-10T18:48:50.863+0000] {processor.py:161} INFO - Started process (PID=712) to work on /opt/airflow/dags/welcome_dag.py
[2025-09-10T18:48:50.867+0000] {processor.py:830} INFO - Processing file /opt/airflow/dags/welcome_dag.py for tasks to queue
[2025-09-10T18:48:50.872+0000] {logging_mixin.py:188} INFO - [2025-09-10T18:48:50.871+0000] {dagbag.py:538} INFO - Filling up the DagBag from /opt/airflow/dags/welcome_dag.py
[2025-09-10T18:48:50.913+0000] {processor.py:840} INFO - DAG(s) 'welcome_dag' retrieved from /opt/airflow/dags/welcome_dag.py
[2025-09-10T18:48:51.015+0000] {logging_mixin.py:188} INFO - [2025-09-10T18:48:51.015+0000] {dag.py:3036} INFO - Sync 1 DAGs
[2025-09-10T18:48:51.088+0000] {logging_mixin.py:188} INFO - [2025-09-10T18:48:51.087+0000] {dag.py:3823} INFO - Setting next_dagrun for welcome_dag to 2025-09-09 23:00:00+00:00, run_after=2025-09-10 23:00:00+00:00
[2025-09-10T18:48:51.266+0000] {processor.py:183} INFO - Processing /opt/airflow/dags/welcome_dag.py took 0.413 seconds
[2025-09-10T18:49:21.699+0000] {processor.py:161} INFO - Started process (PID=727) to work on /opt/airflow/dags/welcome_dag.py
[2025-09-10T18:49:21.705+0000] {processor.py:830} INFO - Processing file /opt/airflow/dags/welcome_dag.py for tasks to queue
[2025-09-10T18:49:21.711+0000] {logging_mixin.py:188} INFO - [2025-09-10T18:49:21.710+0000] {dagbag.py:538} INFO - Filling up the DagBag from /opt/airflow/dags/welcome_dag.py
[2025-09-10T18:49:21.758+0000] {processor.py:840} INFO - DAG(s) 'welcome_dag' retrieved from /opt/airflow/dags/welcome_dag.py
[2025-09-10T18:49:21.857+0000] {logging_mixin.py:188} INFO - [2025-09-10T18:49:21.856+0000] {dag.py:3036} INFO - Sync 1 DAGs
[2025-09-10T18:49:21.918+0000] {logging_mixin.py:188} INFO - [2025-09-10T18:49:21.918+0000] {dag.py:3823} INFO - Setting next_dagrun for welcome_dag to 2025-09-09 23:00:00+00:00, run_after=2025-09-10 23:00:00+00:00
[2025-09-10T18:49:21.996+0000] {processor.py:183} INFO - Processing /opt/airflow/dags/welcome_dag.py took 0.320 seconds
[2025-09-10T18:49:52.590+0000] {processor.py:161} INFO - Started process (PID=742) to work on /opt/airflow/dags/welcome_dag.py
[2025-09-10T18:49:52.595+0000] {processor.py:830} INFO - Processing file /opt/airflow/dags/welcome_dag.py for tasks to queue
[2025-09-10T18:49:52.601+0000] {logging_mixin.py:188} INFO - [2025-09-10T18:49:52.599+0000] {dagbag.py:538} INFO - Filling up the DagBag from /opt/airflow/dags/welcome_dag.py
[2025-09-10T18:49:52.651+0000] {processor.py:840} INFO - DAG(s) 'welcome_dag' retrieved from /opt/airflow/dags/welcome_dag.py
[2025-09-10T18:49:52.757+0000] {logging_mixin.py:188} INFO - [2025-09-10T18:49:52.756+0000] {dag.py:3036} INFO - Sync 1 DAGs
[2025-09-10T18:49:52.816+0000] {logging_mixin.py:188} INFO - [2025-09-10T18:49:52.816+0000] {dag.py:3823} INFO - Setting next_dagrun for welcome_dag to 2025-09-09 23:00:00+00:00, run_after=2025-09-10 23:00:00+00:00
[2025-09-10T18:49:52.873+0000] {processor.py:183} INFO - Processing /opt/airflow/dags/welcome_dag.py took 0.306 seconds
[2025-09-10T18:50:23.366+0000] {processor.py:161} INFO - Started process (PID=757) to work on /opt/airflow/dags/welcome_dag.py
[2025-09-10T18:50:23.370+0000] {processor.py:830} INFO - Processing file /opt/airflow/dags/welcome_dag.py for tasks to queue
[2025-09-10T18:50:23.380+0000] {logging_mixin.py:188} INFO - [2025-09-10T18:50:23.379+0000] {dagbag.py:538} INFO - Filling up the DagBag from /opt/airflow/dags/welcome_dag.py
[2025-09-10T18:50:23.434+0000] {processor.py:840} INFO - DAG(s) 'welcome_dag' retrieved from /opt/airflow/dags/welcome_dag.py
[2025-09-10T18:50:23.520+0000] {logging_mixin.py:188} INFO - [2025-09-10T18:50:23.519+0000] {dag.py:3036} INFO - Sync 1 DAGs
[2025-09-10T18:50:23.664+0000] {logging_mixin.py:188} INFO - [2025-09-10T18:50:23.663+0000] {dag.py:3823} INFO - Setting next_dagrun for welcome_dag to 2025-09-09 23:00:00+00:00, run_after=2025-09-10 23:00:00+00:00
[2025-09-10T18:50:23.796+0000] {processor.py:183} INFO - Processing /opt/airflow/dags/welcome_dag.py took 0.444 seconds
[2025-09-10T18:50:54.484+0000] {processor.py:161} INFO - Started process (PID=772) to work on /opt/airflow/dags/welcome_dag.py
[2025-09-10T18:50:54.488+0000] {processor.py:830} INFO - Processing file /opt/airflow/dags/welcome_dag.py for tasks to queue
[2025-09-10T18:50:54.496+0000] {logging_mixin.py:188} INFO - [2025-09-10T18:50:54.492+0000] {dagbag.py:538} INFO - Filling up the DagBag from /opt/airflow/dags/welcome_dag.py
[2025-09-10T18:50:54.551+0000] {processor.py:840} INFO - DAG(s) 'welcome_dag' retrieved from /opt/airflow/dags/welcome_dag.py
[2025-09-10T18:50:54.672+0000] {logging_mixin.py:188} INFO - [2025-09-10T18:50:54.671+0000] {dag.py:3036} INFO - Sync 1 DAGs
[2025-09-10T18:50:54.759+0000] {logging_mixin.py:188} INFO - [2025-09-10T18:50:54.759+0000] {dag.py:3823} INFO - Setting next_dagrun for welcome_dag to 2025-09-09 23:00:00+00:00, run_after=2025-09-10 23:00:00+00:00
[2025-09-10T18:50:54.821+0000] {processor.py:183} INFO - Processing /opt/airflow/dags/welcome_dag.py took 0.351 seconds
[2025-09-10T18:51:25.263+0000] {processor.py:161} INFO - Started process (PID=787) to work on /opt/airflow/dags/welcome_dag.py
[2025-09-10T18:51:25.266+0000] {processor.py:830} INFO - Processing file /opt/airflow/dags/welcome_dag.py for tasks to queue
[2025-09-10T18:51:25.272+0000] {logging_mixin.py:188} INFO - [2025-09-10T18:51:25.270+0000] {dagbag.py:538} INFO - Filling up the DagBag from /opt/airflow/dags/welcome_dag.py
[2025-09-10T18:51:25.359+0000] {processor.py:840} INFO - DAG(s) 'welcome_dag' retrieved from /opt/airflow/dags/welcome_dag.py
[2025-09-10T18:51:25.586+0000] {logging_mixin.py:188} INFO - [2025-09-10T18:51:25.586+0000] {dag.py:3036} INFO - Sync 1 DAGs
[2025-09-10T18:51:25.694+0000] {logging_mixin.py:188} INFO - [2025-09-10T18:51:25.694+0000] {dag.py:3823} INFO - Setting next_dagrun for welcome_dag to 2025-09-09 23:00:00+00:00, run_after=2025-09-10 23:00:00+00:00
[2025-09-10T18:51:25.755+0000] {processor.py:183} INFO - Processing /opt/airflow/dags/welcome_dag.py took 0.502 seconds
