[2025-09-01T04:39:55.745+0000] {processor.py:161} INFO - Started process (PID=166) to work on /opt/airflow/dags/orchestration.py
[2025-09-01T04:39:55.747+0000] {processor.py:830} INFO - Processing file /opt/airflow/dags/orchestration.py for tasks to queue
[2025-09-01T04:39:55.749+0000] {logging_mixin.py:188} INFO - [2025-09-01T04:39:55.749+0000] {dagbag.py:538} INFO - Filling up the DagBag from /opt/airflow/dags/orchestration.py
[2025-09-01T04:39:55.827+0000] {processor.py:840} INFO - DAG(s) 'ml_pipeline_orchestration' retrieved from /opt/airflow/dags/orchestration.py
[2025-09-01T04:39:55.881+0000] {logging_mixin.py:188} INFO - [2025-09-01T04:39:55.881+0000] {dag.py:3036} INFO - Sync 1 DAGs
[2025-09-01T04:39:55.967+0000] {logging_mixin.py:188} INFO - [2025-09-01T04:39:55.967+0000] {dag.py:3823} INFO - Setting next_dagrun for ml_pipeline_orchestration to 2025-09-01 00:00:00+00:00, run_after=2025-09-02 00:00:00+00:00
[2025-09-01T04:39:56.109+0000] {processor.py:183} INFO - Processing /opt/airflow/dags/orchestration.py took 0.372 seconds
[2025-09-01T04:40:26.452+0000] {processor.py:161} INFO - Started process (PID=200) to work on /opt/airflow/dags/orchestration.py
[2025-09-01T04:40:26.454+0000] {processor.py:830} INFO - Processing file /opt/airflow/dags/orchestration.py for tasks to queue
[2025-09-01T04:40:26.456+0000] {logging_mixin.py:188} INFO - [2025-09-01T04:40:26.455+0000] {dagbag.py:538} INFO - Filling up the DagBag from /opt/airflow/dags/orchestration.py
[2025-09-01T04:40:26.522+0000] {processor.py:840} INFO - DAG(s) 'ml_pipeline_orchestration' retrieved from /opt/airflow/dags/orchestration.py
[2025-09-01T04:40:28.421+0000] {logging_mixin.py:188} INFO - [2025-09-01T04:40:28.420+0000] {dag.py:3036} INFO - Sync 1 DAGs
[2025-09-01T04:40:28.454+0000] {logging_mixin.py:188} INFO - [2025-09-01T04:40:28.454+0000] {dag.py:3823} INFO - Setting next_dagrun for ml_pipeline_orchestration to 2025-09-01 00:00:00+00:00, run_after=2025-09-02 00:00:00+00:00
[2025-09-01T04:40:28.668+0000] {processor.py:183} INFO - Processing /opt/airflow/dags/orchestration.py took 2.223 seconds
[2025-09-01T04:40:59.561+0000] {processor.py:161} INFO - Started process (PID=215) to work on /opt/airflow/dags/orchestration.py
[2025-09-01T04:40:59.564+0000] {processor.py:830} INFO - Processing file /opt/airflow/dags/orchestration.py for tasks to queue
[2025-09-01T04:40:59.612+0000] {logging_mixin.py:188} INFO - [2025-09-01T04:40:59.611+0000] {dagbag.py:538} INFO - Filling up the DagBag from /opt/airflow/dags/orchestration.py
[2025-09-01T04:40:59.708+0000] {processor.py:840} INFO - DAG(s) 'ml_pipeline_orchestration' retrieved from /opt/airflow/dags/orchestration.py
[2025-09-01T04:40:59.742+0000] {logging_mixin.py:188} INFO - [2025-09-01T04:40:59.742+0000] {dag.py:3036} INFO - Sync 1 DAGs
[2025-09-01T04:40:59.795+0000] {logging_mixin.py:188} INFO - [2025-09-01T04:40:59.795+0000] {dag.py:3823} INFO - Setting next_dagrun for ml_pipeline_orchestration to 2025-09-01 00:00:00+00:00, run_after=2025-09-02 00:00:00+00:00
[2025-09-01T04:40:59.953+0000] {processor.py:183} INFO - Processing /opt/airflow/dags/orchestration.py took 0.401 seconds
[2025-09-01T04:41:30.582+0000] {processor.py:161} INFO - Started process (PID=230) to work on /opt/airflow/dags/orchestration.py
[2025-09-01T04:41:30.584+0000] {processor.py:830} INFO - Processing file /opt/airflow/dags/orchestration.py for tasks to queue
[2025-09-01T04:41:30.586+0000] {logging_mixin.py:188} INFO - [2025-09-01T04:41:30.585+0000] {dagbag.py:538} INFO - Filling up the DagBag from /opt/airflow/dags/orchestration.py
[2025-09-01T04:41:30.668+0000] {processor.py:840} INFO - DAG(s) 'ml_pipeline_orchestration' retrieved from /opt/airflow/dags/orchestration.py
[2025-09-01T04:41:30.702+0000] {logging_mixin.py:188} INFO - [2025-09-01T04:41:30.702+0000] {dag.py:3036} INFO - Sync 1 DAGs
[2025-09-01T04:41:30.744+0000] {logging_mixin.py:188} INFO - [2025-09-01T04:41:30.743+0000] {dag.py:3823} INFO - Setting next_dagrun for ml_pipeline_orchestration to 2025-09-01 00:00:00+00:00, run_after=2025-09-02 00:00:00+00:00
[2025-09-01T04:41:31.187+0000] {processor.py:183} INFO - Processing /opt/airflow/dags/orchestration.py took 0.614 seconds
[2025-09-01T04:42:02.005+0000] {processor.py:161} INFO - Started process (PID=245) to work on /opt/airflow/dags/orchestration.py
[2025-09-01T04:42:02.007+0000] {processor.py:830} INFO - Processing file /opt/airflow/dags/orchestration.py for tasks to queue
[2025-09-01T04:42:02.010+0000] {logging_mixin.py:188} INFO - [2025-09-01T04:42:02.009+0000] {dagbag.py:538} INFO - Filling up the DagBag from /opt/airflow/dags/orchestration.py
[2025-09-01T04:42:02.356+0000] {processor.py:840} INFO - DAG(s) 'ml_pipeline_orchestration' retrieved from /opt/airflow/dags/orchestration.py
[2025-09-01T04:42:02.389+0000] {logging_mixin.py:188} INFO - [2025-09-01T04:42:02.389+0000] {dag.py:3036} INFO - Sync 1 DAGs
[2025-09-01T04:42:02.426+0000] {logging_mixin.py:188} INFO - [2025-09-01T04:42:02.426+0000] {dag.py:3823} INFO - Setting next_dagrun for ml_pipeline_orchestration to 2025-09-01 00:00:00+00:00, run_after=2025-09-02 00:00:00+00:00
[2025-09-01T04:42:02.603+0000] {processor.py:183} INFO - Processing /opt/airflow/dags/orchestration.py took 0.608 seconds
[2025-09-01T04:42:32.971+0000] {processor.py:161} INFO - Started process (PID=260) to work on /opt/airflow/dags/orchestration.py
[2025-09-01T04:42:32.973+0000] {processor.py:830} INFO - Processing file /opt/airflow/dags/orchestration.py for tasks to queue
[2025-09-01T04:42:32.975+0000] {logging_mixin.py:188} INFO - [2025-09-01T04:42:32.974+0000] {dagbag.py:538} INFO - Filling up the DagBag from /opt/airflow/dags/orchestration.py
[2025-09-01T04:42:33.046+0000] {processor.py:840} INFO - DAG(s) 'ml_pipeline_orchestration' retrieved from /opt/airflow/dags/orchestration.py
[2025-09-01T04:42:33.076+0000] {logging_mixin.py:188} INFO - [2025-09-01T04:42:33.075+0000] {dag.py:3036} INFO - Sync 1 DAGs
[2025-09-01T04:42:33.112+0000] {logging_mixin.py:188} INFO - [2025-09-01T04:42:33.111+0000] {dag.py:3823} INFO - Setting next_dagrun for ml_pipeline_orchestration to 2025-09-01 00:00:00+00:00, run_after=2025-09-02 00:00:00+00:00
[2025-09-01T04:42:33.601+0000] {processor.py:183} INFO - Processing /opt/airflow/dags/orchestration.py took 0.636 seconds
[2025-09-01T04:43:06.068+0000] {processor.py:161} INFO - Started process (PID=275) to work on /opt/airflow/dags/orchestration.py
[2025-09-01T04:43:06.071+0000] {processor.py:830} INFO - Processing file /opt/airflow/dags/orchestration.py for tasks to queue
[2025-09-01T04:43:06.075+0000] {logging_mixin.py:188} INFO - [2025-09-01T04:43:06.074+0000] {dagbag.py:538} INFO - Filling up the DagBag from /opt/airflow/dags/orchestration.py
[2025-09-01T04:43:07.575+0000] {processor.py:840} INFO - DAG(s) 'ml_pipeline_orchestration' retrieved from /opt/airflow/dags/orchestration.py
[2025-09-01T04:43:07.907+0000] {logging_mixin.py:188} INFO - [2025-09-01T04:43:07.906+0000] {dag.py:3036} INFO - Sync 1 DAGs
[2025-09-01T04:43:07.952+0000] {logging_mixin.py:188} INFO - [2025-09-01T04:43:07.952+0000] {dag.py:3823} INFO - Setting next_dagrun for ml_pipeline_orchestration to 2025-09-01 00:00:00+00:00, run_after=2025-09-02 00:00:00+00:00
[2025-09-01T04:43:09.750+0000] {processor.py:183} INFO - Processing /opt/airflow/dags/orchestration.py took 3.695 seconds
[2025-09-01T04:43:39.968+0000] {processor.py:161} INFO - Started process (PID=290) to work on /opt/airflow/dags/orchestration.py
[2025-09-01T04:43:39.970+0000] {processor.py:830} INFO - Processing file /opt/airflow/dags/orchestration.py for tasks to queue
[2025-09-01T04:43:39.972+0000] {logging_mixin.py:188} INFO - [2025-09-01T04:43:39.972+0000] {dagbag.py:538} INFO - Filling up the DagBag from /opt/airflow/dags/orchestration.py
[2025-09-01T04:43:40.373+0000] {processor.py:840} INFO - DAG(s) 'ml_pipeline_orchestration' retrieved from /opt/airflow/dags/orchestration.py
[2025-09-01T04:43:40.380+0000] {logging_mixin.py:188} INFO - [2025-09-01T04:43:40.380+0000] {dag.py:3036} INFO - Sync 1 DAGs
[2025-09-01T04:43:40.419+0000] {logging_mixin.py:188} INFO - [2025-09-01T04:43:40.419+0000] {dag.py:3823} INFO - Setting next_dagrun for ml_pipeline_orchestration to 2025-09-01 00:00:00+00:00, run_after=2025-09-02 00:00:00+00:00
[2025-09-01T04:43:40.969+0000] {processor.py:183} INFO - Processing /opt/airflow/dags/orchestration.py took 1.008 seconds
[2025-09-01T04:44:11.378+0000] {processor.py:161} INFO - Started process (PID=305) to work on /opt/airflow/dags/orchestration.py
[2025-09-01T04:44:11.380+0000] {processor.py:830} INFO - Processing file /opt/airflow/dags/orchestration.py for tasks to queue
[2025-09-01T04:44:11.382+0000] {logging_mixin.py:188} INFO - [2025-09-01T04:44:11.381+0000] {dagbag.py:538} INFO - Filling up the DagBag from /opt/airflow/dags/orchestration.py
[2025-09-01T04:44:11.480+0000] {processor.py:840} INFO - DAG(s) 'ml_pipeline_orchestration' retrieved from /opt/airflow/dags/orchestration.py
[2025-09-01T04:44:11.622+0000] {logging_mixin.py:188} INFO - [2025-09-01T04:44:11.622+0000] {dag.py:3036} INFO - Sync 1 DAGs
[2025-09-01T04:44:11.652+0000] {logging_mixin.py:188} INFO - [2025-09-01T04:44:11.652+0000] {dag.py:3823} INFO - Setting next_dagrun for ml_pipeline_orchestration to 2025-09-01 00:00:00+00:00, run_after=2025-09-02 00:00:00+00:00
[2025-09-01T04:44:11.831+0000] {processor.py:183} INFO - Processing /opt/airflow/dags/orchestration.py took 0.458 seconds
[2025-09-01T04:44:42.374+0000] {processor.py:161} INFO - Started process (PID=320) to work on /opt/airflow/dags/orchestration.py
[2025-09-01T04:44:42.377+0000] {processor.py:830} INFO - Processing file /opt/airflow/dags/orchestration.py for tasks to queue
[2025-09-01T04:44:42.379+0000] {logging_mixin.py:188} INFO - [2025-09-01T04:44:42.378+0000] {dagbag.py:538} INFO - Filling up the DagBag from /opt/airflow/dags/orchestration.py
[2025-09-01T04:44:42.448+0000] {processor.py:840} INFO - DAG(s) 'ml_pipeline_orchestration' retrieved from /opt/airflow/dags/orchestration.py
[2025-09-01T04:44:42.482+0000] {logging_mixin.py:188} INFO - [2025-09-01T04:44:42.481+0000] {dag.py:3036} INFO - Sync 1 DAGs
[2025-09-01T04:44:42.546+0000] {logging_mixin.py:188} INFO - [2025-09-01T04:44:42.545+0000] {dag.py:3823} INFO - Setting next_dagrun for ml_pipeline_orchestration to 2025-09-01 00:00:00+00:00, run_after=2025-09-02 00:00:00+00:00
[2025-09-01T04:44:42.637+0000] {processor.py:183} INFO - Processing /opt/airflow/dags/orchestration.py took 0.269 seconds
[2025-09-01T04:45:13.592+0000] {processor.py:161} INFO - Started process (PID=335) to work on /opt/airflow/dags/orchestration.py
[2025-09-01T04:45:13.594+0000] {processor.py:830} INFO - Processing file /opt/airflow/dags/orchestration.py for tasks to queue
[2025-09-01T04:45:13.596+0000] {logging_mixin.py:188} INFO - [2025-09-01T04:45:13.595+0000] {dagbag.py:538} INFO - Filling up the DagBag from /opt/airflow/dags/orchestration.py
[2025-09-01T04:45:13.896+0000] {processor.py:840} INFO - DAG(s) 'ml_pipeline_orchestration' retrieved from /opt/airflow/dags/orchestration.py
[2025-09-01T04:45:13.932+0000] {logging_mixin.py:188} INFO - [2025-09-01T04:45:13.932+0000] {dag.py:3036} INFO - Sync 1 DAGs
[2025-09-01T04:45:13.967+0000] {logging_mixin.py:188} INFO - [2025-09-01T04:45:13.967+0000] {dag.py:3823} INFO - Setting next_dagrun for ml_pipeline_orchestration to 2025-09-01 00:00:00+00:00, run_after=2025-09-02 00:00:00+00:00
[2025-09-01T04:45:14.076+0000] {processor.py:183} INFO - Processing /opt/airflow/dags/orchestration.py took 0.492 seconds
[2025-09-01T04:45:44.700+0000] {processor.py:161} INFO - Started process (PID=352) to work on /opt/airflow/dags/orchestration.py
[2025-09-01T04:45:44.702+0000] {processor.py:830} INFO - Processing file /opt/airflow/dags/orchestration.py for tasks to queue
[2025-09-01T04:45:44.704+0000] {logging_mixin.py:188} INFO - [2025-09-01T04:45:44.703+0000] {dagbag.py:538} INFO - Filling up the DagBag from /opt/airflow/dags/orchestration.py
[2025-09-01T04:45:44.780+0000] {processor.py:840} INFO - DAG(s) 'ml_pipeline_orchestration' retrieved from /opt/airflow/dags/orchestration.py
[2025-09-01T04:45:44.814+0000] {logging_mixin.py:188} INFO - [2025-09-01T04:45:44.814+0000] {dag.py:3036} INFO - Sync 1 DAGs
[2025-09-01T04:45:44.854+0000] {logging_mixin.py:188} INFO - [2025-09-01T04:45:44.854+0000] {dag.py:3823} INFO - Setting next_dagrun for ml_pipeline_orchestration to 2025-09-01 00:00:00+00:00, run_after=2025-09-02 00:00:00+00:00
[2025-09-01T04:45:45.112+0000] {processor.py:183} INFO - Processing /opt/airflow/dags/orchestration.py took 0.419 seconds
[2025-09-01T04:46:18.768+0000] {processor.py:161} INFO - Started process (PID=367) to work on /opt/airflow/dags/orchestration.py
[2025-09-01T04:46:18.770+0000] {processor.py:830} INFO - Processing file /opt/airflow/dags/orchestration.py for tasks to queue
[2025-09-01T04:46:18.773+0000] {logging_mixin.py:188} INFO - [2025-09-01T04:46:18.773+0000] {dagbag.py:538} INFO - Filling up the DagBag from /opt/airflow/dags/orchestration.py
[2025-09-01T04:46:18.843+0000] {processor.py:840} INFO - DAG(s) 'ml_pipeline_orchestration' retrieved from /opt/airflow/dags/orchestration.py
[2025-09-01T04:46:18.872+0000] {logging_mixin.py:188} INFO - [2025-09-01T04:46:18.872+0000] {dag.py:3036} INFO - Sync 1 DAGs
[2025-09-01T04:46:19.145+0000] {logging_mixin.py:188} INFO - [2025-09-01T04:46:19.145+0000] {dag.py:3823} INFO - Setting next_dagrun for ml_pipeline_orchestration to 2025-09-01 00:00:00+00:00, run_after=2025-09-02 00:00:00+00:00
[2025-09-01T04:46:19.699+0000] {processor.py:183} INFO - Processing /opt/airflow/dags/orchestration.py took 0.939 seconds
[2025-09-01T04:46:50.217+0000] {processor.py:161} INFO - Started process (PID=382) to work on /opt/airflow/dags/orchestration.py
[2025-09-01T04:46:50.219+0000] {processor.py:830} INFO - Processing file /opt/airflow/dags/orchestration.py for tasks to queue
[2025-09-01T04:46:50.221+0000] {logging_mixin.py:188} INFO - [2025-09-01T04:46:50.221+0000] {dagbag.py:538} INFO - Filling up the DagBag from /opt/airflow/dags/orchestration.py
[2025-09-01T04:46:50.294+0000] {processor.py:840} INFO - DAG(s) 'ml_pipeline_orchestration' retrieved from /opt/airflow/dags/orchestration.py
[2025-09-01T04:46:50.299+0000] {logging_mixin.py:188} INFO - [2025-09-01T04:46:50.299+0000] {dag.py:3036} INFO - Sync 1 DAGs
[2025-09-01T04:46:50.335+0000] {logging_mixin.py:188} INFO - [2025-09-01T04:46:50.334+0000] {dag.py:3823} INFO - Setting next_dagrun for ml_pipeline_orchestration to 2025-09-01 00:00:00+00:00, run_after=2025-09-02 00:00:00+00:00
[2025-09-01T04:46:50.439+0000] {processor.py:183} INFO - Processing /opt/airflow/dags/orchestration.py took 0.229 seconds
[2025-09-01T04:47:20.717+0000] {processor.py:161} INFO - Started process (PID=397) to work on /opt/airflow/dags/orchestration.py
[2025-09-01T04:47:20.719+0000] {processor.py:830} INFO - Processing file /opt/airflow/dags/orchestration.py for tasks to queue
[2025-09-01T04:47:20.722+0000] {logging_mixin.py:188} INFO - [2025-09-01T04:47:20.721+0000] {dagbag.py:538} INFO - Filling up the DagBag from /opt/airflow/dags/orchestration.py
[2025-09-01T04:47:20.797+0000] {processor.py:840} INFO - DAG(s) 'ml_pipeline_orchestration' retrieved from /opt/airflow/dags/orchestration.py
[2025-09-01T04:47:20.971+0000] {logging_mixin.py:188} INFO - [2025-09-01T04:47:20.971+0000] {dag.py:3036} INFO - Sync 1 DAGs
[2025-09-01T04:47:21.003+0000] {logging_mixin.py:188} INFO - [2025-09-01T04:47:21.003+0000] {dag.py:3823} INFO - Setting next_dagrun for ml_pipeline_orchestration to 2025-09-01 00:00:00+00:00, run_after=2025-09-02 00:00:00+00:00
[2025-09-01T04:47:21.138+0000] {processor.py:183} INFO - Processing /opt/airflow/dags/orchestration.py took 0.429 seconds
[2025-09-01T04:47:51.643+0000] {processor.py:161} INFO - Started process (PID=414) to work on /opt/airflow/dags/orchestration.py
[2025-09-01T04:47:51.645+0000] {processor.py:830} INFO - Processing file /opt/airflow/dags/orchestration.py for tasks to queue
[2025-09-01T04:47:51.647+0000] {logging_mixin.py:188} INFO - [2025-09-01T04:47:51.646+0000] {dagbag.py:538} INFO - Filling up the DagBag from /opt/airflow/dags/orchestration.py
[2025-09-01T04:47:51.715+0000] {processor.py:840} INFO - DAG(s) 'ml_pipeline_orchestration' retrieved from /opt/airflow/dags/orchestration.py
[2025-09-01T04:47:51.768+0000] {logging_mixin.py:188} INFO - [2025-09-01T04:47:51.768+0000] {dag.py:3036} INFO - Sync 1 DAGs
[2025-09-01T04:47:51.937+0000] {logging_mixin.py:188} INFO - [2025-09-01T04:47:51.937+0000] {dag.py:3823} INFO - Setting next_dagrun for ml_pipeline_orchestration to 2025-09-01 00:00:00+00:00, run_after=2025-09-02 00:00:00+00:00
[2025-09-01T04:47:52.158+0000] {processor.py:183} INFO - Processing /opt/airflow/dags/orchestration.py took 0.523 seconds
[2025-09-01T04:48:22.369+0000] {processor.py:161} INFO - Started process (PID=429) to work on /opt/airflow/dags/orchestration.py
[2025-09-01T04:48:22.371+0000] {processor.py:830} INFO - Processing file /opt/airflow/dags/orchestration.py for tasks to queue
[2025-09-01T04:48:22.373+0000] {logging_mixin.py:188} INFO - [2025-09-01T04:48:22.373+0000] {dagbag.py:538} INFO - Filling up the DagBag from /opt/airflow/dags/orchestration.py
[2025-09-01T04:48:22.447+0000] {processor.py:840} INFO - DAG(s) 'ml_pipeline_orchestration' retrieved from /opt/airflow/dags/orchestration.py
[2025-09-01T04:48:22.484+0000] {logging_mixin.py:188} INFO - [2025-09-01T04:48:22.483+0000] {dag.py:3036} INFO - Sync 1 DAGs
[2025-09-01T04:48:22.529+0000] {logging_mixin.py:188} INFO - [2025-09-01T04:48:22.529+0000] {dag.py:3823} INFO - Setting next_dagrun for ml_pipeline_orchestration to 2025-09-01 00:00:00+00:00, run_after=2025-09-02 00:00:00+00:00
[2025-09-01T04:48:22.624+0000] {processor.py:183} INFO - Processing /opt/airflow/dags/orchestration.py took 0.262 seconds
[2025-09-01T04:48:53.162+0000] {processor.py:161} INFO - Started process (PID=444) to work on /opt/airflow/dags/orchestration.py
[2025-09-01T04:48:53.164+0000] {processor.py:830} INFO - Processing file /opt/airflow/dags/orchestration.py for tasks to queue
[2025-09-01T04:48:53.165+0000] {logging_mixin.py:188} INFO - [2025-09-01T04:48:53.165+0000] {dagbag.py:538} INFO - Filling up the DagBag from /opt/airflow/dags/orchestration.py
[2025-09-01T04:48:53.270+0000] {processor.py:840} INFO - DAG(s) 'ml_pipeline_orchestration' retrieved from /opt/airflow/dags/orchestration.py
[2025-09-01T04:48:53.299+0000] {logging_mixin.py:188} INFO - [2025-09-01T04:48:53.299+0000] {dag.py:3036} INFO - Sync 1 DAGs
[2025-09-01T04:48:53.335+0000] {logging_mixin.py:188} INFO - [2025-09-01T04:48:53.334+0000] {dag.py:3823} INFO - Setting next_dagrun for ml_pipeline_orchestration to 2025-09-01 00:00:00+00:00, run_after=2025-09-02 00:00:00+00:00
[2025-09-01T04:48:53.533+0000] {processor.py:183} INFO - Processing /opt/airflow/dags/orchestration.py took 0.378 seconds
[2025-09-01T04:49:24.391+0000] {processor.py:161} INFO - Started process (PID=459) to work on /opt/airflow/dags/orchestration.py
[2025-09-01T04:49:24.393+0000] {processor.py:830} INFO - Processing file /opt/airflow/dags/orchestration.py for tasks to queue
[2025-09-01T04:49:24.395+0000] {logging_mixin.py:188} INFO - [2025-09-01T04:49:24.394+0000] {dagbag.py:538} INFO - Filling up the DagBag from /opt/airflow/dags/orchestration.py
[2025-09-01T04:49:24.464+0000] {processor.py:840} INFO - DAG(s) 'ml_pipeline_orchestration' retrieved from /opt/airflow/dags/orchestration.py
[2025-09-01T04:49:24.502+0000] {logging_mixin.py:188} INFO - [2025-09-01T04:49:24.501+0000] {dag.py:3036} INFO - Sync 1 DAGs
[2025-09-01T04:49:24.538+0000] {logging_mixin.py:188} INFO - [2025-09-01T04:49:24.538+0000] {dag.py:3823} INFO - Setting next_dagrun for ml_pipeline_orchestration to 2025-09-01 00:00:00+00:00, run_after=2025-09-02 00:00:00+00:00
[2025-09-01T04:49:24.847+0000] {processor.py:183} INFO - Processing /opt/airflow/dags/orchestration.py took 0.463 seconds
[2025-09-01T04:49:55.205+0000] {processor.py:161} INFO - Started process (PID=474) to work on /opt/airflow/dags/orchestration.py
[2025-09-01T04:49:55.207+0000] {processor.py:830} INFO - Processing file /opt/airflow/dags/orchestration.py for tasks to queue
[2025-09-01T04:49:55.209+0000] {logging_mixin.py:188} INFO - [2025-09-01T04:49:55.208+0000] {dagbag.py:538} INFO - Filling up the DagBag from /opt/airflow/dags/orchestration.py
[2025-09-01T04:49:55.276+0000] {processor.py:840} INFO - DAG(s) 'ml_pipeline_orchestration' retrieved from /opt/airflow/dags/orchestration.py
[2025-09-01T04:49:55.307+0000] {logging_mixin.py:188} INFO - [2025-09-01T04:49:55.306+0000] {dag.py:3036} INFO - Sync 1 DAGs
[2025-09-01T04:49:55.348+0000] {logging_mixin.py:188} INFO - [2025-09-01T04:49:55.348+0000] {dag.py:3823} INFO - Setting next_dagrun for ml_pipeline_orchestration to 2025-09-01 00:00:00+00:00, run_after=2025-09-02 00:00:00+00:00
[2025-09-01T04:49:55.551+0000] {processor.py:183} INFO - Processing /opt/airflow/dags/orchestration.py took 0.352 seconds
[2025-09-01T04:50:25.659+0000] {processor.py:161} INFO - Started process (PID=489) to work on /opt/airflow/dags/orchestration.py
[2025-09-01T04:50:25.661+0000] {processor.py:830} INFO - Processing file /opt/airflow/dags/orchestration.py for tasks to queue
[2025-09-01T04:50:25.663+0000] {logging_mixin.py:188} INFO - [2025-09-01T04:50:25.663+0000] {dagbag.py:538} INFO - Filling up the DagBag from /opt/airflow/dags/orchestration.py
[2025-09-01T04:50:25.810+0000] {processor.py:840} INFO - DAG(s) 'ml_pipeline_orchestration' retrieved from /opt/airflow/dags/orchestration.py
[2025-09-01T04:50:25.838+0000] {logging_mixin.py:188} INFO - [2025-09-01T04:50:25.838+0000] {dag.py:3036} INFO - Sync 1 DAGs
[2025-09-01T04:50:25.874+0000] {logging_mixin.py:188} INFO - [2025-09-01T04:50:25.874+0000] {dag.py:3823} INFO - Setting next_dagrun for ml_pipeline_orchestration to 2025-09-01 00:00:00+00:00, run_after=2025-09-02 00:00:00+00:00
[2025-09-01T04:50:26.025+0000] {processor.py:183} INFO - Processing /opt/airflow/dags/orchestration.py took 0.372 seconds
[2025-09-01T04:50:56.280+0000] {processor.py:161} INFO - Started process (PID=510) to work on /opt/airflow/dags/orchestration.py
[2025-09-01T04:50:56.283+0000] {processor.py:830} INFO - Processing file /opt/airflow/dags/orchestration.py for tasks to queue
[2025-09-01T04:50:56.284+0000] {logging_mixin.py:188} INFO - [2025-09-01T04:50:56.284+0000] {dagbag.py:538} INFO - Filling up the DagBag from /opt/airflow/dags/orchestration.py
[2025-09-01T04:50:56.351+0000] {processor.py:840} INFO - DAG(s) 'ml_pipeline_orchestration' retrieved from /opt/airflow/dags/orchestration.py
[2025-09-01T04:50:56.381+0000] {logging_mixin.py:188} INFO - [2025-09-01T04:50:56.380+0000] {dag.py:3036} INFO - Sync 1 DAGs
[2025-09-01T04:50:56.416+0000] {logging_mixin.py:188} INFO - [2025-09-01T04:50:56.415+0000] {dag.py:3823} INFO - Setting next_dagrun for ml_pipeline_orchestration to 2025-09-01 00:00:00+00:00, run_after=2025-09-02 00:00:00+00:00
[2025-09-01T04:50:56.487+0000] {processor.py:183} INFO - Processing /opt/airflow/dags/orchestration.py took 0.213 seconds
[2025-09-01T04:51:26.570+0000] {processor.py:161} INFO - Started process (PID=525) to work on /opt/airflow/dags/orchestration.py
[2025-09-01T04:51:26.572+0000] {processor.py:830} INFO - Processing file /opt/airflow/dags/orchestration.py for tasks to queue
[2025-09-01T04:51:26.575+0000] {logging_mixin.py:188} INFO - [2025-09-01T04:51:26.574+0000] {dagbag.py:538} INFO - Filling up the DagBag from /opt/airflow/dags/orchestration.py
[2025-09-01T04:51:26.687+0000] {processor.py:840} INFO - DAG(s) 'ml_pipeline_orchestration' retrieved from /opt/airflow/dags/orchestration.py
[2025-09-01T04:51:26.876+0000] {logging_mixin.py:188} INFO - [2025-09-01T04:51:26.876+0000] {dag.py:3036} INFO - Sync 1 DAGs
[2025-09-01T04:51:26.917+0000] {logging_mixin.py:188} INFO - [2025-09-01T04:51:26.917+0000] {dag.py:3823} INFO - Setting next_dagrun for ml_pipeline_orchestration to 2025-09-01 00:00:00+00:00, run_after=2025-09-02 00:00:00+00:00
[2025-09-01T04:51:27.066+0000] {processor.py:183} INFO - Processing /opt/airflow/dags/orchestration.py took 0.506 seconds
[2025-09-01T04:51:57.878+0000] {processor.py:161} INFO - Started process (PID=549) to work on /opt/airflow/dags/orchestration.py
[2025-09-01T04:51:57.880+0000] {processor.py:830} INFO - Processing file /opt/airflow/dags/orchestration.py for tasks to queue
[2025-09-01T04:51:57.882+0000] {logging_mixin.py:188} INFO - [2025-09-01T04:51:57.882+0000] {dagbag.py:538} INFO - Filling up the DagBag from /opt/airflow/dags/orchestration.py
[2025-09-01T04:51:57.957+0000] {processor.py:840} INFO - DAG(s) 'ml_pipeline_orchestration' retrieved from /opt/airflow/dags/orchestration.py
[2025-09-01T04:51:58.016+0000] {logging_mixin.py:188} INFO - [2025-09-01T04:51:58.016+0000] {dag.py:3036} INFO - Sync 1 DAGs
[2025-09-01T04:51:58.102+0000] {logging_mixin.py:188} INFO - [2025-09-01T04:51:58.101+0000] {dag.py:3823} INFO - Setting next_dagrun for ml_pipeline_orchestration to 2025-09-01 00:00:00+00:00, run_after=2025-09-02 00:00:00+00:00
[2025-09-01T04:51:58.509+0000] {processor.py:183} INFO - Processing /opt/airflow/dags/orchestration.py took 0.613 seconds
[2025-09-01T04:52:29.282+0000] {processor.py:161} INFO - Started process (PID=564) to work on /opt/airflow/dags/orchestration.py
[2025-09-01T04:52:29.284+0000] {processor.py:830} INFO - Processing file /opt/airflow/dags/orchestration.py for tasks to queue
[2025-09-01T04:52:29.286+0000] {logging_mixin.py:188} INFO - [2025-09-01T04:52:29.286+0000] {dagbag.py:538} INFO - Filling up the DagBag from /opt/airflow/dags/orchestration.py
[2025-09-01T04:52:29.359+0000] {processor.py:840} INFO - DAG(s) 'ml_pipeline_orchestration' retrieved from /opt/airflow/dags/orchestration.py
[2025-09-01T04:52:29.391+0000] {logging_mixin.py:188} INFO - [2025-09-01T04:52:29.391+0000] {dag.py:3036} INFO - Sync 1 DAGs
[2025-09-01T04:52:29.431+0000] {logging_mixin.py:188} INFO - [2025-09-01T04:52:29.430+0000] {dag.py:3823} INFO - Setting next_dagrun for ml_pipeline_orchestration to 2025-09-01 00:00:00+00:00, run_after=2025-09-02 00:00:00+00:00
[2025-09-01T04:52:29.544+0000] {processor.py:183} INFO - Processing /opt/airflow/dags/orchestration.py took 0.269 seconds
[2025-09-01T04:52:59.653+0000] {processor.py:161} INFO - Started process (PID=579) to work on /opt/airflow/dags/orchestration.py
[2025-09-01T04:52:59.656+0000] {processor.py:830} INFO - Processing file /opt/airflow/dags/orchestration.py for tasks to queue
[2025-09-01T04:52:59.658+0000] {logging_mixin.py:188} INFO - [2025-09-01T04:52:59.657+0000] {dagbag.py:538} INFO - Filling up the DagBag from /opt/airflow/dags/orchestration.py
[2025-09-01T04:52:59.726+0000] {processor.py:840} INFO - DAG(s) 'ml_pipeline_orchestration' retrieved from /opt/airflow/dags/orchestration.py
[2025-09-01T04:52:59.755+0000] {logging_mixin.py:188} INFO - [2025-09-01T04:52:59.755+0000] {dag.py:3036} INFO - Sync 1 DAGs
[2025-09-01T04:52:59.788+0000] {logging_mixin.py:188} INFO - [2025-09-01T04:52:59.788+0000] {dag.py:3823} INFO - Setting next_dagrun for ml_pipeline_orchestration to 2025-09-01 00:00:00+00:00, run_after=2025-09-02 00:00:00+00:00
[2025-09-01T04:52:59.944+0000] {processor.py:183} INFO - Processing /opt/airflow/dags/orchestration.py took 0.297 seconds
[2025-09-01T04:53:30.210+0000] {processor.py:161} INFO - Started process (PID=594) to work on /opt/airflow/dags/orchestration.py
[2025-09-01T04:53:30.212+0000] {processor.py:830} INFO - Processing file /opt/airflow/dags/orchestration.py for tasks to queue
[2025-09-01T04:53:30.214+0000] {logging_mixin.py:188} INFO - [2025-09-01T04:53:30.213+0000] {dagbag.py:538} INFO - Filling up the DagBag from /opt/airflow/dags/orchestration.py
[2025-09-01T04:53:30.274+0000] {processor.py:840} INFO - DAG(s) 'ml_pipeline_orchestration' retrieved from /opt/airflow/dags/orchestration.py
[2025-09-01T04:53:30.300+0000] {logging_mixin.py:188} INFO - [2025-09-01T04:53:30.300+0000] {dag.py:3036} INFO - Sync 1 DAGs
[2025-09-01T04:53:30.331+0000] {logging_mixin.py:188} INFO - [2025-09-01T04:53:30.330+0000] {dag.py:3823} INFO - Setting next_dagrun for ml_pipeline_orchestration to 2025-09-01 00:00:00+00:00, run_after=2025-09-02 00:00:00+00:00
[2025-09-01T04:53:30.418+0000] {processor.py:183} INFO - Processing /opt/airflow/dags/orchestration.py took 0.213 seconds
[2025-09-01T04:54:01.110+0000] {processor.py:161} INFO - Started process (PID=609) to work on /opt/airflow/dags/orchestration.py
[2025-09-01T04:54:01.113+0000] {processor.py:830} INFO - Processing file /opt/airflow/dags/orchestration.py for tasks to queue
[2025-09-01T04:54:01.115+0000] {logging_mixin.py:188} INFO - [2025-09-01T04:54:01.114+0000] {dagbag.py:538} INFO - Filling up the DagBag from /opt/airflow/dags/orchestration.py
[2025-09-01T04:54:01.300+0000] {processor.py:840} INFO - DAG(s) 'ml_pipeline_orchestration' retrieved from /opt/airflow/dags/orchestration.py
[2025-09-01T04:54:01.332+0000] {logging_mixin.py:188} INFO - [2025-09-01T04:54:01.332+0000] {dag.py:3036} INFO - Sync 1 DAGs
[2025-09-01T04:54:01.369+0000] {logging_mixin.py:188} INFO - [2025-09-01T04:54:01.369+0000] {dag.py:3823} INFO - Setting next_dagrun for ml_pipeline_orchestration to 2025-09-01 00:00:00+00:00, run_after=2025-09-02 00:00:00+00:00
[2025-09-01T04:54:01.735+0000] {processor.py:183} INFO - Processing /opt/airflow/dags/orchestration.py took 0.632 seconds
[2025-09-01T04:54:32.159+0000] {processor.py:161} INFO - Started process (PID=624) to work on /opt/airflow/dags/orchestration.py
[2025-09-01T04:54:32.161+0000] {processor.py:830} INFO - Processing file /opt/airflow/dags/orchestration.py for tasks to queue
[2025-09-01T04:54:32.164+0000] {logging_mixin.py:188} INFO - [2025-09-01T04:54:32.163+0000] {dagbag.py:538} INFO - Filling up the DagBag from /opt/airflow/dags/orchestration.py
[2025-09-01T04:54:32.240+0000] {processor.py:840} INFO - DAG(s) 'ml_pipeline_orchestration' retrieved from /opt/airflow/dags/orchestration.py
[2025-09-01T04:54:32.278+0000] {logging_mixin.py:188} INFO - [2025-09-01T04:54:32.277+0000] {dag.py:3036} INFO - Sync 1 DAGs
[2025-09-01T04:54:32.318+0000] {logging_mixin.py:188} INFO - [2025-09-01T04:54:32.317+0000] {dag.py:3823} INFO - Setting next_dagrun for ml_pipeline_orchestration to 2025-09-01 00:00:00+00:00, run_after=2025-09-02 00:00:00+00:00
[2025-09-01T04:54:32.882+0000] {processor.py:183} INFO - Processing /opt/airflow/dags/orchestration.py took 0.730 seconds
[2025-09-01T04:55:03.166+0000] {processor.py:161} INFO - Started process (PID=639) to work on /opt/airflow/dags/orchestration.py
[2025-09-01T04:55:03.168+0000] {processor.py:830} INFO - Processing file /opt/airflow/dags/orchestration.py for tasks to queue
[2025-09-01T04:55:03.170+0000] {logging_mixin.py:188} INFO - [2025-09-01T04:55:03.169+0000] {dagbag.py:538} INFO - Filling up the DagBag from /opt/airflow/dags/orchestration.py
[2025-09-01T04:55:03.240+0000] {processor.py:840} INFO - DAG(s) 'ml_pipeline_orchestration' retrieved from /opt/airflow/dags/orchestration.py
[2025-09-01T04:55:03.274+0000] {logging_mixin.py:188} INFO - [2025-09-01T04:55:03.273+0000] {dag.py:3036} INFO - Sync 1 DAGs
[2025-09-01T04:55:03.315+0000] {logging_mixin.py:188} INFO - [2025-09-01T04:55:03.314+0000] {dag.py:3823} INFO - Setting next_dagrun for ml_pipeline_orchestration to 2025-09-01 00:00:00+00:00, run_after=2025-09-02 00:00:00+00:00
[2025-09-01T04:55:03.475+0000] {processor.py:183} INFO - Processing /opt/airflow/dags/orchestration.py took 0.317 seconds
[2025-09-01T04:55:33.553+0000] {processor.py:161} INFO - Started process (PID=654) to work on /opt/airflow/dags/orchestration.py
[2025-09-01T04:55:33.556+0000] {processor.py:830} INFO - Processing file /opt/airflow/dags/orchestration.py for tasks to queue
[2025-09-01T04:55:33.557+0000] {logging_mixin.py:188} INFO - [2025-09-01T04:55:33.557+0000] {dagbag.py:538} INFO - Filling up the DagBag from /opt/airflow/dags/orchestration.py
[2025-09-01T04:55:33.629+0000] {processor.py:840} INFO - DAG(s) 'ml_pipeline_orchestration' retrieved from /opt/airflow/dags/orchestration.py
[2025-09-01T04:55:33.666+0000] {logging_mixin.py:188} INFO - [2025-09-01T04:55:33.665+0000] {dag.py:3036} INFO - Sync 1 DAGs
[2025-09-01T04:55:33.705+0000] {logging_mixin.py:188} INFO - [2025-09-01T04:55:33.705+0000] {dag.py:3823} INFO - Setting next_dagrun for ml_pipeline_orchestration to 2025-09-01 00:00:00+00:00, run_after=2025-09-02 00:00:00+00:00
[2025-09-01T04:55:33.874+0000] {processor.py:183} INFO - Processing /opt/airflow/dags/orchestration.py took 0.328 seconds
[2025-09-01T04:56:04.410+0000] {processor.py:161} INFO - Started process (PID=669) to work on /opt/airflow/dags/orchestration.py
[2025-09-01T04:56:04.412+0000] {processor.py:830} INFO - Processing file /opt/airflow/dags/orchestration.py for tasks to queue
[2025-09-01T04:56:04.414+0000] {logging_mixin.py:188} INFO - [2025-09-01T04:56:04.413+0000] {dagbag.py:538} INFO - Filling up the DagBag from /opt/airflow/dags/orchestration.py
[2025-09-01T04:56:04.518+0000] {processor.py:840} INFO - DAG(s) 'ml_pipeline_orchestration' retrieved from /opt/airflow/dags/orchestration.py
[2025-09-01T04:56:04.549+0000] {logging_mixin.py:188} INFO - [2025-09-01T04:56:04.548+0000] {dag.py:3036} INFO - Sync 1 DAGs
[2025-09-01T04:56:04.584+0000] {logging_mixin.py:188} INFO - [2025-09-01T04:56:04.584+0000] {dag.py:3823} INFO - Setting next_dagrun for ml_pipeline_orchestration to 2025-09-01 00:00:00+00:00, run_after=2025-09-02 00:00:00+00:00
[2025-09-01T04:56:04.764+0000] {processor.py:183} INFO - Processing /opt/airflow/dags/orchestration.py took 0.362 seconds
[2025-09-01T04:56:35.240+0000] {processor.py:161} INFO - Started process (PID=684) to work on /opt/airflow/dags/orchestration.py
[2025-09-01T04:56:35.242+0000] {processor.py:830} INFO - Processing file /opt/airflow/dags/orchestration.py for tasks to queue
[2025-09-01T04:56:35.244+0000] {logging_mixin.py:188} INFO - [2025-09-01T04:56:35.244+0000] {dagbag.py:538} INFO - Filling up the DagBag from /opt/airflow/dags/orchestration.py
[2025-09-01T04:56:35.312+0000] {processor.py:840} INFO - DAG(s) 'ml_pipeline_orchestration' retrieved from /opt/airflow/dags/orchestration.py
[2025-09-01T04:56:35.342+0000] {logging_mixin.py:188} INFO - [2025-09-01T04:56:35.342+0000] {dag.py:3036} INFO - Sync 1 DAGs
[2025-09-01T04:56:35.393+0000] {logging_mixin.py:188} INFO - [2025-09-01T04:56:35.393+0000] {dag.py:3823} INFO - Setting next_dagrun for ml_pipeline_orchestration to 2025-09-01 00:00:00+00:00, run_after=2025-09-02 00:00:00+00:00
[2025-09-01T04:56:35.607+0000] {processor.py:183} INFO - Processing /opt/airflow/dags/orchestration.py took 0.375 seconds
[2025-09-01T04:56:48.900+0000] {processor.py:161} INFO - Started process (PID=699) to work on /opt/airflow/dags/orchestration.py
[2025-09-01T04:56:48.903+0000] {processor.py:830} INFO - Processing file /opt/airflow/dags/orchestration.py for tasks to queue
[2025-09-01T04:56:48.905+0000] {logging_mixin.py:188} INFO - [2025-09-01T04:56:48.904+0000] {dagbag.py:538} INFO - Filling up the DagBag from /opt/airflow/dags/orchestration.py
[2025-09-01T04:56:49.339+0000] {processor.py:840} INFO - DAG(s) 'ml_pipeline_orchestration' retrieved from /opt/airflow/dags/orchestration.py
[2025-09-01T04:56:49.588+0000] {logging_mixin.py:188} INFO - [2025-09-01T04:56:49.588+0000] {dag.py:3036} INFO - Sync 1 DAGs
[2025-09-01T04:56:49.622+0000] {logging_mixin.py:188} INFO - [2025-09-01T04:56:49.621+0000] {dag.py:3823} INFO - Setting next_dagrun for ml_pipeline_orchestration to 2025-09-01 00:00:00+00:00, run_after=2025-09-02 00:00:00+00:00
[2025-09-01T04:56:49.908+0000] {processor.py:183} INFO - Processing /opt/airflow/dags/orchestration.py took 1.015 seconds
[2025-09-01T04:57:20.149+0000] {processor.py:161} INFO - Started process (PID=716) to work on /opt/airflow/dags/orchestration.py
[2025-09-01T04:57:20.151+0000] {processor.py:830} INFO - Processing file /opt/airflow/dags/orchestration.py for tasks to queue
[2025-09-01T04:57:20.153+0000] {logging_mixin.py:188} INFO - [2025-09-01T04:57:20.153+0000] {dagbag.py:538} INFO - Filling up the DagBag from /opt/airflow/dags/orchestration.py
[2025-09-01T04:57:20.227+0000] {processor.py:840} INFO - DAG(s) 'ml_pipeline_orchestration' retrieved from /opt/airflow/dags/orchestration.py
[2025-09-01T04:57:20.258+0000] {logging_mixin.py:188} INFO - [2025-09-01T04:57:20.257+0000] {dag.py:3036} INFO - Sync 1 DAGs
[2025-09-01T04:57:20.295+0000] {logging_mixin.py:188} INFO - [2025-09-01T04:57:20.295+0000] {dag.py:3823} INFO - Setting next_dagrun for ml_pipeline_orchestration to 2025-09-01 00:00:00+00:00, run_after=2025-09-02 00:00:00+00:00
[2025-09-01T04:57:20.790+0000] {processor.py:183} INFO - Processing /opt/airflow/dags/orchestration.py took 0.648 seconds
[2025-09-01T04:57:51.240+0000] {processor.py:161} INFO - Started process (PID=731) to work on /opt/airflow/dags/orchestration.py
[2025-09-01T04:57:51.329+0000] {processor.py:830} INFO - Processing file /opt/airflow/dags/orchestration.py for tasks to queue
[2025-09-01T04:57:51.331+0000] {logging_mixin.py:188} INFO - [2025-09-01T04:57:51.330+0000] {dagbag.py:538} INFO - Filling up the DagBag from /opt/airflow/dags/orchestration.py
[2025-09-01T04:57:51.404+0000] {processor.py:840} INFO - DAG(s) 'ml_pipeline_orchestration' retrieved from /opt/airflow/dags/orchestration.py
[2025-09-01T04:57:51.435+0000] {logging_mixin.py:188} INFO - [2025-09-01T04:57:51.435+0000] {dag.py:3036} INFO - Sync 1 DAGs
[2025-09-01T04:57:51.470+0000] {logging_mixin.py:188} INFO - [2025-09-01T04:57:51.470+0000] {dag.py:3823} INFO - Setting next_dagrun for ml_pipeline_orchestration to 2025-09-01 00:00:00+00:00, run_after=2025-09-02 00:00:00+00:00
[2025-09-01T04:57:52.948+0000] {processor.py:183} INFO - Processing /opt/airflow/dags/orchestration.py took 1.714 seconds
[2025-09-01T04:58:23.260+0000] {processor.py:161} INFO - Started process (PID=746) to work on /opt/airflow/dags/orchestration.py
[2025-09-01T04:58:23.262+0000] {processor.py:830} INFO - Processing file /opt/airflow/dags/orchestration.py for tasks to queue
[2025-09-01T04:58:23.264+0000] {logging_mixin.py:188} INFO - [2025-09-01T04:58:23.263+0000] {dagbag.py:538} INFO - Filling up the DagBag from /opt/airflow/dags/orchestration.py
[2025-09-01T04:58:23.332+0000] {processor.py:840} INFO - DAG(s) 'ml_pipeline_orchestration' retrieved from /opt/airflow/dags/orchestration.py
[2025-09-01T04:58:23.369+0000] {logging_mixin.py:188} INFO - [2025-09-01T04:58:23.369+0000] {dag.py:3036} INFO - Sync 1 DAGs
[2025-09-01T04:58:23.406+0000] {logging_mixin.py:188} INFO - [2025-09-01T04:58:23.405+0000] {dag.py:3823} INFO - Setting next_dagrun for ml_pipeline_orchestration to 2025-09-01 00:00:00+00:00, run_after=2025-09-02 00:00:00+00:00
[2025-09-01T04:58:23.897+0000] {processor.py:183} INFO - Processing /opt/airflow/dags/orchestration.py took 0.643 seconds
[2025-09-01T04:58:54.157+0000] {processor.py:161} INFO - Started process (PID=761) to work on /opt/airflow/dags/orchestration.py
[2025-09-01T04:58:54.159+0000] {processor.py:830} INFO - Processing file /opt/airflow/dags/orchestration.py for tasks to queue
[2025-09-01T04:58:54.161+0000] {logging_mixin.py:188} INFO - [2025-09-01T04:58:54.161+0000] {dagbag.py:538} INFO - Filling up the DagBag from /opt/airflow/dags/orchestration.py
[2025-09-01T04:58:54.236+0000] {processor.py:840} INFO - DAG(s) 'ml_pipeline_orchestration' retrieved from /opt/airflow/dags/orchestration.py
[2025-09-01T04:58:54.265+0000] {logging_mixin.py:188} INFO - [2025-09-01T04:58:54.264+0000] {dag.py:3036} INFO - Sync 1 DAGs
[2025-09-01T04:58:54.298+0000] {logging_mixin.py:188} INFO - [2025-09-01T04:58:54.297+0000] {dag.py:3823} INFO - Setting next_dagrun for ml_pipeline_orchestration to 2025-09-01 00:00:00+00:00, run_after=2025-09-02 00:00:00+00:00
[2025-09-01T04:58:54.857+0000] {processor.py:183} INFO - Processing /opt/airflow/dags/orchestration.py took 0.706 seconds
[2025-09-01T04:59:25.039+0000] {processor.py:161} INFO - Started process (PID=776) to work on /opt/airflow/dags/orchestration.py
[2025-09-01T04:59:25.042+0000] {processor.py:830} INFO - Processing file /opt/airflow/dags/orchestration.py for tasks to queue
[2025-09-01T04:59:25.045+0000] {logging_mixin.py:188} INFO - [2025-09-01T04:59:25.044+0000] {dagbag.py:538} INFO - Filling up the DagBag from /opt/airflow/dags/orchestration.py
[2025-09-01T04:59:25.119+0000] {processor.py:840} INFO - DAG(s) 'ml_pipeline_orchestration' retrieved from /opt/airflow/dags/orchestration.py
[2025-09-01T04:59:25.148+0000] {logging_mixin.py:188} INFO - [2025-09-01T04:59:25.147+0000] {dag.py:3036} INFO - Sync 1 DAGs
[2025-09-01T04:59:25.183+0000] {logging_mixin.py:188} INFO - [2025-09-01T04:59:25.182+0000] {dag.py:3823} INFO - Setting next_dagrun for ml_pipeline_orchestration to 2025-09-01 00:00:00+00:00, run_after=2025-09-02 00:00:00+00:00
[2025-09-01T04:59:25.452+0000] {processor.py:183} INFO - Processing /opt/airflow/dags/orchestration.py took 0.425 seconds
[2025-09-01T04:59:56.394+0000] {processor.py:161} INFO - Started process (PID=800) to work on /opt/airflow/dags/orchestration.py
[2025-09-01T04:59:56.396+0000] {processor.py:830} INFO - Processing file /opt/airflow/dags/orchestration.py for tasks to queue
[2025-09-01T04:59:56.398+0000] {logging_mixin.py:188} INFO - [2025-09-01T04:59:56.398+0000] {dagbag.py:538} INFO - Filling up the DagBag from /opt/airflow/dags/orchestration.py
[2025-09-01T04:59:56.475+0000] {processor.py:840} INFO - DAG(s) 'ml_pipeline_orchestration' retrieved from /opt/airflow/dags/orchestration.py
[2025-09-01T04:59:56.510+0000] {logging_mixin.py:188} INFO - [2025-09-01T04:59:56.510+0000] {dag.py:3036} INFO - Sync 1 DAGs
[2025-09-01T04:59:56.547+0000] {logging_mixin.py:188} INFO - [2025-09-01T04:59:56.547+0000] {dag.py:3823} INFO - Setting next_dagrun for ml_pipeline_orchestration to 2025-09-01 00:00:00+00:00, run_after=2025-09-02 00:00:00+00:00
[2025-09-01T04:59:56.926+0000] {processor.py:183} INFO - Processing /opt/airflow/dags/orchestration.py took 0.538 seconds
[2025-09-01T05:00:27.134+0000] {processor.py:161} INFO - Started process (PID=815) to work on /opt/airflow/dags/orchestration.py
[2025-09-01T05:00:27.136+0000] {processor.py:830} INFO - Processing file /opt/airflow/dags/orchestration.py for tasks to queue
[2025-09-01T05:00:27.138+0000] {logging_mixin.py:188} INFO - [2025-09-01T05:00:27.137+0000] {dagbag.py:538} INFO - Filling up the DagBag from /opt/airflow/dags/orchestration.py
[2025-09-01T05:00:27.242+0000] {processor.py:840} INFO - DAG(s) 'ml_pipeline_orchestration' retrieved from /opt/airflow/dags/orchestration.py
[2025-09-01T05:00:27.274+0000] {logging_mixin.py:188} INFO - [2025-09-01T05:00:27.274+0000] {dag.py:3036} INFO - Sync 1 DAGs
[2025-09-01T05:00:27.319+0000] {logging_mixin.py:188} INFO - [2025-09-01T05:00:27.319+0000] {dag.py:3823} INFO - Setting next_dagrun for ml_pipeline_orchestration to 2025-09-01 00:00:00+00:00, run_after=2025-09-02 00:00:00+00:00
[2025-09-01T05:00:27.488+0000] {processor.py:183} INFO - Processing /opt/airflow/dags/orchestration.py took 0.362 seconds
[2025-09-01T05:00:57.996+0000] {processor.py:161} INFO - Started process (PID=830) to work on /opt/airflow/dags/orchestration.py
[2025-09-01T05:00:57.998+0000] {processor.py:830} INFO - Processing file /opt/airflow/dags/orchestration.py for tasks to queue
[2025-09-01T05:00:58.000+0000] {logging_mixin.py:188} INFO - [2025-09-01T05:00:58.000+0000] {dagbag.py:538} INFO - Filling up the DagBag from /opt/airflow/dags/orchestration.py
[2025-09-01T05:00:58.074+0000] {processor.py:840} INFO - DAG(s) 'ml_pipeline_orchestration' retrieved from /opt/airflow/dags/orchestration.py
[2025-09-01T05:00:58.107+0000] {logging_mixin.py:188} INFO - [2025-09-01T05:00:58.106+0000] {dag.py:3036} INFO - Sync 1 DAGs
[2025-09-01T05:00:58.140+0000] {logging_mixin.py:188} INFO - [2025-09-01T05:00:58.140+0000] {dag.py:3823} INFO - Setting next_dagrun for ml_pipeline_orchestration to 2025-09-01 00:00:00+00:00, run_after=2025-09-02 00:00:00+00:00
[2025-09-01T05:00:58.283+0000] {processor.py:183} INFO - Processing /opt/airflow/dags/orchestration.py took 0.292 seconds
[2025-09-01T05:01:28.479+0000] {processor.py:161} INFO - Started process (PID=845) to work on /opt/airflow/dags/orchestration.py
[2025-09-01T05:01:28.481+0000] {processor.py:830} INFO - Processing file /opt/airflow/dags/orchestration.py for tasks to queue
[2025-09-01T05:01:28.483+0000] {logging_mixin.py:188} INFO - [2025-09-01T05:01:28.483+0000] {dagbag.py:538} INFO - Filling up the DagBag from /opt/airflow/dags/orchestration.py
[2025-09-01T05:01:28.564+0000] {processor.py:840} INFO - DAG(s) 'ml_pipeline_orchestration' retrieved from /opt/airflow/dags/orchestration.py
[2025-09-01T05:01:28.596+0000] {logging_mixin.py:188} INFO - [2025-09-01T05:01:28.596+0000] {dag.py:3036} INFO - Sync 1 DAGs
[2025-09-01T05:01:28.636+0000] {logging_mixin.py:188} INFO - [2025-09-01T05:01:28.635+0000] {dag.py:3823} INFO - Setting next_dagrun for ml_pipeline_orchestration to 2025-09-01 00:00:00+00:00, run_after=2025-09-02 00:00:00+00:00
[2025-09-01T05:01:28.812+0000] {processor.py:183} INFO - Processing /opt/airflow/dags/orchestration.py took 0.340 seconds
[2025-09-01T05:01:59.602+0000] {processor.py:161} INFO - Started process (PID=860) to work on /opt/airflow/dags/orchestration.py
[2025-09-01T05:01:59.604+0000] {processor.py:830} INFO - Processing file /opt/airflow/dags/orchestration.py for tasks to queue
[2025-09-01T05:01:59.606+0000] {logging_mixin.py:188} INFO - [2025-09-01T05:01:59.605+0000] {dagbag.py:538} INFO - Filling up the DagBag from /opt/airflow/dags/orchestration.py
[2025-09-01T05:01:59.682+0000] {processor.py:840} INFO - DAG(s) 'ml_pipeline_orchestration' retrieved from /opt/airflow/dags/orchestration.py
[2025-09-01T05:01:59.715+0000] {logging_mixin.py:188} INFO - [2025-09-01T05:01:59.715+0000] {dag.py:3036} INFO - Sync 1 DAGs
[2025-09-01T05:01:59.749+0000] {logging_mixin.py:188} INFO - [2025-09-01T05:01:59.748+0000] {dag.py:3823} INFO - Setting next_dagrun for ml_pipeline_orchestration to 2025-09-01 00:00:00+00:00, run_after=2025-09-02 00:00:00+00:00
[2025-09-01T05:01:59.863+0000] {processor.py:183} INFO - Processing /opt/airflow/dags/orchestration.py took 0.268 seconds
[2025-09-01T05:02:30.166+0000] {processor.py:161} INFO - Started process (PID=875) to work on /opt/airflow/dags/orchestration.py
[2025-09-01T05:02:30.169+0000] {processor.py:830} INFO - Processing file /opt/airflow/dags/orchestration.py for tasks to queue
[2025-09-01T05:02:30.183+0000] {logging_mixin.py:188} INFO - [2025-09-01T05:02:30.182+0000] {dagbag.py:538} INFO - Filling up the DagBag from /opt/airflow/dags/orchestration.py
[2025-09-01T05:02:30.392+0000] {processor.py:840} INFO - DAG(s) 'ml_pipeline_orchestration' retrieved from /opt/airflow/dags/orchestration.py
[2025-09-01T05:02:30.443+0000] {logging_mixin.py:188} INFO - [2025-09-01T05:02:30.443+0000] {dag.py:3036} INFO - Sync 1 DAGs
[2025-09-01T05:02:30.574+0000] {logging_mixin.py:188} INFO - [2025-09-01T05:02:30.574+0000] {dag.py:3823} INFO - Setting next_dagrun for ml_pipeline_orchestration to 2025-09-01 00:00:00+00:00, run_after=2025-09-02 00:00:00+00:00
[2025-09-01T05:02:30.737+0000] {processor.py:183} INFO - Processing /opt/airflow/dags/orchestration.py took 0.592 seconds
[2025-09-01T05:03:00.919+0000] {processor.py:161} INFO - Started process (PID=890) to work on /opt/airflow/dags/orchestration.py
[2025-09-01T05:03:00.921+0000] {processor.py:830} INFO - Processing file /opt/airflow/dags/orchestration.py for tasks to queue
[2025-09-01T05:03:00.924+0000] {logging_mixin.py:188} INFO - [2025-09-01T05:03:00.923+0000] {dagbag.py:538} INFO - Filling up the DagBag from /opt/airflow/dags/orchestration.py
[2025-09-01T05:03:01.000+0000] {processor.py:840} INFO - DAG(s) 'ml_pipeline_orchestration' retrieved from /opt/airflow/dags/orchestration.py
[2025-09-01T05:03:01.029+0000] {logging_mixin.py:188} INFO - [2025-09-01T05:03:01.029+0000] {dag.py:3036} INFO - Sync 1 DAGs
[2025-09-01T05:03:01.069+0000] {logging_mixin.py:188} INFO - [2025-09-01T05:03:01.069+0000] {dag.py:3823} INFO - Setting next_dagrun for ml_pipeline_orchestration to 2025-09-01 00:00:00+00:00, run_after=2025-09-02 00:00:00+00:00
[2025-09-01T05:03:01.308+0000] {processor.py:183} INFO - Processing /opt/airflow/dags/orchestration.py took 0.396 seconds
[2025-09-01T05:03:31.434+0000] {processor.py:161} INFO - Started process (PID=905) to work on /opt/airflow/dags/orchestration.py
[2025-09-01T05:03:31.437+0000] {processor.py:830} INFO - Processing file /opt/airflow/dags/orchestration.py for tasks to queue
[2025-09-01T05:03:31.441+0000] {logging_mixin.py:188} INFO - [2025-09-01T05:03:31.439+0000] {dagbag.py:538} INFO - Filling up the DagBag from /opt/airflow/dags/orchestration.py
[2025-09-01T05:03:31.631+0000] {processor.py:840} INFO - DAG(s) 'ml_pipeline_orchestration' retrieved from /opt/airflow/dags/orchestration.py
[2025-09-01T05:03:31.690+0000] {logging_mixin.py:188} INFO - [2025-09-01T05:03:31.689+0000] {dag.py:3036} INFO - Sync 1 DAGs
[2025-09-01T05:03:32.053+0000] {logging_mixin.py:188} INFO - [2025-09-01T05:03:32.053+0000] {dag.py:3823} INFO - Setting next_dagrun for ml_pipeline_orchestration to 2025-09-01 00:00:00+00:00, run_after=2025-09-02 00:00:00+00:00
[2025-09-01T05:03:32.249+0000] {processor.py:183} INFO - Processing /opt/airflow/dags/orchestration.py took 0.840 seconds
[2025-09-01T05:04:02.685+0000] {processor.py:161} INFO - Started process (PID=920) to work on /opt/airflow/dags/orchestration.py
[2025-09-01T05:04:02.687+0000] {processor.py:830} INFO - Processing file /opt/airflow/dags/orchestration.py for tasks to queue
[2025-09-01T05:04:02.689+0000] {logging_mixin.py:188} INFO - [2025-09-01T05:04:02.688+0000] {dagbag.py:538} INFO - Filling up the DagBag from /opt/airflow/dags/orchestration.py
[2025-09-01T05:04:02.765+0000] {processor.py:840} INFO - DAG(s) 'ml_pipeline_orchestration' retrieved from /opt/airflow/dags/orchestration.py
[2025-09-01T05:04:02.798+0000] {logging_mixin.py:188} INFO - [2025-09-01T05:04:02.798+0000] {dag.py:3036} INFO - Sync 1 DAGs
[2025-09-01T05:04:02.835+0000] {logging_mixin.py:188} INFO - [2025-09-01T05:04:02.835+0000] {dag.py:3823} INFO - Setting next_dagrun for ml_pipeline_orchestration to 2025-09-01 00:00:00+00:00, run_after=2025-09-02 00:00:00+00:00
[2025-09-01T05:04:02.950+0000] {processor.py:183} INFO - Processing /opt/airflow/dags/orchestration.py took 0.272 seconds
[2025-09-01T05:04:33.672+0000] {processor.py:161} INFO - Started process (PID=935) to work on /opt/airflow/dags/orchestration.py
[2025-09-01T05:04:33.675+0000] {processor.py:830} INFO - Processing file /opt/airflow/dags/orchestration.py for tasks to queue
[2025-09-01T05:04:33.677+0000] {logging_mixin.py:188} INFO - [2025-09-01T05:04:33.677+0000] {dagbag.py:538} INFO - Filling up the DagBag from /opt/airflow/dags/orchestration.py
[2025-09-01T05:04:33.758+0000] {processor.py:840} INFO - DAG(s) 'ml_pipeline_orchestration' retrieved from /opt/airflow/dags/orchestration.py
[2025-09-01T05:04:33.789+0000] {logging_mixin.py:188} INFO - [2025-09-01T05:04:33.788+0000] {dag.py:3036} INFO - Sync 1 DAGs
[2025-09-01T05:04:33.825+0000] {logging_mixin.py:188} INFO - [2025-09-01T05:04:33.825+0000] {dag.py:3823} INFO - Setting next_dagrun for ml_pipeline_orchestration to 2025-09-01 00:00:00+00:00, run_after=2025-09-02 00:00:00+00:00
[2025-09-01T05:04:34.296+0000] {processor.py:183} INFO - Processing /opt/airflow/dags/orchestration.py took 0.630 seconds
[2025-09-01T05:05:04.865+0000] {processor.py:161} INFO - Started process (PID=950) to work on /opt/airflow/dags/orchestration.py
[2025-09-01T05:05:04.868+0000] {processor.py:830} INFO - Processing file /opt/airflow/dags/orchestration.py for tasks to queue
[2025-09-01T05:05:04.870+0000] {logging_mixin.py:188} INFO - [2025-09-01T05:05:04.869+0000] {dagbag.py:538} INFO - Filling up the DagBag from /opt/airflow/dags/orchestration.py
[2025-09-01T05:05:04.938+0000] {processor.py:840} INFO - DAG(s) 'ml_pipeline_orchestration' retrieved from /opt/airflow/dags/orchestration.py
[2025-09-01T05:05:04.966+0000] {logging_mixin.py:188} INFO - [2025-09-01T05:05:04.966+0000] {dag.py:3036} INFO - Sync 1 DAGs
[2025-09-01T05:05:05.000+0000] {logging_mixin.py:188} INFO - [2025-09-01T05:05:05.000+0000] {dag.py:3823} INFO - Setting next_dagrun for ml_pipeline_orchestration to 2025-09-01 00:00:00+00:00, run_after=2025-09-02 00:00:00+00:00
[2025-09-01T05:05:05.087+0000] {processor.py:183} INFO - Processing /opt/airflow/dags/orchestration.py took 0.228 seconds
[2025-09-01T05:05:35.771+0000] {processor.py:161} INFO - Started process (PID=967) to work on /opt/airflow/dags/orchestration.py
[2025-09-01T05:05:35.773+0000] {processor.py:830} INFO - Processing file /opt/airflow/dags/orchestration.py for tasks to queue
[2025-09-01T05:05:35.775+0000] {logging_mixin.py:188} INFO - [2025-09-01T05:05:35.775+0000] {dagbag.py:538} INFO - Filling up the DagBag from /opt/airflow/dags/orchestration.py
[2025-09-01T05:05:35.852+0000] {processor.py:840} INFO - DAG(s) 'ml_pipeline_orchestration' retrieved from /opt/airflow/dags/orchestration.py
[2025-09-01T05:05:35.904+0000] {logging_mixin.py:188} INFO - [2025-09-01T05:05:35.904+0000] {dag.py:3036} INFO - Sync 1 DAGs
[2025-09-01T05:05:35.939+0000] {logging_mixin.py:188} INFO - [2025-09-01T05:05:35.939+0000] {dag.py:3823} INFO - Setting next_dagrun for ml_pipeline_orchestration to 2025-09-01 00:00:00+00:00, run_after=2025-09-02 00:00:00+00:00
[2025-09-01T05:05:36.010+0000] {processor.py:183} INFO - Processing /opt/airflow/dags/orchestration.py took 0.247 seconds
[2025-09-01T05:06:06.548+0000] {processor.py:161} INFO - Started process (PID=982) to work on /opt/airflow/dags/orchestration.py
[2025-09-01T05:06:06.550+0000] {processor.py:830} INFO - Processing file /opt/airflow/dags/orchestration.py for tasks to queue
[2025-09-01T05:06:06.552+0000] {logging_mixin.py:188} INFO - [2025-09-01T05:06:06.552+0000] {dagbag.py:538} INFO - Filling up the DagBag from /opt/airflow/dags/orchestration.py
[2025-09-01T05:06:06.623+0000] {processor.py:840} INFO - DAG(s) 'ml_pipeline_orchestration' retrieved from /opt/airflow/dags/orchestration.py
[2025-09-01T05:06:06.652+0000] {logging_mixin.py:188} INFO - [2025-09-01T05:06:06.651+0000] {dag.py:3036} INFO - Sync 1 DAGs
[2025-09-01T05:06:06.686+0000] {logging_mixin.py:188} INFO - [2025-09-01T05:06:06.685+0000] {dag.py:3823} INFO - Setting next_dagrun for ml_pipeline_orchestration to 2025-09-01 00:00:00+00:00, run_after=2025-09-02 00:00:00+00:00
[2025-09-01T05:06:06.766+0000] {processor.py:183} INFO - Processing /opt/airflow/dags/orchestration.py took 0.225 seconds
[2025-09-01T05:06:37.238+0000] {processor.py:161} INFO - Started process (PID=997) to work on /opt/airflow/dags/orchestration.py
[2025-09-01T05:06:37.240+0000] {processor.py:830} INFO - Processing file /opt/airflow/dags/orchestration.py for tasks to queue
[2025-09-01T05:06:37.242+0000] {logging_mixin.py:188} INFO - [2025-09-01T05:06:37.241+0000] {dagbag.py:538} INFO - Filling up the DagBag from /opt/airflow/dags/orchestration.py
[2025-09-01T05:06:37.313+0000] {processor.py:840} INFO - DAG(s) 'ml_pipeline_orchestration' retrieved from /opt/airflow/dags/orchestration.py
[2025-09-01T05:06:37.342+0000] {logging_mixin.py:188} INFO - [2025-09-01T05:06:37.341+0000] {dag.py:3036} INFO - Sync 1 DAGs
[2025-09-01T05:06:37.374+0000] {logging_mixin.py:188} INFO - [2025-09-01T05:06:37.374+0000] {dag.py:3823} INFO - Setting next_dagrun for ml_pipeline_orchestration to 2025-09-01 00:00:00+00:00, run_after=2025-09-02 00:00:00+00:00
[2025-09-01T05:06:37.450+0000] {processor.py:183} INFO - Processing /opt/airflow/dags/orchestration.py took 0.219 seconds
[2025-09-01T05:07:08.014+0000] {processor.py:161} INFO - Started process (PID=1012) to work on /opt/airflow/dags/orchestration.py
[2025-09-01T05:07:08.016+0000] {processor.py:830} INFO - Processing file /opt/airflow/dags/orchestration.py for tasks to queue
[2025-09-01T05:07:08.018+0000] {logging_mixin.py:188} INFO - [2025-09-01T05:07:08.018+0000] {dagbag.py:538} INFO - Filling up the DagBag from /opt/airflow/dags/orchestration.py
[2025-09-01T05:07:08.088+0000] {processor.py:840} INFO - DAG(s) 'ml_pipeline_orchestration' retrieved from /opt/airflow/dags/orchestration.py
[2025-09-01T05:07:08.115+0000] {logging_mixin.py:188} INFO - [2025-09-01T05:07:08.115+0000] {dag.py:3036} INFO - Sync 1 DAGs
[2025-09-01T05:07:08.147+0000] {logging_mixin.py:188} INFO - [2025-09-01T05:07:08.146+0000] {dag.py:3823} INFO - Setting next_dagrun for ml_pipeline_orchestration to 2025-09-01 00:00:00+00:00, run_after=2025-09-02 00:00:00+00:00
[2025-09-01T05:07:08.218+0000] {processor.py:183} INFO - Processing /opt/airflow/dags/orchestration.py took 0.210 seconds
[2025-09-01T05:07:38.720+0000] {processor.py:161} INFO - Started process (PID=1027) to work on /opt/airflow/dags/orchestration.py
[2025-09-01T05:07:38.722+0000] {processor.py:830} INFO - Processing file /opt/airflow/dags/orchestration.py for tasks to queue
[2025-09-01T05:07:38.724+0000] {logging_mixin.py:188} INFO - [2025-09-01T05:07:38.724+0000] {dagbag.py:538} INFO - Filling up the DagBag from /opt/airflow/dags/orchestration.py
[2025-09-01T05:07:38.798+0000] {processor.py:840} INFO - DAG(s) 'ml_pipeline_orchestration' retrieved from /opt/airflow/dags/orchestration.py
[2025-09-01T05:07:38.826+0000] {logging_mixin.py:188} INFO - [2025-09-01T05:07:38.826+0000] {dag.py:3036} INFO - Sync 1 DAGs
[2025-09-01T05:07:38.863+0000] {logging_mixin.py:188} INFO - [2025-09-01T05:07:38.863+0000] {dag.py:3823} INFO - Setting next_dagrun for ml_pipeline_orchestration to 2025-09-01 00:00:00+00:00, run_after=2025-09-02 00:00:00+00:00
[2025-09-01T05:07:38.932+0000] {processor.py:183} INFO - Processing /opt/airflow/dags/orchestration.py took 0.218 seconds
[2025-09-01T05:08:09.525+0000] {processor.py:161} INFO - Started process (PID=1042) to work on /opt/airflow/dags/orchestration.py
[2025-09-01T05:08:09.527+0000] {processor.py:830} INFO - Processing file /opt/airflow/dags/orchestration.py for tasks to queue
[2025-09-01T05:08:09.529+0000] {logging_mixin.py:188} INFO - [2025-09-01T05:08:09.529+0000] {dagbag.py:538} INFO - Filling up the DagBag from /opt/airflow/dags/orchestration.py
[2025-09-01T05:08:09.601+0000] {processor.py:840} INFO - DAG(s) 'ml_pipeline_orchestration' retrieved from /opt/airflow/dags/orchestration.py
[2025-09-01T05:08:09.630+0000] {logging_mixin.py:188} INFO - [2025-09-01T05:08:09.630+0000] {dag.py:3036} INFO - Sync 1 DAGs
[2025-09-01T05:08:09.666+0000] {logging_mixin.py:188} INFO - [2025-09-01T05:08:09.665+0000] {dag.py:3823} INFO - Setting next_dagrun for ml_pipeline_orchestration to 2025-09-01 00:00:00+00:00, run_after=2025-09-02 00:00:00+00:00
[2025-09-01T05:08:09.738+0000] {processor.py:183} INFO - Processing /opt/airflow/dags/orchestration.py took 0.219 seconds
[2025-09-01T05:08:40.312+0000] {processor.py:161} INFO - Started process (PID=1057) to work on /opt/airflow/dags/orchestration.py
[2025-09-01T05:08:40.314+0000] {processor.py:830} INFO - Processing file /opt/airflow/dags/orchestration.py for tasks to queue
[2025-09-01T05:08:40.316+0000] {logging_mixin.py:188} INFO - [2025-09-01T05:08:40.316+0000] {dagbag.py:538} INFO - Filling up the DagBag from /opt/airflow/dags/orchestration.py
[2025-09-01T05:08:40.389+0000] {processor.py:840} INFO - DAG(s) 'ml_pipeline_orchestration' retrieved from /opt/airflow/dags/orchestration.py
[2025-09-01T05:08:40.418+0000] {logging_mixin.py:188} INFO - [2025-09-01T05:08:40.418+0000] {dag.py:3036} INFO - Sync 1 DAGs
[2025-09-01T05:08:40.452+0000] {logging_mixin.py:188} INFO - [2025-09-01T05:08:40.452+0000] {dag.py:3823} INFO - Setting next_dagrun for ml_pipeline_orchestration to 2025-09-01 00:00:00+00:00, run_after=2025-09-02 00:00:00+00:00
[2025-09-01T05:08:40.591+0000] {processor.py:183} INFO - Processing /opt/airflow/dags/orchestration.py took 0.286 seconds
[2025-09-01T05:09:11.139+0000] {processor.py:161} INFO - Started process (PID=1072) to work on /opt/airflow/dags/orchestration.py
[2025-09-01T05:09:11.141+0000] {processor.py:830} INFO - Processing file /opt/airflow/dags/orchestration.py for tasks to queue
[2025-09-01T05:09:11.143+0000] {logging_mixin.py:188} INFO - [2025-09-01T05:09:11.143+0000] {dagbag.py:538} INFO - Filling up the DagBag from /opt/airflow/dags/orchestration.py
[2025-09-01T05:09:11.217+0000] {processor.py:840} INFO - DAG(s) 'ml_pipeline_orchestration' retrieved from /opt/airflow/dags/orchestration.py
[2025-09-01T05:09:11.244+0000] {logging_mixin.py:188} INFO - [2025-09-01T05:09:11.244+0000] {dag.py:3036} INFO - Sync 1 DAGs
[2025-09-01T05:09:11.275+0000] {logging_mixin.py:188} INFO - [2025-09-01T05:09:11.275+0000] {dag.py:3823} INFO - Setting next_dagrun for ml_pipeline_orchestration to 2025-09-01 00:00:00+00:00, run_after=2025-09-02 00:00:00+00:00
[2025-09-01T05:09:11.359+0000] {processor.py:183} INFO - Processing /opt/airflow/dags/orchestration.py took 0.227 seconds
[2025-09-01T05:09:42.256+0000] {processor.py:161} INFO - Started process (PID=1087) to work on /opt/airflow/dags/orchestration.py
[2025-09-01T05:09:42.258+0000] {processor.py:830} INFO - Processing file /opt/airflow/dags/orchestration.py for tasks to queue
[2025-09-01T05:09:42.260+0000] {logging_mixin.py:188} INFO - [2025-09-01T05:09:42.259+0000] {dagbag.py:538} INFO - Filling up the DagBag from /opt/airflow/dags/orchestration.py
[2025-09-01T05:09:42.329+0000] {processor.py:840} INFO - DAG(s) 'ml_pipeline_orchestration' retrieved from /opt/airflow/dags/orchestration.py
[2025-09-01T05:09:42.363+0000] {logging_mixin.py:188} INFO - [2025-09-01T05:09:42.363+0000] {dag.py:3036} INFO - Sync 1 DAGs
[2025-09-01T05:09:42.399+0000] {logging_mixin.py:188} INFO - [2025-09-01T05:09:42.399+0000] {dag.py:3823} INFO - Setting next_dagrun for ml_pipeline_orchestration to 2025-09-01 00:00:00+00:00, run_after=2025-09-02 00:00:00+00:00
[2025-09-01T05:09:42.468+0000] {processor.py:183} INFO - Processing /opt/airflow/dags/orchestration.py took 0.218 seconds
[2025-09-01T05:10:12.644+0000] {processor.py:161} INFO - Started process (PID=1102) to work on /opt/airflow/dags/orchestration.py
[2025-09-01T05:10:12.646+0000] {processor.py:830} INFO - Processing file /opt/airflow/dags/orchestration.py for tasks to queue
[2025-09-01T05:10:12.648+0000] {logging_mixin.py:188} INFO - [2025-09-01T05:10:12.647+0000] {dagbag.py:538} INFO - Filling up the DagBag from /opt/airflow/dags/orchestration.py
[2025-09-01T05:10:12.733+0000] {processor.py:840} INFO - DAG(s) 'ml_pipeline_orchestration' retrieved from /opt/airflow/dags/orchestration.py
[2025-09-01T05:10:12.771+0000] {logging_mixin.py:188} INFO - [2025-09-01T05:10:12.771+0000] {dag.py:3036} INFO - Sync 1 DAGs
[2025-09-01T05:10:12.811+0000] {logging_mixin.py:188} INFO - [2025-09-01T05:10:12.811+0000] {dag.py:3823} INFO - Setting next_dagrun for ml_pipeline_orchestration to 2025-09-01 00:00:00+00:00, run_after=2025-09-02 00:00:00+00:00
[2025-09-01T05:10:13.237+0000] {processor.py:183} INFO - Processing /opt/airflow/dags/orchestration.py took 0.599 seconds
[2025-09-01T05:10:43.861+0000] {processor.py:161} INFO - Started process (PID=1117) to work on /opt/airflow/dags/orchestration.py
[2025-09-01T05:10:43.863+0000] {processor.py:830} INFO - Processing file /opt/airflow/dags/orchestration.py for tasks to queue
[2025-09-01T05:10:43.865+0000] {logging_mixin.py:188} INFO - [2025-09-01T05:10:43.865+0000] {dagbag.py:538} INFO - Filling up the DagBag from /opt/airflow/dags/orchestration.py
[2025-09-01T05:10:43.952+0000] {processor.py:840} INFO - DAG(s) 'ml_pipeline_orchestration' retrieved from /opt/airflow/dags/orchestration.py
[2025-09-01T05:10:43.982+0000] {logging_mixin.py:188} INFO - [2025-09-01T05:10:43.982+0000] {dag.py:3036} INFO - Sync 1 DAGs
[2025-09-01T05:10:44.018+0000] {logging_mixin.py:188} INFO - [2025-09-01T05:10:44.018+0000] {dag.py:3823} INFO - Setting next_dagrun for ml_pipeline_orchestration to 2025-09-01 00:00:00+00:00, run_after=2025-09-02 00:00:00+00:00
[2025-09-01T05:10:44.725+0000] {processor.py:183} INFO - Processing /opt/airflow/dags/orchestration.py took 0.871 seconds
[2025-09-01T05:11:14.788+0000] {processor.py:161} INFO - Started process (PID=1132) to work on /opt/airflow/dags/orchestration.py
[2025-09-01T05:11:14.790+0000] {processor.py:830} INFO - Processing file /opt/airflow/dags/orchestration.py for tasks to queue
[2025-09-01T05:11:14.792+0000] {logging_mixin.py:188} INFO - [2025-09-01T05:11:14.792+0000] {dagbag.py:538} INFO - Filling up the DagBag from /opt/airflow/dags/orchestration.py
[2025-09-01T05:11:14.873+0000] {processor.py:840} INFO - DAG(s) 'ml_pipeline_orchestration' retrieved from /opt/airflow/dags/orchestration.py
[2025-09-01T05:11:14.902+0000] {logging_mixin.py:188} INFO - [2025-09-01T05:11:14.902+0000] {dag.py:3036} INFO - Sync 1 DAGs
[2025-09-01T05:11:14.935+0000] {logging_mixin.py:188} INFO - [2025-09-01T05:11:14.935+0000] {dag.py:3823} INFO - Setting next_dagrun for ml_pipeline_orchestration to 2025-09-01 00:00:00+00:00, run_after=2025-09-02 00:00:00+00:00
[2025-09-01T05:11:15.043+0000] {processor.py:183} INFO - Processing /opt/airflow/dags/orchestration.py took 0.261 seconds
[2025-09-01T05:11:45.775+0000] {processor.py:161} INFO - Started process (PID=1147) to work on /opt/airflow/dags/orchestration.py
[2025-09-01T05:11:45.777+0000] {processor.py:830} INFO - Processing file /opt/airflow/dags/orchestration.py for tasks to queue
[2025-09-01T05:11:45.778+0000] {logging_mixin.py:188} INFO - [2025-09-01T05:11:45.778+0000] {dagbag.py:538} INFO - Filling up the DagBag from /opt/airflow/dags/orchestration.py
[2025-09-01T05:11:45.856+0000] {processor.py:840} INFO - DAG(s) 'ml_pipeline_orchestration' retrieved from /opt/airflow/dags/orchestration.py
[2025-09-01T05:11:45.884+0000] {logging_mixin.py:188} INFO - [2025-09-01T05:11:45.884+0000] {dag.py:3036} INFO - Sync 1 DAGs
[2025-09-01T05:11:45.924+0000] {logging_mixin.py:188} INFO - [2025-09-01T05:11:45.923+0000] {dag.py:3823} INFO - Setting next_dagrun for ml_pipeline_orchestration to 2025-09-01 00:00:00+00:00, run_after=2025-09-02 00:00:00+00:00
[2025-09-01T05:11:45.998+0000] {processor.py:183} INFO - Processing /opt/airflow/dags/orchestration.py took 0.230 seconds
[2025-09-01T05:12:16.216+0000] {processor.py:161} INFO - Started process (PID=1162) to work on /opt/airflow/dags/orchestration.py
[2025-09-01T05:12:16.218+0000] {processor.py:830} INFO - Processing file /opt/airflow/dags/orchestration.py for tasks to queue
[2025-09-01T05:12:16.220+0000] {logging_mixin.py:188} INFO - [2025-09-01T05:12:16.219+0000] {dagbag.py:538} INFO - Filling up the DagBag from /opt/airflow/dags/orchestration.py
[2025-09-01T05:12:16.298+0000] {processor.py:840} INFO - DAG(s) 'ml_pipeline_orchestration' retrieved from /opt/airflow/dags/orchestration.py
[2025-09-01T05:12:16.326+0000] {logging_mixin.py:188} INFO - [2025-09-01T05:12:16.325+0000] {dag.py:3036} INFO - Sync 1 DAGs
[2025-09-01T05:12:16.360+0000] {logging_mixin.py:188} INFO - [2025-09-01T05:12:16.360+0000] {dag.py:3823} INFO - Setting next_dagrun for ml_pipeline_orchestration to 2025-09-01 00:00:00+00:00, run_after=2025-09-02 00:00:00+00:00
[2025-09-01T05:12:16.445+0000] {processor.py:183} INFO - Processing /opt/airflow/dags/orchestration.py took 0.236 seconds
[2025-09-01T05:12:46.848+0000] {processor.py:161} INFO - Started process (PID=1182) to work on /opt/airflow/dags/orchestration.py
[2025-09-01T05:12:46.850+0000] {processor.py:830} INFO - Processing file /opt/airflow/dags/orchestration.py for tasks to queue
[2025-09-01T05:12:46.852+0000] {logging_mixin.py:188} INFO - [2025-09-01T05:12:46.852+0000] {dagbag.py:538} INFO - Filling up the DagBag from /opt/airflow/dags/orchestration.py
[2025-09-01T05:12:46.926+0000] {processor.py:840} INFO - DAG(s) 'ml_pipeline_orchestration' retrieved from /opt/airflow/dags/orchestration.py
[2025-09-01T05:12:46.955+0000] {logging_mixin.py:188} INFO - [2025-09-01T05:12:46.955+0000] {dag.py:3036} INFO - Sync 1 DAGs
[2025-09-01T05:12:46.991+0000] {logging_mixin.py:188} INFO - [2025-09-01T05:12:46.991+0000] {dag.py:3823} INFO - Setting next_dagrun for ml_pipeline_orchestration to 2025-09-01 00:00:00+00:00, run_after=2025-09-02 00:00:00+00:00
[2025-09-01T05:12:47.134+0000] {processor.py:183} INFO - Processing /opt/airflow/dags/orchestration.py took 0.292 seconds
[2025-09-01T05:13:17.872+0000] {processor.py:161} INFO - Started process (PID=1197) to work on /opt/airflow/dags/orchestration.py
[2025-09-01T05:13:17.874+0000] {processor.py:830} INFO - Processing file /opt/airflow/dags/orchestration.py for tasks to queue
[2025-09-01T05:13:17.876+0000] {logging_mixin.py:188} INFO - [2025-09-01T05:13:17.876+0000] {dagbag.py:538} INFO - Filling up the DagBag from /opt/airflow/dags/orchestration.py
[2025-09-01T05:13:17.948+0000] {processor.py:840} INFO - DAG(s) 'ml_pipeline_orchestration' retrieved from /opt/airflow/dags/orchestration.py
[2025-09-01T05:13:17.977+0000] {logging_mixin.py:188} INFO - [2025-09-01T05:13:17.977+0000] {dag.py:3036} INFO - Sync 1 DAGs
[2025-09-01T05:13:18.011+0000] {logging_mixin.py:188} INFO - [2025-09-01T05:13:18.010+0000] {dag.py:3823} INFO - Setting next_dagrun for ml_pipeline_orchestration to 2025-09-01 00:00:00+00:00, run_after=2025-09-02 00:00:00+00:00
[2025-09-01T05:13:18.151+0000] {processor.py:183} INFO - Processing /opt/airflow/dags/orchestration.py took 0.286 seconds
[2025-09-01T05:13:48.599+0000] {processor.py:161} INFO - Started process (PID=1212) to work on /opt/airflow/dags/orchestration.py
[2025-09-01T05:13:48.601+0000] {processor.py:830} INFO - Processing file /opt/airflow/dags/orchestration.py for tasks to queue
[2025-09-01T05:13:48.603+0000] {logging_mixin.py:188} INFO - [2025-09-01T05:13:48.602+0000] {dagbag.py:538} INFO - Filling up the DagBag from /opt/airflow/dags/orchestration.py
[2025-09-01T05:13:48.675+0000] {processor.py:840} INFO - DAG(s) 'ml_pipeline_orchestration' retrieved from /opt/airflow/dags/orchestration.py
[2025-09-01T05:13:48.704+0000] {logging_mixin.py:188} INFO - [2025-09-01T05:13:48.704+0000] {dag.py:3036} INFO - Sync 1 DAGs
[2025-09-01T05:13:48.737+0000] {logging_mixin.py:188} INFO - [2025-09-01T05:13:48.737+0000] {dag.py:3823} INFO - Setting next_dagrun for ml_pipeline_orchestration to 2025-09-01 00:00:00+00:00, run_after=2025-09-02 00:00:00+00:00
[2025-09-01T05:13:48.817+0000] {processor.py:183} INFO - Processing /opt/airflow/dags/orchestration.py took 0.224 seconds
[2025-09-01T05:14:19.173+0000] {processor.py:161} INFO - Started process (PID=1227) to work on /opt/airflow/dags/orchestration.py
[2025-09-01T05:14:19.175+0000] {processor.py:830} INFO - Processing file /opt/airflow/dags/orchestration.py for tasks to queue
[2025-09-01T05:14:19.177+0000] {logging_mixin.py:188} INFO - [2025-09-01T05:14:19.177+0000] {dagbag.py:538} INFO - Filling up the DagBag from /opt/airflow/dags/orchestration.py
[2025-09-01T05:14:19.245+0000] {processor.py:840} INFO - DAG(s) 'ml_pipeline_orchestration' retrieved from /opt/airflow/dags/orchestration.py
[2025-09-01T05:14:19.275+0000] {logging_mixin.py:188} INFO - [2025-09-01T05:14:19.275+0000] {dag.py:3036} INFO - Sync 1 DAGs
[2025-09-01T05:14:19.309+0000] {logging_mixin.py:188} INFO - [2025-09-01T05:14:19.309+0000] {dag.py:3823} INFO - Setting next_dagrun for ml_pipeline_orchestration to 2025-09-01 00:00:00+00:00, run_after=2025-09-02 00:00:00+00:00
[2025-09-01T05:14:19.396+0000] {processor.py:183} INFO - Processing /opt/airflow/dags/orchestration.py took 0.229 seconds
[2025-09-01T05:14:50.173+0000] {processor.py:161} INFO - Started process (PID=1242) to work on /opt/airflow/dags/orchestration.py
[2025-09-01T05:14:50.176+0000] {processor.py:830} INFO - Processing file /opt/airflow/dags/orchestration.py for tasks to queue
[2025-09-01T05:14:50.178+0000] {logging_mixin.py:188} INFO - [2025-09-01T05:14:50.177+0000] {dagbag.py:538} INFO - Filling up the DagBag from /opt/airflow/dags/orchestration.py
[2025-09-01T05:14:50.248+0000] {processor.py:840} INFO - DAG(s) 'ml_pipeline_orchestration' retrieved from /opt/airflow/dags/orchestration.py
[2025-09-01T05:14:50.277+0000] {logging_mixin.py:188} INFO - [2025-09-01T05:14:50.276+0000] {dag.py:3036} INFO - Sync 1 DAGs
[2025-09-01T05:14:50.310+0000] {logging_mixin.py:188} INFO - [2025-09-01T05:14:50.310+0000] {dag.py:3823} INFO - Setting next_dagrun for ml_pipeline_orchestration to 2025-09-01 00:00:00+00:00, run_after=2025-09-02 00:00:00+00:00
[2025-09-01T05:14:50.396+0000] {processor.py:183} INFO - Processing /opt/airflow/dags/orchestration.py took 0.229 seconds
[2025-09-01T05:15:21.151+0000] {processor.py:161} INFO - Started process (PID=1257) to work on /opt/airflow/dags/orchestration.py
[2025-09-01T05:15:21.153+0000] {processor.py:830} INFO - Processing file /opt/airflow/dags/orchestration.py for tasks to queue
[2025-09-01T05:15:21.155+0000] {logging_mixin.py:188} INFO - [2025-09-01T05:15:21.154+0000] {dagbag.py:538} INFO - Filling up the DagBag from /opt/airflow/dags/orchestration.py
[2025-09-01T05:15:21.234+0000] {processor.py:840} INFO - DAG(s) 'ml_pipeline_orchestration' retrieved from /opt/airflow/dags/orchestration.py
[2025-09-01T05:15:21.264+0000] {logging_mixin.py:188} INFO - [2025-09-01T05:15:21.263+0000] {dag.py:3036} INFO - Sync 1 DAGs
[2025-09-01T05:15:21.299+0000] {logging_mixin.py:188} INFO - [2025-09-01T05:15:21.298+0000] {dag.py:3823} INFO - Setting next_dagrun for ml_pipeline_orchestration to 2025-09-01 00:00:00+00:00, run_after=2025-09-02 00:00:00+00:00
[2025-09-01T05:15:21.429+0000] {processor.py:183} INFO - Processing /opt/airflow/dags/orchestration.py took 0.284 seconds
[2025-09-01T08:16:58.245+0000] {processor.py:161} INFO - Started process (PID=170) to work on /opt/airflow/dags/orchestration.py
[2025-09-01T08:16:58.362+0000] {processor.py:830} INFO - Processing file /opt/airflow/dags/orchestration.py for tasks to queue
[2025-09-01T08:16:58.368+0000] {logging_mixin.py:188} INFO - [2025-09-01T08:16:58.367+0000] {dagbag.py:538} INFO - Filling up the DagBag from /opt/airflow/dags/orchestration.py
[2025-09-01T08:16:58.649+0000] {processor.py:840} INFO - DAG(s) 'ml_pipeline_orchestration' retrieved from /opt/airflow/dags/orchestration.py
[2025-09-01T08:16:58.724+0000] {logging_mixin.py:188} INFO - [2025-09-01T08:16:58.724+0000] {dag.py:3036} INFO - Sync 1 DAGs
[2025-09-01T08:16:58.941+0000] {logging_mixin.py:188} INFO - [2025-09-01T08:16:58.940+0000] {dag.py:3823} INFO - Setting next_dagrun for ml_pipeline_orchestration to 2025-09-01 00:00:00+00:00, run_after=2025-09-02 00:00:00+00:00
[2025-09-01T08:16:59.603+0000] {processor.py:183} INFO - Processing /opt/airflow/dags/orchestration.py took 1.375 seconds
[2025-09-01T08:17:30.375+0000] {processor.py:161} INFO - Started process (PID=185) to work on /opt/airflow/dags/orchestration.py
[2025-09-01T08:17:30.378+0000] {processor.py:830} INFO - Processing file /opt/airflow/dags/orchestration.py for tasks to queue
[2025-09-01T08:17:30.380+0000] {logging_mixin.py:188} INFO - [2025-09-01T08:17:30.379+0000] {dagbag.py:538} INFO - Filling up the DagBag from /opt/airflow/dags/orchestration.py
[2025-09-01T08:17:30.879+0000] {processor.py:840} INFO - DAG(s) 'ml_pipeline_orchestration' retrieved from /opt/airflow/dags/orchestration.py
[2025-09-01T08:17:33.175+0000] {logging_mixin.py:188} INFO - [2025-09-01T08:17:33.175+0000] {dag.py:3036} INFO - Sync 1 DAGs
[2025-09-01T08:17:33.233+0000] {logging_mixin.py:188} INFO - [2025-09-01T08:17:33.233+0000] {dag.py:3823} INFO - Setting next_dagrun for ml_pipeline_orchestration to 2025-09-01 00:00:00+00:00, run_after=2025-09-02 00:00:00+00:00
[2025-09-01T08:17:33.991+0000] {processor.py:183} INFO - Processing /opt/airflow/dags/orchestration.py took 3.626 seconds
[2025-09-01T08:18:04.973+0000] {processor.py:161} INFO - Started process (PID=200) to work on /opt/airflow/dags/orchestration.py
[2025-09-01T08:18:04.976+0000] {processor.py:830} INFO - Processing file /opt/airflow/dags/orchestration.py for tasks to queue
[2025-09-01T08:18:04.979+0000] {logging_mixin.py:188} INFO - [2025-09-01T08:18:04.978+0000] {dagbag.py:538} INFO - Filling up the DagBag from /opt/airflow/dags/orchestration.py
[2025-09-01T08:18:05.205+0000] {processor.py:840} INFO - DAG(s) 'ml_pipeline_orchestration' retrieved from /opt/airflow/dags/orchestration.py
[2025-09-01T08:18:05.276+0000] {logging_mixin.py:188} INFO - [2025-09-01T08:18:05.275+0000] {dag.py:3036} INFO - Sync 1 DAGs
[2025-09-01T08:18:05.340+0000] {logging_mixin.py:188} INFO - [2025-09-01T08:18:05.340+0000] {dag.py:3823} INFO - Setting next_dagrun for ml_pipeline_orchestration to 2025-09-01 00:00:00+00:00, run_after=2025-09-02 00:00:00+00:00
[2025-09-01T08:18:05.774+0000] {processor.py:183} INFO - Processing /opt/airflow/dags/orchestration.py took 0.809 seconds
[2025-09-01T08:18:36.230+0000] {processor.py:161} INFO - Started process (PID=215) to work on /opt/airflow/dags/orchestration.py
[2025-09-01T08:18:36.234+0000] {processor.py:830} INFO - Processing file /opt/airflow/dags/orchestration.py for tasks to queue
[2025-09-01T08:18:36.237+0000] {logging_mixin.py:188} INFO - [2025-09-01T08:18:36.236+0000] {dagbag.py:538} INFO - Filling up the DagBag from /opt/airflow/dags/orchestration.py
[2025-09-01T08:18:36.414+0000] {processor.py:840} INFO - DAG(s) 'ml_pipeline_orchestration' retrieved from /opt/airflow/dags/orchestration.py
[2025-09-01T08:18:36.462+0000] {logging_mixin.py:188} INFO - [2025-09-01T08:18:36.461+0000] {dag.py:3036} INFO - Sync 1 DAGs
[2025-09-01T08:18:36.519+0000] {logging_mixin.py:188} INFO - [2025-09-01T08:18:36.519+0000] {dag.py:3823} INFO - Setting next_dagrun for ml_pipeline_orchestration to 2025-09-01 00:00:00+00:00, run_after=2025-09-02 00:00:00+00:00
[2025-09-01T08:18:36.654+0000] {processor.py:183} INFO - Processing /opt/airflow/dags/orchestration.py took 0.434 seconds
[2025-09-01T08:19:07.661+0000] {processor.py:161} INFO - Started process (PID=230) to work on /opt/airflow/dags/orchestration.py
[2025-09-01T08:19:07.819+0000] {processor.py:830} INFO - Processing file /opt/airflow/dags/orchestration.py for tasks to queue
[2025-09-01T08:19:07.828+0000] {logging_mixin.py:188} INFO - [2025-09-01T08:19:07.827+0000] {dagbag.py:538} INFO - Filling up the DagBag from /opt/airflow/dags/orchestration.py
[2025-09-01T08:19:08.173+0000] {processor.py:840} INFO - DAG(s) 'ml_pipeline_orchestration' retrieved from /opt/airflow/dags/orchestration.py
[2025-09-01T08:19:08.217+0000] {logging_mixin.py:188} INFO - [2025-09-01T08:19:08.217+0000] {dag.py:3036} INFO - Sync 1 DAGs
[2025-09-01T08:19:08.264+0000] {logging_mixin.py:188} INFO - [2025-09-01T08:19:08.264+0000] {dag.py:3823} INFO - Setting next_dagrun for ml_pipeline_orchestration to 2025-09-01 00:00:00+00:00, run_after=2025-09-02 00:00:00+00:00
[2025-09-01T08:19:08.982+0000] {processor.py:183} INFO - Processing /opt/airflow/dags/orchestration.py took 1.336 seconds
[2025-09-01T08:19:40.284+0000] {processor.py:161} INFO - Started process (PID=247) to work on /opt/airflow/dags/orchestration.py
[2025-09-01T08:19:40.286+0000] {processor.py:830} INFO - Processing file /opt/airflow/dags/orchestration.py for tasks to queue
[2025-09-01T08:19:40.289+0000] {logging_mixin.py:188} INFO - [2025-09-01T08:19:40.288+0000] {dagbag.py:538} INFO - Filling up the DagBag from /opt/airflow/dags/orchestration.py
[2025-09-01T08:19:40.406+0000] {processor.py:840} INFO - DAG(s) 'ml_pipeline_orchestration' retrieved from /opt/airflow/dags/orchestration.py
[2025-09-01T08:19:40.445+0000] {logging_mixin.py:188} INFO - [2025-09-01T08:19:40.444+0000] {dag.py:3036} INFO - Sync 1 DAGs
[2025-09-01T08:19:40.514+0000] {logging_mixin.py:188} INFO - [2025-09-01T08:19:40.513+0000] {dag.py:3823} INFO - Setting next_dagrun for ml_pipeline_orchestration to 2025-09-01 00:00:00+00:00, run_after=2025-09-02 00:00:00+00:00
[2025-09-01T08:19:40.729+0000] {processor.py:183} INFO - Processing /opt/airflow/dags/orchestration.py took 0.456 seconds
[2025-09-01T08:20:15.071+0000] {processor.py:161} INFO - Started process (PID=260) to work on /opt/airflow/dags/orchestration.py
[2025-09-01T08:20:15.213+0000] {processor.py:830} INFO - Processing file /opt/airflow/dags/orchestration.py for tasks to queue
[2025-09-01T08:20:15.218+0000] {logging_mixin.py:188} INFO - [2025-09-01T08:20:15.216+0000] {dagbag.py:538} INFO - Filling up the DagBag from /opt/airflow/dags/orchestration.py
[2025-09-01T08:20:15.846+0000] {processor.py:840} INFO - DAG(s) 'ml_pipeline_orchestration' retrieved from /opt/airflow/dags/orchestration.py
[2025-09-01T08:20:15.898+0000] {logging_mixin.py:188} INFO - [2025-09-01T08:20:15.898+0000] {dag.py:3036} INFO - Sync 1 DAGs
[2025-09-01T08:20:15.959+0000] {logging_mixin.py:188} INFO - [2025-09-01T08:20:15.958+0000] {dag.py:3823} INFO - Setting next_dagrun for ml_pipeline_orchestration to 2025-09-01 00:00:00+00:00, run_after=2025-09-02 00:00:00+00:00
[2025-09-01T08:20:16.737+0000] {processor.py:183} INFO - Processing /opt/airflow/dags/orchestration.py took 1.683 seconds
[2025-09-01T08:20:47.009+0000] {processor.py:161} INFO - Started process (PID=275) to work on /opt/airflow/dags/orchestration.py
[2025-09-01T08:20:47.012+0000] {processor.py:830} INFO - Processing file /opt/airflow/dags/orchestration.py for tasks to queue
[2025-09-01T08:20:47.014+0000] {logging_mixin.py:188} INFO - [2025-09-01T08:20:47.014+0000] {dagbag.py:538} INFO - Filling up the DagBag from /opt/airflow/dags/orchestration.py
[2025-09-01T08:20:47.140+0000] {processor.py:840} INFO - DAG(s) 'ml_pipeline_orchestration' retrieved from /opt/airflow/dags/orchestration.py
[2025-09-01T08:20:47.191+0000] {logging_mixin.py:188} INFO - [2025-09-01T08:20:47.191+0000] {dag.py:3036} INFO - Sync 1 DAGs
[2025-09-01T08:20:47.245+0000] {logging_mixin.py:188} INFO - [2025-09-01T08:20:47.245+0000] {dag.py:3823} INFO - Setting next_dagrun for ml_pipeline_orchestration to 2025-09-01 00:00:00+00:00, run_after=2025-09-02 00:00:00+00:00
[2025-09-01T08:20:47.393+0000] {processor.py:183} INFO - Processing /opt/airflow/dags/orchestration.py took 0.394 seconds
[2025-09-01T08:21:18.191+0000] {processor.py:161} INFO - Started process (PID=292) to work on /opt/airflow/dags/orchestration.py
[2025-09-01T08:21:18.197+0000] {processor.py:830} INFO - Processing file /opt/airflow/dags/orchestration.py for tasks to queue
[2025-09-01T08:21:18.202+0000] {logging_mixin.py:188} INFO - [2025-09-01T08:21:18.200+0000] {dagbag.py:538} INFO - Filling up the DagBag from /opt/airflow/dags/orchestration.py
[2025-09-01T08:21:18.374+0000] {processor.py:840} INFO - DAG(s) 'ml_pipeline_orchestration' retrieved from /opt/airflow/dags/orchestration.py
[2025-09-01T08:21:18.650+0000] {logging_mixin.py:188} INFO - [2025-09-01T08:21:18.649+0000] {dag.py:3036} INFO - Sync 1 DAGs
[2025-09-01T08:21:18.693+0000] {logging_mixin.py:188} INFO - [2025-09-01T08:21:18.693+0000] {dag.py:3823} INFO - Setting next_dagrun for ml_pipeline_orchestration to 2025-09-01 00:00:00+00:00, run_after=2025-09-02 00:00:00+00:00
[2025-09-01T08:21:18.877+0000] {processor.py:183} INFO - Processing /opt/airflow/dags/orchestration.py took 0.711 seconds
[2025-09-01T08:21:49.668+0000] {processor.py:161} INFO - Started process (PID=307) to work on /opt/airflow/dags/orchestration.py
[2025-09-01T08:21:49.673+0000] {processor.py:830} INFO - Processing file /opt/airflow/dags/orchestration.py for tasks to queue
[2025-09-01T08:21:49.679+0000] {logging_mixin.py:188} INFO - [2025-09-01T08:21:49.677+0000] {dagbag.py:538} INFO - Filling up the DagBag from /opt/airflow/dags/orchestration.py
[2025-09-01T08:21:49.881+0000] {processor.py:840} INFO - DAG(s) 'ml_pipeline_orchestration' retrieved from /opt/airflow/dags/orchestration.py
[2025-09-01T08:21:49.927+0000] {logging_mixin.py:188} INFO - [2025-09-01T08:21:49.927+0000] {dag.py:3036} INFO - Sync 1 DAGs
[2025-09-01T08:21:49.976+0000] {logging_mixin.py:188} INFO - [2025-09-01T08:21:49.976+0000] {dag.py:3823} INFO - Setting next_dagrun for ml_pipeline_orchestration to 2025-09-01 00:00:00+00:00, run_after=2025-09-02 00:00:00+00:00
[2025-09-01T08:21:50.055+0000] {processor.py:183} INFO - Processing /opt/airflow/dags/orchestration.py took 0.404 seconds
[2025-09-01T08:22:20.209+0000] {processor.py:161} INFO - Started process (PID=322) to work on /opt/airflow/dags/orchestration.py
[2025-09-01T08:22:20.212+0000] {processor.py:830} INFO - Processing file /opt/airflow/dags/orchestration.py for tasks to queue
[2025-09-01T08:22:20.214+0000] {logging_mixin.py:188} INFO - [2025-09-01T08:22:20.214+0000] {dagbag.py:538} INFO - Filling up the DagBag from /opt/airflow/dags/orchestration.py
[2025-09-01T08:22:20.313+0000] {processor.py:840} INFO - DAG(s) 'ml_pipeline_orchestration' retrieved from /opt/airflow/dags/orchestration.py
[2025-09-01T08:22:20.349+0000] {logging_mixin.py:188} INFO - [2025-09-01T08:22:20.348+0000] {dag.py:3036} INFO - Sync 1 DAGs
[2025-09-01T08:22:20.390+0000] {logging_mixin.py:188} INFO - [2025-09-01T08:22:20.389+0000] {dag.py:3823} INFO - Setting next_dagrun for ml_pipeline_orchestration to 2025-09-01 00:00:00+00:00, run_after=2025-09-02 00:00:00+00:00
[2025-09-01T08:22:20.474+0000] {processor.py:183} INFO - Processing /opt/airflow/dags/orchestration.py took 0.273 seconds
[2025-09-01T08:22:50.956+0000] {processor.py:161} INFO - Started process (PID=335) to work on /opt/airflow/dags/orchestration.py
[2025-09-01T08:22:51.102+0000] {processor.py:830} INFO - Processing file /opt/airflow/dags/orchestration.py for tasks to queue
[2025-09-01T08:22:51.109+0000] {logging_mixin.py:188} INFO - [2025-09-01T08:22:51.107+0000] {dagbag.py:538} INFO - Filling up the DagBag from /opt/airflow/dags/orchestration.py
[2025-09-01T08:22:51.255+0000] {processor.py:840} INFO - DAG(s) 'ml_pipeline_orchestration' retrieved from /opt/airflow/dags/orchestration.py
[2025-09-01T08:22:51.295+0000] {logging_mixin.py:188} INFO - [2025-09-01T08:22:51.295+0000] {dag.py:3036} INFO - Sync 1 DAGs
[2025-09-01T08:22:51.343+0000] {logging_mixin.py:188} INFO - [2025-09-01T08:22:51.342+0000] {dag.py:3823} INFO - Setting next_dagrun for ml_pipeline_orchestration to 2025-09-01 00:00:00+00:00, run_after=2025-09-02 00:00:00+00:00
[2025-09-01T08:22:53.903+0000] {processor.py:183} INFO - Processing /opt/airflow/dags/orchestration.py took 2.961 seconds
[2025-09-01T08:23:46.423+0000] {processor.py:161} INFO - Started process (PID=350) to work on /opt/airflow/dags/orchestration.py
[2025-09-01T08:23:46.598+0000] {processor.py:830} INFO - Processing file /opt/airflow/dags/orchestration.py for tasks to queue
[2025-09-01T08:23:46.715+0000] {logging_mixin.py:188} INFO - [2025-09-01T08:23:46.713+0000] {dagbag.py:538} INFO - Filling up the DagBag from /opt/airflow/dags/orchestration.py
[2025-09-01T08:24:04.754+0000] {processor.py:840} INFO - DAG(s) 'ml_pipeline_orchestration' retrieved from /opt/airflow/dags/orchestration.py
[2025-09-01T08:24:08.205+0000] {logging_mixin.py:188} INFO - [2025-09-01T08:24:08.204+0000] {dag.py:3036} INFO - Sync 1 DAGs
[2025-09-01T08:24:18.617+0000] {logging_mixin.py:188} INFO - [2025-09-01T08:24:18.616+0000] {dag.py:3823} INFO - Setting next_dagrun for ml_pipeline_orchestration to 2025-09-01 00:00:00+00:00, run_after=2025-09-02 00:00:00+00:00
[2025-09-01T08:24:20.180+0000] {processor.py:183} INFO - Processing /opt/airflow/dags/orchestration.py took 38.241 seconds
[2025-09-01T08:24:50.811+0000] {processor.py:161} INFO - Started process (PID=367) to work on /opt/airflow/dags/orchestration.py
[2025-09-01T08:24:50.814+0000] {processor.py:830} INFO - Processing file /opt/airflow/dags/orchestration.py for tasks to queue
[2025-09-01T08:24:50.816+0000] {logging_mixin.py:188} INFO - [2025-09-01T08:24:50.816+0000] {dagbag.py:538} INFO - Filling up the DagBag from /opt/airflow/dags/orchestration.py
[2025-09-01T08:24:50.930+0000] {processor.py:840} INFO - DAG(s) 'ml_pipeline_orchestration' retrieved from /opt/airflow/dags/orchestration.py
[2025-09-01T08:24:51.038+0000] {logging_mixin.py:188} INFO - [2025-09-01T08:24:51.037+0000] {dag.py:3036} INFO - Sync 1 DAGs
[2025-09-01T08:24:51.457+0000] {logging_mixin.py:188} INFO - [2025-09-01T08:24:51.456+0000] {dag.py:3823} INFO - Setting next_dagrun for ml_pipeline_orchestration to 2025-09-01 00:00:00+00:00, run_after=2025-09-02 00:00:00+00:00
[2025-09-01T08:24:51.579+0000] {processor.py:183} INFO - Processing /opt/airflow/dags/orchestration.py took 0.778 seconds
[2025-09-01T08:25:22.466+0000] {processor.py:161} INFO - Started process (PID=382) to work on /opt/airflow/dags/orchestration.py
[2025-09-01T08:25:22.471+0000] {processor.py:830} INFO - Processing file /opt/airflow/dags/orchestration.py for tasks to queue
[2025-09-01T08:25:22.475+0000] {logging_mixin.py:188} INFO - [2025-09-01T08:25:22.474+0000] {dagbag.py:538} INFO - Filling up the DagBag from /opt/airflow/dags/orchestration.py
[2025-09-01T08:25:22.656+0000] {processor.py:840} INFO - DAG(s) 'ml_pipeline_orchestration' retrieved from /opt/airflow/dags/orchestration.py
[2025-09-01T08:25:22.701+0000] {logging_mixin.py:188} INFO - [2025-09-01T08:25:22.700+0000] {dag.py:3036} INFO - Sync 1 DAGs
[2025-09-01T08:25:23.118+0000] {logging_mixin.py:188} INFO - [2025-09-01T08:25:23.117+0000] {dag.py:3823} INFO - Setting next_dagrun for ml_pipeline_orchestration to 2025-09-01 00:00:00+00:00, run_after=2025-09-02 00:00:00+00:00
[2025-09-01T08:25:23.908+0000] {processor.py:183} INFO - Processing /opt/airflow/dags/orchestration.py took 1.458 seconds
[2025-09-01T08:25:55.153+0000] {processor.py:161} INFO - Started process (PID=397) to work on /opt/airflow/dags/orchestration.py
[2025-09-01T08:25:55.156+0000] {processor.py:830} INFO - Processing file /opt/airflow/dags/orchestration.py for tasks to queue
[2025-09-01T08:25:55.159+0000] {logging_mixin.py:188} INFO - [2025-09-01T08:25:55.158+0000] {dagbag.py:538} INFO - Filling up the DagBag from /opt/airflow/dags/orchestration.py
[2025-09-01T08:25:55.257+0000] {processor.py:840} INFO - DAG(s) 'ml_pipeline_orchestration' retrieved from /opt/airflow/dags/orchestration.py
[2025-09-01T08:25:55.303+0000] {logging_mixin.py:188} INFO - [2025-09-01T08:25:55.302+0000] {dag.py:3036} INFO - Sync 1 DAGs
[2025-09-01T08:25:55.383+0000] {logging_mixin.py:188} INFO - [2025-09-01T08:25:55.382+0000] {dag.py:3823} INFO - Setting next_dagrun for ml_pipeline_orchestration to 2025-09-01 00:00:00+00:00, run_after=2025-09-02 00:00:00+00:00
[2025-09-01T08:25:56.662+0000] {processor.py:183} INFO - Processing /opt/airflow/dags/orchestration.py took 1.520 seconds
[2025-09-01T08:26:27.401+0000] {processor.py:161} INFO - Started process (PID=412) to work on /opt/airflow/dags/orchestration.py
[2025-09-01T08:26:27.406+0000] {processor.py:830} INFO - Processing file /opt/airflow/dags/orchestration.py for tasks to queue
[2025-09-01T08:26:27.410+0000] {logging_mixin.py:188} INFO - [2025-09-01T08:26:27.409+0000] {dagbag.py:538} INFO - Filling up the DagBag from /opt/airflow/dags/orchestration.py
[2025-09-01T08:26:27.599+0000] {processor.py:840} INFO - DAG(s) 'ml_pipeline_orchestration' retrieved from /opt/airflow/dags/orchestration.py
[2025-09-01T08:26:27.672+0000] {logging_mixin.py:188} INFO - [2025-09-01T08:26:27.671+0000] {dag.py:3036} INFO - Sync 1 DAGs
[2025-09-01T08:26:27.743+0000] {logging_mixin.py:188} INFO - [2025-09-01T08:26:27.742+0000] {dag.py:3823} INFO - Setting next_dagrun for ml_pipeline_orchestration to 2025-09-01 00:00:00+00:00, run_after=2025-09-02 00:00:00+00:00
[2025-09-01T08:26:27.945+0000] {processor.py:183} INFO - Processing /opt/airflow/dags/orchestration.py took 0.560 seconds
[2025-09-01T08:26:58.201+0000] {processor.py:161} INFO - Started process (PID=427) to work on /opt/airflow/dags/orchestration.py
[2025-09-01T08:26:58.208+0000] {processor.py:830} INFO - Processing file /opt/airflow/dags/orchestration.py for tasks to queue
[2025-09-01T08:26:58.214+0000] {logging_mixin.py:188} INFO - [2025-09-01T08:26:58.213+0000] {dagbag.py:538} INFO - Filling up the DagBag from /opt/airflow/dags/orchestration.py
[2025-09-01T08:26:58.522+0000] {processor.py:840} INFO - DAG(s) 'ml_pipeline_orchestration' retrieved from /opt/airflow/dags/orchestration.py
[2025-09-01T08:26:58.561+0000] {logging_mixin.py:188} INFO - [2025-09-01T08:26:58.561+0000] {dag.py:3036} INFO - Sync 1 DAGs
[2025-09-01T08:26:58.605+0000] {logging_mixin.py:188} INFO - [2025-09-01T08:26:58.604+0000] {dag.py:3823} INFO - Setting next_dagrun for ml_pipeline_orchestration to 2025-09-01 00:00:00+00:00, run_after=2025-09-02 00:00:00+00:00
[2025-09-01T08:26:58.707+0000] {processor.py:183} INFO - Processing /opt/airflow/dags/orchestration.py took 0.546 seconds
[2025-09-01T08:27:29.071+0000] {processor.py:161} INFO - Started process (PID=442) to work on /opt/airflow/dags/orchestration.py
[2025-09-01T08:27:29.074+0000] {processor.py:830} INFO - Processing file /opt/airflow/dags/orchestration.py for tasks to queue
[2025-09-01T08:27:29.077+0000] {logging_mixin.py:188} INFO - [2025-09-01T08:27:29.076+0000] {dagbag.py:538} INFO - Filling up the DagBag from /opt/airflow/dags/orchestration.py
[2025-09-01T08:27:29.180+0000] {processor.py:840} INFO - DAG(s) 'ml_pipeline_orchestration' retrieved from /opt/airflow/dags/orchestration.py
[2025-09-01T08:27:29.217+0000] {logging_mixin.py:188} INFO - [2025-09-01T08:27:29.217+0000] {dag.py:3036} INFO - Sync 1 DAGs
[2025-09-01T08:27:29.261+0000] {logging_mixin.py:188} INFO - [2025-09-01T08:27:29.260+0000] {dag.py:3823} INFO - Setting next_dagrun for ml_pipeline_orchestration to 2025-09-01 00:00:00+00:00, run_after=2025-09-02 00:00:00+00:00
[2025-09-01T08:27:29.518+0000] {processor.py:183} INFO - Processing /opt/airflow/dags/orchestration.py took 0.455 seconds
[2025-09-01T08:28:00.912+0000] {processor.py:161} INFO - Started process (PID=457) to work on /opt/airflow/dags/orchestration.py
[2025-09-01T08:28:00.915+0000] {processor.py:830} INFO - Processing file /opt/airflow/dags/orchestration.py for tasks to queue
[2025-09-01T08:28:00.917+0000] {logging_mixin.py:188} INFO - [2025-09-01T08:28:00.916+0000] {dagbag.py:538} INFO - Filling up the DagBag from /opt/airflow/dags/orchestration.py
[2025-09-01T08:28:01.015+0000] {processor.py:840} INFO - DAG(s) 'ml_pipeline_orchestration' retrieved from /opt/airflow/dags/orchestration.py
[2025-09-01T08:28:01.215+0000] {logging_mixin.py:188} INFO - [2025-09-01T08:28:01.214+0000] {dag.py:3036} INFO - Sync 1 DAGs
[2025-09-01T08:28:01.455+0000] {logging_mixin.py:188} INFO - [2025-09-01T08:28:01.454+0000] {dag.py:3823} INFO - Setting next_dagrun for ml_pipeline_orchestration to 2025-09-01 00:00:00+00:00, run_after=2025-09-02 00:00:00+00:00
[2025-09-01T08:28:02.115+0000] {processor.py:183} INFO - Processing /opt/airflow/dags/orchestration.py took 1.209 seconds
[2025-09-01T08:28:35.321+0000] {processor.py:161} INFO - Started process (PID=472) to work on /opt/airflow/dags/orchestration.py
[2025-09-01T08:28:35.324+0000] {processor.py:830} INFO - Processing file /opt/airflow/dags/orchestration.py for tasks to queue
[2025-09-01T08:28:35.327+0000] {logging_mixin.py:188} INFO - [2025-09-01T08:28:35.326+0000] {dagbag.py:538} INFO - Filling up the DagBag from /opt/airflow/dags/orchestration.py
[2025-09-01T08:28:35.428+0000] {processor.py:840} INFO - DAG(s) 'ml_pipeline_orchestration' retrieved from /opt/airflow/dags/orchestration.py
[2025-09-01T08:28:35.815+0000] {logging_mixin.py:188} INFO - [2025-09-01T08:28:35.814+0000] {dag.py:3036} INFO - Sync 1 DAGs
[2025-09-01T08:28:35.861+0000] {logging_mixin.py:188} INFO - [2025-09-01T08:28:35.861+0000] {dag.py:3823} INFO - Setting next_dagrun for ml_pipeline_orchestration to 2025-09-01 00:00:00+00:00, run_after=2025-09-02 00:00:00+00:00
[2025-09-01T08:28:36.601+0000] {processor.py:183} INFO - Processing /opt/airflow/dags/orchestration.py took 1.289 seconds
