[2025-09-01T04:39:55.796+0000] {processor.py:161} INFO - Started process (PID=169) to work on /opt/airflow/dags/try.py
[2025-09-01T04:39:55.799+0000] {processor.py:830} INFO - Processing file /opt/airflow/dags/try.py for tasks to queue
[2025-09-01T04:39:55.801+0000] {logging_mixin.py:188} INFO - [2025-09-01T04:39:55.800+0000] {dagbag.py:538} INFO - Filling up the DagBag from /opt/airflow/dags/try.py
[2025-09-01T04:39:55.866+0000] {processor.py:840} INFO - DAG(s) 'ml_pipeline_orchestration2' retrieved from /opt/airflow/dags/try.py
[2025-09-01T04:39:55.976+0000] {logging_mixin.py:188} INFO - [2025-09-01T04:39:55.975+0000] {dag.py:3036} INFO - Sync 1 DAGs
[2025-09-01T04:39:56.026+0000] {logging_mixin.py:188} INFO - [2025-09-01T04:39:56.025+0000] {dag.py:3823} INFO - Setting next_dagrun for ml_pipeline_orchestration2 to 2025-09-01 00:00:00+00:00, run_after=2025-09-02 00:00:00+00:00
[2025-09-01T04:39:56.746+0000] {processor.py:183} INFO - Processing /opt/airflow/dags/try.py took 0.955 seconds
[2025-09-01T04:40:27.483+0000] {processor.py:161} INFO - Started process (PID=203) to work on /opt/airflow/dags/try.py
[2025-09-01T04:40:27.485+0000] {processor.py:830} INFO - Processing file /opt/airflow/dags/try.py for tasks to queue
[2025-09-01T04:40:27.487+0000] {logging_mixin.py:188} INFO - [2025-09-01T04:40:27.486+0000] {dagbag.py:538} INFO - Filling up the DagBag from /opt/airflow/dags/try.py
[2025-09-01T04:40:27.557+0000] {processor.py:840} INFO - DAG(s) 'ml_pipeline_orchestration2' retrieved from /opt/airflow/dags/try.py
[2025-09-01T04:40:28.425+0000] {logging_mixin.py:188} INFO - [2025-09-01T04:40:28.425+0000] {dag.py:3036} INFO - Sync 1 DAGs
[2025-09-01T04:40:28.460+0000] {logging_mixin.py:188} INFO - [2025-09-01T04:40:28.460+0000] {dag.py:3823} INFO - Setting next_dagrun for ml_pipeline_orchestration2 to 2025-09-01 00:00:00+00:00, run_after=2025-09-02 00:00:00+00:00
[2025-09-01T04:40:28.668+0000] {processor.py:183} INFO - Processing /opt/airflow/dags/try.py took 1.192 seconds
[2025-09-01T04:40:59.630+0000] {processor.py:161} INFO - Started process (PID=218) to work on /opt/airflow/dags/try.py
[2025-09-01T04:40:59.632+0000] {processor.py:830} INFO - Processing file /opt/airflow/dags/try.py for tasks to queue
[2025-09-01T04:40:59.635+0000] {logging_mixin.py:188} INFO - [2025-09-01T04:40:59.634+0000] {dagbag.py:538} INFO - Filling up the DagBag from /opt/airflow/dags/try.py
[2025-09-01T04:40:59.727+0000] {processor.py:840} INFO - DAG(s) 'ml_pipeline_orchestration2' retrieved from /opt/airflow/dags/try.py
[2025-09-01T04:40:59.771+0000] {logging_mixin.py:188} INFO - [2025-09-01T04:40:59.770+0000] {dag.py:3036} INFO - Sync 1 DAGs
[2025-09-01T04:40:59.813+0000] {logging_mixin.py:188} INFO - [2025-09-01T04:40:59.813+0000] {dag.py:3823} INFO - Setting next_dagrun for ml_pipeline_orchestration2 to 2025-09-01 00:00:00+00:00, run_after=2025-09-02 00:00:00+00:00
[2025-09-01T04:41:00.054+0000] {processor.py:183} INFO - Processing /opt/airflow/dags/try.py took 0.432 seconds
[2025-09-01T04:41:30.600+0000] {processor.py:161} INFO - Started process (PID=233) to work on /opt/airflow/dags/try.py
[2025-09-01T04:41:30.602+0000] {processor.py:830} INFO - Processing file /opt/airflow/dags/try.py for tasks to queue
[2025-09-01T04:41:30.604+0000] {logging_mixin.py:188} INFO - [2025-09-01T04:41:30.603+0000] {dagbag.py:538} INFO - Filling up the DagBag from /opt/airflow/dags/try.py
[2025-09-01T04:41:30.680+0000] {processor.py:840} INFO - DAG(s) 'ml_pipeline_orchestration2' retrieved from /opt/airflow/dags/try.py
[2025-09-01T04:41:30.714+0000] {logging_mixin.py:188} INFO - [2025-09-01T04:41:30.714+0000] {dag.py:3036} INFO - Sync 1 DAGs
[2025-09-01T04:41:30.755+0000] {logging_mixin.py:188} INFO - [2025-09-01T04:41:30.754+0000] {dag.py:3823} INFO - Setting next_dagrun for ml_pipeline_orchestration2 to 2025-09-01 00:00:00+00:00, run_after=2025-09-02 00:00:00+00:00
[2025-09-01T04:41:31.368+0000] {processor.py:183} INFO - Processing /opt/airflow/dags/try.py took 0.777 seconds
[2025-09-01T04:42:02.310+0000] {processor.py:161} INFO - Started process (PID=248) to work on /opt/airflow/dags/try.py
[2025-09-01T04:42:02.313+0000] {processor.py:830} INFO - Processing file /opt/airflow/dags/try.py for tasks to queue
[2025-09-01T04:42:02.315+0000] {logging_mixin.py:188} INFO - [2025-09-01T04:42:02.314+0000] {dagbag.py:538} INFO - Filling up the DagBag from /opt/airflow/dags/try.py
[2025-09-01T04:42:02.465+0000] {processor.py:840} INFO - DAG(s) 'ml_pipeline_orchestration2' retrieved from /opt/airflow/dags/try.py
[2025-09-01T04:42:02.497+0000] {logging_mixin.py:188} INFO - [2025-09-01T04:42:02.496+0000] {dag.py:3036} INFO - Sync 1 DAGs
[2025-09-01T04:42:02.630+0000] {logging_mixin.py:188} INFO - [2025-09-01T04:42:02.629+0000] {dag.py:3823} INFO - Setting next_dagrun for ml_pipeline_orchestration2 to 2025-09-01 00:00:00+00:00, run_after=2025-09-02 00:00:00+00:00
[2025-09-01T04:42:02.916+0000] {processor.py:183} INFO - Processing /opt/airflow/dags/try.py took 0.612 seconds
[2025-09-01T04:42:33.000+0000] {processor.py:161} INFO - Started process (PID=263) to work on /opt/airflow/dags/try.py
[2025-09-01T04:42:33.003+0000] {processor.py:830} INFO - Processing file /opt/airflow/dags/try.py for tasks to queue
[2025-09-01T04:42:33.005+0000] {logging_mixin.py:188} INFO - [2025-09-01T04:42:33.004+0000] {dagbag.py:538} INFO - Filling up the DagBag from /opt/airflow/dags/try.py
[2025-09-01T04:42:33.070+0000] {processor.py:840} INFO - DAG(s) 'ml_pipeline_orchestration2' retrieved from /opt/airflow/dags/try.py
[2025-09-01T04:42:33.099+0000] {logging_mixin.py:188} INFO - [2025-09-01T04:42:33.099+0000] {dag.py:3036} INFO - Sync 1 DAGs
[2025-09-01T04:42:33.138+0000] {logging_mixin.py:188} INFO - [2025-09-01T04:42:33.137+0000] {dag.py:3823} INFO - Setting next_dagrun for ml_pipeline_orchestration2 to 2025-09-01 00:00:00+00:00, run_after=2025-09-02 00:00:00+00:00
[2025-09-01T04:42:33.601+0000] {processor.py:183} INFO - Processing /opt/airflow/dags/try.py took 0.611 seconds
[2025-09-01T04:43:06.879+0000] {processor.py:161} INFO - Started process (PID=278) to work on /opt/airflow/dags/try.py
[2025-09-01T04:43:06.881+0000] {processor.py:830} INFO - Processing file /opt/airflow/dags/try.py for tasks to queue
[2025-09-01T04:43:06.883+0000] {logging_mixin.py:188} INFO - [2025-09-01T04:43:06.882+0000] {dagbag.py:538} INFO - Filling up the DagBag from /opt/airflow/dags/try.py
[2025-09-01T04:43:07.578+0000] {processor.py:840} INFO - DAG(s) 'ml_pipeline_orchestration2' retrieved from /opt/airflow/dags/try.py
[2025-09-01T04:43:07.911+0000] {logging_mixin.py:188} INFO - [2025-09-01T04:43:07.911+0000] {dag.py:3036} INFO - Sync 1 DAGs
[2025-09-01T04:43:07.950+0000] {logging_mixin.py:188} INFO - [2025-09-01T04:43:07.950+0000] {dag.py:3823} INFO - Setting next_dagrun for ml_pipeline_orchestration2 to 2025-09-01 00:00:00+00:00, run_after=2025-09-02 00:00:00+00:00
[2025-09-01T04:43:09.753+0000] {processor.py:183} INFO - Processing /opt/airflow/dags/try.py took 2.880 seconds
[2025-09-01T04:43:40.671+0000] {processor.py:161} INFO - Started process (PID=293) to work on /opt/airflow/dags/try.py
[2025-09-01T04:43:40.673+0000] {processor.py:830} INFO - Processing file /opt/airflow/dags/try.py for tasks to queue
[2025-09-01T04:43:40.674+0000] {logging_mixin.py:188} INFO - [2025-09-01T04:43:40.674+0000] {dagbag.py:538} INFO - Filling up the DagBag from /opt/airflow/dags/try.py
[2025-09-01T04:43:40.736+0000] {processor.py:840} INFO - DAG(s) 'ml_pipeline_orchestration2' retrieved from /opt/airflow/dags/try.py
[2025-09-01T04:43:40.742+0000] {logging_mixin.py:188} INFO - [2025-09-01T04:43:40.741+0000] {dag.py:3036} INFO - Sync 1 DAGs
[2025-09-01T04:43:41.378+0000] {logging_mixin.py:188} INFO - [2025-09-01T04:43:41.378+0000] {dag.py:3823} INFO - Setting next_dagrun for ml_pipeline_orchestration2 to 2025-09-01 00:00:00+00:00, run_after=2025-09-02 00:00:00+00:00
[2025-09-01T04:43:41.816+0000] {processor.py:183} INFO - Processing /opt/airflow/dags/try.py took 1.152 seconds
[2025-09-01T04:44:11.981+0000] {processor.py:161} INFO - Started process (PID=310) to work on /opt/airflow/dags/try.py
[2025-09-01T04:44:11.984+0000] {processor.py:830} INFO - Processing file /opt/airflow/dags/try.py for tasks to queue
[2025-09-01T04:44:11.985+0000] {logging_mixin.py:188} INFO - [2025-09-01T04:44:11.985+0000] {dagbag.py:538} INFO - Filling up the DagBag from /opt/airflow/dags/try.py
[2025-09-01T04:44:12.044+0000] {processor.py:840} INFO - DAG(s) 'ml_pipeline_orchestration2' retrieved from /opt/airflow/dags/try.py
[2025-09-01T04:44:12.189+0000] {logging_mixin.py:188} INFO - [2025-09-01T04:44:12.189+0000] {dag.py:3036} INFO - Sync 1 DAGs
[2025-09-01T04:44:12.223+0000] {logging_mixin.py:188} INFO - [2025-09-01T04:44:12.223+0000] {dag.py:3823} INFO - Setting next_dagrun for ml_pipeline_orchestration2 to 2025-09-01 00:00:00+00:00, run_after=2025-09-02 00:00:00+00:00
[2025-09-01T04:44:12.320+0000] {processor.py:183} INFO - Processing /opt/airflow/dags/try.py took 0.344 seconds
[2025-09-01T04:44:42.699+0000] {processor.py:161} INFO - Started process (PID=325) to work on /opt/airflow/dags/try.py
[2025-09-01T04:44:42.702+0000] {processor.py:830} INFO - Processing file /opt/airflow/dags/try.py for tasks to queue
[2025-09-01T04:44:42.704+0000] {logging_mixin.py:188} INFO - [2025-09-01T04:44:42.703+0000] {dagbag.py:538} INFO - Filling up the DagBag from /opt/airflow/dags/try.py
[2025-09-01T04:44:42.769+0000] {processor.py:840} INFO - DAG(s) 'ml_pipeline_orchestration2' retrieved from /opt/airflow/dags/try.py
[2025-09-01T04:44:42.798+0000] {logging_mixin.py:188} INFO - [2025-09-01T04:44:42.797+0000] {dag.py:3036} INFO - Sync 1 DAGs
[2025-09-01T04:44:42.830+0000] {logging_mixin.py:188} INFO - [2025-09-01T04:44:42.830+0000] {dag.py:3823} INFO - Setting next_dagrun for ml_pipeline_orchestration2 to 2025-09-01 00:00:00+00:00, run_after=2025-09-02 00:00:00+00:00
[2025-09-01T04:44:42.946+0000] {processor.py:183} INFO - Processing /opt/airflow/dags/try.py took 0.253 seconds
[2025-09-01T04:45:13.607+0000] {processor.py:161} INFO - Started process (PID=338) to work on /opt/airflow/dags/try.py
[2025-09-01T04:45:13.609+0000] {processor.py:830} INFO - Processing file /opt/airflow/dags/try.py for tasks to queue
[2025-09-01T04:45:13.611+0000] {logging_mixin.py:188} INFO - [2025-09-01T04:45:13.610+0000] {dagbag.py:538} INFO - Filling up the DagBag from /opt/airflow/dags/try.py
[2025-09-01T04:45:13.911+0000] {processor.py:840} INFO - DAG(s) 'ml_pipeline_orchestration2' retrieved from /opt/airflow/dags/try.py
[2025-09-01T04:45:13.940+0000] {logging_mixin.py:188} INFO - [2025-09-01T04:45:13.940+0000] {dag.py:3036} INFO - Sync 1 DAGs
[2025-09-01T04:45:13.974+0000] {logging_mixin.py:188} INFO - [2025-09-01T04:45:13.974+0000] {dag.py:3823} INFO - Setting next_dagrun for ml_pipeline_orchestration2 to 2025-09-01 00:00:00+00:00, run_after=2025-09-02 00:00:00+00:00
[2025-09-01T04:45:14.199+0000] {processor.py:183} INFO - Processing /opt/airflow/dags/try.py took 0.598 seconds
[2025-09-01T04:45:44.709+0000] {processor.py:161} INFO - Started process (PID=355) to work on /opt/airflow/dags/try.py
[2025-09-01T04:45:44.711+0000] {processor.py:830} INFO - Processing file /opt/airflow/dags/try.py for tasks to queue
[2025-09-01T04:45:44.712+0000] {logging_mixin.py:188} INFO - [2025-09-01T04:45:44.712+0000] {dagbag.py:538} INFO - Filling up the DagBag from /opt/airflow/dags/try.py
[2025-09-01T04:45:44.827+0000] {processor.py:840} INFO - DAG(s) 'ml_pipeline_orchestration2' retrieved from /opt/airflow/dags/try.py
[2025-09-01T04:45:44.862+0000] {logging_mixin.py:188} INFO - [2025-09-01T04:45:44.861+0000] {dag.py:3036} INFO - Sync 1 DAGs
[2025-09-01T04:45:44.900+0000] {logging_mixin.py:188} INFO - [2025-09-01T04:45:44.899+0000] {dag.py:3823} INFO - Setting next_dagrun for ml_pipeline_orchestration2 to 2025-09-01 00:00:00+00:00, run_after=2025-09-02 00:00:00+00:00
[2025-09-01T04:45:45.339+0000] {processor.py:183} INFO - Processing /opt/airflow/dags/try.py took 0.636 seconds
[2025-09-01T04:46:18.778+0000] {processor.py:161} INFO - Started process (PID=370) to work on /opt/airflow/dags/try.py
[2025-09-01T04:46:18.780+0000] {processor.py:830} INFO - Processing file /opt/airflow/dags/try.py for tasks to queue
[2025-09-01T04:46:18.782+0000] {logging_mixin.py:188} INFO - [2025-09-01T04:46:18.781+0000] {dagbag.py:538} INFO - Filling up the DagBag from /opt/airflow/dags/try.py
[2025-09-01T04:46:18.844+0000] {processor.py:840} INFO - DAG(s) 'ml_pipeline_orchestration2' retrieved from /opt/airflow/dags/try.py
[2025-09-01T04:46:18.872+0000] {logging_mixin.py:188} INFO - [2025-09-01T04:46:18.872+0000] {dag.py:3036} INFO - Sync 1 DAGs
[2025-09-01T04:46:18.914+0000] {logging_mixin.py:188} INFO - [2025-09-01T04:46:18.914+0000] {dag.py:3823} INFO - Setting next_dagrun for ml_pipeline_orchestration2 to 2025-09-01 00:00:00+00:00, run_after=2025-09-02 00:00:00+00:00
[2025-09-01T04:46:19.699+0000] {processor.py:183} INFO - Processing /opt/airflow/dags/try.py took 0.927 seconds
[2025-09-01T04:46:50.228+0000] {processor.py:161} INFO - Started process (PID=385) to work on /opt/airflow/dags/try.py
[2025-09-01T04:46:50.230+0000] {processor.py:830} INFO - Processing file /opt/airflow/dags/try.py for tasks to queue
[2025-09-01T04:46:50.233+0000] {logging_mixin.py:188} INFO - [2025-09-01T04:46:50.232+0000] {dagbag.py:538} INFO - Filling up the DagBag from /opt/airflow/dags/try.py
[2025-09-01T04:46:50.293+0000] {processor.py:840} INFO - DAG(s) 'ml_pipeline_orchestration2' retrieved from /opt/airflow/dags/try.py
[2025-09-01T04:46:50.300+0000] {logging_mixin.py:188} INFO - [2025-09-01T04:46:50.300+0000] {dag.py:3036} INFO - Sync 1 DAGs
[2025-09-01T04:46:50.337+0000] {logging_mixin.py:188} INFO - [2025-09-01T04:46:50.336+0000] {dag.py:3823} INFO - Setting next_dagrun for ml_pipeline_orchestration2 to 2025-09-01 00:00:00+00:00, run_after=2025-09-02 00:00:00+00:00
[2025-09-01T04:46:50.562+0000] {processor.py:183} INFO - Processing /opt/airflow/dags/try.py took 0.341 seconds
[2025-09-01T04:47:20.736+0000] {processor.py:161} INFO - Started process (PID=400) to work on /opt/airflow/dags/try.py
[2025-09-01T04:47:20.739+0000] {processor.py:830} INFO - Processing file /opt/airflow/dags/try.py for tasks to queue
[2025-09-01T04:47:20.741+0000] {logging_mixin.py:188} INFO - [2025-09-01T04:47:20.740+0000] {dagbag.py:538} INFO - Filling up the DagBag from /opt/airflow/dags/try.py
[2025-09-01T04:47:20.815+0000] {processor.py:840} INFO - DAG(s) 'ml_pipeline_orchestration2' retrieved from /opt/airflow/dags/try.py
[2025-09-01T04:47:20.983+0000] {logging_mixin.py:188} INFO - [2025-09-01T04:47:20.983+0000] {dag.py:3036} INFO - Sync 1 DAGs
[2025-09-01T04:47:21.017+0000] {logging_mixin.py:188} INFO - [2025-09-01T04:47:21.017+0000] {dag.py:3823} INFO - Setting next_dagrun for ml_pipeline_orchestration2 to 2025-09-01 00:00:00+00:00, run_after=2025-09-02 00:00:00+00:00
[2025-09-01T04:47:21.226+0000] {processor.py:183} INFO - Processing /opt/airflow/dags/try.py took 0.498 seconds
[2025-09-01T04:47:51.655+0000] {processor.py:161} INFO - Started process (PID=417) to work on /opt/airflow/dags/try.py
[2025-09-01T04:47:51.656+0000] {processor.py:830} INFO - Processing file /opt/airflow/dags/try.py for tasks to queue
[2025-09-01T04:47:51.658+0000] {logging_mixin.py:188} INFO - [2025-09-01T04:47:51.658+0000] {dagbag.py:538} INFO - Filling up the DagBag from /opt/airflow/dags/try.py
[2025-09-01T04:47:51.788+0000] {processor.py:840} INFO - DAG(s) 'ml_pipeline_orchestration2' retrieved from /opt/airflow/dags/try.py
[2025-09-01T04:47:51.821+0000] {logging_mixin.py:188} INFO - [2025-09-01T04:47:51.821+0000] {dag.py:3036} INFO - Sync 1 DAGs
[2025-09-01T04:47:51.857+0000] {logging_mixin.py:188} INFO - [2025-09-01T04:47:51.856+0000] {dag.py:3823} INFO - Setting next_dagrun for ml_pipeline_orchestration2 to 2025-09-01 00:00:00+00:00, run_after=2025-09-02 00:00:00+00:00
[2025-09-01T04:47:52.037+0000] {processor.py:183} INFO - Processing /opt/airflow/dags/try.py took 0.390 seconds
[2025-09-01T04:48:22.384+0000] {processor.py:161} INFO - Started process (PID=432) to work on /opt/airflow/dags/try.py
[2025-09-01T04:48:22.386+0000] {processor.py:830} INFO - Processing file /opt/airflow/dags/try.py for tasks to queue
[2025-09-01T04:48:22.388+0000] {logging_mixin.py:188} INFO - [2025-09-01T04:48:22.387+0000] {dagbag.py:538} INFO - Filling up the DagBag from /opt/airflow/dags/try.py
[2025-09-01T04:48:22.457+0000] {processor.py:840} INFO - DAG(s) 'ml_pipeline_orchestration2' retrieved from /opt/airflow/dags/try.py
[2025-09-01T04:48:22.497+0000] {logging_mixin.py:188} INFO - [2025-09-01T04:48:22.496+0000] {dag.py:3036} INFO - Sync 1 DAGs
[2025-09-01T04:48:22.548+0000] {logging_mixin.py:188} INFO - [2025-09-01T04:48:22.547+0000] {dag.py:3823} INFO - Setting next_dagrun for ml_pipeline_orchestration2 to 2025-09-01 00:00:00+00:00, run_after=2025-09-02 00:00:00+00:00
[2025-09-01T04:48:22.700+0000] {processor.py:183} INFO - Processing /opt/airflow/dags/try.py took 0.324 seconds
[2025-09-01T04:48:53.162+0000] {processor.py:161} INFO - Started process (PID=447) to work on /opt/airflow/dags/try.py
[2025-09-01T04:48:53.164+0000] {processor.py:830} INFO - Processing file /opt/airflow/dags/try.py for tasks to queue
[2025-09-01T04:48:53.165+0000] {logging_mixin.py:188} INFO - [2025-09-01T04:48:53.165+0000] {dagbag.py:538} INFO - Filling up the DagBag from /opt/airflow/dags/try.py
[2025-09-01T04:48:53.260+0000] {processor.py:840} INFO - DAG(s) 'ml_pipeline_orchestration2' retrieved from /opt/airflow/dags/try.py
[2025-09-01T04:48:53.291+0000] {logging_mixin.py:188} INFO - [2025-09-01T04:48:53.291+0000] {dag.py:3036} INFO - Sync 1 DAGs
[2025-09-01T04:48:53.327+0000] {logging_mixin.py:188} INFO - [2025-09-01T04:48:53.326+0000] {dag.py:3823} INFO - Setting next_dagrun for ml_pipeline_orchestration2 to 2025-09-01 00:00:00+00:00, run_after=2025-09-02 00:00:00+00:00
[2025-09-01T04:48:53.462+0000] {processor.py:183} INFO - Processing /opt/airflow/dags/try.py took 0.307 seconds
[2025-09-01T04:49:24.399+0000] {processor.py:161} INFO - Started process (PID=462) to work on /opt/airflow/dags/try.py
[2025-09-01T04:49:24.401+0000] {processor.py:830} INFO - Processing file /opt/airflow/dags/try.py for tasks to queue
[2025-09-01T04:49:24.403+0000] {logging_mixin.py:188} INFO - [2025-09-01T04:49:24.403+0000] {dagbag.py:538} INFO - Filling up the DagBag from /opt/airflow/dags/try.py
[2025-09-01T04:49:24.466+0000] {processor.py:840} INFO - DAG(s) 'ml_pipeline_orchestration2' retrieved from /opt/airflow/dags/try.py
[2025-09-01T04:49:24.504+0000] {logging_mixin.py:188} INFO - [2025-09-01T04:49:24.504+0000] {dag.py:3036} INFO - Sync 1 DAGs
[2025-09-01T04:49:24.539+0000] {logging_mixin.py:188} INFO - [2025-09-01T04:49:24.539+0000] {dag.py:3823} INFO - Setting next_dagrun for ml_pipeline_orchestration2 to 2025-09-01 00:00:00+00:00, run_after=2025-09-02 00:00:00+00:00
[2025-09-01T04:49:24.846+0000] {processor.py:183} INFO - Processing /opt/airflow/dags/try.py took 0.453 seconds
[2025-09-01T04:49:55.221+0000] {processor.py:161} INFO - Started process (PID=477) to work on /opt/airflow/dags/try.py
[2025-09-01T04:49:55.224+0000] {processor.py:830} INFO - Processing file /opt/airflow/dags/try.py for tasks to queue
[2025-09-01T04:49:55.225+0000] {logging_mixin.py:188} INFO - [2025-09-01T04:49:55.225+0000] {dagbag.py:538} INFO - Filling up the DagBag from /opt/airflow/dags/try.py
[2025-09-01T04:49:55.288+0000] {processor.py:840} INFO - DAG(s) 'ml_pipeline_orchestration2' retrieved from /opt/airflow/dags/try.py
[2025-09-01T04:49:55.321+0000] {logging_mixin.py:188} INFO - [2025-09-01T04:49:55.320+0000] {dag.py:3036} INFO - Sync 1 DAGs
[2025-09-01T04:49:55.364+0000] {logging_mixin.py:188} INFO - [2025-09-01T04:49:55.364+0000] {dag.py:3823} INFO - Setting next_dagrun for ml_pipeline_orchestration2 to 2025-09-01 00:00:00+00:00, run_after=2025-09-02 00:00:00+00:00
[2025-09-01T04:49:55.551+0000] {processor.py:183} INFO - Processing /opt/airflow/dags/try.py took 0.336 seconds
[2025-09-01T04:50:25.888+0000] {processor.py:161} INFO - Started process (PID=492) to work on /opt/airflow/dags/try.py
[2025-09-01T04:50:25.891+0000] {processor.py:830} INFO - Processing file /opt/airflow/dags/try.py for tasks to queue
[2025-09-01T04:50:25.893+0000] {logging_mixin.py:188} INFO - [2025-09-01T04:50:25.893+0000] {dagbag.py:538} INFO - Filling up the DagBag from /opt/airflow/dags/try.py
[2025-09-01T04:50:25.959+0000] {processor.py:840} INFO - DAG(s) 'ml_pipeline_orchestration2' retrieved from /opt/airflow/dags/try.py
[2025-09-01T04:50:25.988+0000] {logging_mixin.py:188} INFO - [2025-09-01T04:50:25.987+0000] {dag.py:3036} INFO - Sync 1 DAGs
[2025-09-01T04:50:26.022+0000] {logging_mixin.py:188} INFO - [2025-09-01T04:50:26.022+0000] {dag.py:3823} INFO - Setting next_dagrun for ml_pipeline_orchestration2 to 2025-09-01 00:00:00+00:00, run_after=2025-09-02 00:00:00+00:00
[2025-09-01T04:50:26.265+0000] {processor.py:183} INFO - Processing /opt/airflow/dags/try.py took 0.383 seconds
[2025-09-01T04:50:56.551+0000] {processor.py:161} INFO - Started process (PID=515) to work on /opt/airflow/dags/try.py
[2025-09-01T04:50:56.553+0000] {processor.py:830} INFO - Processing file /opt/airflow/dags/try.py for tasks to queue
[2025-09-01T04:50:56.555+0000] {logging_mixin.py:188} INFO - [2025-09-01T04:50:56.555+0000] {dagbag.py:538} INFO - Filling up the DagBag from /opt/airflow/dags/try.py
[2025-09-01T04:50:56.667+0000] {processor.py:840} INFO - DAG(s) 'ml_pipeline_orchestration2' retrieved from /opt/airflow/dags/try.py
[2025-09-01T04:50:56.696+0000] {logging_mixin.py:188} INFO - [2025-09-01T04:50:56.695+0000] {dag.py:3036} INFO - Sync 1 DAGs
[2025-09-01T04:50:56.728+0000] {logging_mixin.py:188} INFO - [2025-09-01T04:50:56.728+0000] {dag.py:3823} INFO - Setting next_dagrun for ml_pipeline_orchestration2 to 2025-09-01 00:00:00+00:00, run_after=2025-09-02 00:00:00+00:00
[2025-09-01T04:50:56.808+0000] {processor.py:183} INFO - Processing /opt/airflow/dags/try.py took 0.263 seconds
[2025-09-01T04:51:27.132+0000] {processor.py:161} INFO - Started process (PID=530) to work on /opt/airflow/dags/try.py
[2025-09-01T04:51:27.134+0000] {processor.py:830} INFO - Processing file /opt/airflow/dags/try.py for tasks to queue
[2025-09-01T04:51:27.136+0000] {logging_mixin.py:188} INFO - [2025-09-01T04:51:27.135+0000] {dagbag.py:538} INFO - Filling up the DagBag from /opt/airflow/dags/try.py
[2025-09-01T04:51:27.202+0000] {processor.py:840} INFO - DAG(s) 'ml_pipeline_orchestration2' retrieved from /opt/airflow/dags/try.py
[2025-09-01T04:51:27.233+0000] {logging_mixin.py:188} INFO - [2025-09-01T04:51:27.233+0000] {dag.py:3036} INFO - Sync 1 DAGs
[2025-09-01T04:51:27.267+0000] {logging_mixin.py:188} INFO - [2025-09-01T04:51:27.266+0000] {dag.py:3823} INFO - Setting next_dagrun for ml_pipeline_orchestration2 to 2025-09-01 00:00:00+00:00, run_after=2025-09-02 00:00:00+00:00
[2025-09-01T04:51:27.376+0000] {processor.py:183} INFO - Processing /opt/airflow/dags/try.py took 0.251 seconds
[2025-09-01T04:51:57.893+0000] {processor.py:161} INFO - Started process (PID=552) to work on /opt/airflow/dags/try.py
[2025-09-01T04:51:57.894+0000] {processor.py:830} INFO - Processing file /opt/airflow/dags/try.py for tasks to queue
[2025-09-01T04:51:57.896+0000] {logging_mixin.py:188} INFO - [2025-09-01T04:51:57.895+0000] {dagbag.py:538} INFO - Filling up the DagBag from /opt/airflow/dags/try.py
[2025-09-01T04:51:57.967+0000] {processor.py:840} INFO - DAG(s) 'ml_pipeline_orchestration2' retrieved from /opt/airflow/dags/try.py
[2025-09-01T04:51:58.037+0000] {logging_mixin.py:188} INFO - [2025-09-01T04:51:58.037+0000] {dag.py:3036} INFO - Sync 1 DAGs
[2025-09-01T04:51:58.126+0000] {logging_mixin.py:188} INFO - [2025-09-01T04:51:58.126+0000] {dag.py:3823} INFO - Setting next_dagrun for ml_pipeline_orchestration2 to 2025-09-01 00:00:00+00:00, run_after=2025-09-02 00:00:00+00:00
[2025-09-01T04:51:58.736+0000] {processor.py:183} INFO - Processing /opt/airflow/dags/try.py took 0.824 seconds
[2025-09-01T04:52:29.299+0000] {processor.py:161} INFO - Started process (PID=567) to work on /opt/airflow/dags/try.py
[2025-09-01T04:52:29.302+0000] {processor.py:830} INFO - Processing file /opt/airflow/dags/try.py for tasks to queue
[2025-09-01T04:52:29.304+0000] {logging_mixin.py:188} INFO - [2025-09-01T04:52:29.303+0000] {dagbag.py:538} INFO - Filling up the DagBag from /opt/airflow/dags/try.py
[2025-09-01T04:52:29.370+0000] {processor.py:840} INFO - DAG(s) 'ml_pipeline_orchestration2' retrieved from /opt/airflow/dags/try.py
[2025-09-01T04:52:29.401+0000] {logging_mixin.py:188} INFO - [2025-09-01T04:52:29.401+0000] {dag.py:3036} INFO - Sync 1 DAGs
[2025-09-01T04:52:29.441+0000] {logging_mixin.py:188} INFO - [2025-09-01T04:52:29.441+0000] {dag.py:3823} INFO - Setting next_dagrun for ml_pipeline_orchestration2 to 2025-09-01 00:00:00+00:00, run_after=2025-09-02 00:00:00+00:00
[2025-09-01T04:52:29.618+0000] {processor.py:183} INFO - Processing /opt/airflow/dags/try.py took 0.326 seconds
[2025-09-01T04:53:00.011+0000] {processor.py:161} INFO - Started process (PID=584) to work on /opt/airflow/dags/try.py
[2025-09-01T04:53:00.013+0000] {processor.py:830} INFO - Processing file /opt/airflow/dags/try.py for tasks to queue
[2025-09-01T04:53:00.015+0000] {logging_mixin.py:188} INFO - [2025-09-01T04:53:00.014+0000] {dagbag.py:538} INFO - Filling up the DagBag from /opt/airflow/dags/try.py
[2025-09-01T04:53:00.079+0000] {processor.py:840} INFO - DAG(s) 'ml_pipeline_orchestration2' retrieved from /opt/airflow/dags/try.py
[2025-09-01T04:53:00.107+0000] {logging_mixin.py:188} INFO - [2025-09-01T04:53:00.107+0000] {dag.py:3036} INFO - Sync 1 DAGs
[2025-09-01T04:53:00.142+0000] {logging_mixin.py:188} INFO - [2025-09-01T04:53:00.142+0000] {dag.py:3823} INFO - Setting next_dagrun for ml_pipeline_orchestration2 to 2025-09-01 00:00:00+00:00, run_after=2025-09-02 00:00:00+00:00
[2025-09-01T04:53:00.422+0000] {processor.py:183} INFO - Processing /opt/airflow/dags/try.py took 0.418 seconds
[2025-09-01T04:53:31.255+0000] {processor.py:161} INFO - Started process (PID=599) to work on /opt/airflow/dags/try.py
[2025-09-01T04:53:31.257+0000] {processor.py:830} INFO - Processing file /opt/airflow/dags/try.py for tasks to queue
[2025-09-01T04:53:31.259+0000] {logging_mixin.py:188} INFO - [2025-09-01T04:53:31.258+0000] {dagbag.py:538} INFO - Filling up the DagBag from /opt/airflow/dags/try.py
[2025-09-01T04:53:31.320+0000] {processor.py:840} INFO - DAG(s) 'ml_pipeline_orchestration2' retrieved from /opt/airflow/dags/try.py
[2025-09-01T04:53:31.348+0000] {logging_mixin.py:188} INFO - [2025-09-01T04:53:31.348+0000] {dag.py:3036} INFO - Sync 1 DAGs
[2025-09-01T04:53:31.390+0000] {logging_mixin.py:188} INFO - [2025-09-01T04:53:31.389+0000] {dag.py:3823} INFO - Setting next_dagrun for ml_pipeline_orchestration2 to 2025-09-01 00:00:00+00:00, run_after=2025-09-02 00:00:00+00:00
[2025-09-01T04:53:31.483+0000] {processor.py:183} INFO - Processing /opt/airflow/dags/try.py took 0.233 seconds
[2025-09-01T04:54:01.909+0000] {processor.py:161} INFO - Started process (PID=614) to work on /opt/airflow/dags/try.py
[2025-09-01T04:54:01.911+0000] {processor.py:830} INFO - Processing file /opt/airflow/dags/try.py for tasks to queue
[2025-09-01T04:54:01.913+0000] {logging_mixin.py:188} INFO - [2025-09-01T04:54:01.913+0000] {dagbag.py:538} INFO - Filling up the DagBag from /opt/airflow/dags/try.py
[2025-09-01T04:54:01.984+0000] {processor.py:840} INFO - DAG(s) 'ml_pipeline_orchestration2' retrieved from /opt/airflow/dags/try.py
[2025-09-01T04:54:02.016+0000] {logging_mixin.py:188} INFO - [2025-09-01T04:54:02.015+0000] {dag.py:3036} INFO - Sync 1 DAGs
[2025-09-01T04:54:02.055+0000] {logging_mixin.py:188} INFO - [2025-09-01T04:54:02.054+0000] {dag.py:3823} INFO - Setting next_dagrun for ml_pipeline_orchestration2 to 2025-09-01 00:00:00+00:00, run_after=2025-09-02 00:00:00+00:00
[2025-09-01T04:54:02.212+0000] {processor.py:183} INFO - Processing /opt/airflow/dags/try.py took 0.419 seconds
[2025-09-01T04:54:32.636+0000] {processor.py:161} INFO - Started process (PID=627) to work on /opt/airflow/dags/try.py
[2025-09-01T04:54:32.638+0000] {processor.py:830} INFO - Processing file /opt/airflow/dags/try.py for tasks to queue
[2025-09-01T04:54:32.641+0000] {logging_mixin.py:188} INFO - [2025-09-01T04:54:32.640+0000] {dagbag.py:538} INFO - Filling up the DagBag from /opt/airflow/dags/try.py
[2025-09-01T04:54:32.720+0000] {processor.py:840} INFO - DAG(s) 'ml_pipeline_orchestration2' retrieved from /opt/airflow/dags/try.py
[2025-09-01T04:54:32.756+0000] {logging_mixin.py:188} INFO - [2025-09-01T04:54:32.755+0000] {dag.py:3036} INFO - Sync 1 DAGs
[2025-09-01T04:54:32.795+0000] {logging_mixin.py:188} INFO - [2025-09-01T04:54:32.794+0000] {dag.py:3823} INFO - Setting next_dagrun for ml_pipeline_orchestration2 to 2025-09-01 00:00:00+00:00, run_after=2025-09-02 00:00:00+00:00
[2025-09-01T04:54:33.054+0000] {processor.py:183} INFO - Processing /opt/airflow/dags/try.py took 0.426 seconds
[2025-09-01T04:55:03.183+0000] {processor.py:161} INFO - Started process (PID=642) to work on /opt/airflow/dags/try.py
[2025-09-01T04:55:03.185+0000] {processor.py:830} INFO - Processing file /opt/airflow/dags/try.py for tasks to queue
[2025-09-01T04:55:03.187+0000] {logging_mixin.py:188} INFO - [2025-09-01T04:55:03.186+0000] {dagbag.py:538} INFO - Filling up the DagBag from /opt/airflow/dags/try.py
[2025-09-01T04:55:03.255+0000] {processor.py:840} INFO - DAG(s) 'ml_pipeline_orchestration2' retrieved from /opt/airflow/dags/try.py
[2025-09-01T04:55:03.288+0000] {logging_mixin.py:188} INFO - [2025-09-01T04:55:03.287+0000] {dag.py:3036} INFO - Sync 1 DAGs
[2025-09-01T04:55:03.328+0000] {logging_mixin.py:188} INFO - [2025-09-01T04:55:03.328+0000] {dag.py:3823} INFO - Setting next_dagrun for ml_pipeline_orchestration2 to 2025-09-01 00:00:00+00:00, run_after=2025-09-02 00:00:00+00:00
[2025-09-01T04:55:03.534+0000] {processor.py:183} INFO - Processing /opt/airflow/dags/try.py took 0.359 seconds
[2025-09-01T04:55:33.697+0000] {processor.py:161} INFO - Started process (PID=657) to work on /opt/airflow/dags/try.py
[2025-09-01T04:55:33.699+0000] {processor.py:830} INFO - Processing file /opt/airflow/dags/try.py for tasks to queue
[2025-09-01T04:55:33.701+0000] {logging_mixin.py:188} INFO - [2025-09-01T04:55:33.700+0000] {dagbag.py:538} INFO - Filling up the DagBag from /opt/airflow/dags/try.py
[2025-09-01T04:55:33.770+0000] {processor.py:840} INFO - DAG(s) 'ml_pipeline_orchestration2' retrieved from /opt/airflow/dags/try.py
[2025-09-01T04:55:33.801+0000] {logging_mixin.py:188} INFO - [2025-09-01T04:55:33.801+0000] {dag.py:3036} INFO - Sync 1 DAGs
[2025-09-01T04:55:33.846+0000] {logging_mixin.py:188} INFO - [2025-09-01T04:55:33.846+0000] {dag.py:3823} INFO - Setting next_dagrun for ml_pipeline_orchestration2 to 2025-09-01 00:00:00+00:00, run_after=2025-09-02 00:00:00+00:00
[2025-09-01T04:55:33.945+0000] {processor.py:183} INFO - Processing /opt/airflow/dags/try.py took 0.255 seconds
[2025-09-01T04:56:04.423+0000] {processor.py:161} INFO - Started process (PID=672) to work on /opt/airflow/dags/try.py
[2025-09-01T04:56:04.425+0000] {processor.py:830} INFO - Processing file /opt/airflow/dags/try.py for tasks to queue
[2025-09-01T04:56:04.427+0000] {logging_mixin.py:188} INFO - [2025-09-01T04:56:04.427+0000] {dagbag.py:538} INFO - Filling up the DagBag from /opt/airflow/dags/try.py
[2025-09-01T04:56:04.517+0000] {processor.py:840} INFO - DAG(s) 'ml_pipeline_orchestration2' retrieved from /opt/airflow/dags/try.py
[2025-09-01T04:56:04.549+0000] {logging_mixin.py:188} INFO - [2025-09-01T04:56:04.548+0000] {dag.py:3036} INFO - Sync 1 DAGs
[2025-09-01T04:56:04.584+0000] {logging_mixin.py:188} INFO - [2025-09-01T04:56:04.584+0000] {dag.py:3823} INFO - Setting next_dagrun for ml_pipeline_orchestration2 to 2025-09-01 00:00:00+00:00, run_after=2025-09-02 00:00:00+00:00
[2025-09-01T04:56:04.685+0000] {processor.py:183} INFO - Processing /opt/airflow/dags/try.py took 0.269 seconds
[2025-09-01T04:56:35.252+0000] {processor.py:161} INFO - Started process (PID=687) to work on /opt/airflow/dags/try.py
[2025-09-01T04:56:35.254+0000] {processor.py:830} INFO - Processing file /opt/airflow/dags/try.py for tasks to queue
[2025-09-01T04:56:35.255+0000] {logging_mixin.py:188} INFO - [2025-09-01T04:56:35.255+0000] {dagbag.py:538} INFO - Filling up the DagBag from /opt/airflow/dags/try.py
[2025-09-01T04:56:35.453+0000] {processor.py:840} INFO - DAG(s) 'ml_pipeline_orchestration2' retrieved from /opt/airflow/dags/try.py
[2025-09-01T04:56:35.482+0000] {logging_mixin.py:188} INFO - [2025-09-01T04:56:35.482+0000] {dag.py:3036} INFO - Sync 1 DAGs
[2025-09-01T04:56:35.517+0000] {logging_mixin.py:188} INFO - [2025-09-01T04:56:35.516+0000] {dag.py:3823} INFO - Setting next_dagrun for ml_pipeline_orchestration2 to 2025-09-01 00:00:00+00:00, run_after=2025-09-02 00:00:00+00:00
[2025-09-01T04:56:35.707+0000] {processor.py:183} INFO - Processing /opt/airflow/dags/try.py took 0.462 seconds
[2025-09-01T04:57:07.316+0000] {processor.py:161} INFO - Started process (PID=706) to work on /opt/airflow/dags/try.py
[2025-09-01T04:57:07.318+0000] {processor.py:830} INFO - Processing file /opt/airflow/dags/try.py for tasks to queue
[2025-09-01T04:57:07.321+0000] {logging_mixin.py:188} INFO - [2025-09-01T04:57:07.320+0000] {dagbag.py:538} INFO - Filling up the DagBag from /opt/airflow/dags/try.py
[2025-09-01T04:57:07.394+0000] {processor.py:840} INFO - DAG(s) 'ml_pipeline_orchestration2' retrieved from /opt/airflow/dags/try.py
[2025-09-01T04:57:07.429+0000] {logging_mixin.py:188} INFO - [2025-09-01T04:57:07.429+0000] {dag.py:3036} INFO - Sync 1 DAGs
[2025-09-01T04:57:07.468+0000] {logging_mixin.py:188} INFO - [2025-09-01T04:57:07.467+0000] {dag.py:3823} INFO - Setting next_dagrun for ml_pipeline_orchestration2 to 2025-09-01 00:00:00+00:00, run_after=2025-09-02 00:00:00+00:00
[2025-09-01T04:57:08.734+0000] {processor.py:183} INFO - Processing /opt/airflow/dags/try.py took 1.425 seconds
[2025-09-01T04:57:39.180+0000] {processor.py:161} INFO - Started process (PID=721) to work on /opt/airflow/dags/try.py
[2025-09-01T04:57:39.183+0000] {processor.py:830} INFO - Processing file /opt/airflow/dags/try.py for tasks to queue
[2025-09-01T04:57:39.187+0000] {logging_mixin.py:188} INFO - [2025-09-01T04:57:39.185+0000] {dagbag.py:538} INFO - Filling up the DagBag from /opt/airflow/dags/try.py
[2025-09-01T04:57:39.332+0000] {processor.py:840} INFO - DAG(s) 'ml_pipeline_orchestration2' retrieved from /opt/airflow/dags/try.py
[2025-09-01T04:57:39.372+0000] {logging_mixin.py:188} INFO - [2025-09-01T04:57:39.371+0000] {dag.py:3036} INFO - Sync 1 DAGs
[2025-09-01T04:57:39.437+0000] {logging_mixin.py:188} INFO - [2025-09-01T04:57:39.436+0000] {dag.py:3823} INFO - Setting next_dagrun for ml_pipeline_orchestration2 to 2025-09-01 00:00:00+00:00, run_after=2025-09-02 00:00:00+00:00
[2025-09-01T04:57:39.686+0000] {processor.py:183} INFO - Processing /opt/airflow/dags/try.py took 0.624 seconds
[2025-09-01T04:58:10.447+0000] {processor.py:161} INFO - Started process (PID=736) to work on /opt/airflow/dags/try.py
[2025-09-01T04:58:10.450+0000] {processor.py:830} INFO - Processing file /opt/airflow/dags/try.py for tasks to queue
[2025-09-01T04:58:10.452+0000] {logging_mixin.py:188} INFO - [2025-09-01T04:58:10.451+0000] {dagbag.py:538} INFO - Filling up the DagBag from /opt/airflow/dags/try.py
[2025-09-01T04:58:10.520+0000] {processor.py:840} INFO - DAG(s) 'ml_pipeline_orchestration2' retrieved from /opt/airflow/dags/try.py
[2025-09-01T04:58:10.554+0000] {logging_mixin.py:188} INFO - [2025-09-01T04:58:10.553+0000] {dag.py:3036} INFO - Sync 1 DAGs
[2025-09-01T04:58:10.589+0000] {logging_mixin.py:188} INFO - [2025-09-01T04:58:10.588+0000] {dag.py:3823} INFO - Setting next_dagrun for ml_pipeline_orchestration2 to 2025-09-01 00:00:00+00:00, run_after=2025-09-02 00:00:00+00:00
[2025-09-01T04:58:11.092+0000] {processor.py:183} INFO - Processing /opt/airflow/dags/try.py took 0.651 seconds
[2025-09-01T04:58:41.669+0000] {processor.py:161} INFO - Started process (PID=751) to work on /opt/airflow/dags/try.py
[2025-09-01T04:58:41.672+0000] {processor.py:830} INFO - Processing file /opt/airflow/dags/try.py for tasks to queue
[2025-09-01T04:58:41.673+0000] {logging_mixin.py:188} INFO - [2025-09-01T04:58:41.673+0000] {dagbag.py:538} INFO - Filling up the DagBag from /opt/airflow/dags/try.py
[2025-09-01T04:58:41.741+0000] {processor.py:840} INFO - DAG(s) 'ml_pipeline_orchestration2' retrieved from /opt/airflow/dags/try.py
[2025-09-01T04:58:41.772+0000] {logging_mixin.py:188} INFO - [2025-09-01T04:58:41.771+0000] {dag.py:3036} INFO - Sync 1 DAGs
[2025-09-01T04:58:41.815+0000] {logging_mixin.py:188} INFO - [2025-09-01T04:58:41.815+0000] {dag.py:3823} INFO - Setting next_dagrun for ml_pipeline_orchestration2 to 2025-09-01 00:00:00+00:00, run_after=2025-09-02 00:00:00+00:00
[2025-09-01T04:58:42.056+0000] {processor.py:183} INFO - Processing /opt/airflow/dags/try.py took 0.393 seconds
[2025-09-01T04:59:12.530+0000] {processor.py:161} INFO - Started process (PID=766) to work on /opt/airflow/dags/try.py
[2025-09-01T04:59:12.533+0000] {processor.py:830} INFO - Processing file /opt/airflow/dags/try.py for tasks to queue
[2025-09-01T04:59:12.535+0000] {logging_mixin.py:188} INFO - [2025-09-01T04:59:12.534+0000] {dagbag.py:538} INFO - Filling up the DagBag from /opt/airflow/dags/try.py
[2025-09-01T04:59:12.598+0000] {processor.py:840} INFO - DAG(s) 'ml_pipeline_orchestration2' retrieved from /opt/airflow/dags/try.py
[2025-09-01T04:59:12.628+0000] {logging_mixin.py:188} INFO - [2025-09-01T04:59:12.627+0000] {dag.py:3036} INFO - Sync 1 DAGs
[2025-09-01T04:59:12.662+0000] {logging_mixin.py:188} INFO - [2025-09-01T04:59:12.662+0000] {dag.py:3823} INFO - Setting next_dagrun for ml_pipeline_orchestration2 to 2025-09-01 00:00:00+00:00, run_after=2025-09-02 00:00:00+00:00
[2025-09-01T04:59:12.978+0000] {processor.py:183} INFO - Processing /opt/airflow/dags/try.py took 0.453 seconds
[2025-09-01T04:59:43.603+0000] {processor.py:161} INFO - Started process (PID=790) to work on /opt/airflow/dags/try.py
[2025-09-01T04:59:43.606+0000] {processor.py:830} INFO - Processing file /opt/airflow/dags/try.py for tasks to queue
[2025-09-01T04:59:43.609+0000] {logging_mixin.py:188} INFO - [2025-09-01T04:59:43.608+0000] {dagbag.py:538} INFO - Filling up the DagBag from /opt/airflow/dags/try.py
[2025-09-01T04:59:43.692+0000] {processor.py:840} INFO - DAG(s) 'ml_pipeline_orchestration2' retrieved from /opt/airflow/dags/try.py
[2025-09-01T04:59:43.729+0000] {logging_mixin.py:188} INFO - [2025-09-01T04:59:43.729+0000] {dag.py:3036} INFO - Sync 1 DAGs
[2025-09-01T04:59:43.772+0000] {logging_mixin.py:188} INFO - [2025-09-01T04:59:43.772+0000] {dag.py:3823} INFO - Setting next_dagrun for ml_pipeline_orchestration2 to 2025-09-01 00:00:00+00:00, run_after=2025-09-02 00:00:00+00:00
[2025-09-01T04:59:44.188+0000] {processor.py:183} INFO - Processing /opt/airflow/dags/try.py took 0.593 seconds
[2025-09-01T05:00:14.578+0000] {processor.py:161} INFO - Started process (PID=805) to work on /opt/airflow/dags/try.py
[2025-09-01T05:00:14.580+0000] {processor.py:830} INFO - Processing file /opt/airflow/dags/try.py for tasks to queue
[2025-09-01T05:00:14.582+0000] {logging_mixin.py:188} INFO - [2025-09-01T05:00:14.581+0000] {dagbag.py:538} INFO - Filling up the DagBag from /opt/airflow/dags/try.py
[2025-09-01T05:00:14.649+0000] {processor.py:840} INFO - DAG(s) 'ml_pipeline_orchestration2' retrieved from /opt/airflow/dags/try.py
[2025-09-01T05:00:14.680+0000] {logging_mixin.py:188} INFO - [2025-09-01T05:00:14.680+0000] {dag.py:3036} INFO - Sync 1 DAGs
[2025-09-01T05:00:14.715+0000] {logging_mixin.py:188} INFO - [2025-09-01T05:00:14.715+0000] {dag.py:3823} INFO - Setting next_dagrun for ml_pipeline_orchestration2 to 2025-09-01 00:00:00+00:00, run_after=2025-09-02 00:00:00+00:00
[2025-09-01T05:00:14.906+0000] {processor.py:183} INFO - Processing /opt/airflow/dags/try.py took 0.334 seconds
[2025-09-01T05:00:45.451+0000] {processor.py:161} INFO - Started process (PID=820) to work on /opt/airflow/dags/try.py
[2025-09-01T05:00:45.453+0000] {processor.py:830} INFO - Processing file /opt/airflow/dags/try.py for tasks to queue
[2025-09-01T05:00:45.455+0000] {logging_mixin.py:188} INFO - [2025-09-01T05:00:45.454+0000] {dagbag.py:538} INFO - Filling up the DagBag from /opt/airflow/dags/try.py
[2025-09-01T05:00:45.527+0000] {processor.py:840} INFO - DAG(s) 'ml_pipeline_orchestration2' retrieved from /opt/airflow/dags/try.py
[2025-09-01T05:00:45.560+0000] {logging_mixin.py:188} INFO - [2025-09-01T05:00:45.560+0000] {dag.py:3036} INFO - Sync 1 DAGs
[2025-09-01T05:00:45.596+0000] {logging_mixin.py:188} INFO - [2025-09-01T05:00:45.595+0000] {dag.py:3823} INFO - Setting next_dagrun for ml_pipeline_orchestration2 to 2025-09-01 00:00:00+00:00, run_after=2025-09-02 00:00:00+00:00
[2025-09-01T05:00:45.714+0000] {processor.py:183} INFO - Processing /opt/airflow/dags/try.py took 0.269 seconds
[2025-09-01T05:01:16.187+0000] {processor.py:161} INFO - Started process (PID=835) to work on /opt/airflow/dags/try.py
[2025-09-01T05:01:16.189+0000] {processor.py:830} INFO - Processing file /opt/airflow/dags/try.py for tasks to queue
[2025-09-01T05:01:16.191+0000] {logging_mixin.py:188} INFO - [2025-09-01T05:01:16.190+0000] {dagbag.py:538} INFO - Filling up the DagBag from /opt/airflow/dags/try.py
[2025-09-01T05:01:16.262+0000] {processor.py:840} INFO - DAG(s) 'ml_pipeline_orchestration2' retrieved from /opt/airflow/dags/try.py
[2025-09-01T05:01:16.295+0000] {logging_mixin.py:188} INFO - [2025-09-01T05:01:16.294+0000] {dag.py:3036} INFO - Sync 1 DAGs
[2025-09-01T05:01:16.340+0000] {logging_mixin.py:188} INFO - [2025-09-01T05:01:16.340+0000] {dag.py:3823} INFO - Setting next_dagrun for ml_pipeline_orchestration2 to 2025-09-01 00:00:00+00:00, run_after=2025-09-02 00:00:00+00:00
[2025-09-01T05:01:16.527+0000] {processor.py:183} INFO - Processing /opt/airflow/dags/try.py took 0.348 seconds
[2025-09-01T05:01:46.748+0000] {processor.py:161} INFO - Started process (PID=850) to work on /opt/airflow/dags/try.py
[2025-09-01T05:01:46.751+0000] {processor.py:830} INFO - Processing file /opt/airflow/dags/try.py for tasks to queue
[2025-09-01T05:01:46.753+0000] {logging_mixin.py:188} INFO - [2025-09-01T05:01:46.753+0000] {dagbag.py:538} INFO - Filling up the DagBag from /opt/airflow/dags/try.py
[2025-09-01T05:01:46.924+0000] {processor.py:840} INFO - DAG(s) 'ml_pipeline_orchestration2' retrieved from /opt/airflow/dags/try.py
[2025-09-01T05:01:46.982+0000] {logging_mixin.py:188} INFO - [2025-09-01T05:01:46.981+0000] {dag.py:3036} INFO - Sync 1 DAGs
[2025-09-01T05:01:47.044+0000] {logging_mixin.py:188} INFO - [2025-09-01T05:01:47.044+0000] {dag.py:3823} INFO - Setting next_dagrun for ml_pipeline_orchestration2 to 2025-09-01 00:00:00+00:00, run_after=2025-09-02 00:00:00+00:00
[2025-09-01T05:01:47.232+0000] {processor.py:183} INFO - Processing /opt/airflow/dags/try.py took 0.491 seconds
[2025-09-01T05:02:18.119+0000] {processor.py:161} INFO - Started process (PID=865) to work on /opt/airflow/dags/try.py
[2025-09-01T05:02:18.122+0000] {processor.py:830} INFO - Processing file /opt/airflow/dags/try.py for tasks to queue
[2025-09-01T05:02:18.134+0000] {logging_mixin.py:188} INFO - [2025-09-01T05:02:18.124+0000] {dagbag.py:538} INFO - Filling up the DagBag from /opt/airflow/dags/try.py
[2025-09-01T05:02:18.307+0000] {processor.py:840} INFO - DAG(s) 'ml_pipeline_orchestration2' retrieved from /opt/airflow/dags/try.py
[2025-09-01T05:02:18.426+0000] {logging_mixin.py:188} INFO - [2025-09-01T05:02:18.425+0000] {dag.py:3036} INFO - Sync 1 DAGs
[2025-09-01T05:02:18.569+0000] {logging_mixin.py:188} INFO - [2025-09-01T05:02:18.568+0000] {dag.py:3823} INFO - Setting next_dagrun for ml_pipeline_orchestration2 to 2025-09-01 00:00:00+00:00, run_after=2025-09-02 00:00:00+00:00
[2025-09-01T05:02:18.839+0000] {processor.py:183} INFO - Processing /opt/airflow/dags/try.py took 0.737 seconds
[2025-09-01T05:02:49.048+0000] {processor.py:161} INFO - Started process (PID=880) to work on /opt/airflow/dags/try.py
[2025-09-01T05:02:49.051+0000] {processor.py:830} INFO - Processing file /opt/airflow/dags/try.py for tasks to queue
[2025-09-01T05:02:49.053+0000] {logging_mixin.py:188} INFO - [2025-09-01T05:02:49.053+0000] {dagbag.py:538} INFO - Filling up the DagBag from /opt/airflow/dags/try.py
[2025-09-01T05:02:49.120+0000] {processor.py:840} INFO - DAG(s) 'ml_pipeline_orchestration2' retrieved from /opt/airflow/dags/try.py
[2025-09-01T05:02:49.155+0000] {logging_mixin.py:188} INFO - [2025-09-01T05:02:49.155+0000] {dag.py:3036} INFO - Sync 1 DAGs
[2025-09-01T05:02:49.199+0000] {logging_mixin.py:188} INFO - [2025-09-01T05:02:49.199+0000] {dag.py:3823} INFO - Setting next_dagrun for ml_pipeline_orchestration2 to 2025-09-01 00:00:00+00:00, run_after=2025-09-02 00:00:00+00:00
[2025-09-01T05:02:49.342+0000] {processor.py:183} INFO - Processing /opt/airflow/dags/try.py took 0.303 seconds
[2025-09-01T05:03:19.658+0000] {processor.py:161} INFO - Started process (PID=895) to work on /opt/airflow/dags/try.py
[2025-09-01T05:03:19.660+0000] {processor.py:830} INFO - Processing file /opt/airflow/dags/try.py for tasks to queue
[2025-09-01T05:03:19.662+0000] {logging_mixin.py:188} INFO - [2025-09-01T05:03:19.661+0000] {dagbag.py:538} INFO - Filling up the DagBag from /opt/airflow/dags/try.py
[2025-09-01T05:03:19.727+0000] {processor.py:840} INFO - DAG(s) 'ml_pipeline_orchestration2' retrieved from /opt/airflow/dags/try.py
[2025-09-01T05:03:19.757+0000] {logging_mixin.py:188} INFO - [2025-09-01T05:03:19.756+0000] {dag.py:3036} INFO - Sync 1 DAGs
[2025-09-01T05:03:19.790+0000] {logging_mixin.py:188} INFO - [2025-09-01T05:03:19.790+0000] {dag.py:3823} INFO - Setting next_dagrun for ml_pipeline_orchestration2 to 2025-09-01 00:00:00+00:00, run_after=2025-09-02 00:00:00+00:00
[2025-09-01T05:03:20.238+0000] {processor.py:183} INFO - Processing /opt/airflow/dags/try.py took 0.587 seconds
[2025-09-01T05:03:50.518+0000] {processor.py:161} INFO - Started process (PID=910) to work on /opt/airflow/dags/try.py
[2025-09-01T05:03:50.520+0000] {processor.py:830} INFO - Processing file /opt/airflow/dags/try.py for tasks to queue
[2025-09-01T05:03:50.522+0000] {logging_mixin.py:188} INFO - [2025-09-01T05:03:50.521+0000] {dagbag.py:538} INFO - Filling up the DagBag from /opt/airflow/dags/try.py
[2025-09-01T05:03:50.583+0000] {processor.py:840} INFO - DAG(s) 'ml_pipeline_orchestration2' retrieved from /opt/airflow/dags/try.py
[2025-09-01T05:03:50.648+0000] {logging_mixin.py:188} INFO - [2025-09-01T05:03:50.644+0000] {dag.py:3036} INFO - Sync 1 DAGs
[2025-09-01T05:03:50.702+0000] {logging_mixin.py:188} INFO - [2025-09-01T05:03:50.702+0000] {dag.py:3823} INFO - Setting next_dagrun for ml_pipeline_orchestration2 to 2025-09-01 00:00:00+00:00, run_after=2025-09-02 00:00:00+00:00
[2025-09-01T05:03:51.159+0000] {processor.py:183} INFO - Processing /opt/airflow/dags/try.py took 0.647 seconds
[2025-09-01T05:04:22.257+0000] {processor.py:161} INFO - Started process (PID=925) to work on /opt/airflow/dags/try.py
[2025-09-01T05:04:22.259+0000] {processor.py:830} INFO - Processing file /opt/airflow/dags/try.py for tasks to queue
[2025-09-01T05:04:22.261+0000] {logging_mixin.py:188} INFO - [2025-09-01T05:04:22.261+0000] {dagbag.py:538} INFO - Filling up the DagBag from /opt/airflow/dags/try.py
[2025-09-01T05:04:22.325+0000] {processor.py:840} INFO - DAG(s) 'ml_pipeline_orchestration2' retrieved from /opt/airflow/dags/try.py
[2025-09-01T05:04:22.355+0000] {logging_mixin.py:188} INFO - [2025-09-01T05:04:22.354+0000] {dag.py:3036} INFO - Sync 1 DAGs
[2025-09-01T05:04:22.388+0000] {logging_mixin.py:188} INFO - [2025-09-01T05:04:22.388+0000] {dag.py:3823} INFO - Setting next_dagrun for ml_pipeline_orchestration2 to 2025-09-01 00:00:00+00:00, run_after=2025-09-02 00:00:00+00:00
[2025-09-01T05:04:22.477+0000] {processor.py:183} INFO - Processing /opt/airflow/dags/try.py took 0.227 seconds
[2025-09-01T05:04:52.894+0000] {processor.py:161} INFO - Started process (PID=940) to work on /opt/airflow/dags/try.py
[2025-09-01T05:04:52.896+0000] {processor.py:830} INFO - Processing file /opt/airflow/dags/try.py for tasks to queue
[2025-09-01T05:04:52.898+0000] {logging_mixin.py:188} INFO - [2025-09-01T05:04:52.897+0000] {dagbag.py:538} INFO - Filling up the DagBag from /opt/airflow/dags/try.py
[2025-09-01T05:04:52.961+0000] {processor.py:840} INFO - DAG(s) 'ml_pipeline_orchestration2' retrieved from /opt/airflow/dags/try.py
[2025-09-01T05:04:52.991+0000] {logging_mixin.py:188} INFO - [2025-09-01T05:04:52.991+0000] {dag.py:3036} INFO - Sync 1 DAGs
[2025-09-01T05:04:53.025+0000] {logging_mixin.py:188} INFO - [2025-09-01T05:04:53.025+0000] {dag.py:3823} INFO - Setting next_dagrun for ml_pipeline_orchestration2 to 2025-09-01 00:00:00+00:00, run_after=2025-09-02 00:00:00+00:00
[2025-09-01T05:04:53.099+0000] {processor.py:183} INFO - Processing /opt/airflow/dags/try.py took 0.211 seconds
[2025-09-01T05:05:23.246+0000] {processor.py:161} INFO - Started process (PID=957) to work on /opt/airflow/dags/try.py
[2025-09-01T05:05:23.248+0000] {processor.py:830} INFO - Processing file /opt/airflow/dags/try.py for tasks to queue
[2025-09-01T05:05:23.250+0000] {logging_mixin.py:188} INFO - [2025-09-01T05:05:23.249+0000] {dagbag.py:538} INFO - Filling up the DagBag from /opt/airflow/dags/try.py
[2025-09-01T05:05:23.313+0000] {processor.py:840} INFO - DAG(s) 'ml_pipeline_orchestration2' retrieved from /opt/airflow/dags/try.py
[2025-09-01T05:05:23.342+0000] {logging_mixin.py:188} INFO - [2025-09-01T05:05:23.342+0000] {dag.py:3036} INFO - Sync 1 DAGs
[2025-09-01T05:05:23.375+0000] {logging_mixin.py:188} INFO - [2025-09-01T05:05:23.375+0000] {dag.py:3823} INFO - Setting next_dagrun for ml_pipeline_orchestration2 to 2025-09-01 00:00:00+00:00, run_after=2025-09-02 00:00:00+00:00
[2025-09-01T05:05:23.548+0000] {processor.py:183} INFO - Processing /opt/airflow/dags/try.py took 0.308 seconds
[2025-09-01T05:05:54.004+0000] {processor.py:161} INFO - Started process (PID=972) to work on /opt/airflow/dags/try.py
[2025-09-01T05:05:54.006+0000] {processor.py:830} INFO - Processing file /opt/airflow/dags/try.py for tasks to queue
[2025-09-01T05:05:54.008+0000] {logging_mixin.py:188} INFO - [2025-09-01T05:05:54.008+0000] {dagbag.py:538} INFO - Filling up the DagBag from /opt/airflow/dags/try.py
[2025-09-01T05:05:54.073+0000] {processor.py:840} INFO - DAG(s) 'ml_pipeline_orchestration2' retrieved from /opt/airflow/dags/try.py
[2025-09-01T05:05:54.102+0000] {logging_mixin.py:188} INFO - [2025-09-01T05:05:54.102+0000] {dag.py:3036} INFO - Sync 1 DAGs
[2025-09-01T05:05:54.138+0000] {logging_mixin.py:188} INFO - [2025-09-01T05:05:54.137+0000] {dag.py:3823} INFO - Setting next_dagrun for ml_pipeline_orchestration2 to 2025-09-01 00:00:00+00:00, run_after=2025-09-02 00:00:00+00:00
[2025-09-01T05:05:54.328+0000] {processor.py:183} INFO - Processing /opt/airflow/dags/try.py took 0.330 seconds
[2025-09-01T05:06:24.813+0000] {processor.py:161} INFO - Started process (PID=987) to work on /opt/airflow/dags/try.py
[2025-09-01T05:06:24.815+0000] {processor.py:830} INFO - Processing file /opt/airflow/dags/try.py for tasks to queue
[2025-09-01T05:06:24.817+0000] {logging_mixin.py:188} INFO - [2025-09-01T05:06:24.817+0000] {dagbag.py:538} INFO - Filling up the DagBag from /opt/airflow/dags/try.py
[2025-09-01T05:06:24.882+0000] {processor.py:840} INFO - DAG(s) 'ml_pipeline_orchestration2' retrieved from /opt/airflow/dags/try.py
[2025-09-01T05:06:24.912+0000] {logging_mixin.py:188} INFO - [2025-09-01T05:06:24.912+0000] {dag.py:3036} INFO - Sync 1 DAGs
[2025-09-01T05:06:24.945+0000] {logging_mixin.py:188} INFO - [2025-09-01T05:06:24.945+0000] {dag.py:3823} INFO - Setting next_dagrun for ml_pipeline_orchestration2 to 2025-09-01 00:00:00+00:00, run_after=2025-09-02 00:00:00+00:00
[2025-09-01T05:06:25.027+0000] {processor.py:183} INFO - Processing /opt/airflow/dags/try.py took 0.220 seconds
[2025-09-01T05:06:55.579+0000] {processor.py:161} INFO - Started process (PID=1002) to work on /opt/airflow/dags/try.py
[2025-09-01T05:06:55.581+0000] {processor.py:830} INFO - Processing file /opt/airflow/dags/try.py for tasks to queue
[2025-09-01T05:06:55.583+0000] {logging_mixin.py:188} INFO - [2025-09-01T05:06:55.582+0000] {dagbag.py:538} INFO - Filling up the DagBag from /opt/airflow/dags/try.py
[2025-09-01T05:06:55.651+0000] {processor.py:840} INFO - DAG(s) 'ml_pipeline_orchestration2' retrieved from /opt/airflow/dags/try.py
[2025-09-01T05:06:55.679+0000] {logging_mixin.py:188} INFO - [2025-09-01T05:06:55.679+0000] {dag.py:3036} INFO - Sync 1 DAGs
[2025-09-01T05:06:55.712+0000] {logging_mixin.py:188} INFO - [2025-09-01T05:06:55.711+0000] {dag.py:3823} INFO - Setting next_dagrun for ml_pipeline_orchestration2 to 2025-09-01 00:00:00+00:00, run_after=2025-09-02 00:00:00+00:00
[2025-09-01T05:06:55.773+0000] {processor.py:183} INFO - Processing /opt/airflow/dags/try.py took 0.200 seconds
[2025-09-01T05:07:26.280+0000] {processor.py:161} INFO - Started process (PID=1017) to work on /opt/airflow/dags/try.py
[2025-09-01T05:07:26.282+0000] {processor.py:830} INFO - Processing file /opt/airflow/dags/try.py for tasks to queue
[2025-09-01T05:07:26.284+0000] {logging_mixin.py:188} INFO - [2025-09-01T05:07:26.283+0000] {dagbag.py:538} INFO - Filling up the DagBag from /opt/airflow/dags/try.py
[2025-09-01T05:07:26.350+0000] {processor.py:840} INFO - DAG(s) 'ml_pipeline_orchestration2' retrieved from /opt/airflow/dags/try.py
[2025-09-01T05:07:26.379+0000] {logging_mixin.py:188} INFO - [2025-09-01T05:07:26.379+0000] {dag.py:3036} INFO - Sync 1 DAGs
[2025-09-01T05:07:26.415+0000] {logging_mixin.py:188} INFO - [2025-09-01T05:07:26.414+0000] {dag.py:3823} INFO - Setting next_dagrun for ml_pipeline_orchestration2 to 2025-09-01 00:00:00+00:00, run_after=2025-09-02 00:00:00+00:00
[2025-09-01T05:07:26.486+0000] {processor.py:183} INFO - Processing /opt/airflow/dags/try.py took 0.213 seconds
[2025-09-01T05:07:57.091+0000] {processor.py:161} INFO - Started process (PID=1032) to work on /opt/airflow/dags/try.py
[2025-09-01T05:07:57.093+0000] {processor.py:830} INFO - Processing file /opt/airflow/dags/try.py for tasks to queue
[2025-09-01T05:07:57.095+0000] {logging_mixin.py:188} INFO - [2025-09-01T05:07:57.094+0000] {dagbag.py:538} INFO - Filling up the DagBag from /opt/airflow/dags/try.py
[2025-09-01T05:07:57.158+0000] {processor.py:840} INFO - DAG(s) 'ml_pipeline_orchestration2' retrieved from /opt/airflow/dags/try.py
[2025-09-01T05:07:57.188+0000] {logging_mixin.py:188} INFO - [2025-09-01T05:07:57.187+0000] {dag.py:3036} INFO - Sync 1 DAGs
[2025-09-01T05:07:57.222+0000] {logging_mixin.py:188} INFO - [2025-09-01T05:07:57.221+0000] {dag.py:3823} INFO - Setting next_dagrun for ml_pipeline_orchestration2 to 2025-09-01 00:00:00+00:00, run_after=2025-09-02 00:00:00+00:00
[2025-09-01T05:07:57.278+0000] {processor.py:183} INFO - Processing /opt/airflow/dags/try.py took 0.194 seconds
[2025-09-01T05:08:27.842+0000] {processor.py:161} INFO - Started process (PID=1047) to work on /opt/airflow/dags/try.py
[2025-09-01T05:08:27.844+0000] {processor.py:830} INFO - Processing file /opt/airflow/dags/try.py for tasks to queue
[2025-09-01T05:08:27.846+0000] {logging_mixin.py:188} INFO - [2025-09-01T05:08:27.846+0000] {dagbag.py:538} INFO - Filling up the DagBag from /opt/airflow/dags/try.py
[2025-09-01T05:08:27.909+0000] {processor.py:840} INFO - DAG(s) 'ml_pipeline_orchestration2' retrieved from /opt/airflow/dags/try.py
[2025-09-01T05:08:27.939+0000] {logging_mixin.py:188} INFO - [2025-09-01T05:08:27.939+0000] {dag.py:3036} INFO - Sync 1 DAGs
[2025-09-01T05:08:27.992+0000] {logging_mixin.py:188} INFO - [2025-09-01T05:08:27.991+0000] {dag.py:3823} INFO - Setting next_dagrun for ml_pipeline_orchestration2 to 2025-09-01 00:00:00+00:00, run_after=2025-09-02 00:00:00+00:00
[2025-09-01T05:08:28.102+0000] {processor.py:183} INFO - Processing /opt/airflow/dags/try.py took 0.248 seconds
[2025-09-01T05:08:58.706+0000] {processor.py:161} INFO - Started process (PID=1062) to work on /opt/airflow/dags/try.py
[2025-09-01T05:08:58.708+0000] {processor.py:830} INFO - Processing file /opt/airflow/dags/try.py for tasks to queue
[2025-09-01T05:08:58.710+0000] {logging_mixin.py:188} INFO - [2025-09-01T05:08:58.710+0000] {dagbag.py:538} INFO - Filling up the DagBag from /opt/airflow/dags/try.py
[2025-09-01T05:08:58.802+0000] {processor.py:840} INFO - DAG(s) 'ml_pipeline_orchestration2' retrieved from /opt/airflow/dags/try.py
[2025-09-01T05:08:58.831+0000] {logging_mixin.py:188} INFO - [2025-09-01T05:08:58.831+0000] {dag.py:3036} INFO - Sync 1 DAGs
[2025-09-01T05:08:58.863+0000] {logging_mixin.py:188} INFO - [2025-09-01T05:08:58.863+0000] {dag.py:3823} INFO - Setting next_dagrun for ml_pipeline_orchestration2 to 2025-09-01 00:00:00+00:00, run_after=2025-09-02 00:00:00+00:00
[2025-09-01T05:08:58.955+0000] {processor.py:183} INFO - Processing /opt/airflow/dags/try.py took 0.255 seconds
[2025-09-01T05:09:29.847+0000] {processor.py:161} INFO - Started process (PID=1077) to work on /opt/airflow/dags/try.py
[2025-09-01T05:09:29.848+0000] {processor.py:830} INFO - Processing file /opt/airflow/dags/try.py for tasks to queue
[2025-09-01T05:09:29.850+0000] {logging_mixin.py:188} INFO - [2025-09-01T05:09:29.850+0000] {dagbag.py:538} INFO - Filling up the DagBag from /opt/airflow/dags/try.py
[2025-09-01T05:09:29.916+0000] {processor.py:840} INFO - DAG(s) 'ml_pipeline_orchestration2' retrieved from /opt/airflow/dags/try.py
[2025-09-01T05:09:29.949+0000] {logging_mixin.py:188} INFO - [2025-09-01T05:09:29.949+0000] {dag.py:3036} INFO - Sync 1 DAGs
[2025-09-01T05:09:29.988+0000] {logging_mixin.py:188} INFO - [2025-09-01T05:09:29.988+0000] {dag.py:3823} INFO - Setting next_dagrun for ml_pipeline_orchestration2 to 2025-09-01 00:00:00+00:00, run_after=2025-09-02 00:00:00+00:00
[2025-09-01T05:09:30.068+0000] {processor.py:183} INFO - Processing /opt/airflow/dags/try.py took 0.227 seconds
[2025-09-01T05:10:00.823+0000] {processor.py:161} INFO - Started process (PID=1092) to work on /opt/airflow/dags/try.py
[2025-09-01T05:10:00.825+0000] {processor.py:830} INFO - Processing file /opt/airflow/dags/try.py for tasks to queue
[2025-09-01T05:10:00.827+0000] {logging_mixin.py:188} INFO - [2025-09-01T05:10:00.826+0000] {dagbag.py:538} INFO - Filling up the DagBag from /opt/airflow/dags/try.py
[2025-09-01T05:10:02.992+0000] {processor.py:840} INFO - DAG(s) 'ml_pipeline_orchestration2' retrieved from /opt/airflow/dags/try.py
[2025-09-01T05:10:03.038+0000] {logging_mixin.py:188} INFO - [2025-09-01T05:10:03.038+0000] {dag.py:3036} INFO - Sync 1 DAGs
[2025-09-01T05:10:03.289+0000] {logging_mixin.py:188} INFO - [2025-09-01T05:10:03.289+0000] {dag.py:3823} INFO - Setting next_dagrun for ml_pipeline_orchestration2 to 2025-09-01 00:00:00+00:00, run_after=2025-09-02 00:00:00+00:00
[2025-09-01T05:10:03.567+0000] {processor.py:183} INFO - Processing /opt/airflow/dags/try.py took 2.749 seconds
[2025-09-01T05:10:34.289+0000] {processor.py:161} INFO - Started process (PID=1110) to work on /opt/airflow/dags/try.py
[2025-09-01T05:10:34.296+0000] {processor.py:830} INFO - Processing file /opt/airflow/dags/try.py for tasks to queue
[2025-09-01T05:10:34.301+0000] {logging_mixin.py:188} INFO - [2025-09-01T05:10:34.300+0000] {dagbag.py:538} INFO - Filling up the DagBag from /opt/airflow/dags/try.py
[2025-09-01T05:10:34.565+0000] {processor.py:840} INFO - DAG(s) 'ml_pipeline_orchestration2' retrieved from /opt/airflow/dags/try.py
[2025-09-01T05:10:34.622+0000] {logging_mixin.py:188} INFO - [2025-09-01T05:10:34.622+0000] {dag.py:3036} INFO - Sync 1 DAGs
[2025-09-01T05:10:34.665+0000] {logging_mixin.py:188} INFO - [2025-09-01T05:10:34.664+0000] {dag.py:3823} INFO - Setting next_dagrun for ml_pipeline_orchestration2 to 2025-09-01 00:00:00+00:00, run_after=2025-09-02 00:00:00+00:00
[2025-09-01T05:10:35.722+0000] {processor.py:183} INFO - Processing /opt/airflow/dags/try.py took 1.446 seconds
[2025-09-01T05:11:06.237+0000] {processor.py:161} INFO - Started process (PID=1127) to work on /opt/airflow/dags/try.py
[2025-09-01T05:11:06.239+0000] {processor.py:830} INFO - Processing file /opt/airflow/dags/try.py for tasks to queue
[2025-09-01T05:11:06.241+0000] {logging_mixin.py:188} INFO - [2025-09-01T05:11:06.240+0000] {dagbag.py:538} INFO - Filling up the DagBag from /opt/airflow/dags/try.py
[2025-09-01T05:11:06.313+0000] {processor.py:840} INFO - DAG(s) 'ml_pipeline_orchestration2' retrieved from /opt/airflow/dags/try.py
[2025-09-01T05:11:06.351+0000] {logging_mixin.py:188} INFO - [2025-09-01T05:11:06.351+0000] {dag.py:3036} INFO - Sync 1 DAGs
[2025-09-01T05:11:06.388+0000] {logging_mixin.py:188} INFO - [2025-09-01T05:11:06.388+0000] {dag.py:3823} INFO - Setting next_dagrun for ml_pipeline_orchestration2 to 2025-09-01 00:00:00+00:00, run_after=2025-09-02 00:00:00+00:00
[2025-09-01T05:11:06.947+0000] {processor.py:183} INFO - Processing /opt/airflow/dags/try.py took 0.717 seconds
[2025-09-01T05:11:37.439+0000] {processor.py:161} INFO - Started process (PID=1142) to work on /opt/airflow/dags/try.py
[2025-09-01T05:11:37.441+0000] {processor.py:830} INFO - Processing file /opt/airflow/dags/try.py for tasks to queue
[2025-09-01T05:11:37.443+0000] {logging_mixin.py:188} INFO - [2025-09-01T05:11:37.443+0000] {dagbag.py:538} INFO - Filling up the DagBag from /opt/airflow/dags/try.py
[2025-09-01T05:11:37.522+0000] {processor.py:840} INFO - DAG(s) 'ml_pipeline_orchestration2' retrieved from /opt/airflow/dags/try.py
[2025-09-01T05:11:37.556+0000] {logging_mixin.py:188} INFO - [2025-09-01T05:11:37.555+0000] {dag.py:3036} INFO - Sync 1 DAGs
[2025-09-01T05:11:37.595+0000] {logging_mixin.py:188} INFO - [2025-09-01T05:11:37.595+0000] {dag.py:3823} INFO - Setting next_dagrun for ml_pipeline_orchestration2 to 2025-09-01 00:00:00+00:00, run_after=2025-09-02 00:00:00+00:00
[2025-09-01T05:11:37.716+0000] {processor.py:183} INFO - Processing /opt/airflow/dags/try.py took 0.283 seconds
[2025-09-01T05:12:08.048+0000] {processor.py:161} INFO - Started process (PID=1157) to work on /opt/airflow/dags/try.py
[2025-09-01T05:12:08.050+0000] {processor.py:830} INFO - Processing file /opt/airflow/dags/try.py for tasks to queue
[2025-09-01T05:12:08.052+0000] {logging_mixin.py:188} INFO - [2025-09-01T05:12:08.052+0000] {dagbag.py:538} INFO - Filling up the DagBag from /opt/airflow/dags/try.py
[2025-09-01T05:12:08.119+0000] {processor.py:840} INFO - DAG(s) 'ml_pipeline_orchestration2' retrieved from /opt/airflow/dags/try.py
[2025-09-01T05:12:08.147+0000] {logging_mixin.py:188} INFO - [2025-09-01T05:12:08.147+0000] {dag.py:3036} INFO - Sync 1 DAGs
[2025-09-01T05:12:08.181+0000] {logging_mixin.py:188} INFO - [2025-09-01T05:12:08.181+0000] {dag.py:3823} INFO - Setting next_dagrun for ml_pipeline_orchestration2 to 2025-09-01 00:00:00+00:00, run_after=2025-09-02 00:00:00+00:00
[2025-09-01T05:12:08.270+0000] {processor.py:183} INFO - Processing /opt/airflow/dags/try.py took 0.228 seconds
[2025-09-01T05:12:38.457+0000] {processor.py:161} INFO - Started process (PID=1172) to work on /opt/airflow/dags/try.py
[2025-09-01T05:12:38.459+0000] {processor.py:830} INFO - Processing file /opt/airflow/dags/try.py for tasks to queue
[2025-09-01T05:12:38.461+0000] {logging_mixin.py:188} INFO - [2025-09-01T05:12:38.460+0000] {dagbag.py:538} INFO - Filling up the DagBag from /opt/airflow/dags/try.py
[2025-09-01T05:12:38.535+0000] {processor.py:840} INFO - DAG(s) 'ml_pipeline_orchestration2' retrieved from /opt/airflow/dags/try.py
[2025-09-01T05:12:38.567+0000] {logging_mixin.py:188} INFO - [2025-09-01T05:12:38.567+0000] {dag.py:3036} INFO - Sync 1 DAGs
[2025-09-01T05:12:38.608+0000] {logging_mixin.py:188} INFO - [2025-09-01T05:12:38.608+0000] {dag.py:3823} INFO - Setting next_dagrun for ml_pipeline_orchestration2 to 2025-09-01 00:00:00+00:00, run_after=2025-09-02 00:00:00+00:00
[2025-09-01T05:12:38.698+0000] {processor.py:183} INFO - Processing /opt/airflow/dags/try.py took 0.247 seconds
[2025-09-01T05:12:45.732+0000] {processor.py:161} INFO - Started process (PID=1177) to work on /opt/airflow/dags/try.py
[2025-09-01T05:12:45.734+0000] {processor.py:830} INFO - Processing file /opt/airflow/dags/try.py for tasks to queue
[2025-09-01T05:12:45.736+0000] {logging_mixin.py:188} INFO - [2025-09-01T05:12:45.736+0000] {dagbag.py:538} INFO - Filling up the DagBag from /opt/airflow/dags/try.py
[2025-09-01T05:12:45.970+0000] {logging_mixin.py:188} INFO - [2025-09-01T05:12:45.843+0000] {dagbag.py:348} ERROR - Failed to import: /opt/airflow/dags/try.py
Traceback (most recent call last):
  File "/home/airflow/.local/lib/python3.8/site-packages/airflow/models/dagbag.py", line 344, in parse
    loader.exec_module(new_module)
  File "<frozen importlib._bootstrap_external>", line 843, in exec_module
  File "<frozen importlib._bootstrap>", line 219, in _call_with_frames_removed
  File "/opt/airflow/dags/try.py", line 49, in <module>
    train_model = DockerOperator(
  File "/home/airflow/.local/lib/python3.8/site-packages/airflow/models/baseoperator.py", line 437, in apply_defaults
    result = func(self, **kwargs, default_args=default_args)
  File "/home/airflow/.local/lib/python3.8/site-packages/airflow/providers/docker/operators/docker.py", line 265, in __init__
    super().__init__(**kwargs)
  File "/home/airflow/.local/lib/python3.8/site-packages/airflow/models/baseoperator.py", line 437, in apply_defaults
    result = func(self, **kwargs, default_args=default_args)
  File "/home/airflow/.local/lib/python3.8/site-packages/airflow/models/baseoperator.py", line 793, in __init__
    raise AirflowException(
airflow.exceptions.AirflowException: Invalid arguments were passed to DockerOperator (task_id: train_model). Invalid arguments were:
**kwargs: {'binds': {'/shared_data/data': {'bind': '/app/data', 'mode': 'rw'}, '/shared_data/Models': {'bind': '/app/Models', 'mode': 'rw'}, '/shared_data/metrics': {'bind': '/app/metrics', 'mode': 'rw'}, '/shared_data/src': {'bind': '/app/src', 'mode': 'ro'}}}
[2025-09-01T05:12:45.971+0000] {processor.py:842} WARNING - No viable dags retrieved from /opt/airflow/dags/try.py
[2025-09-01T05:12:46.237+0000] {processor.py:183} INFO - Processing /opt/airflow/dags/try.py took 0.512 seconds
[2025-09-01T05:13:16.845+0000] {processor.py:161} INFO - Started process (PID=1192) to work on /opt/airflow/dags/try.py
[2025-09-01T05:13:16.847+0000] {processor.py:830} INFO - Processing file /opt/airflow/dags/try.py for tasks to queue
[2025-09-01T05:13:16.849+0000] {logging_mixin.py:188} INFO - [2025-09-01T05:13:16.848+0000] {dagbag.py:538} INFO - Filling up the DagBag from /opt/airflow/dags/try.py
[2025-09-01T05:13:16.914+0000] {logging_mixin.py:188} INFO - [2025-09-01T05:13:16.907+0000] {dagbag.py:348} ERROR - Failed to import: /opt/airflow/dags/try.py
Traceback (most recent call last):
  File "/home/airflow/.local/lib/python3.8/site-packages/airflow/models/dagbag.py", line 344, in parse
    loader.exec_module(new_module)
  File "<frozen importlib._bootstrap_external>", line 843, in exec_module
  File "<frozen importlib._bootstrap>", line 219, in _call_with_frames_removed
  File "/opt/airflow/dags/try.py", line 49, in <module>
    train_model = DockerOperator(
  File "/home/airflow/.local/lib/python3.8/site-packages/airflow/models/baseoperator.py", line 437, in apply_defaults
    result = func(self, **kwargs, default_args=default_args)
  File "/home/airflow/.local/lib/python3.8/site-packages/airflow/providers/docker/operators/docker.py", line 265, in __init__
    super().__init__(**kwargs)
  File "/home/airflow/.local/lib/python3.8/site-packages/airflow/models/baseoperator.py", line 437, in apply_defaults
    result = func(self, **kwargs, default_args=default_args)
  File "/home/airflow/.local/lib/python3.8/site-packages/airflow/models/baseoperator.py", line 793, in __init__
    raise AirflowException(
airflow.exceptions.AirflowException: Invalid arguments were passed to DockerOperator (task_id: train_model). Invalid arguments were:
**kwargs: {'binds': {'/shared_data/data': {'bind': '/app/data', 'mode': 'rw'}, '/shared_data/Models': {'bind': '/app/Models', 'mode': 'rw'}, '/shared_data/metrics': {'bind': '/app/metrics', 'mode': 'rw'}, '/shared_data/src': {'bind': '/app/src', 'mode': 'ro'}}}
[2025-09-01T05:13:16.915+0000] {processor.py:842} WARNING - No viable dags retrieved from /opt/airflow/dags/try.py
[2025-09-01T05:13:17.078+0000] {processor.py:183} INFO - Processing /opt/airflow/dags/try.py took 0.240 seconds
[2025-09-01T05:13:47.570+0000] {processor.py:161} INFO - Started process (PID=1207) to work on /opt/airflow/dags/try.py
[2025-09-01T05:13:47.572+0000] {processor.py:830} INFO - Processing file /opt/airflow/dags/try.py for tasks to queue
[2025-09-01T05:13:47.573+0000] {logging_mixin.py:188} INFO - [2025-09-01T05:13:47.573+0000] {dagbag.py:538} INFO - Filling up the DagBag from /opt/airflow/dags/try.py
[2025-09-01T05:13:47.638+0000] {logging_mixin.py:188} INFO - [2025-09-01T05:13:47.629+0000] {dagbag.py:348} ERROR - Failed to import: /opt/airflow/dags/try.py
Traceback (most recent call last):
  File "/home/airflow/.local/lib/python3.8/site-packages/airflow/models/dagbag.py", line 344, in parse
    loader.exec_module(new_module)
  File "<frozen importlib._bootstrap_external>", line 843, in exec_module
  File "<frozen importlib._bootstrap>", line 219, in _call_with_frames_removed
  File "/opt/airflow/dags/try.py", line 49, in <module>
    train_model = DockerOperator(
  File "/home/airflow/.local/lib/python3.8/site-packages/airflow/models/baseoperator.py", line 437, in apply_defaults
    result = func(self, **kwargs, default_args=default_args)
  File "/home/airflow/.local/lib/python3.8/site-packages/airflow/providers/docker/operators/docker.py", line 265, in __init__
    super().__init__(**kwargs)
  File "/home/airflow/.local/lib/python3.8/site-packages/airflow/models/baseoperator.py", line 437, in apply_defaults
    result = func(self, **kwargs, default_args=default_args)
  File "/home/airflow/.local/lib/python3.8/site-packages/airflow/models/baseoperator.py", line 793, in __init__
    raise AirflowException(
airflow.exceptions.AirflowException: Invalid arguments were passed to DockerOperator (task_id: train_model). Invalid arguments were:
**kwargs: {'binds': {'/shared_data/data': {'bind': '/app/data', 'mode': 'rw'}, '/shared_data/Models': {'bind': '/app/Models', 'mode': 'rw'}, '/shared_data/metrics': {'bind': '/app/metrics', 'mode': 'rw'}, '/shared_data/src': {'bind': '/app/src', 'mode': 'ro'}}}
[2025-09-01T05:13:47.639+0000] {processor.py:842} WARNING - No viable dags retrieved from /opt/airflow/dags/try.py
[2025-09-01T05:13:47.693+0000] {processor.py:183} INFO - Processing /opt/airflow/dags/try.py took 0.130 seconds
[2025-09-01T05:13:51.797+0000] {processor.py:161} INFO - Started process (PID=1217) to work on /opt/airflow/dags/try.py
[2025-09-01T05:13:51.799+0000] {processor.py:830} INFO - Processing file /opt/airflow/dags/try.py for tasks to queue
[2025-09-01T05:13:51.801+0000] {logging_mixin.py:188} INFO - [2025-09-01T05:13:51.800+0000] {dagbag.py:538} INFO - Filling up the DagBag from /opt/airflow/dags/try.py
[2025-09-01T05:13:51.875+0000] {processor.py:840} INFO - DAG(s) 'ml_pipeline_orchestration2' retrieved from /opt/airflow/dags/try.py
[2025-09-01T05:13:51.907+0000] {logging_mixin.py:188} INFO - [2025-09-01T05:13:51.907+0000] {dag.py:3036} INFO - Sync 1 DAGs
[2025-09-01T05:13:51.944+0000] {logging_mixin.py:188} INFO - [2025-09-01T05:13:51.943+0000] {dag.py:3823} INFO - Setting next_dagrun for ml_pipeline_orchestration2 to 2025-09-01 00:00:00+00:00, run_after=2025-09-02 00:00:00+00:00
[2025-09-01T05:13:52.125+0000] {processor.py:183} INFO - Processing /opt/airflow/dags/try.py took 0.335 seconds
[2025-09-01T05:14:22.313+0000] {processor.py:161} INFO - Started process (PID=1232) to work on /opt/airflow/dags/try.py
[2025-09-01T05:14:22.315+0000] {processor.py:830} INFO - Processing file /opt/airflow/dags/try.py for tasks to queue
[2025-09-01T05:14:22.317+0000] {logging_mixin.py:188} INFO - [2025-09-01T05:14:22.317+0000] {dagbag.py:538} INFO - Filling up the DagBag from /opt/airflow/dags/try.py
[2025-09-01T05:14:22.381+0000] {processor.py:840} INFO - DAG(s) 'ml_pipeline_orchestration2' retrieved from /opt/airflow/dags/try.py
[2025-09-01T05:14:22.410+0000] {logging_mixin.py:188} INFO - [2025-09-01T05:14:22.410+0000] {dag.py:3036} INFO - Sync 1 DAGs
[2025-09-01T05:14:22.445+0000] {logging_mixin.py:188} INFO - [2025-09-01T05:14:22.445+0000] {dag.py:3823} INFO - Setting next_dagrun for ml_pipeline_orchestration2 to 2025-09-01 00:00:00+00:00, run_after=2025-09-02 00:00:00+00:00
[2025-09-01T05:14:22.516+0000] {processor.py:183} INFO - Processing /opt/airflow/dags/try.py took 0.208 seconds
[2025-09-01T05:14:53.465+0000] {processor.py:161} INFO - Started process (PID=1247) to work on /opt/airflow/dags/try.py
[2025-09-01T05:14:53.467+0000] {processor.py:830} INFO - Processing file /opt/airflow/dags/try.py for tasks to queue
[2025-09-01T05:14:53.470+0000] {logging_mixin.py:188} INFO - [2025-09-01T05:14:53.469+0000] {dagbag.py:538} INFO - Filling up the DagBag from /opt/airflow/dags/try.py
[2025-09-01T05:14:53.606+0000] {processor.py:840} INFO - DAG(s) 'ml_pipeline_orchestration2' retrieved from /opt/airflow/dags/try.py
[2025-09-01T05:14:53.655+0000] {logging_mixin.py:188} INFO - [2025-09-01T05:14:53.655+0000] {dag.py:3036} INFO - Sync 1 DAGs
[2025-09-01T05:14:53.721+0000] {logging_mixin.py:188} INFO - [2025-09-01T05:14:53.721+0000] {dag.py:3823} INFO - Setting next_dagrun for ml_pipeline_orchestration2 to 2025-09-01 00:00:00+00:00, run_after=2025-09-02 00:00:00+00:00
[2025-09-01T05:14:53.813+0000] {processor.py:183} INFO - Processing /opt/airflow/dags/try.py took 0.353 seconds
[2025-09-01T05:15:24.212+0000] {processor.py:161} INFO - Started process (PID=1262) to work on /opt/airflow/dags/try.py
[2025-09-01T05:15:24.214+0000] {processor.py:830} INFO - Processing file /opt/airflow/dags/try.py for tasks to queue
[2025-09-01T05:15:24.216+0000] {logging_mixin.py:188} INFO - [2025-09-01T05:15:24.216+0000] {dagbag.py:538} INFO - Filling up the DagBag from /opt/airflow/dags/try.py
[2025-09-01T05:15:24.295+0000] {processor.py:840} INFO - DAG(s) 'ml_pipeline_orchestration2' retrieved from /opt/airflow/dags/try.py
[2025-09-01T05:15:24.338+0000] {logging_mixin.py:188} INFO - [2025-09-01T05:15:24.338+0000] {dag.py:3036} INFO - Sync 1 DAGs
[2025-09-01T05:15:24.373+0000] {logging_mixin.py:188} INFO - [2025-09-01T05:15:24.373+0000] {dag.py:3823} INFO - Setting next_dagrun for ml_pipeline_orchestration2 to 2025-09-01 00:00:00+00:00, run_after=2025-09-02 00:00:00+00:00
[2025-09-01T05:15:24.555+0000] {processor.py:183} INFO - Processing /opt/airflow/dags/try.py took 0.350 seconds
[2025-09-01T08:16:57.820+0000] {processor.py:161} INFO - Started process (PID=167) to work on /opt/airflow/dags/try.py
[2025-09-01T08:16:58.202+0000] {processor.py:830} INFO - Processing file /opt/airflow/dags/try.py for tasks to queue
[2025-09-01T08:16:58.209+0000] {logging_mixin.py:188} INFO - [2025-09-01T08:16:58.208+0000] {dagbag.py:538} INFO - Filling up the DagBag from /opt/airflow/dags/try.py
[2025-09-01T08:16:58.567+0000] {processor.py:840} INFO - DAG(s) 'ml_pipeline_orchestration2' retrieved from /opt/airflow/dags/try.py
[2025-09-01T08:16:58.634+0000] {logging_mixin.py:188} INFO - [2025-09-01T08:16:58.633+0000] {dag.py:3036} INFO - Sync 1 DAGs
[2025-09-01T08:16:58.737+0000] {logging_mixin.py:188} INFO - [2025-09-01T08:16:58.736+0000] {dag.py:3823} INFO - Setting next_dagrun for ml_pipeline_orchestration2 to 2025-09-01 00:00:00+00:00, run_after=2025-09-02 00:00:00+00:00
[2025-09-01T08:16:59.253+0000] {processor.py:183} INFO - Processing /opt/airflow/dags/try.py took 1.447 seconds
[2025-09-01T08:17:30.348+0000] {processor.py:161} INFO - Started process (PID=182) to work on /opt/airflow/dags/try.py
[2025-09-01T08:17:30.352+0000] {processor.py:830} INFO - Processing file /opt/airflow/dags/try.py for tasks to queue
[2025-09-01T08:17:30.355+0000] {logging_mixin.py:188} INFO - [2025-09-01T08:17:30.354+0000] {dagbag.py:538} INFO - Filling up the DagBag from /opt/airflow/dags/try.py
[2025-09-01T08:17:30.871+0000] {processor.py:840} INFO - DAG(s) 'ml_pipeline_orchestration2' retrieved from /opt/airflow/dags/try.py
[2025-09-01T08:17:33.175+0000] {logging_mixin.py:188} INFO - [2025-09-01T08:17:33.175+0000] {dag.py:3036} INFO - Sync 1 DAGs
[2025-09-01T08:17:33.230+0000] {logging_mixin.py:188} INFO - [2025-09-01T08:17:33.230+0000] {dag.py:3823} INFO - Setting next_dagrun for ml_pipeline_orchestration2 to 2025-09-01 00:00:00+00:00, run_after=2025-09-02 00:00:00+00:00
[2025-09-01T08:17:33.744+0000] {processor.py:183} INFO - Processing /opt/airflow/dags/try.py took 3.407 seconds
[2025-09-01T08:18:04.958+0000] {processor.py:161} INFO - Started process (PID=197) to work on /opt/airflow/dags/try.py
[2025-09-01T08:18:04.962+0000] {processor.py:830} INFO - Processing file /opt/airflow/dags/try.py for tasks to queue
[2025-09-01T08:18:04.965+0000] {logging_mixin.py:188} INFO - [2025-09-01T08:18:04.964+0000] {dagbag.py:538} INFO - Filling up the DagBag from /opt/airflow/dags/try.py
[2025-09-01T08:18:05.086+0000] {processor.py:840} INFO - DAG(s) 'ml_pipeline_orchestration2' retrieved from /opt/airflow/dags/try.py
[2025-09-01T08:18:05.132+0000] {logging_mixin.py:188} INFO - [2025-09-01T08:18:05.132+0000] {dag.py:3036} INFO - Sync 1 DAGs
[2025-09-01T08:18:05.236+0000] {logging_mixin.py:188} INFO - [2025-09-01T08:18:05.235+0000] {dag.py:3823} INFO - Setting next_dagrun for ml_pipeline_orchestration2 to 2025-09-01 00:00:00+00:00, run_after=2025-09-02 00:00:00+00:00
[2025-09-01T08:18:05.647+0000] {processor.py:183} INFO - Processing /opt/airflow/dags/try.py took 0.701 seconds
[2025-09-01T08:18:35.897+0000] {processor.py:161} INFO - Started process (PID=212) to work on /opt/airflow/dags/try.py
[2025-09-01T08:18:35.903+0000] {processor.py:830} INFO - Processing file /opt/airflow/dags/try.py for tasks to queue
[2025-09-01T08:18:35.906+0000] {logging_mixin.py:188} INFO - [2025-09-01T08:18:35.905+0000] {dagbag.py:538} INFO - Filling up the DagBag from /opt/airflow/dags/try.py
[2025-09-01T08:18:36.251+0000] {processor.py:840} INFO - DAG(s) 'ml_pipeline_orchestration2' retrieved from /opt/airflow/dags/try.py
[2025-09-01T08:18:36.350+0000] {logging_mixin.py:188} INFO - [2025-09-01T08:18:36.349+0000] {dag.py:3036} INFO - Sync 1 DAGs
[2025-09-01T08:18:36.412+0000] {logging_mixin.py:188} INFO - [2025-09-01T08:18:36.412+0000] {dag.py:3823} INFO - Setting next_dagrun for ml_pipeline_orchestration2 to 2025-09-01 00:00:00+00:00, run_after=2025-09-02 00:00:00+00:00
[2025-09-01T08:18:36.522+0000] {processor.py:183} INFO - Processing /opt/airflow/dags/try.py took 0.642 seconds
[2025-09-01T08:19:07.651+0000] {processor.py:161} INFO - Started process (PID=227) to work on /opt/airflow/dags/try.py
[2025-09-01T08:19:07.656+0000] {processor.py:830} INFO - Processing file /opt/airflow/dags/try.py for tasks to queue
[2025-09-01T08:19:07.659+0000] {logging_mixin.py:188} INFO - [2025-09-01T08:19:07.658+0000] {dagbag.py:538} INFO - Filling up the DagBag from /opt/airflow/dags/try.py
[2025-09-01T08:19:07.765+0000] {processor.py:840} INFO - DAG(s) 'ml_pipeline_orchestration2' retrieved from /opt/airflow/dags/try.py
[2025-09-01T08:19:07.890+0000] {logging_mixin.py:188} INFO - [2025-09-01T08:19:07.890+0000] {dag.py:3036} INFO - Sync 1 DAGs
[2025-09-01T08:19:08.087+0000] {logging_mixin.py:188} INFO - [2025-09-01T08:19:08.086+0000] {dag.py:3823} INFO - Setting next_dagrun for ml_pipeline_orchestration2 to 2025-09-01 00:00:00+00:00, run_after=2025-09-02 00:00:00+00:00
[2025-09-01T08:19:08.612+0000] {processor.py:183} INFO - Processing /opt/airflow/dags/try.py took 0.976 seconds
[2025-09-01T08:19:39.425+0000] {processor.py:161} INFO - Started process (PID=242) to work on /opt/airflow/dags/try.py
[2025-09-01T08:19:39.431+0000] {processor.py:830} INFO - Processing file /opt/airflow/dags/try.py for tasks to queue
[2025-09-01T08:19:39.438+0000] {logging_mixin.py:188} INFO - [2025-09-01T08:19:39.436+0000] {dagbag.py:538} INFO - Filling up the DagBag from /opt/airflow/dags/try.py
[2025-09-01T08:19:39.706+0000] {processor.py:840} INFO - DAG(s) 'ml_pipeline_orchestration2' retrieved from /opt/airflow/dags/try.py
[2025-09-01T08:19:39.761+0000] {logging_mixin.py:188} INFO - [2025-09-01T08:19:39.760+0000] {dag.py:3036} INFO - Sync 1 DAGs
[2025-09-01T08:19:39.817+0000] {logging_mixin.py:188} INFO - [2025-09-01T08:19:39.816+0000] {dag.py:3823} INFO - Setting next_dagrun for ml_pipeline_orchestration2 to 2025-09-01 00:00:00+00:00, run_after=2025-09-02 00:00:00+00:00
[2025-09-01T08:19:40.177+0000] {processor.py:183} INFO - Processing /opt/airflow/dags/try.py took 0.776 seconds
[2025-09-01T08:20:14.363+0000] {processor.py:161} INFO - Started process (PID=257) to work on /opt/airflow/dags/try.py
[2025-09-01T08:20:14.367+0000] {processor.py:830} INFO - Processing file /opt/airflow/dags/try.py for tasks to queue
[2025-09-01T08:20:14.371+0000] {logging_mixin.py:188} INFO - [2025-09-01T08:20:14.369+0000] {dagbag.py:538} INFO - Filling up the DagBag from /opt/airflow/dags/try.py
[2025-09-01T08:20:15.833+0000] {processor.py:840} INFO - DAG(s) 'ml_pipeline_orchestration2' retrieved from /opt/airflow/dags/try.py
[2025-09-01T08:20:15.886+0000] {logging_mixin.py:188} INFO - [2025-09-01T08:20:15.885+0000] {dag.py:3036} INFO - Sync 1 DAGs
[2025-09-01T08:20:15.941+0000] {logging_mixin.py:188} INFO - [2025-09-01T08:20:15.941+0000] {dag.py:3823} INFO - Setting next_dagrun for ml_pipeline_orchestration2 to 2025-09-01 00:00:00+00:00, run_after=2025-09-02 00:00:00+00:00
[2025-09-01T08:20:16.446+0000] {processor.py:183} INFO - Processing /opt/airflow/dags/try.py took 2.091 seconds
[2025-09-01T08:20:46.921+0000] {processor.py:161} INFO - Started process (PID=272) to work on /opt/airflow/dags/try.py
[2025-09-01T08:20:46.925+0000] {processor.py:830} INFO - Processing file /opt/airflow/dags/try.py for tasks to queue
[2025-09-01T08:20:46.928+0000] {logging_mixin.py:188} INFO - [2025-09-01T08:20:46.927+0000] {dagbag.py:538} INFO - Filling up the DagBag from /opt/airflow/dags/try.py
[2025-09-01T08:20:47.028+0000] {processor.py:840} INFO - DAG(s) 'ml_pipeline_orchestration2' retrieved from /opt/airflow/dags/try.py
[2025-09-01T08:20:47.067+0000] {logging_mixin.py:188} INFO - [2025-09-01T08:20:47.066+0000] {dag.py:3036} INFO - Sync 1 DAGs
[2025-09-01T08:20:47.113+0000] {logging_mixin.py:188} INFO - [2025-09-01T08:20:47.113+0000] {dag.py:3823} INFO - Setting next_dagrun for ml_pipeline_orchestration2 to 2025-09-01 00:00:00+00:00, run_after=2025-09-02 00:00:00+00:00
[2025-09-01T08:20:47.272+0000] {processor.py:183} INFO - Processing /opt/airflow/dags/try.py took 0.362 seconds
[2025-09-01T08:21:17.525+0000] {processor.py:161} INFO - Started process (PID=287) to work on /opt/airflow/dags/try.py
[2025-09-01T08:21:17.530+0000] {processor.py:830} INFO - Processing file /opt/airflow/dags/try.py for tasks to queue
[2025-09-01T08:21:17.536+0000] {logging_mixin.py:188} INFO - [2025-09-01T08:21:17.534+0000] {dagbag.py:538} INFO - Filling up the DagBag from /opt/airflow/dags/try.py
[2025-09-01T08:21:17.754+0000] {processor.py:840} INFO - DAG(s) 'ml_pipeline_orchestration2' retrieved from /opt/airflow/dags/try.py
[2025-09-01T08:21:17.770+0000] {logging_mixin.py:188} INFO - [2025-09-01T08:21:17.770+0000] {dag.py:3036} INFO - Sync 1 DAGs
[2025-09-01T08:21:17.845+0000] {logging_mixin.py:188} INFO - [2025-09-01T08:21:17.844+0000] {dag.py:3823} INFO - Setting next_dagrun for ml_pipeline_orchestration2 to 2025-09-01 00:00:00+00:00, run_after=2025-09-02 00:00:00+00:00
[2025-09-01T08:21:17.990+0000] {processor.py:183} INFO - Processing /opt/airflow/dags/try.py took 0.485 seconds
[2025-09-01T08:21:48.694+0000] {processor.py:161} INFO - Started process (PID=302) to work on /opt/airflow/dags/try.py
[2025-09-01T08:21:48.698+0000] {processor.py:830} INFO - Processing file /opt/airflow/dags/try.py for tasks to queue
[2025-09-01T08:21:48.703+0000] {logging_mixin.py:188} INFO - [2025-09-01T08:21:48.701+0000] {dagbag.py:538} INFO - Filling up the DagBag from /opt/airflow/dags/try.py
[2025-09-01T08:21:49.049+0000] {processor.py:840} INFO - DAG(s) 'ml_pipeline_orchestration2' retrieved from /opt/airflow/dags/try.py
[2025-09-01T08:21:49.313+0000] {logging_mixin.py:188} INFO - [2025-09-01T08:21:49.313+0000] {dag.py:3036} INFO - Sync 1 DAGs
[2025-09-01T08:21:49.360+0000] {logging_mixin.py:188} INFO - [2025-09-01T08:21:49.359+0000] {dag.py:3823} INFO - Setting next_dagrun for ml_pipeline_orchestration2 to 2025-09-01 00:00:00+00:00, run_after=2025-09-02 00:00:00+00:00
[2025-09-01T08:21:49.478+0000] {processor.py:183} INFO - Processing /opt/airflow/dags/try.py took 0.794 seconds
[2025-09-01T08:22:19.832+0000] {processor.py:161} INFO - Started process (PID=317) to work on /opt/airflow/dags/try.py
[2025-09-01T08:22:19.834+0000] {processor.py:830} INFO - Processing file /opt/airflow/dags/try.py for tasks to queue
[2025-09-01T08:22:19.837+0000] {logging_mixin.py:188} INFO - [2025-09-01T08:22:19.836+0000] {dagbag.py:538} INFO - Filling up the DagBag from /opt/airflow/dags/try.py
[2025-09-01T08:22:19.933+0000] {processor.py:840} INFO - DAG(s) 'ml_pipeline_orchestration2' retrieved from /opt/airflow/dags/try.py
[2025-09-01T08:22:19.979+0000] {logging_mixin.py:188} INFO - [2025-09-01T08:22:19.978+0000] {dag.py:3036} INFO - Sync 1 DAGs
[2025-09-01T08:22:20.024+0000] {logging_mixin.py:188} INFO - [2025-09-01T08:22:20.023+0000] {dag.py:3823} INFO - Setting next_dagrun for ml_pipeline_orchestration2 to 2025-09-01 00:00:00+00:00, run_after=2025-09-02 00:00:00+00:00
[2025-09-01T08:22:20.118+0000] {processor.py:183} INFO - Processing /opt/airflow/dags/try.py took 0.295 seconds
[2025-09-01T08:22:50.716+0000] {processor.py:161} INFO - Started process (PID=332) to work on /opt/airflow/dags/try.py
[2025-09-01T08:22:50.721+0000] {processor.py:830} INFO - Processing file /opt/airflow/dags/try.py for tasks to queue
[2025-09-01T08:22:50.726+0000] {logging_mixin.py:188} INFO - [2025-09-01T08:22:50.724+0000] {dagbag.py:538} INFO - Filling up the DagBag from /opt/airflow/dags/try.py
[2025-09-01T08:22:51.189+0000] {processor.py:840} INFO - DAG(s) 'ml_pipeline_orchestration2' retrieved from /opt/airflow/dags/try.py
[2025-09-01T08:22:51.242+0000] {logging_mixin.py:188} INFO - [2025-09-01T08:22:51.241+0000] {dag.py:3036} INFO - Sync 1 DAGs
[2025-09-01T08:22:51.288+0000] {logging_mixin.py:188} INFO - [2025-09-01T08:22:51.288+0000] {dag.py:3823} INFO - Setting next_dagrun for ml_pipeline_orchestration2 to 2025-09-01 00:00:00+00:00, run_after=2025-09-02 00:00:00+00:00
[2025-09-01T08:22:51.933+0000] {processor.py:183} INFO - Processing /opt/airflow/dags/try.py took 1.233 seconds
[2025-09-01T08:23:30.960+0000] {processor.py:161} INFO - Started process (PID=347) to work on /opt/airflow/dags/try.py
[2025-09-01T08:23:31.077+0000] {processor.py:830} INFO - Processing file /opt/airflow/dags/try.py for tasks to queue
[2025-09-01T08:23:33.336+0000] {logging_mixin.py:188} INFO - [2025-09-01T08:23:32.254+0000] {dagbag.py:538} INFO - Filling up the DagBag from /opt/airflow/dags/try.py
[2025-09-01T08:23:57.930+0000] {processor.py:840} INFO - DAG(s) 'ml_pipeline_orchestration2' retrieved from /opt/airflow/dags/try.py
[2025-09-01T08:24:02.530+0000] {logging_mixin.py:188} INFO - [2025-09-01T08:24:02.529+0000] {dag.py:3036} INFO - Sync 1 DAGs
[2025-09-01T08:24:05.100+0000] {logging_mixin.py:188} INFO - [2025-09-01T08:24:05.099+0000] {dag.py:3823} INFO - Setting next_dagrun for ml_pipeline_orchestration2 to 2025-09-01 00:00:00+00:00, run_after=2025-09-02 00:00:00+00:00
[2025-09-01T08:24:06.952+0000] {processor.py:183} INFO - Processing /opt/airflow/dags/try.py took 35.629 seconds
[2025-09-01T08:24:38.475+0000] {processor.py:161} INFO - Started process (PID=362) to work on /opt/airflow/dags/try.py
[2025-09-01T08:24:38.479+0000] {processor.py:830} INFO - Processing file /opt/airflow/dags/try.py for tasks to queue
[2025-09-01T08:24:38.482+0000] {logging_mixin.py:188} INFO - [2025-09-01T08:24:38.481+0000] {dagbag.py:538} INFO - Filling up the DagBag from /opt/airflow/dags/try.py
[2025-09-01T08:24:39.613+0000] {processor.py:840} INFO - DAG(s) 'ml_pipeline_orchestration2' retrieved from /opt/airflow/dags/try.py
[2025-09-01T08:24:39.652+0000] {logging_mixin.py:188} INFO - [2025-09-01T08:24:39.651+0000] {dag.py:3036} INFO - Sync 1 DAGs
[2025-09-01T08:24:39.809+0000] {logging_mixin.py:188} INFO - [2025-09-01T08:24:39.809+0000] {dag.py:3823} INFO - Setting next_dagrun for ml_pipeline_orchestration2 to 2025-09-01 00:00:00+00:00, run_after=2025-09-02 00:00:00+00:00
[2025-09-01T08:24:39.946+0000] {processor.py:183} INFO - Processing /opt/airflow/dags/try.py took 1.634 seconds
[2025-09-01T08:25:10.995+0000] {processor.py:161} INFO - Started process (PID=377) to work on /opt/airflow/dags/try.py
[2025-09-01T08:25:10.998+0000] {processor.py:830} INFO - Processing file /opt/airflow/dags/try.py for tasks to queue
[2025-09-01T08:25:11.001+0000] {logging_mixin.py:188} INFO - [2025-09-01T08:25:11.000+0000] {dagbag.py:538} INFO - Filling up the DagBag from /opt/airflow/dags/try.py
[2025-09-01T08:25:11.156+0000] {processor.py:840} INFO - DAG(s) 'ml_pipeline_orchestration2' retrieved from /opt/airflow/dags/try.py
[2025-09-01T08:25:11.202+0000] {logging_mixin.py:188} INFO - [2025-09-01T08:25:11.202+0000] {dag.py:3036} INFO - Sync 1 DAGs
[2025-09-01T08:25:13.969+0000] {logging_mixin.py:188} INFO - [2025-09-01T08:25:13.968+0000] {dag.py:3823} INFO - Setting next_dagrun for ml_pipeline_orchestration2 to 2025-09-01 00:00:00+00:00, run_after=2025-09-02 00:00:00+00:00
[2025-09-01T08:25:15.023+0000] {processor.py:183} INFO - Processing /opt/airflow/dags/try.py took 4.036 seconds
[2025-09-01T08:25:45.935+0000] {processor.py:161} INFO - Started process (PID=392) to work on /opt/airflow/dags/try.py
[2025-09-01T08:25:45.941+0000] {processor.py:830} INFO - Processing file /opt/airflow/dags/try.py for tasks to queue
[2025-09-01T08:25:45.945+0000] {logging_mixin.py:188} INFO - [2025-09-01T08:25:45.944+0000] {dagbag.py:538} INFO - Filling up the DagBag from /opt/airflow/dags/try.py
[2025-09-01T08:25:48.001+0000] {processor.py:840} INFO - DAG(s) 'ml_pipeline_orchestration2' retrieved from /opt/airflow/dags/try.py
[2025-09-01T08:25:48.042+0000] {logging_mixin.py:188} INFO - [2025-09-01T08:25:48.042+0000] {dag.py:3036} INFO - Sync 1 DAGs
[2025-09-01T08:25:48.087+0000] {logging_mixin.py:188} INFO - [2025-09-01T08:25:48.087+0000] {dag.py:3823} INFO - Setting next_dagrun for ml_pipeline_orchestration2 to 2025-09-01 00:00:00+00:00, run_after=2025-09-02 00:00:00+00:00
[2025-09-01T08:25:48.917+0000] {processor.py:183} INFO - Processing /opt/airflow/dags/try.py took 2.998 seconds
[2025-09-01T08:26:19.607+0000] {processor.py:161} INFO - Started process (PID=407) to work on /opt/airflow/dags/try.py
[2025-09-01T08:26:19.609+0000] {processor.py:830} INFO - Processing file /opt/airflow/dags/try.py for tasks to queue
[2025-09-01T08:26:19.612+0000] {logging_mixin.py:188} INFO - [2025-09-01T08:26:19.611+0000] {dagbag.py:538} INFO - Filling up the DagBag from /opt/airflow/dags/try.py
[2025-09-01T08:26:19.713+0000] {processor.py:840} INFO - DAG(s) 'ml_pipeline_orchestration2' retrieved from /opt/airflow/dags/try.py
[2025-09-01T08:26:19.775+0000] {logging_mixin.py:188} INFO - [2025-09-01T08:26:19.774+0000] {dag.py:3036} INFO - Sync 1 DAGs
[2025-09-01T08:26:19.837+0000] {logging_mixin.py:188} INFO - [2025-09-01T08:26:19.836+0000] {dag.py:3823} INFO - Setting next_dagrun for ml_pipeline_orchestration2 to 2025-09-01 00:00:00+00:00, run_after=2025-09-02 00:00:00+00:00
[2025-09-01T08:26:20.142+0000] {processor.py:183} INFO - Processing /opt/airflow/dags/try.py took 0.545 seconds
[2025-09-01T08:26:50.397+0000] {processor.py:161} INFO - Started process (PID=422) to work on /opt/airflow/dags/try.py
[2025-09-01T08:26:50.400+0000] {processor.py:830} INFO - Processing file /opt/airflow/dags/try.py for tasks to queue
[2025-09-01T08:26:50.403+0000] {logging_mixin.py:188} INFO - [2025-09-01T08:26:50.402+0000] {dagbag.py:538} INFO - Filling up the DagBag from /opt/airflow/dags/try.py
[2025-09-01T08:26:50.626+0000] {processor.py:840} INFO - DAG(s) 'ml_pipeline_orchestration2' retrieved from /opt/airflow/dags/try.py
[2025-09-01T08:26:50.669+0000] {logging_mixin.py:188} INFO - [2025-09-01T08:26:50.669+0000] {dag.py:3036} INFO - Sync 1 DAGs
[2025-09-01T08:26:50.715+0000] {logging_mixin.py:188} INFO - [2025-09-01T08:26:50.715+0000] {dag.py:3823} INFO - Setting next_dagrun for ml_pipeline_orchestration2 to 2025-09-01 00:00:00+00:00, run_after=2025-09-02 00:00:00+00:00
[2025-09-01T08:26:50.864+0000] {processor.py:183} INFO - Processing /opt/airflow/dags/try.py took 0.477 seconds
[2025-09-01T08:27:21.731+0000] {processor.py:161} INFO - Started process (PID=437) to work on /opt/airflow/dags/try.py
[2025-09-01T08:27:21.734+0000] {processor.py:830} INFO - Processing file /opt/airflow/dags/try.py for tasks to queue
[2025-09-01T08:27:21.738+0000] {logging_mixin.py:188} INFO - [2025-09-01T08:27:21.737+0000] {dagbag.py:538} INFO - Filling up the DagBag from /opt/airflow/dags/try.py
[2025-09-01T08:27:21.839+0000] {processor.py:840} INFO - DAG(s) 'ml_pipeline_orchestration2' retrieved from /opt/airflow/dags/try.py
[2025-09-01T08:27:21.910+0000] {logging_mixin.py:188} INFO - [2025-09-01T08:27:21.910+0000] {dag.py:3036} INFO - Sync 1 DAGs
[2025-09-01T08:27:21.964+0000] {logging_mixin.py:188} INFO - [2025-09-01T08:27:21.964+0000] {dag.py:3823} INFO - Setting next_dagrun for ml_pipeline_orchestration2 to 2025-09-01 00:00:00+00:00, run_after=2025-09-02 00:00:00+00:00
[2025-09-01T08:27:22.119+0000] {processor.py:183} INFO - Processing /opt/airflow/dags/try.py took 0.402 seconds
[2025-09-01T08:27:52.756+0000] {processor.py:161} INFO - Started process (PID=452) to work on /opt/airflow/dags/try.py
[2025-09-01T08:27:52.759+0000] {processor.py:830} INFO - Processing file /opt/airflow/dags/try.py for tasks to queue
[2025-09-01T08:27:52.761+0000] {logging_mixin.py:188} INFO - [2025-09-01T08:27:52.761+0000] {dagbag.py:538} INFO - Filling up the DagBag from /opt/airflow/dags/try.py
[2025-09-01T08:27:52.846+0000] {processor.py:840} INFO - DAG(s) 'ml_pipeline_orchestration2' retrieved from /opt/airflow/dags/try.py
[2025-09-01T08:27:52.883+0000] {logging_mixin.py:188} INFO - [2025-09-01T08:27:52.883+0000] {dag.py:3036} INFO - Sync 1 DAGs
[2025-09-01T08:27:52.924+0000] {logging_mixin.py:188} INFO - [2025-09-01T08:27:52.924+0000] {dag.py:3823} INFO - Setting next_dagrun for ml_pipeline_orchestration2 to 2025-09-01 00:00:00+00:00, run_after=2025-09-02 00:00:00+00:00
[2025-09-01T08:27:53.481+0000] {processor.py:183} INFO - Processing /opt/airflow/dags/try.py took 0.732 seconds
[2025-09-01T08:28:24.623+0000] {processor.py:161} INFO - Started process (PID=467) to work on /opt/airflow/dags/try.py
[2025-09-01T08:28:24.626+0000] {processor.py:830} INFO - Processing file /opt/airflow/dags/try.py for tasks to queue
[2025-09-01T08:28:24.628+0000] {logging_mixin.py:188} INFO - [2025-09-01T08:28:24.627+0000] {dagbag.py:538} INFO - Filling up the DagBag from /opt/airflow/dags/try.py
[2025-09-01T08:28:24.727+0000] {processor.py:840} INFO - DAG(s) 'ml_pipeline_orchestration2' retrieved from /opt/airflow/dags/try.py
[2025-09-01T08:28:24.765+0000] {logging_mixin.py:188} INFO - [2025-09-01T08:28:24.764+0000] {dag.py:3036} INFO - Sync 1 DAGs
[2025-09-01T08:28:24.812+0000] {logging_mixin.py:188} INFO - [2025-09-01T08:28:24.812+0000] {dag.py:3823} INFO - Setting next_dagrun for ml_pipeline_orchestration2 to 2025-09-01 00:00:00+00:00, run_after=2025-09-02 00:00:00+00:00
[2025-09-01T08:28:25.133+0000] {processor.py:183} INFO - Processing /opt/airflow/dags/try.py took 1.041 seconds
