[2025-09-01T04:39:56.169+0000] {processor.py:161} INFO - Started process (PID=174) to work on /opt/airflow/dags/welcome_dag.py
[2025-09-01T04:39:56.172+0000] {processor.py:830} INFO - Processing file /opt/airflow/dags/welcome_dag.py for tasks to queue
[2025-09-01T04:39:56.174+0000] {logging_mixin.py:188} INFO - [2025-09-01T04:39:56.173+0000] {dagbag.py:538} INFO - Filling up the DagBag from /opt/airflow/dags/welcome_dag.py
[2025-09-01T04:39:56.211+0000] {processor.py:840} INFO - DAG(s) 'welcome_dag' retrieved from /opt/airflow/dags/welcome_dag.py
[2025-09-01T04:39:56.353+0000] {logging_mixin.py:188} INFO - [2025-09-01T04:39:56.352+0000] {dag.py:3036} INFO - Sync 1 DAGs
[2025-09-01T04:39:56.402+0000] {logging_mixin.py:188} INFO - [2025-09-01T04:39:56.402+0000] {dag.py:3823} INFO - Setting next_dagrun for welcome_dag to 2025-08-31 23:00:00+00:00, run_after=2025-09-01 23:00:00+00:00
[2025-09-01T04:39:57.909+0000] {processor.py:183} INFO - Processing /opt/airflow/dags/welcome_dag.py took 1.746 seconds
[2025-09-01T04:40:28.875+0000] {processor.py:161} INFO - Started process (PID=210) to work on /opt/airflow/dags/welcome_dag.py
[2025-09-01T04:40:28.877+0000] {processor.py:830} INFO - Processing file /opt/airflow/dags/welcome_dag.py for tasks to queue
[2025-09-01T04:40:28.879+0000] {logging_mixin.py:188} INFO - [2025-09-01T04:40:28.879+0000] {dagbag.py:538} INFO - Filling up the DagBag from /opt/airflow/dags/welcome_dag.py
[2025-09-01T04:40:28.913+0000] {processor.py:840} INFO - DAG(s) 'welcome_dag' retrieved from /opt/airflow/dags/welcome_dag.py
[2025-09-01T04:40:29.096+0000] {logging_mixin.py:188} INFO - [2025-09-01T04:40:29.096+0000] {dag.py:3036} INFO - Sync 1 DAGs
[2025-09-01T04:40:29.126+0000] {logging_mixin.py:188} INFO - [2025-09-01T04:40:29.126+0000] {dag.py:3823} INFO - Setting next_dagrun for welcome_dag to 2025-08-31 23:00:00+00:00, run_after=2025-09-01 23:00:00+00:00
[2025-09-01T04:40:29.256+0000] {processor.py:183} INFO - Processing /opt/airflow/dags/welcome_dag.py took 0.387 seconds
[2025-09-01T04:41:00.008+0000] {processor.py:161} INFO - Started process (PID=223) to work on /opt/airflow/dags/welcome_dag.py
[2025-09-01T04:41:00.010+0000] {processor.py:830} INFO - Processing file /opt/airflow/dags/welcome_dag.py for tasks to queue
[2025-09-01T04:41:00.012+0000] {logging_mixin.py:188} INFO - [2025-09-01T04:41:00.011+0000] {dagbag.py:538} INFO - Filling up the DagBag from /opt/airflow/dags/welcome_dag.py
[2025-09-01T04:41:00.049+0000] {processor.py:840} INFO - DAG(s) 'welcome_dag' retrieved from /opt/airflow/dags/welcome_dag.py
[2025-09-01T04:41:00.098+0000] {logging_mixin.py:188} INFO - [2025-09-01T04:41:00.098+0000] {dag.py:3036} INFO - Sync 1 DAGs
[2025-09-01T04:41:00.133+0000] {logging_mixin.py:188} INFO - [2025-09-01T04:41:00.133+0000] {dag.py:3823} INFO - Setting next_dagrun for welcome_dag to 2025-08-31 23:00:00+00:00, run_after=2025-09-01 23:00:00+00:00
[2025-09-01T04:41:00.245+0000] {processor.py:183} INFO - Processing /opt/airflow/dags/welcome_dag.py took 0.244 seconds
[2025-09-01T04:41:31.245+0000] {processor.py:161} INFO - Started process (PID=238) to work on /opt/airflow/dags/welcome_dag.py
[2025-09-01T04:41:31.247+0000] {processor.py:830} INFO - Processing file /opt/airflow/dags/welcome_dag.py for tasks to queue
[2025-09-01T04:41:31.248+0000] {logging_mixin.py:188} INFO - [2025-09-01T04:41:31.248+0000] {dagbag.py:538} INFO - Filling up the DagBag from /opt/airflow/dags/welcome_dag.py
[2025-09-01T04:41:31.426+0000] {processor.py:840} INFO - DAG(s) 'welcome_dag' retrieved from /opt/airflow/dags/welcome_dag.py
[2025-09-01T04:41:31.484+0000] {logging_mixin.py:188} INFO - [2025-09-01T04:41:31.483+0000] {dag.py:3036} INFO - Sync 1 DAGs
[2025-09-01T04:41:31.517+0000] {logging_mixin.py:188} INFO - [2025-09-01T04:41:31.517+0000] {dag.py:3823} INFO - Setting next_dagrun for welcome_dag to 2025-08-31 23:00:00+00:00, run_after=2025-09-01 23:00:00+00:00
[2025-09-01T04:41:32.024+0000] {processor.py:183} INFO - Processing /opt/airflow/dags/welcome_dag.py took 0.786 seconds
[2025-09-01T04:42:02.965+0000] {processor.py:161} INFO - Started process (PID=255) to work on /opt/airflow/dags/welcome_dag.py
[2025-09-01T04:42:02.967+0000] {processor.py:830} INFO - Processing file /opt/airflow/dags/welcome_dag.py for tasks to queue
[2025-09-01T04:42:02.969+0000] {logging_mixin.py:188} INFO - [2025-09-01T04:42:02.968+0000] {dagbag.py:538} INFO - Filling up the DagBag from /opt/airflow/dags/welcome_dag.py
[2025-09-01T04:42:03.012+0000] {processor.py:840} INFO - DAG(s) 'welcome_dag' retrieved from /opt/airflow/dags/welcome_dag.py
[2025-09-01T04:42:03.061+0000] {logging_mixin.py:188} INFO - [2025-09-01T04:42:03.060+0000] {dag.py:3036} INFO - Sync 1 DAGs
[2025-09-01T04:42:03.096+0000] {logging_mixin.py:188} INFO - [2025-09-01T04:42:03.096+0000] {dag.py:3823} INFO - Setting next_dagrun for welcome_dag to 2025-08-31 23:00:00+00:00, run_after=2025-09-01 23:00:00+00:00
[2025-09-01T04:42:03.232+0000] {processor.py:183} INFO - Processing /opt/airflow/dags/welcome_dag.py took 0.273 seconds
[2025-09-01T04:42:33.682+0000] {processor.py:161} INFO - Started process (PID=270) to work on /opt/airflow/dags/welcome_dag.py
[2025-09-01T04:42:33.685+0000] {processor.py:830} INFO - Processing file /opt/airflow/dags/welcome_dag.py for tasks to queue
[2025-09-01T04:42:33.687+0000] {logging_mixin.py:188} INFO - [2025-09-01T04:42:33.686+0000] {dagbag.py:538} INFO - Filling up the DagBag from /opt/airflow/dags/welcome_dag.py
[2025-09-01T04:42:33.723+0000] {processor.py:840} INFO - DAG(s) 'welcome_dag' retrieved from /opt/airflow/dags/welcome_dag.py
[2025-09-01T04:42:33.770+0000] {logging_mixin.py:188} INFO - [2025-09-01T04:42:33.770+0000] {dag.py:3036} INFO - Sync 1 DAGs
[2025-09-01T04:42:33.806+0000] {logging_mixin.py:188} INFO - [2025-09-01T04:42:33.806+0000] {dag.py:3823} INFO - Setting next_dagrun for welcome_dag to 2025-08-31 23:00:00+00:00, run_after=2025-09-01 23:00:00+00:00
[2025-09-01T04:42:34.331+0000] {processor.py:183} INFO - Processing /opt/airflow/dags/welcome_dag.py took 0.655 seconds
[2025-09-01T04:43:12.172+0000] {processor.py:161} INFO - Started process (PID=285) to work on /opt/airflow/dags/welcome_dag.py
[2025-09-01T04:43:12.174+0000] {processor.py:830} INFO - Processing file /opt/airflow/dags/welcome_dag.py for tasks to queue
[2025-09-01T04:43:12.175+0000] {logging_mixin.py:188} INFO - [2025-09-01T04:43:12.175+0000] {dagbag.py:538} INFO - Filling up the DagBag from /opt/airflow/dags/welcome_dag.py
[2025-09-01T04:43:15.121+0000] {processor.py:840} INFO - DAG(s) 'welcome_dag' retrieved from /opt/airflow/dags/welcome_dag.py
[2025-09-01T04:43:15.449+0000] {logging_mixin.py:188} INFO - [2025-09-01T04:43:15.449+0000] {dag.py:3036} INFO - Sync 1 DAGs
[2025-09-01T04:43:15.484+0000] {logging_mixin.py:188} INFO - [2025-09-01T04:43:15.484+0000] {dag.py:3823} INFO - Setting next_dagrun for welcome_dag to 2025-08-31 23:00:00+00:00, run_after=2025-09-01 23:00:00+00:00
[2025-09-01T04:43:16.229+0000] {processor.py:183} INFO - Processing /opt/airflow/dags/welcome_dag.py took 4.062 seconds
[2025-09-01T04:43:46.577+0000] {processor.py:161} INFO - Started process (PID=300) to work on /opt/airflow/dags/welcome_dag.py
[2025-09-01T04:43:46.579+0000] {processor.py:830} INFO - Processing file /opt/airflow/dags/welcome_dag.py for tasks to queue
[2025-09-01T04:43:46.581+0000] {logging_mixin.py:188} INFO - [2025-09-01T04:43:46.580+0000] {dagbag.py:538} INFO - Filling up the DagBag from /opt/airflow/dags/welcome_dag.py
[2025-09-01T04:43:46.967+0000] {processor.py:840} INFO - DAG(s) 'welcome_dag' retrieved from /opt/airflow/dags/welcome_dag.py
[2025-09-01T04:43:46.994+0000] {logging_mixin.py:188} INFO - [2025-09-01T04:43:46.994+0000] {dag.py:3036} INFO - Sync 1 DAGs
[2025-09-01T04:43:47.038+0000] {logging_mixin.py:188} INFO - [2025-09-01T04:43:47.038+0000] {dag.py:3823} INFO - Setting next_dagrun for welcome_dag to 2025-08-31 23:00:00+00:00, run_after=2025-09-01 23:00:00+00:00
[2025-09-01T04:43:47.385+0000] {processor.py:183} INFO - Processing /opt/airflow/dags/welcome_dag.py took 0.813 seconds
[2025-09-01T04:44:18.059+0000] {processor.py:161} INFO - Started process (PID=315) to work on /opt/airflow/dags/welcome_dag.py
[2025-09-01T04:44:18.061+0000] {processor.py:830} INFO - Processing file /opt/airflow/dags/welcome_dag.py for tasks to queue
[2025-09-01T04:44:18.063+0000] {logging_mixin.py:188} INFO - [2025-09-01T04:44:18.062+0000] {dagbag.py:538} INFO - Filling up the DagBag from /opt/airflow/dags/welcome_dag.py
[2025-09-01T04:44:18.096+0000] {processor.py:840} INFO - DAG(s) 'welcome_dag' retrieved from /opt/airflow/dags/welcome_dag.py
[2025-09-01T04:44:18.292+0000] {logging_mixin.py:188} INFO - [2025-09-01T04:44:18.292+0000] {dag.py:3036} INFO - Sync 1 DAGs
[2025-09-01T04:44:18.329+0000] {logging_mixin.py:188} INFO - [2025-09-01T04:44:18.328+0000] {dag.py:3823} INFO - Setting next_dagrun for welcome_dag to 2025-08-31 23:00:00+00:00, run_after=2025-09-01 23:00:00+00:00
[2025-09-01T04:44:18.482+0000] {processor.py:183} INFO - Processing /opt/airflow/dags/welcome_dag.py took 0.429 seconds
[2025-09-01T04:44:48.772+0000] {processor.py:161} INFO - Started process (PID=330) to work on /opt/airflow/dags/welcome_dag.py
[2025-09-01T04:44:48.774+0000] {processor.py:830} INFO - Processing file /opt/airflow/dags/welcome_dag.py for tasks to queue
[2025-09-01T04:44:48.777+0000] {logging_mixin.py:188} INFO - [2025-09-01T04:44:48.776+0000] {dagbag.py:538} INFO - Filling up the DagBag from /opt/airflow/dags/welcome_dag.py
[2025-09-01T04:44:48.893+0000] {processor.py:840} INFO - DAG(s) 'welcome_dag' retrieved from /opt/airflow/dags/welcome_dag.py
[2025-09-01T04:44:48.962+0000] {logging_mixin.py:188} INFO - [2025-09-01T04:44:48.962+0000] {dag.py:3036} INFO - Sync 1 DAGs
[2025-09-01T04:44:49.001+0000] {logging_mixin.py:188} INFO - [2025-09-01T04:44:49.001+0000] {dag.py:3823} INFO - Setting next_dagrun for welcome_dag to 2025-08-31 23:00:00+00:00, run_after=2025-09-01 23:00:00+00:00
[2025-09-01T04:44:49.100+0000] {processor.py:183} INFO - Processing /opt/airflow/dags/welcome_dag.py took 0.335 seconds
[2025-09-01T04:45:19.184+0000] {processor.py:161} INFO - Started process (PID=347) to work on /opt/airflow/dags/welcome_dag.py
[2025-09-01T04:45:19.186+0000] {processor.py:830} INFO - Processing file /opt/airflow/dags/welcome_dag.py for tasks to queue
[2025-09-01T04:45:19.188+0000] {logging_mixin.py:188} INFO - [2025-09-01T04:45:19.187+0000] {dagbag.py:538} INFO - Filling up the DagBag from /opt/airflow/dags/welcome_dag.py
[2025-09-01T04:45:19.223+0000] {processor.py:840} INFO - DAG(s) 'welcome_dag' retrieved from /opt/airflow/dags/welcome_dag.py
[2025-09-01T04:45:19.273+0000] {logging_mixin.py:188} INFO - [2025-09-01T04:45:19.273+0000] {dag.py:3036} INFO - Sync 1 DAGs
[2025-09-01T04:45:19.309+0000] {logging_mixin.py:188} INFO - [2025-09-01T04:45:19.309+0000] {dag.py:3823} INFO - Setting next_dagrun for welcome_dag to 2025-08-31 23:00:00+00:00, run_after=2025-09-01 23:00:00+00:00
[2025-09-01T04:45:23.297+0000] {processor.py:183} INFO - Processing /opt/airflow/dags/welcome_dag.py took 4.119 seconds
[2025-09-01T04:45:53.470+0000] {processor.py:161} INFO - Started process (PID=362) to work on /opt/airflow/dags/welcome_dag.py
[2025-09-01T04:45:53.472+0000] {processor.py:830} INFO - Processing file /opt/airflow/dags/welcome_dag.py for tasks to queue
[2025-09-01T04:45:53.475+0000] {logging_mixin.py:188} INFO - [2025-09-01T04:45:53.474+0000] {dagbag.py:538} INFO - Filling up the DagBag from /opt/airflow/dags/welcome_dag.py
[2025-09-01T04:45:53.510+0000] {processor.py:840} INFO - DAG(s) 'welcome_dag' retrieved from /opt/airflow/dags/welcome_dag.py
[2025-09-01T04:45:53.559+0000] {logging_mixin.py:188} INFO - [2025-09-01T04:45:53.559+0000] {dag.py:3036} INFO - Sync 1 DAGs
[2025-09-01T04:45:53.596+0000] {logging_mixin.py:188} INFO - [2025-09-01T04:45:53.596+0000] {dag.py:3823} INFO - Setting next_dagrun for welcome_dag to 2025-08-31 23:00:00+00:00, run_after=2025-09-01 23:00:00+00:00
[2025-09-01T04:45:53.888+0000] {processor.py:183} INFO - Processing /opt/airflow/dags/welcome_dag.py took 0.424 seconds
[2025-09-01T04:46:24.156+0000] {processor.py:161} INFO - Started process (PID=377) to work on /opt/airflow/dags/welcome_dag.py
[2025-09-01T04:46:24.274+0000] {processor.py:830} INFO - Processing file /opt/airflow/dags/welcome_dag.py for tasks to queue
[2025-09-01T04:46:24.276+0000] {logging_mixin.py:188} INFO - [2025-09-01T04:46:24.276+0000] {dagbag.py:538} INFO - Filling up the DagBag from /opt/airflow/dags/welcome_dag.py
[2025-09-01T04:46:24.312+0000] {processor.py:840} INFO - DAG(s) 'welcome_dag' retrieved from /opt/airflow/dags/welcome_dag.py
[2025-09-01T04:46:24.362+0000] {logging_mixin.py:188} INFO - [2025-09-01T04:46:24.362+0000] {dag.py:3036} INFO - Sync 1 DAGs
[2025-09-01T04:46:24.400+0000] {logging_mixin.py:188} INFO - [2025-09-01T04:46:24.399+0000] {dag.py:3823} INFO - Setting next_dagrun for welcome_dag to 2025-08-31 23:00:00+00:00, run_after=2025-09-01 23:00:00+00:00
[2025-09-01T04:46:24.790+0000] {processor.py:183} INFO - Processing /opt/airflow/dags/welcome_dag.py took 0.641 seconds
[2025-09-01T04:46:55.602+0000] {processor.py:161} INFO - Started process (PID=392) to work on /opt/airflow/dags/welcome_dag.py
[2025-09-01T04:46:55.604+0000] {processor.py:830} INFO - Processing file /opt/airflow/dags/welcome_dag.py for tasks to queue
[2025-09-01T04:46:55.606+0000] {logging_mixin.py:188} INFO - [2025-09-01T04:46:55.605+0000] {dagbag.py:538} INFO - Filling up the DagBag from /opt/airflow/dags/welcome_dag.py
[2025-09-01T04:46:55.640+0000] {processor.py:840} INFO - DAG(s) 'welcome_dag' retrieved from /opt/airflow/dags/welcome_dag.py
[2025-09-01T04:46:55.668+0000] {logging_mixin.py:188} INFO - [2025-09-01T04:46:55.668+0000] {dag.py:3036} INFO - Sync 1 DAGs
[2025-09-01T04:46:55.708+0000] {logging_mixin.py:188} INFO - [2025-09-01T04:46:55.707+0000] {dag.py:3823} INFO - Setting next_dagrun for welcome_dag to 2025-08-31 23:00:00+00:00, run_after=2025-09-01 23:00:00+00:00
[2025-09-01T04:46:55.872+0000] {processor.py:183} INFO - Processing /opt/airflow/dags/welcome_dag.py took 0.276 seconds
[2025-09-01T04:47:26.003+0000] {processor.py:161} INFO - Started process (PID=409) to work on /opt/airflow/dags/welcome_dag.py
[2025-09-01T04:47:26.005+0000] {processor.py:830} INFO - Processing file /opt/airflow/dags/welcome_dag.py for tasks to queue
[2025-09-01T04:47:26.008+0000] {logging_mixin.py:188} INFO - [2025-09-01T04:47:26.007+0000] {dagbag.py:538} INFO - Filling up the DagBag from /opt/airflow/dags/welcome_dag.py
[2025-09-01T04:47:26.047+0000] {processor.py:840} INFO - DAG(s) 'welcome_dag' retrieved from /opt/airflow/dags/welcome_dag.py
[2025-09-01T04:47:26.767+0000] {logging_mixin.py:188} INFO - [2025-09-01T04:47:26.766+0000] {dag.py:3036} INFO - Sync 1 DAGs
[2025-09-01T04:47:26.802+0000] {logging_mixin.py:188} INFO - [2025-09-01T04:47:26.801+0000] {dag.py:3823} INFO - Setting next_dagrun for welcome_dag to 2025-08-31 23:00:00+00:00, run_after=2025-09-01 23:00:00+00:00
[2025-09-01T04:47:26.919+0000] {processor.py:183} INFO - Processing /opt/airflow/dags/welcome_dag.py took 0.386 seconds
[2025-09-01T04:47:56.992+0000] {processor.py:161} INFO - Started process (PID=424) to work on /opt/airflow/dags/welcome_dag.py
[2025-09-01T04:47:56.994+0000] {processor.py:830} INFO - Processing file /opt/airflow/dags/welcome_dag.py for tasks to queue
[2025-09-01T04:47:56.995+0000] {logging_mixin.py:188} INFO - [2025-09-01T04:47:56.995+0000] {dagbag.py:538} INFO - Filling up the DagBag from /opt/airflow/dags/welcome_dag.py
[2025-09-01T04:47:57.032+0000] {processor.py:840} INFO - DAG(s) 'welcome_dag' retrieved from /opt/airflow/dags/welcome_dag.py
[2025-09-01T04:47:57.088+0000] {logging_mixin.py:188} INFO - [2025-09-01T04:47:57.087+0000] {dag.py:3036} INFO - Sync 1 DAGs
[2025-09-01T04:47:57.125+0000] {logging_mixin.py:188} INFO - [2025-09-01T04:47:57.125+0000] {dag.py:3823} INFO - Setting next_dagrun for welcome_dag to 2025-08-31 23:00:00+00:00, run_after=2025-09-01 23:00:00+00:00
[2025-09-01T04:47:57.578+0000] {processor.py:183} INFO - Processing /opt/airflow/dags/welcome_dag.py took 0.592 seconds
[2025-09-01T04:48:27.839+0000] {processor.py:161} INFO - Started process (PID=439) to work on /opt/airflow/dags/welcome_dag.py
[2025-09-01T04:48:27.842+0000] {processor.py:830} INFO - Processing file /opt/airflow/dags/welcome_dag.py for tasks to queue
[2025-09-01T04:48:27.844+0000] {logging_mixin.py:188} INFO - [2025-09-01T04:48:27.843+0000] {dagbag.py:538} INFO - Filling up the DagBag from /opt/airflow/dags/welcome_dag.py
[2025-09-01T04:48:27.883+0000] {processor.py:840} INFO - DAG(s) 'welcome_dag' retrieved from /opt/airflow/dags/welcome_dag.py
[2025-09-01T04:48:27.936+0000] {logging_mixin.py:188} INFO - [2025-09-01T04:48:27.935+0000] {dag.py:3036} INFO - Sync 1 DAGs
[2025-09-01T04:48:27.978+0000] {logging_mixin.py:188} INFO - [2025-09-01T04:48:27.977+0000] {dag.py:3823} INFO - Setting next_dagrun for welcome_dag to 2025-08-31 23:00:00+00:00, run_after=2025-09-01 23:00:00+00:00
[2025-09-01T04:48:28.087+0000] {processor.py:183} INFO - Processing /opt/airflow/dags/welcome_dag.py took 0.255 seconds
[2025-09-01T04:48:59.034+0000] {processor.py:161} INFO - Started process (PID=454) to work on /opt/airflow/dags/welcome_dag.py
[2025-09-01T04:48:59.036+0000] {processor.py:830} INFO - Processing file /opt/airflow/dags/welcome_dag.py for tasks to queue
[2025-09-01T04:48:59.038+0000] {logging_mixin.py:188} INFO - [2025-09-01T04:48:59.037+0000] {dagbag.py:538} INFO - Filling up the DagBag from /opt/airflow/dags/welcome_dag.py
[2025-09-01T04:48:59.076+0000] {processor.py:840} INFO - DAG(s) 'welcome_dag' retrieved from /opt/airflow/dags/welcome_dag.py
[2025-09-01T04:48:59.124+0000] {logging_mixin.py:188} INFO - [2025-09-01T04:48:59.123+0000] {dag.py:3036} INFO - Sync 1 DAGs
[2025-09-01T04:48:59.158+0000] {logging_mixin.py:188} INFO - [2025-09-01T04:48:59.158+0000] {dag.py:3823} INFO - Setting next_dagrun for welcome_dag to 2025-08-31 23:00:00+00:00, run_after=2025-09-01 23:00:00+00:00
[2025-09-01T04:48:59.248+0000] {processor.py:183} INFO - Processing /opt/airflow/dags/welcome_dag.py took 0.220 seconds
[2025-09-01T04:49:29.463+0000] {processor.py:161} INFO - Started process (PID=469) to work on /opt/airflow/dags/welcome_dag.py
[2025-09-01T04:49:29.465+0000] {processor.py:830} INFO - Processing file /opt/airflow/dags/welcome_dag.py for tasks to queue
[2025-09-01T04:49:29.467+0000] {logging_mixin.py:188} INFO - [2025-09-01T04:49:29.467+0000] {dagbag.py:538} INFO - Filling up the DagBag from /opt/airflow/dags/welcome_dag.py
[2025-09-01T04:49:29.502+0000] {processor.py:840} INFO - DAG(s) 'welcome_dag' retrieved from /opt/airflow/dags/welcome_dag.py
[2025-09-01T04:49:29.551+0000] {logging_mixin.py:188} INFO - [2025-09-01T04:49:29.551+0000] {dag.py:3036} INFO - Sync 1 DAGs
[2025-09-01T04:49:29.588+0000] {logging_mixin.py:188} INFO - [2025-09-01T04:49:29.587+0000] {dag.py:3823} INFO - Setting next_dagrun for welcome_dag to 2025-08-31 23:00:00+00:00, run_after=2025-09-01 23:00:00+00:00
[2025-09-01T04:49:29.881+0000] {processor.py:183} INFO - Processing /opt/airflow/dags/welcome_dag.py took 0.425 seconds
[2025-09-01T04:50:00.380+0000] {processor.py:161} INFO - Started process (PID=484) to work on /opt/airflow/dags/welcome_dag.py
[2025-09-01T04:50:00.382+0000] {processor.py:830} INFO - Processing file /opt/airflow/dags/welcome_dag.py for tasks to queue
[2025-09-01T04:50:00.384+0000] {logging_mixin.py:188} INFO - [2025-09-01T04:50:00.383+0000] {dagbag.py:538} INFO - Filling up the DagBag from /opt/airflow/dags/welcome_dag.py
[2025-09-01T04:50:00.424+0000] {processor.py:840} INFO - DAG(s) 'welcome_dag' retrieved from /opt/airflow/dags/welcome_dag.py
[2025-09-01T04:50:00.474+0000] {logging_mixin.py:188} INFO - [2025-09-01T04:50:00.474+0000] {dag.py:3036} INFO - Sync 1 DAGs
[2025-09-01T04:50:00.512+0000] {logging_mixin.py:188} INFO - [2025-09-01T04:50:00.511+0000] {dag.py:3823} INFO - Setting next_dagrun for welcome_dag to 2025-08-31 23:00:00+00:00, run_after=2025-09-01 23:00:00+00:00
[2025-09-01T04:50:00.592+0000] {processor.py:183} INFO - Processing /opt/airflow/dags/welcome_dag.py took 0.220 seconds
[2025-09-01T04:50:30.783+0000] {processor.py:161} INFO - Started process (PID=499) to work on /opt/airflow/dags/welcome_dag.py
[2025-09-01T04:50:30.785+0000] {processor.py:830} INFO - Processing file /opt/airflow/dags/welcome_dag.py for tasks to queue
[2025-09-01T04:50:30.787+0000] {logging_mixin.py:188} INFO - [2025-09-01T04:50:30.786+0000] {dagbag.py:538} INFO - Filling up the DagBag from /opt/airflow/dags/welcome_dag.py
[2025-09-01T04:50:30.821+0000] {processor.py:840} INFO - DAG(s) 'welcome_dag' retrieved from /opt/airflow/dags/welcome_dag.py
[2025-09-01T04:50:30.869+0000] {logging_mixin.py:188} INFO - [2025-09-01T04:50:30.869+0000] {dag.py:3036} INFO - Sync 1 DAGs
[2025-09-01T04:50:30.909+0000] {logging_mixin.py:188} INFO - [2025-09-01T04:50:30.909+0000] {dag.py:3823} INFO - Setting next_dagrun for welcome_dag to 2025-08-31 23:00:00+00:00, run_after=2025-09-01 23:00:00+00:00
[2025-09-01T04:50:31.189+0000] {processor.py:183} INFO - Processing /opt/airflow/dags/welcome_dag.py took 0.413 seconds
[2025-09-01T04:51:01.721+0000] {processor.py:161} INFO - Started process (PID=520) to work on /opt/airflow/dags/welcome_dag.py
[2025-09-01T04:51:01.723+0000] {processor.py:830} INFO - Processing file /opt/airflow/dags/welcome_dag.py for tasks to queue
[2025-09-01T04:51:01.725+0000] {logging_mixin.py:188} INFO - [2025-09-01T04:51:01.725+0000] {dagbag.py:538} INFO - Filling up the DagBag from /opt/airflow/dags/welcome_dag.py
[2025-09-01T04:51:01.765+0000] {processor.py:840} INFO - DAG(s) 'welcome_dag' retrieved from /opt/airflow/dags/welcome_dag.py
[2025-09-01T04:51:01.820+0000] {logging_mixin.py:188} INFO - [2025-09-01T04:51:01.820+0000] {dag.py:3036} INFO - Sync 1 DAGs
[2025-09-01T04:51:01.861+0000] {logging_mixin.py:188} INFO - [2025-09-01T04:51:01.860+0000] {dag.py:3823} INFO - Setting next_dagrun for welcome_dag to 2025-08-31 23:00:00+00:00, run_after=2025-09-01 23:00:00+00:00
[2025-09-01T04:51:02.004+0000] {processor.py:183} INFO - Processing /opt/airflow/dags/welcome_dag.py took 0.290 seconds
[2025-09-01T04:51:32.214+0000] {processor.py:161} INFO - Started process (PID=542) to work on /opt/airflow/dags/welcome_dag.py
[2025-09-01T04:51:32.216+0000] {processor.py:830} INFO - Processing file /opt/airflow/dags/welcome_dag.py for tasks to queue
[2025-09-01T04:51:32.219+0000] {logging_mixin.py:188} INFO - [2025-09-01T04:51:32.218+0000] {dagbag.py:538} INFO - Filling up the DagBag from /opt/airflow/dags/welcome_dag.py
[2025-09-01T04:51:32.264+0000] {processor.py:840} INFO - DAG(s) 'welcome_dag' retrieved from /opt/airflow/dags/welcome_dag.py
[2025-09-01T04:51:32.316+0000] {logging_mixin.py:188} INFO - [2025-09-01T04:51:32.315+0000] {dag.py:3036} INFO - Sync 1 DAGs
[2025-09-01T04:51:32.379+0000] {logging_mixin.py:188} INFO - [2025-09-01T04:51:32.378+0000] {dag.py:3823} INFO - Setting next_dagrun for welcome_dag to 2025-08-31 23:00:00+00:00, run_after=2025-09-01 23:00:00+00:00
[2025-09-01T04:51:32.525+0000] {processor.py:183} INFO - Processing /opt/airflow/dags/welcome_dag.py took 0.320 seconds
[2025-09-01T04:52:02.625+0000] {processor.py:161} INFO - Started process (PID=559) to work on /opt/airflow/dags/welcome_dag.py
[2025-09-01T04:52:02.627+0000] {processor.py:830} INFO - Processing file /opt/airflow/dags/welcome_dag.py for tasks to queue
[2025-09-01T04:52:02.629+0000] {logging_mixin.py:188} INFO - [2025-09-01T04:52:02.628+0000] {dagbag.py:538} INFO - Filling up the DagBag from /opt/airflow/dags/welcome_dag.py
[2025-09-01T04:52:02.667+0000] {processor.py:840} INFO - DAG(s) 'welcome_dag' retrieved from /opt/airflow/dags/welcome_dag.py
[2025-09-01T04:52:02.719+0000] {logging_mixin.py:188} INFO - [2025-09-01T04:52:02.719+0000] {dag.py:3036} INFO - Sync 1 DAGs
[2025-09-01T04:52:02.759+0000] {logging_mixin.py:188} INFO - [2025-09-01T04:52:02.759+0000] {dag.py:3823} INFO - Setting next_dagrun for welcome_dag to 2025-08-31 23:00:00+00:00, run_after=2025-09-01 23:00:00+00:00
[2025-09-01T04:52:03.344+0000] {processor.py:183} INFO - Processing /opt/airflow/dags/welcome_dag.py took 0.727 seconds
[2025-09-01T04:52:33.644+0000] {processor.py:161} INFO - Started process (PID=574) to work on /opt/airflow/dags/welcome_dag.py
[2025-09-01T04:52:33.647+0000] {processor.py:830} INFO - Processing file /opt/airflow/dags/welcome_dag.py for tasks to queue
[2025-09-01T04:52:33.649+0000] {logging_mixin.py:188} INFO - [2025-09-01T04:52:33.648+0000] {dagbag.py:538} INFO - Filling up the DagBag from /opt/airflow/dags/welcome_dag.py
[2025-09-01T04:52:33.683+0000] {processor.py:840} INFO - DAG(s) 'welcome_dag' retrieved from /opt/airflow/dags/welcome_dag.py
[2025-09-01T04:52:33.763+0000] {logging_mixin.py:188} INFO - [2025-09-01T04:52:33.763+0000] {dag.py:3036} INFO - Sync 1 DAGs
[2025-09-01T04:52:33.803+0000] {logging_mixin.py:188} INFO - [2025-09-01T04:52:33.803+0000] {dag.py:3823} INFO - Setting next_dagrun for welcome_dag to 2025-08-31 23:00:00+00:00, run_after=2025-09-01 23:00:00+00:00
[2025-09-01T04:52:33.953+0000] {processor.py:183} INFO - Processing /opt/airflow/dags/welcome_dag.py took 0.315 seconds
[2025-09-01T04:53:04.062+0000] {processor.py:161} INFO - Started process (PID=589) to work on /opt/airflow/dags/welcome_dag.py
[2025-09-01T04:53:04.064+0000] {processor.py:830} INFO - Processing file /opt/airflow/dags/welcome_dag.py for tasks to queue
[2025-09-01T04:53:04.066+0000] {logging_mixin.py:188} INFO - [2025-09-01T04:53:04.066+0000] {dagbag.py:538} INFO - Filling up the DagBag from /opt/airflow/dags/welcome_dag.py
[2025-09-01T04:53:04.099+0000] {processor.py:840} INFO - DAG(s) 'welcome_dag' retrieved from /opt/airflow/dags/welcome_dag.py
[2025-09-01T04:53:04.147+0000] {logging_mixin.py:188} INFO - [2025-09-01T04:53:04.147+0000] {dag.py:3036} INFO - Sync 1 DAGs
[2025-09-01T04:53:04.191+0000] {logging_mixin.py:188} INFO - [2025-09-01T04:53:04.190+0000] {dag.py:3823} INFO - Setting next_dagrun for welcome_dag to 2025-08-31 23:00:00+00:00, run_after=2025-09-01 23:00:00+00:00
[2025-09-01T04:53:04.556+0000] {processor.py:183} INFO - Processing /opt/airflow/dags/welcome_dag.py took 0.500 seconds
[2025-09-01T04:53:35.531+0000] {processor.py:161} INFO - Started process (PID=604) to work on /opt/airflow/dags/welcome_dag.py
[2025-09-01T04:53:35.534+0000] {processor.py:830} INFO - Processing file /opt/airflow/dags/welcome_dag.py for tasks to queue
[2025-09-01T04:53:35.536+0000] {logging_mixin.py:188} INFO - [2025-09-01T04:53:35.536+0000] {dagbag.py:538} INFO - Filling up the DagBag from /opt/airflow/dags/welcome_dag.py
[2025-09-01T04:53:35.571+0000] {processor.py:840} INFO - DAG(s) 'welcome_dag' retrieved from /opt/airflow/dags/welcome_dag.py
[2025-09-01T04:53:35.621+0000] {logging_mixin.py:188} INFO - [2025-09-01T04:53:35.620+0000] {dag.py:3036} INFO - Sync 1 DAGs
[2025-09-01T04:53:35.658+0000] {logging_mixin.py:188} INFO - [2025-09-01T04:53:35.658+0000] {dag.py:3823} INFO - Setting next_dagrun for welcome_dag to 2025-08-31 23:00:00+00:00, run_after=2025-09-01 23:00:00+00:00
[2025-09-01T04:53:35.784+0000] {processor.py:183} INFO - Processing /opt/airflow/dags/welcome_dag.py took 0.260 seconds
[2025-09-01T04:54:06.260+0000] {processor.py:161} INFO - Started process (PID=619) to work on /opt/airflow/dags/welcome_dag.py
[2025-09-01T04:54:06.262+0000] {processor.py:830} INFO - Processing file /opt/airflow/dags/welcome_dag.py for tasks to queue
[2025-09-01T04:54:06.264+0000] {logging_mixin.py:188} INFO - [2025-09-01T04:54:06.263+0000] {dagbag.py:538} INFO - Filling up the DagBag from /opt/airflow/dags/welcome_dag.py
[2025-09-01T04:54:06.304+0000] {processor.py:840} INFO - DAG(s) 'welcome_dag' retrieved from /opt/airflow/dags/welcome_dag.py
[2025-09-01T04:54:06.391+0000] {logging_mixin.py:188} INFO - [2025-09-01T04:54:06.391+0000] {dag.py:3036} INFO - Sync 1 DAGs
[2025-09-01T04:54:06.426+0000] {logging_mixin.py:188} INFO - [2025-09-01T04:54:06.425+0000] {dag.py:3823} INFO - Setting next_dagrun for welcome_dag to 2025-08-31 23:00:00+00:00, run_after=2025-09-01 23:00:00+00:00
[2025-09-01T04:54:06.680+0000] {processor.py:183} INFO - Processing /opt/airflow/dags/welcome_dag.py took 0.428 seconds
[2025-09-01T04:54:36.992+0000] {processor.py:161} INFO - Started process (PID=634) to work on /opt/airflow/dags/welcome_dag.py
[2025-09-01T04:54:36.994+0000] {processor.py:830} INFO - Processing file /opt/airflow/dags/welcome_dag.py for tasks to queue
[2025-09-01T04:54:36.996+0000] {logging_mixin.py:188} INFO - [2025-09-01T04:54:36.995+0000] {dagbag.py:538} INFO - Filling up the DagBag from /opt/airflow/dags/welcome_dag.py
[2025-09-01T04:54:37.034+0000] {processor.py:840} INFO - DAG(s) 'welcome_dag' retrieved from /opt/airflow/dags/welcome_dag.py
[2025-09-01T04:54:37.236+0000] {logging_mixin.py:188} INFO - [2025-09-01T04:54:37.236+0000] {dag.py:3036} INFO - Sync 1 DAGs
[2025-09-01T04:54:37.272+0000] {logging_mixin.py:188} INFO - [2025-09-01T04:54:37.271+0000] {dag.py:3823} INFO - Setting next_dagrun for welcome_dag to 2025-08-31 23:00:00+00:00, run_after=2025-09-01 23:00:00+00:00
[2025-09-01T04:54:37.738+0000] {processor.py:183} INFO - Processing /opt/airflow/dags/welcome_dag.py took 0.753 seconds
[2025-09-01T04:55:08.596+0000] {processor.py:161} INFO - Started process (PID=649) to work on /opt/airflow/dags/welcome_dag.py
[2025-09-01T04:55:08.598+0000] {processor.py:830} INFO - Processing file /opt/airflow/dags/welcome_dag.py for tasks to queue
[2025-09-01T04:55:08.600+0000] {logging_mixin.py:188} INFO - [2025-09-01T04:55:08.600+0000] {dagbag.py:538} INFO - Filling up the DagBag from /opt/airflow/dags/welcome_dag.py
[2025-09-01T04:55:08.638+0000] {processor.py:840} INFO - DAG(s) 'welcome_dag' retrieved from /opt/airflow/dags/welcome_dag.py
[2025-09-01T04:55:08.685+0000] {logging_mixin.py:188} INFO - [2025-09-01T04:55:08.685+0000] {dag.py:3036} INFO - Sync 1 DAGs
[2025-09-01T04:55:08.722+0000] {logging_mixin.py:188} INFO - [2025-09-01T04:55:08.722+0000] {dag.py:3823} INFO - Setting next_dagrun for welcome_dag to 2025-08-31 23:00:00+00:00, run_after=2025-09-01 23:00:00+00:00
[2025-09-01T04:55:08.803+0000] {processor.py:183} INFO - Processing /opt/airflow/dags/welcome_dag.py took 0.215 seconds
[2025-09-01T04:55:39.051+0000] {processor.py:161} INFO - Started process (PID=664) to work on /opt/airflow/dags/welcome_dag.py
[2025-09-01T04:55:39.052+0000] {processor.py:830} INFO - Processing file /opt/airflow/dags/welcome_dag.py for tasks to queue
[2025-09-01T04:55:39.054+0000] {logging_mixin.py:188} INFO - [2025-09-01T04:55:39.054+0000] {dagbag.py:538} INFO - Filling up the DagBag from /opt/airflow/dags/welcome_dag.py
[2025-09-01T04:55:39.085+0000] {processor.py:840} INFO - DAG(s) 'welcome_dag' retrieved from /opt/airflow/dags/welcome_dag.py
[2025-09-01T04:55:39.128+0000] {logging_mixin.py:188} INFO - [2025-09-01T04:55:39.128+0000] {dag.py:3036} INFO - Sync 1 DAGs
[2025-09-01T04:55:39.161+0000] {logging_mixin.py:188} INFO - [2025-09-01T04:55:39.161+0000] {dag.py:3823} INFO - Setting next_dagrun for welcome_dag to 2025-08-31 23:00:00+00:00, run_after=2025-09-01 23:00:00+00:00
[2025-09-01T04:55:39.257+0000] {processor.py:183} INFO - Processing /opt/airflow/dags/welcome_dag.py took 0.211 seconds
[2025-09-01T04:56:09.802+0000] {processor.py:161} INFO - Started process (PID=679) to work on /opt/airflow/dags/welcome_dag.py
[2025-09-01T04:56:09.804+0000] {processor.py:830} INFO - Processing file /opt/airflow/dags/welcome_dag.py for tasks to queue
[2025-09-01T04:56:09.808+0000] {logging_mixin.py:188} INFO - [2025-09-01T04:56:09.807+0000] {dagbag.py:538} INFO - Filling up the DagBag from /opt/airflow/dags/welcome_dag.py
[2025-09-01T04:56:09.853+0000] {processor.py:840} INFO - DAG(s) 'welcome_dag' retrieved from /opt/airflow/dags/welcome_dag.py
[2025-09-01T04:56:09.901+0000] {logging_mixin.py:188} INFO - [2025-09-01T04:56:09.901+0000] {dag.py:3036} INFO - Sync 1 DAGs
[2025-09-01T04:56:09.940+0000] {logging_mixin.py:188} INFO - [2025-09-01T04:56:09.939+0000] {dag.py:3823} INFO - Setting next_dagrun for welcome_dag to 2025-08-31 23:00:00+00:00, run_after=2025-09-01 23:00:00+00:00
[2025-09-01T04:56:10.049+0000] {processor.py:183} INFO - Processing /opt/airflow/dags/welcome_dag.py took 0.254 seconds
[2025-09-01T04:56:40.732+0000] {processor.py:161} INFO - Started process (PID=694) to work on /opt/airflow/dags/welcome_dag.py
[2025-09-01T04:56:40.734+0000] {processor.py:830} INFO - Processing file /opt/airflow/dags/welcome_dag.py for tasks to queue
[2025-09-01T04:56:40.736+0000] {logging_mixin.py:188} INFO - [2025-09-01T04:56:40.735+0000] {dagbag.py:538} INFO - Filling up the DagBag from /opt/airflow/dags/welcome_dag.py
[2025-09-01T04:56:40.773+0000] {processor.py:840} INFO - DAG(s) 'welcome_dag' retrieved from /opt/airflow/dags/welcome_dag.py
[2025-09-01T04:56:40.820+0000] {logging_mixin.py:188} INFO - [2025-09-01T04:56:40.820+0000] {dag.py:3036} INFO - Sync 1 DAGs
[2025-09-01T04:56:40.856+0000] {logging_mixin.py:188} INFO - [2025-09-01T04:56:40.856+0000] {dag.py:3823} INFO - Setting next_dagrun for welcome_dag to 2025-08-31 23:00:00+00:00, run_after=2025-09-01 23:00:00+00:00
[2025-09-01T04:56:41.019+0000] {processor.py:183} INFO - Processing /opt/airflow/dags/welcome_dag.py took 0.294 seconds
[2025-09-01T04:57:11.388+0000] {processor.py:161} INFO - Started process (PID=711) to work on /opt/airflow/dags/welcome_dag.py
[2025-09-01T04:57:11.391+0000] {processor.py:830} INFO - Processing file /opt/airflow/dags/welcome_dag.py for tasks to queue
[2025-09-01T04:57:11.392+0000] {logging_mixin.py:188} INFO - [2025-09-01T04:57:11.392+0000] {dagbag.py:538} INFO - Filling up the DagBag from /opt/airflow/dags/welcome_dag.py
[2025-09-01T04:57:11.434+0000] {processor.py:840} INFO - DAG(s) 'welcome_dag' retrieved from /opt/airflow/dags/welcome_dag.py
[2025-09-01T04:57:11.525+0000] {logging_mixin.py:188} INFO - [2025-09-01T04:57:11.524+0000] {dag.py:3036} INFO - Sync 1 DAGs
[2025-09-01T04:57:11.904+0000] {logging_mixin.py:188} INFO - [2025-09-01T04:57:11.904+0000] {dag.py:3823} INFO - Setting next_dagrun for welcome_dag to 2025-08-31 23:00:00+00:00, run_after=2025-09-01 23:00:00+00:00
[2025-09-01T04:57:12.860+0000] {processor.py:183} INFO - Processing /opt/airflow/dags/welcome_dag.py took 1.477 seconds
[2025-09-01T04:57:43.527+0000] {processor.py:161} INFO - Started process (PID=726) to work on /opt/airflow/dags/welcome_dag.py
[2025-09-01T04:57:43.530+0000] {processor.py:830} INFO - Processing file /opt/airflow/dags/welcome_dag.py for tasks to queue
[2025-09-01T04:57:43.532+0000] {logging_mixin.py:188} INFO - [2025-09-01T04:57:43.532+0000] {dagbag.py:538} INFO - Filling up the DagBag from /opt/airflow/dags/welcome_dag.py
[2025-09-01T04:57:43.576+0000] {processor.py:840} INFO - DAG(s) 'welcome_dag' retrieved from /opt/airflow/dags/welcome_dag.py
[2025-09-01T04:57:43.649+0000] {logging_mixin.py:188} INFO - [2025-09-01T04:57:43.648+0000] {dag.py:3036} INFO - Sync 1 DAGs
[2025-09-01T04:57:43.700+0000] {logging_mixin.py:188} INFO - [2025-09-01T04:57:43.699+0000] {dag.py:3823} INFO - Setting next_dagrun for welcome_dag to 2025-08-31 23:00:00+00:00, run_after=2025-09-01 23:00:00+00:00
[2025-09-01T04:57:43.946+0000] {processor.py:183} INFO - Processing /opt/airflow/dags/welcome_dag.py took 0.428 seconds
[2025-09-01T04:58:14.370+0000] {processor.py:161} INFO - Started process (PID=741) to work on /opt/airflow/dags/welcome_dag.py
[2025-09-01T04:58:14.372+0000] {processor.py:830} INFO - Processing file /opt/airflow/dags/welcome_dag.py for tasks to queue
[2025-09-01T04:58:14.374+0000] {logging_mixin.py:188} INFO - [2025-09-01T04:58:14.373+0000] {dagbag.py:538} INFO - Filling up the DagBag from /opt/airflow/dags/welcome_dag.py
[2025-09-01T04:58:14.410+0000] {processor.py:840} INFO - DAG(s) 'welcome_dag' retrieved from /opt/airflow/dags/welcome_dag.py
[2025-09-01T04:58:14.461+0000] {logging_mixin.py:188} INFO - [2025-09-01T04:58:14.461+0000] {dag.py:3036} INFO - Sync 1 DAGs
[2025-09-01T04:58:14.502+0000] {logging_mixin.py:188} INFO - [2025-09-01T04:58:14.502+0000] {dag.py:3823} INFO - Setting next_dagrun for welcome_dag to 2025-08-31 23:00:00+00:00, run_after=2025-09-01 23:00:00+00:00
[2025-09-01T04:58:15.092+0000] {processor.py:183} INFO - Processing /opt/airflow/dags/welcome_dag.py took 0.730 seconds
[2025-09-01T04:58:45.154+0000] {processor.py:161} INFO - Started process (PID=756) to work on /opt/airflow/dags/welcome_dag.py
[2025-09-01T04:58:45.156+0000] {processor.py:830} INFO - Processing file /opt/airflow/dags/welcome_dag.py for tasks to queue
[2025-09-01T04:58:45.158+0000] {logging_mixin.py:188} INFO - [2025-09-01T04:58:45.158+0000] {dagbag.py:538} INFO - Filling up the DagBag from /opt/airflow/dags/welcome_dag.py
[2025-09-01T04:58:45.194+0000] {processor.py:840} INFO - DAG(s) 'welcome_dag' retrieved from /opt/airflow/dags/welcome_dag.py
[2025-09-01T04:58:45.242+0000] {logging_mixin.py:188} INFO - [2025-09-01T04:58:45.241+0000] {dag.py:3036} INFO - Sync 1 DAGs
[2025-09-01T04:58:45.278+0000] {logging_mixin.py:188} INFO - [2025-09-01T04:58:45.277+0000] {dag.py:3823} INFO - Setting next_dagrun for welcome_dag to 2025-08-31 23:00:00+00:00, run_after=2025-09-01 23:00:00+00:00
[2025-09-01T04:58:46.026+0000] {processor.py:183} INFO - Processing /opt/airflow/dags/welcome_dag.py took 0.878 seconds
[2025-09-01T04:59:16.613+0000] {processor.py:161} INFO - Started process (PID=771) to work on /opt/airflow/dags/welcome_dag.py
[2025-09-01T04:59:16.615+0000] {processor.py:830} INFO - Processing file /opt/airflow/dags/welcome_dag.py for tasks to queue
[2025-09-01T04:59:16.617+0000] {logging_mixin.py:188} INFO - [2025-09-01T04:59:16.617+0000] {dagbag.py:538} INFO - Filling up the DagBag from /opt/airflow/dags/welcome_dag.py
[2025-09-01T04:59:16.656+0000] {processor.py:840} INFO - DAG(s) 'welcome_dag' retrieved from /opt/airflow/dags/welcome_dag.py
[2025-09-01T04:59:16.709+0000] {logging_mixin.py:188} INFO - [2025-09-01T04:59:16.708+0000] {dag.py:3036} INFO - Sync 1 DAGs
[2025-09-01T04:59:16.749+0000] {logging_mixin.py:188} INFO - [2025-09-01T04:59:16.748+0000] {dag.py:3823} INFO - Setting next_dagrun for welcome_dag to 2025-08-31 23:00:00+00:00, run_after=2025-09-01 23:00:00+00:00
[2025-09-01T04:59:16.899+0000] {processor.py:183} INFO - Processing /opt/airflow/dags/welcome_dag.py took 0.292 seconds
[2025-09-01T04:59:47.294+0000] {processor.py:161} INFO - Started process (PID=795) to work on /opt/airflow/dags/welcome_dag.py
[2025-09-01T04:59:47.297+0000] {processor.py:830} INFO - Processing file /opt/airflow/dags/welcome_dag.py for tasks to queue
[2025-09-01T04:59:47.300+0000] {logging_mixin.py:188} INFO - [2025-09-01T04:59:47.299+0000] {dagbag.py:538} INFO - Filling up the DagBag from /opt/airflow/dags/welcome_dag.py
[2025-09-01T04:59:47.344+0000] {processor.py:840} INFO - DAG(s) 'welcome_dag' retrieved from /opt/airflow/dags/welcome_dag.py
[2025-09-01T04:59:47.409+0000] {logging_mixin.py:188} INFO - [2025-09-01T04:59:47.408+0000] {dag.py:3036} INFO - Sync 1 DAGs
[2025-09-01T04:59:47.454+0000] {logging_mixin.py:188} INFO - [2025-09-01T04:59:47.454+0000] {dag.py:3823} INFO - Setting next_dagrun for welcome_dag to 2025-08-31 23:00:00+00:00, run_after=2025-09-01 23:00:00+00:00
[2025-09-01T04:59:47.838+0000] {processor.py:183} INFO - Processing /opt/airflow/dags/welcome_dag.py took 0.551 seconds
[2025-09-01T05:00:18.008+0000] {processor.py:161} INFO - Started process (PID=810) to work on /opt/airflow/dags/welcome_dag.py
[2025-09-01T05:00:18.010+0000] {processor.py:830} INFO - Processing file /opt/airflow/dags/welcome_dag.py for tasks to queue
[2025-09-01T05:00:18.013+0000] {logging_mixin.py:188} INFO - [2025-09-01T05:00:18.012+0000] {dagbag.py:538} INFO - Filling up the DagBag from /opt/airflow/dags/welcome_dag.py
[2025-09-01T05:00:18.047+0000] {processor.py:840} INFO - DAG(s) 'welcome_dag' retrieved from /opt/airflow/dags/welcome_dag.py
[2025-09-01T05:00:18.097+0000] {logging_mixin.py:188} INFO - [2025-09-01T05:00:18.097+0000] {dag.py:3036} INFO - Sync 1 DAGs
[2025-09-01T05:00:18.134+0000] {logging_mixin.py:188} INFO - [2025-09-01T05:00:18.133+0000] {dag.py:3823} INFO - Setting next_dagrun for welcome_dag to 2025-08-31 23:00:00+00:00, run_after=2025-09-01 23:00:00+00:00
[2025-09-01T05:00:18.252+0000] {processor.py:183} INFO - Processing /opt/airflow/dags/welcome_dag.py took 0.250 seconds
[2025-09-01T05:00:48.566+0000] {processor.py:161} INFO - Started process (PID=825) to work on /opt/airflow/dags/welcome_dag.py
[2025-09-01T05:00:48.569+0000] {processor.py:830} INFO - Processing file /opt/airflow/dags/welcome_dag.py for tasks to queue
[2025-09-01T05:00:48.571+0000] {logging_mixin.py:188} INFO - [2025-09-01T05:00:48.570+0000] {dagbag.py:538} INFO - Filling up the DagBag from /opt/airflow/dags/welcome_dag.py
[2025-09-01T05:00:48.609+0000] {processor.py:840} INFO - DAG(s) 'welcome_dag' retrieved from /opt/airflow/dags/welcome_dag.py
[2025-09-01T05:00:48.667+0000] {logging_mixin.py:188} INFO - [2025-09-01T05:00:48.667+0000] {dag.py:3036} INFO - Sync 1 DAGs
[2025-09-01T05:00:48.707+0000] {logging_mixin.py:188} INFO - [2025-09-01T05:00:48.706+0000] {dag.py:3823} INFO - Setting next_dagrun for welcome_dag to 2025-08-31 23:00:00+00:00, run_after=2025-09-01 23:00:00+00:00
[2025-09-01T05:00:48.812+0000] {processor.py:183} INFO - Processing /opt/airflow/dags/welcome_dag.py took 0.253 seconds
[2025-09-01T05:01:19.533+0000] {processor.py:161} INFO - Started process (PID=840) to work on /opt/airflow/dags/welcome_dag.py
[2025-09-01T05:01:19.536+0000] {processor.py:830} INFO - Processing file /opt/airflow/dags/welcome_dag.py for tasks to queue
[2025-09-01T05:01:19.538+0000] {logging_mixin.py:188} INFO - [2025-09-01T05:01:19.537+0000] {dagbag.py:538} INFO - Filling up the DagBag from /opt/airflow/dags/welcome_dag.py
[2025-09-01T05:01:19.579+0000] {processor.py:840} INFO - DAG(s) 'welcome_dag' retrieved from /opt/airflow/dags/welcome_dag.py
[2025-09-01T05:01:19.638+0000] {logging_mixin.py:188} INFO - [2025-09-01T05:01:19.638+0000] {dag.py:3036} INFO - Sync 1 DAGs
[2025-09-01T05:01:19.680+0000] {logging_mixin.py:188} INFO - [2025-09-01T05:01:19.679+0000] {dag.py:3823} INFO - Setting next_dagrun for welcome_dag to 2025-08-31 23:00:00+00:00, run_after=2025-09-01 23:00:00+00:00
[2025-09-01T05:01:19.772+0000] {processor.py:183} INFO - Processing /opt/airflow/dags/welcome_dag.py took 0.245 seconds
[2025-09-01T05:01:50.250+0000] {processor.py:161} INFO - Started process (PID=855) to work on /opt/airflow/dags/welcome_dag.py
[2025-09-01T05:01:50.253+0000] {processor.py:830} INFO - Processing file /opt/airflow/dags/welcome_dag.py for tasks to queue
[2025-09-01T05:01:50.255+0000] {logging_mixin.py:188} INFO - [2025-09-01T05:01:50.254+0000] {dagbag.py:538} INFO - Filling up the DagBag from /opt/airflow/dags/welcome_dag.py
[2025-09-01T05:01:50.294+0000] {processor.py:840} INFO - DAG(s) 'welcome_dag' retrieved from /opt/airflow/dags/welcome_dag.py
[2025-09-01T05:01:50.357+0000] {logging_mixin.py:188} INFO - [2025-09-01T05:01:50.357+0000] {dag.py:3036} INFO - Sync 1 DAGs
[2025-09-01T05:01:50.395+0000] {logging_mixin.py:188} INFO - [2025-09-01T05:01:50.395+0000] {dag.py:3823} INFO - Setting next_dagrun for welcome_dag to 2025-08-31 23:00:00+00:00, run_after=2025-09-01 23:00:00+00:00
[2025-09-01T05:01:50.560+0000] {processor.py:183} INFO - Processing /opt/airflow/dags/welcome_dag.py took 0.316 seconds
[2025-09-01T05:02:20.958+0000] {processor.py:161} INFO - Started process (PID=870) to work on /opt/airflow/dags/welcome_dag.py
[2025-09-01T05:02:20.968+0000] {processor.py:830} INFO - Processing file /opt/airflow/dags/welcome_dag.py for tasks to queue
[2025-09-01T05:02:20.971+0000] {logging_mixin.py:188} INFO - [2025-09-01T05:02:20.970+0000] {dagbag.py:538} INFO - Filling up the DagBag from /opt/airflow/dags/welcome_dag.py
[2025-09-01T05:02:21.001+0000] {processor.py:840} INFO - DAG(s) 'welcome_dag' retrieved from /opt/airflow/dags/welcome_dag.py
[2025-09-01T05:02:21.045+0000] {logging_mixin.py:188} INFO - [2025-09-01T05:02:21.044+0000] {dag.py:3036} INFO - Sync 1 DAGs
[2025-09-01T05:02:21.078+0000] {logging_mixin.py:188} INFO - [2025-09-01T05:02:21.078+0000] {dag.py:3823} INFO - Setting next_dagrun for welcome_dag to 2025-08-31 23:00:00+00:00, run_after=2025-09-01 23:00:00+00:00
[2025-09-01T05:02:21.350+0000] {processor.py:183} INFO - Processing /opt/airflow/dags/welcome_dag.py took 0.403 seconds
[2025-09-01T05:02:51.417+0000] {processor.py:161} INFO - Started process (PID=885) to work on /opt/airflow/dags/welcome_dag.py
[2025-09-01T05:02:51.419+0000] {processor.py:830} INFO - Processing file /opt/airflow/dags/welcome_dag.py for tasks to queue
[2025-09-01T05:02:51.421+0000] {logging_mixin.py:188} INFO - [2025-09-01T05:02:51.420+0000] {dagbag.py:538} INFO - Filling up the DagBag from /opt/airflow/dags/welcome_dag.py
[2025-09-01T05:02:51.453+0000] {processor.py:840} INFO - DAG(s) 'welcome_dag' retrieved from /opt/airflow/dags/welcome_dag.py
[2025-09-01T05:02:51.508+0000] {logging_mixin.py:188} INFO - [2025-09-01T05:02:51.507+0000] {dag.py:3036} INFO - Sync 1 DAGs
[2025-09-01T05:02:51.569+0000] {logging_mixin.py:188} INFO - [2025-09-01T05:02:51.569+0000] {dag.py:3823} INFO - Setting next_dagrun for welcome_dag to 2025-08-31 23:00:00+00:00, run_after=2025-09-01 23:00:00+00:00
[2025-09-01T05:02:51.746+0000] {processor.py:183} INFO - Processing /opt/airflow/dags/welcome_dag.py took 0.335 seconds
[2025-09-01T05:03:22.205+0000] {processor.py:161} INFO - Started process (PID=900) to work on /opt/airflow/dags/welcome_dag.py
[2025-09-01T05:03:22.207+0000] {processor.py:830} INFO - Processing file /opt/airflow/dags/welcome_dag.py for tasks to queue
[2025-09-01T05:03:22.209+0000] {logging_mixin.py:188} INFO - [2025-09-01T05:03:22.209+0000] {dagbag.py:538} INFO - Filling up the DagBag from /opt/airflow/dags/welcome_dag.py
[2025-09-01T05:03:22.244+0000] {processor.py:840} INFO - DAG(s) 'welcome_dag' retrieved from /opt/airflow/dags/welcome_dag.py
[2025-09-01T05:03:22.294+0000] {logging_mixin.py:188} INFO - [2025-09-01T05:03:22.294+0000] {dag.py:3036} INFO - Sync 1 DAGs
[2025-09-01T05:03:22.330+0000] {logging_mixin.py:188} INFO - [2025-09-01T05:03:22.329+0000] {dag.py:3823} INFO - Setting next_dagrun for welcome_dag to 2025-08-31 23:00:00+00:00, run_after=2025-09-01 23:00:00+00:00
[2025-09-01T05:03:22.880+0000] {processor.py:183} INFO - Processing /opt/airflow/dags/welcome_dag.py took 0.681 seconds
[2025-09-01T05:03:53.242+0000] {processor.py:161} INFO - Started process (PID=915) to work on /opt/airflow/dags/welcome_dag.py
[2025-09-01T05:03:53.244+0000] {processor.py:830} INFO - Processing file /opt/airflow/dags/welcome_dag.py for tasks to queue
[2025-09-01T05:03:53.246+0000] {logging_mixin.py:188} INFO - [2025-09-01T05:03:53.245+0000] {dagbag.py:538} INFO - Filling up the DagBag from /opt/airflow/dags/welcome_dag.py
[2025-09-01T05:03:53.278+0000] {processor.py:840} INFO - DAG(s) 'welcome_dag' retrieved from /opt/airflow/dags/welcome_dag.py
[2025-09-01T05:03:53.325+0000] {logging_mixin.py:188} INFO - [2025-09-01T05:03:53.325+0000] {dag.py:3036} INFO - Sync 1 DAGs
[2025-09-01T05:03:53.360+0000] {logging_mixin.py:188} INFO - [2025-09-01T05:03:53.359+0000] {dag.py:3823} INFO - Setting next_dagrun for welcome_dag to 2025-08-31 23:00:00+00:00, run_after=2025-09-01 23:00:00+00:00
[2025-09-01T05:03:53.738+0000] {processor.py:183} INFO - Processing /opt/airflow/dags/welcome_dag.py took 0.502 seconds
[2025-09-01T05:04:24.288+0000] {processor.py:161} INFO - Started process (PID=930) to work on /opt/airflow/dags/welcome_dag.py
[2025-09-01T05:04:24.290+0000] {processor.py:830} INFO - Processing file /opt/airflow/dags/welcome_dag.py for tasks to queue
[2025-09-01T05:04:24.292+0000] {logging_mixin.py:188} INFO - [2025-09-01T05:04:24.292+0000] {dagbag.py:538} INFO - Filling up the DagBag from /opt/airflow/dags/welcome_dag.py
[2025-09-01T05:04:24.330+0000] {processor.py:840} INFO - DAG(s) 'welcome_dag' retrieved from /opt/airflow/dags/welcome_dag.py
[2025-09-01T05:04:24.379+0000] {logging_mixin.py:188} INFO - [2025-09-01T05:04:24.379+0000] {dag.py:3036} INFO - Sync 1 DAGs
[2025-09-01T05:04:24.415+0000] {logging_mixin.py:188} INFO - [2025-09-01T05:04:24.414+0000] {dag.py:3823} INFO - Setting next_dagrun for welcome_dag to 2025-08-31 23:00:00+00:00, run_after=2025-09-01 23:00:00+00:00
[2025-09-01T05:04:24.543+0000] {processor.py:183} INFO - Processing /opt/airflow/dags/welcome_dag.py took 0.262 seconds
[2025-09-01T05:04:54.924+0000] {processor.py:161} INFO - Started process (PID=945) to work on /opt/airflow/dags/welcome_dag.py
[2025-09-01T05:04:54.927+0000] {processor.py:830} INFO - Processing file /opt/airflow/dags/welcome_dag.py for tasks to queue
[2025-09-01T05:04:54.929+0000] {logging_mixin.py:188} INFO - [2025-09-01T05:04:54.928+0000] {dagbag.py:538} INFO - Filling up the DagBag from /opt/airflow/dags/welcome_dag.py
[2025-09-01T05:04:54.961+0000] {processor.py:840} INFO - DAG(s) 'welcome_dag' retrieved from /opt/airflow/dags/welcome_dag.py
[2025-09-01T05:04:55.007+0000] {logging_mixin.py:188} INFO - [2025-09-01T05:04:55.007+0000] {dag.py:3036} INFO - Sync 1 DAGs
[2025-09-01T05:04:55.041+0000] {logging_mixin.py:188} INFO - [2025-09-01T05:04:55.041+0000] {dag.py:3823} INFO - Setting next_dagrun for welcome_dag to 2025-08-31 23:00:00+00:00, run_after=2025-09-01 23:00:00+00:00
[2025-09-01T05:04:55.229+0000] {processor.py:183} INFO - Processing /opt/airflow/dags/welcome_dag.py took 0.311 seconds
[2025-09-01T05:05:25.409+0000] {processor.py:161} INFO - Started process (PID=962) to work on /opt/airflow/dags/welcome_dag.py
[2025-09-01T05:05:25.411+0000] {processor.py:830} INFO - Processing file /opt/airflow/dags/welcome_dag.py for tasks to queue
[2025-09-01T05:05:25.413+0000] {logging_mixin.py:188} INFO - [2025-09-01T05:05:25.412+0000] {dagbag.py:538} INFO - Filling up the DagBag from /opt/airflow/dags/welcome_dag.py
[2025-09-01T05:05:25.448+0000] {processor.py:840} INFO - DAG(s) 'welcome_dag' retrieved from /opt/airflow/dags/welcome_dag.py
[2025-09-01T05:05:25.498+0000] {logging_mixin.py:188} INFO - [2025-09-01T05:05:25.498+0000] {dag.py:3036} INFO - Sync 1 DAGs
[2025-09-01T05:05:25.541+0000] {logging_mixin.py:188} INFO - [2025-09-01T05:05:25.540+0000] {dag.py:3823} INFO - Setting next_dagrun for welcome_dag to 2025-08-31 23:00:00+00:00, run_after=2025-09-01 23:00:00+00:00
[2025-09-01T05:05:25.657+0000] {processor.py:183} INFO - Processing /opt/airflow/dags/welcome_dag.py took 0.254 seconds
[2025-09-01T05:05:56.254+0000] {processor.py:161} INFO - Started process (PID=977) to work on /opt/airflow/dags/welcome_dag.py
[2025-09-01T05:05:56.256+0000] {processor.py:830} INFO - Processing file /opt/airflow/dags/welcome_dag.py for tasks to queue
[2025-09-01T05:05:56.258+0000] {logging_mixin.py:188} INFO - [2025-09-01T05:05:56.257+0000] {dagbag.py:538} INFO - Filling up the DagBag from /opt/airflow/dags/welcome_dag.py
[2025-09-01T05:05:56.293+0000] {processor.py:840} INFO - DAG(s) 'welcome_dag' retrieved from /opt/airflow/dags/welcome_dag.py
[2025-09-01T05:05:56.342+0000] {logging_mixin.py:188} INFO - [2025-09-01T05:05:56.342+0000] {dag.py:3036} INFO - Sync 1 DAGs
[2025-09-01T05:05:56.380+0000] {logging_mixin.py:188} INFO - [2025-09-01T05:05:56.379+0000] {dag.py:3823} INFO - Setting next_dagrun for welcome_dag to 2025-08-31 23:00:00+00:00, run_after=2025-09-01 23:00:00+00:00
[2025-09-01T05:05:56.447+0000] {processor.py:183} INFO - Processing /opt/airflow/dags/welcome_dag.py took 0.200 seconds
[2025-09-01T05:06:27.017+0000] {processor.py:161} INFO - Started process (PID=992) to work on /opt/airflow/dags/welcome_dag.py
[2025-09-01T05:06:27.020+0000] {processor.py:830} INFO - Processing file /opt/airflow/dags/welcome_dag.py for tasks to queue
[2025-09-01T05:06:27.021+0000] {logging_mixin.py:188} INFO - [2025-09-01T05:06:27.021+0000] {dagbag.py:538} INFO - Filling up the DagBag from /opt/airflow/dags/welcome_dag.py
[2025-09-01T05:06:27.057+0000] {processor.py:840} INFO - DAG(s) 'welcome_dag' retrieved from /opt/airflow/dags/welcome_dag.py
[2025-09-01T05:06:27.105+0000] {logging_mixin.py:188} INFO - [2025-09-01T05:06:27.104+0000] {dag.py:3036} INFO - Sync 1 DAGs
[2025-09-01T05:06:27.139+0000] {logging_mixin.py:188} INFO - [2025-09-01T05:06:27.138+0000] {dag.py:3823} INFO - Setting next_dagrun for welcome_dag to 2025-08-31 23:00:00+00:00, run_after=2025-09-01 23:00:00+00:00
[2025-09-01T05:06:27.206+0000] {processor.py:183} INFO - Processing /opt/airflow/dags/welcome_dag.py took 0.195 seconds
[2025-09-01T05:06:57.713+0000] {processor.py:161} INFO - Started process (PID=1007) to work on /opt/airflow/dags/welcome_dag.py
[2025-09-01T05:06:57.715+0000] {processor.py:830} INFO - Processing file /opt/airflow/dags/welcome_dag.py for tasks to queue
[2025-09-01T05:06:57.717+0000] {logging_mixin.py:188} INFO - [2025-09-01T05:06:57.716+0000] {dagbag.py:538} INFO - Filling up the DagBag from /opt/airflow/dags/welcome_dag.py
[2025-09-01T05:06:57.753+0000] {processor.py:840} INFO - DAG(s) 'welcome_dag' retrieved from /opt/airflow/dags/welcome_dag.py
[2025-09-01T05:06:57.828+0000] {logging_mixin.py:188} INFO - [2025-09-01T05:06:57.827+0000] {dag.py:3036} INFO - Sync 1 DAGs
[2025-09-01T05:06:57.865+0000] {logging_mixin.py:188} INFO - [2025-09-01T05:06:57.864+0000] {dag.py:3823} INFO - Setting next_dagrun for welcome_dag to 2025-08-31 23:00:00+00:00, run_after=2025-09-01 23:00:00+00:00
[2025-09-01T05:06:57.945+0000] {processor.py:183} INFO - Processing /opt/airflow/dags/welcome_dag.py took 0.214 seconds
[2025-09-01T05:07:28.499+0000] {processor.py:161} INFO - Started process (PID=1022) to work on /opt/airflow/dags/welcome_dag.py
[2025-09-01T05:07:28.501+0000] {processor.py:830} INFO - Processing file /opt/airflow/dags/welcome_dag.py for tasks to queue
[2025-09-01T05:07:28.503+0000] {logging_mixin.py:188} INFO - [2025-09-01T05:07:28.502+0000] {dagbag.py:538} INFO - Filling up the DagBag from /opt/airflow/dags/welcome_dag.py
[2025-09-01T05:07:28.537+0000] {processor.py:840} INFO - DAG(s) 'welcome_dag' retrieved from /opt/airflow/dags/welcome_dag.py
[2025-09-01T05:07:28.590+0000] {logging_mixin.py:188} INFO - [2025-09-01T05:07:28.590+0000] {dag.py:3036} INFO - Sync 1 DAGs
[2025-09-01T05:07:28.653+0000] {logging_mixin.py:188} INFO - [2025-09-01T05:07:28.648+0000] {dag.py:3823} INFO - Setting next_dagrun for welcome_dag to 2025-08-31 23:00:00+00:00, run_after=2025-09-01 23:00:00+00:00
[2025-09-01T05:07:28.724+0000] {processor.py:183} INFO - Processing /opt/airflow/dags/welcome_dag.py took 0.232 seconds
[2025-09-01T05:07:59.232+0000] {processor.py:161} INFO - Started process (PID=1037) to work on /opt/airflow/dags/welcome_dag.py
[2025-09-01T05:07:59.234+0000] {processor.py:830} INFO - Processing file /opt/airflow/dags/welcome_dag.py for tasks to queue
[2025-09-01T05:07:59.236+0000] {logging_mixin.py:188} INFO - [2025-09-01T05:07:59.236+0000] {dagbag.py:538} INFO - Filling up the DagBag from /opt/airflow/dags/welcome_dag.py
[2025-09-01T05:07:59.271+0000] {processor.py:840} INFO - DAG(s) 'welcome_dag' retrieved from /opt/airflow/dags/welcome_dag.py
[2025-09-01T05:07:59.323+0000] {logging_mixin.py:188} INFO - [2025-09-01T05:07:59.322+0000] {dag.py:3036} INFO - Sync 1 DAGs
[2025-09-01T05:07:59.361+0000] {logging_mixin.py:188} INFO - [2025-09-01T05:07:59.360+0000] {dag.py:3823} INFO - Setting next_dagrun for welcome_dag to 2025-08-31 23:00:00+00:00, run_after=2025-09-01 23:00:00+00:00
[2025-09-01T05:07:59.471+0000] {processor.py:183} INFO - Processing /opt/airflow/dags/welcome_dag.py took 0.247 seconds
[2025-09-01T05:08:30.024+0000] {processor.py:161} INFO - Started process (PID=1052) to work on /opt/airflow/dags/welcome_dag.py
[2025-09-01T05:08:30.026+0000] {processor.py:830} INFO - Processing file /opt/airflow/dags/welcome_dag.py for tasks to queue
[2025-09-01T05:08:30.029+0000] {logging_mixin.py:188} INFO - [2025-09-01T05:08:30.028+0000] {dagbag.py:538} INFO - Filling up the DagBag from /opt/airflow/dags/welcome_dag.py
[2025-09-01T05:08:30.067+0000] {processor.py:840} INFO - DAG(s) 'welcome_dag' retrieved from /opt/airflow/dags/welcome_dag.py
[2025-09-01T05:08:30.120+0000] {logging_mixin.py:188} INFO - [2025-09-01T05:08:30.120+0000] {dag.py:3036} INFO - Sync 1 DAGs
[2025-09-01T05:08:30.159+0000] {logging_mixin.py:188} INFO - [2025-09-01T05:08:30.158+0000] {dag.py:3823} INFO - Setting next_dagrun for welcome_dag to 2025-08-31 23:00:00+00:00, run_after=2025-09-01 23:00:00+00:00
[2025-09-01T05:08:30.253+0000] {processor.py:183} INFO - Processing /opt/airflow/dags/welcome_dag.py took 0.236 seconds
[2025-09-01T05:09:00.936+0000] {processor.py:161} INFO - Started process (PID=1067) to work on /opt/airflow/dags/welcome_dag.py
[2025-09-01T05:09:00.938+0000] {processor.py:830} INFO - Processing file /opt/airflow/dags/welcome_dag.py for tasks to queue
[2025-09-01T05:09:00.940+0000] {logging_mixin.py:188} INFO - [2025-09-01T05:09:00.939+0000] {dagbag.py:538} INFO - Filling up the DagBag from /opt/airflow/dags/welcome_dag.py
[2025-09-01T05:09:00.976+0000] {processor.py:840} INFO - DAG(s) 'welcome_dag' retrieved from /opt/airflow/dags/welcome_dag.py
[2025-09-01T05:09:01.027+0000] {logging_mixin.py:188} INFO - [2025-09-01T05:09:01.027+0000] {dag.py:3036} INFO - Sync 1 DAGs
[2025-09-01T05:09:01.067+0000] {logging_mixin.py:188} INFO - [2025-09-01T05:09:01.066+0000] {dag.py:3823} INFO - Setting next_dagrun for welcome_dag to 2025-08-31 23:00:00+00:00, run_after=2025-09-01 23:00:00+00:00
[2025-09-01T05:09:01.234+0000] {processor.py:183} INFO - Processing /opt/airflow/dags/welcome_dag.py took 0.305 seconds
[2025-09-01T05:09:31.898+0000] {processor.py:161} INFO - Started process (PID=1082) to work on /opt/airflow/dags/welcome_dag.py
[2025-09-01T05:09:31.900+0000] {processor.py:830} INFO - Processing file /opt/airflow/dags/welcome_dag.py for tasks to queue
[2025-09-01T05:09:31.902+0000] {logging_mixin.py:188} INFO - [2025-09-01T05:09:31.901+0000] {dagbag.py:538} INFO - Filling up the DagBag from /opt/airflow/dags/welcome_dag.py
[2025-09-01T05:09:31.941+0000] {processor.py:840} INFO - DAG(s) 'welcome_dag' retrieved from /opt/airflow/dags/welcome_dag.py
[2025-09-01T05:09:31.990+0000] {logging_mixin.py:188} INFO - [2025-09-01T05:09:31.990+0000] {dag.py:3036} INFO - Sync 1 DAGs
[2025-09-01T05:09:32.025+0000] {logging_mixin.py:188} INFO - [2025-09-01T05:09:32.025+0000] {dag.py:3823} INFO - Setting next_dagrun for welcome_dag to 2025-08-31 23:00:00+00:00, run_after=2025-09-01 23:00:00+00:00
[2025-09-01T05:09:32.110+0000] {processor.py:183} INFO - Processing /opt/airflow/dags/welcome_dag.py took 0.219 seconds
[2025-09-01T05:10:02.866+0000] {processor.py:161} INFO - Started process (PID=1095) to work on /opt/airflow/dags/welcome_dag.py
[2025-09-01T05:10:02.868+0000] {processor.py:830} INFO - Processing file /opt/airflow/dags/welcome_dag.py for tasks to queue
[2025-09-01T05:10:02.870+0000] {logging_mixin.py:188} INFO - [2025-09-01T05:10:02.869+0000] {dagbag.py:538} INFO - Filling up the DagBag from /opt/airflow/dags/welcome_dag.py
[2025-09-01T05:10:02.905+0000] {processor.py:840} INFO - DAG(s) 'welcome_dag' retrieved from /opt/airflow/dags/welcome_dag.py
[2025-09-01T05:10:03.223+0000] {logging_mixin.py:188} INFO - [2025-09-01T05:10:03.222+0000] {dag.py:3036} INFO - Sync 1 DAGs
[2025-09-01T05:10:03.264+0000] {logging_mixin.py:188} INFO - [2025-09-01T05:10:03.264+0000] {dag.py:3823} INFO - Setting next_dagrun for welcome_dag to 2025-08-31 23:00:00+00:00, run_after=2025-09-01 23:00:00+00:00
[2025-09-01T05:10:03.482+0000] {processor.py:183} INFO - Processing /opt/airflow/dags/welcome_dag.py took 0.622 seconds
[2025-09-01T05:10:33.594+0000] {processor.py:161} INFO - Started process (PID=1107) to work on /opt/airflow/dags/welcome_dag.py
[2025-09-01T05:10:33.597+0000] {processor.py:830} INFO - Processing file /opt/airflow/dags/welcome_dag.py for tasks to queue
[2025-09-01T05:10:33.600+0000] {logging_mixin.py:188} INFO - [2025-09-01T05:10:33.599+0000] {dagbag.py:538} INFO - Filling up the DagBag from /opt/airflow/dags/welcome_dag.py
[2025-09-01T05:10:33.646+0000] {processor.py:840} INFO - DAG(s) 'welcome_dag' retrieved from /opt/airflow/dags/welcome_dag.py
[2025-09-01T05:10:33.711+0000] {logging_mixin.py:188} INFO - [2025-09-01T05:10:33.711+0000] {dag.py:3036} INFO - Sync 1 DAGs
[2025-09-01T05:10:33.753+0000] {logging_mixin.py:188} INFO - [2025-09-01T05:10:33.752+0000] {dag.py:3823} INFO - Setting next_dagrun for welcome_dag to 2025-08-31 23:00:00+00:00, run_after=2025-09-01 23:00:00+00:00
[2025-09-01T05:10:34.642+0000] {processor.py:183} INFO - Processing /opt/airflow/dags/welcome_dag.py took 1.056 seconds
[2025-09-01T05:11:05.117+0000] {processor.py:161} INFO - Started process (PID=1122) to work on /opt/airflow/dags/welcome_dag.py
[2025-09-01T05:11:05.119+0000] {processor.py:830} INFO - Processing file /opt/airflow/dags/welcome_dag.py for tasks to queue
[2025-09-01T05:11:05.121+0000] {logging_mixin.py:188} INFO - [2025-09-01T05:11:05.121+0000] {dagbag.py:538} INFO - Filling up the DagBag from /opt/airflow/dags/welcome_dag.py
[2025-09-01T05:11:05.160+0000] {processor.py:840} INFO - DAG(s) 'welcome_dag' retrieved from /opt/airflow/dags/welcome_dag.py
[2025-09-01T05:11:05.218+0000] {logging_mixin.py:188} INFO - [2025-09-01T05:11:05.217+0000] {dag.py:3036} INFO - Sync 1 DAGs
[2025-09-01T05:11:05.257+0000] {logging_mixin.py:188} INFO - [2025-09-01T05:11:05.257+0000] {dag.py:3823} INFO - Setting next_dagrun for welcome_dag to 2025-08-31 23:00:00+00:00, run_after=2025-09-01 23:00:00+00:00
[2025-09-01T05:11:05.633+0000] {processor.py:183} INFO - Processing /opt/airflow/dags/welcome_dag.py took 0.525 seconds
[2025-09-01T05:11:36.395+0000] {processor.py:161} INFO - Started process (PID=1137) to work on /opt/airflow/dags/welcome_dag.py
[2025-09-01T05:11:36.397+0000] {processor.py:830} INFO - Processing file /opt/airflow/dags/welcome_dag.py for tasks to queue
[2025-09-01T05:11:36.399+0000] {logging_mixin.py:188} INFO - [2025-09-01T05:11:36.398+0000] {dagbag.py:538} INFO - Filling up the DagBag from /opt/airflow/dags/welcome_dag.py
[2025-09-01T05:11:36.435+0000] {processor.py:840} INFO - DAG(s) 'welcome_dag' retrieved from /opt/airflow/dags/welcome_dag.py
[2025-09-01T05:11:36.494+0000] {logging_mixin.py:188} INFO - [2025-09-01T05:11:36.494+0000] {dag.py:3036} INFO - Sync 1 DAGs
[2025-09-01T05:11:36.539+0000] {logging_mixin.py:188} INFO - [2025-09-01T05:11:36.538+0000] {dag.py:3823} INFO - Setting next_dagrun for welcome_dag to 2025-08-31 23:00:00+00:00, run_after=2025-09-01 23:00:00+00:00
[2025-09-01T05:11:36.622+0000] {processor.py:183} INFO - Processing /opt/airflow/dags/welcome_dag.py took 0.233 seconds
[2025-09-01T05:12:06.853+0000] {processor.py:161} INFO - Started process (PID=1152) to work on /opt/airflow/dags/welcome_dag.py
[2025-09-01T05:12:06.855+0000] {processor.py:830} INFO - Processing file /opt/airflow/dags/welcome_dag.py for tasks to queue
[2025-09-01T05:12:06.857+0000] {logging_mixin.py:188} INFO - [2025-09-01T05:12:06.856+0000] {dagbag.py:538} INFO - Filling up the DagBag from /opt/airflow/dags/welcome_dag.py
[2025-09-01T05:12:06.899+0000] {processor.py:840} INFO - DAG(s) 'welcome_dag' retrieved from /opt/airflow/dags/welcome_dag.py
[2025-09-01T05:12:06.947+0000] {logging_mixin.py:188} INFO - [2025-09-01T05:12:06.947+0000] {dag.py:3036} INFO - Sync 1 DAGs
[2025-09-01T05:12:06.984+0000] {logging_mixin.py:188} INFO - [2025-09-01T05:12:06.984+0000] {dag.py:3823} INFO - Setting next_dagrun for welcome_dag to 2025-08-31 23:00:00+00:00, run_after=2025-09-01 23:00:00+00:00
[2025-09-01T05:12:07.063+0000] {processor.py:183} INFO - Processing /opt/airflow/dags/welcome_dag.py took 0.217 seconds
[2025-09-01T05:12:37.349+0000] {processor.py:161} INFO - Started process (PID=1167) to work on /opt/airflow/dags/welcome_dag.py
[2025-09-01T05:12:37.351+0000] {processor.py:830} INFO - Processing file /opt/airflow/dags/welcome_dag.py for tasks to queue
[2025-09-01T05:12:37.353+0000] {logging_mixin.py:188} INFO - [2025-09-01T05:12:37.353+0000] {dagbag.py:538} INFO - Filling up the DagBag from /opt/airflow/dags/welcome_dag.py
[2025-09-01T05:12:37.396+0000] {processor.py:840} INFO - DAG(s) 'welcome_dag' retrieved from /opt/airflow/dags/welcome_dag.py
[2025-09-01T05:12:37.446+0000] {logging_mixin.py:188} INFO - [2025-09-01T05:12:37.445+0000] {dag.py:3036} INFO - Sync 1 DAGs
[2025-09-01T05:12:37.483+0000] {logging_mixin.py:188} INFO - [2025-09-01T05:12:37.482+0000] {dag.py:3823} INFO - Setting next_dagrun for welcome_dag to 2025-08-31 23:00:00+00:00, run_after=2025-09-01 23:00:00+00:00
[2025-09-01T05:12:37.574+0000] {processor.py:183} INFO - Processing /opt/airflow/dags/welcome_dag.py took 0.231 seconds
[2025-09-01T05:13:07.732+0000] {processor.py:161} INFO - Started process (PID=1187) to work on /opt/airflow/dags/welcome_dag.py
[2025-09-01T05:13:07.734+0000] {processor.py:830} INFO - Processing file /opt/airflow/dags/welcome_dag.py for tasks to queue
[2025-09-01T05:13:07.736+0000] {logging_mixin.py:188} INFO - [2025-09-01T05:13:07.736+0000] {dagbag.py:538} INFO - Filling up the DagBag from /opt/airflow/dags/welcome_dag.py
[2025-09-01T05:13:07.773+0000] {processor.py:840} INFO - DAG(s) 'welcome_dag' retrieved from /opt/airflow/dags/welcome_dag.py
[2025-09-01T05:13:07.823+0000] {logging_mixin.py:188} INFO - [2025-09-01T05:13:07.822+0000] {dag.py:3036} INFO - Sync 1 DAGs
[2025-09-01T05:13:07.860+0000] {logging_mixin.py:188} INFO - [2025-09-01T05:13:07.860+0000] {dag.py:3823} INFO - Setting next_dagrun for welcome_dag to 2025-08-31 23:00:00+00:00, run_after=2025-09-01 23:00:00+00:00
[2025-09-01T05:13:08.009+0000] {processor.py:183} INFO - Processing /opt/airflow/dags/welcome_dag.py took 0.282 seconds
[2025-09-01T05:13:38.437+0000] {processor.py:161} INFO - Started process (PID=1202) to work on /opt/airflow/dags/welcome_dag.py
[2025-09-01T05:13:38.439+0000] {processor.py:830} INFO - Processing file /opt/airflow/dags/welcome_dag.py for tasks to queue
[2025-09-01T05:13:38.441+0000] {logging_mixin.py:188} INFO - [2025-09-01T05:13:38.440+0000] {dagbag.py:538} INFO - Filling up the DagBag from /opt/airflow/dags/welcome_dag.py
[2025-09-01T05:13:38.479+0000] {processor.py:840} INFO - DAG(s) 'welcome_dag' retrieved from /opt/airflow/dags/welcome_dag.py
[2025-09-01T05:13:38.527+0000] {logging_mixin.py:188} INFO - [2025-09-01T05:13:38.527+0000] {dag.py:3036} INFO - Sync 1 DAGs
[2025-09-01T05:13:38.564+0000] {logging_mixin.py:188} INFO - [2025-09-01T05:13:38.563+0000] {dag.py:3823} INFO - Setting next_dagrun for welcome_dag to 2025-08-31 23:00:00+00:00, run_after=2025-09-01 23:00:00+00:00
[2025-09-01T05:13:38.645+0000] {processor.py:183} INFO - Processing /opt/airflow/dags/welcome_dag.py took 0.213 seconds
[2025-09-01T05:14:08.931+0000] {processor.py:161} INFO - Started process (PID=1222) to work on /opt/airflow/dags/welcome_dag.py
[2025-09-01T05:14:08.933+0000] {processor.py:830} INFO - Processing file /opt/airflow/dags/welcome_dag.py for tasks to queue
[2025-09-01T05:14:08.935+0000] {logging_mixin.py:188} INFO - [2025-09-01T05:14:08.934+0000] {dagbag.py:538} INFO - Filling up the DagBag from /opt/airflow/dags/welcome_dag.py
[2025-09-01T05:14:08.968+0000] {processor.py:840} INFO - DAG(s) 'welcome_dag' retrieved from /opt/airflow/dags/welcome_dag.py
[2025-09-01T05:14:09.013+0000] {logging_mixin.py:188} INFO - [2025-09-01T05:14:09.013+0000] {dag.py:3036} INFO - Sync 1 DAGs
[2025-09-01T05:14:09.049+0000] {logging_mixin.py:188} INFO - [2025-09-01T05:14:09.048+0000] {dag.py:3823} INFO - Setting next_dagrun for welcome_dag to 2025-08-31 23:00:00+00:00, run_after=2025-09-01 23:00:00+00:00
[2025-09-01T05:14:09.134+0000] {processor.py:183} INFO - Processing /opt/airflow/dags/welcome_dag.py took 0.210 seconds
[2025-09-01T05:14:40.028+0000] {processor.py:161} INFO - Started process (PID=1237) to work on /opt/airflow/dags/welcome_dag.py
[2025-09-01T05:14:40.030+0000] {processor.py:830} INFO - Processing file /opt/airflow/dags/welcome_dag.py for tasks to queue
[2025-09-01T05:14:40.032+0000] {logging_mixin.py:188} INFO - [2025-09-01T05:14:40.031+0000] {dagbag.py:538} INFO - Filling up the DagBag from /opt/airflow/dags/welcome_dag.py
[2025-09-01T05:14:40.070+0000] {processor.py:840} INFO - DAG(s) 'welcome_dag' retrieved from /opt/airflow/dags/welcome_dag.py
[2025-09-01T05:14:40.120+0000] {logging_mixin.py:188} INFO - [2025-09-01T05:14:40.120+0000] {dag.py:3036} INFO - Sync 1 DAGs
[2025-09-01T05:14:40.160+0000] {logging_mixin.py:188} INFO - [2025-09-01T05:14:40.159+0000] {dag.py:3823} INFO - Setting next_dagrun for welcome_dag to 2025-08-31 23:00:00+00:00, run_after=2025-09-01 23:00:00+00:00
[2025-09-01T05:14:40.288+0000] {processor.py:183} INFO - Processing /opt/airflow/dags/welcome_dag.py took 0.272 seconds
[2025-09-01T05:15:10.572+0000] {processor.py:161} INFO - Started process (PID=1252) to work on /opt/airflow/dags/welcome_dag.py
[2025-09-01T05:15:10.574+0000] {processor.py:830} INFO - Processing file /opt/airflow/dags/welcome_dag.py for tasks to queue
[2025-09-01T05:15:10.576+0000] {logging_mixin.py:188} INFO - [2025-09-01T05:15:10.576+0000] {dagbag.py:538} INFO - Filling up the DagBag from /opt/airflow/dags/welcome_dag.py
[2025-09-01T05:15:10.615+0000] {processor.py:840} INFO - DAG(s) 'welcome_dag' retrieved from /opt/airflow/dags/welcome_dag.py
[2025-09-01T05:15:10.758+0000] {logging_mixin.py:188} INFO - [2025-09-01T05:15:10.757+0000] {dag.py:3036} INFO - Sync 1 DAGs
[2025-09-01T05:15:10.809+0000] {logging_mixin.py:188} INFO - [2025-09-01T05:15:10.809+0000] {dag.py:3823} INFO - Setting next_dagrun for welcome_dag to 2025-08-31 23:00:00+00:00, run_after=2025-09-01 23:00:00+00:00
[2025-09-01T05:15:11.004+0000] {processor.py:183} INFO - Processing /opt/airflow/dags/welcome_dag.py took 0.439 seconds
[2025-09-01T08:16:59.955+0000] {processor.py:161} INFO - Started process (PID=175) to work on /opt/airflow/dags/welcome_dag.py
[2025-09-01T08:17:00.180+0000] {processor.py:830} INFO - Processing file /opt/airflow/dags/welcome_dag.py for tasks to queue
[2025-09-01T08:17:00.182+0000] {logging_mixin.py:188} INFO - [2025-09-01T08:17:00.181+0000] {dagbag.py:538} INFO - Filling up the DagBag from /opt/airflow/dags/welcome_dag.py
[2025-09-01T08:17:00.235+0000] {processor.py:840} INFO - DAG(s) 'welcome_dag' retrieved from /opt/airflow/dags/welcome_dag.py
[2025-09-01T08:17:00.277+0000] {logging_mixin.py:188} INFO - [2025-09-01T08:17:00.277+0000] {dag.py:3036} INFO - Sync 1 DAGs
[2025-09-01T08:17:00.358+0000] {logging_mixin.py:188} INFO - [2025-09-01T08:17:00.357+0000] {dag.py:3823} INFO - Setting next_dagrun for welcome_dag to 2025-08-31 23:00:00+00:00, run_after=2025-09-01 23:00:00+00:00
[2025-09-01T08:17:00.713+0000] {processor.py:183} INFO - Processing /opt/airflow/dags/welcome_dag.py took 0.778 seconds
[2025-09-01T08:17:33.832+0000] {processor.py:161} INFO - Started process (PID=190) to work on /opt/airflow/dags/welcome_dag.py
[2025-09-01T08:17:33.835+0000] {processor.py:830} INFO - Processing file /opt/airflow/dags/welcome_dag.py for tasks to queue
[2025-09-01T08:17:33.838+0000] {logging_mixin.py:188} INFO - [2025-09-01T08:17:33.837+0000] {dagbag.py:538} INFO - Filling up the DagBag from /opt/airflow/dags/welcome_dag.py
[2025-09-01T08:17:34.044+0000] {processor.py:840} INFO - DAG(s) 'welcome_dag' retrieved from /opt/airflow/dags/welcome_dag.py
[2025-09-01T08:17:34.388+0000] {logging_mixin.py:188} INFO - [2025-09-01T08:17:34.388+0000] {dag.py:3036} INFO - Sync 1 DAGs
[2025-09-01T08:17:34.436+0000] {logging_mixin.py:188} INFO - [2025-09-01T08:17:34.435+0000] {dag.py:3823} INFO - Setting next_dagrun for welcome_dag to 2025-08-31 23:00:00+00:00, run_after=2025-09-01 23:00:00+00:00
[2025-09-01T08:17:34.813+0000] {processor.py:183} INFO - Processing /opt/airflow/dags/welcome_dag.py took 0.991 seconds
[2025-09-01T08:18:05.838+0000] {processor.py:161} INFO - Started process (PID=207) to work on /opt/airflow/dags/welcome_dag.py
[2025-09-01T08:18:05.841+0000] {processor.py:830} INFO - Processing file /opt/airflow/dags/welcome_dag.py for tasks to queue
[2025-09-01T08:18:05.843+0000] {logging_mixin.py:188} INFO - [2025-09-01T08:18:05.842+0000] {dagbag.py:538} INFO - Filling up the DagBag from /opt/airflow/dags/welcome_dag.py
[2025-09-01T08:18:05.898+0000] {processor.py:840} INFO - DAG(s) 'welcome_dag' retrieved from /opt/airflow/dags/welcome_dag.py
[2025-09-01T08:18:05.959+0000] {logging_mixin.py:188} INFO - [2025-09-01T08:18:05.959+0000] {dag.py:3036} INFO - Sync 1 DAGs
[2025-09-01T08:18:06.007+0000] {logging_mixin.py:188} INFO - [2025-09-01T08:18:06.006+0000] {dag.py:3823} INFO - Setting next_dagrun for welcome_dag to 2025-08-31 23:00:00+00:00, run_after=2025-09-01 23:00:00+00:00
[2025-09-01T08:18:06.343+0000] {processor.py:183} INFO - Processing /opt/airflow/dags/welcome_dag.py took 0.515 seconds
[2025-09-01T08:18:36.604+0000] {processor.py:161} INFO - Started process (PID=220) to work on /opt/airflow/dags/welcome_dag.py
[2025-09-01T08:18:36.607+0000] {processor.py:830} INFO - Processing file /opt/airflow/dags/welcome_dag.py for tasks to queue
[2025-09-01T08:18:36.609+0000] {logging_mixin.py:188} INFO - [2025-09-01T08:18:36.609+0000] {dagbag.py:538} INFO - Filling up the DagBag from /opt/airflow/dags/welcome_dag.py
[2025-09-01T08:18:36.664+0000] {processor.py:840} INFO - DAG(s) 'welcome_dag' retrieved from /opt/airflow/dags/welcome_dag.py
[2025-09-01T08:18:36.737+0000] {logging_mixin.py:188} INFO - [2025-09-01T08:18:36.737+0000] {dag.py:3036} INFO - Sync 1 DAGs
[2025-09-01T08:18:36.794+0000] {logging_mixin.py:188} INFO - [2025-09-01T08:18:36.794+0000] {dag.py:3823} INFO - Setting next_dagrun for welcome_dag to 2025-08-31 23:00:00+00:00, run_after=2025-09-01 23:00:00+00:00
[2025-09-01T08:18:36.940+0000] {processor.py:183} INFO - Processing /opt/airflow/dags/welcome_dag.py took 0.346 seconds
[2025-09-01T08:19:09.815+0000] {processor.py:161} INFO - Started process (PID=237) to work on /opt/airflow/dags/welcome_dag.py
[2025-09-01T08:19:09.820+0000] {processor.py:830} INFO - Processing file /opt/airflow/dags/welcome_dag.py for tasks to queue
[2025-09-01T08:19:09.825+0000] {logging_mixin.py:188} INFO - [2025-09-01T08:19:09.824+0000] {dagbag.py:538} INFO - Filling up the DagBag from /opt/airflow/dags/welcome_dag.py
[2025-09-01T08:19:09.914+0000] {processor.py:840} INFO - DAG(s) 'welcome_dag' retrieved from /opt/airflow/dags/welcome_dag.py
[2025-09-01T08:19:09.988+0000] {logging_mixin.py:188} INFO - [2025-09-01T08:19:09.988+0000] {dag.py:3036} INFO - Sync 1 DAGs
[2025-09-01T08:19:10.032+0000] {logging_mixin.py:188} INFO - [2025-09-01T08:19:10.031+0000] {dag.py:3823} INFO - Setting next_dagrun for welcome_dag to 2025-08-31 23:00:00+00:00, run_after=2025-09-01 23:00:00+00:00
[2025-09-01T08:19:10.542+0000] {processor.py:183} INFO - Processing /opt/airflow/dags/welcome_dag.py took 0.742 seconds
[2025-09-01T08:19:40.850+0000] {processor.py:161} INFO - Started process (PID=252) to work on /opt/airflow/dags/welcome_dag.py
[2025-09-01T08:19:40.854+0000] {processor.py:830} INFO - Processing file /opt/airflow/dags/welcome_dag.py for tasks to queue
[2025-09-01T08:19:40.857+0000] {logging_mixin.py:188} INFO - [2025-09-01T08:19:40.856+0000] {dagbag.py:538} INFO - Filling up the DagBag from /opt/airflow/dags/welcome_dag.py
[2025-09-01T08:19:40.937+0000] {processor.py:840} INFO - DAG(s) 'welcome_dag' retrieved from /opt/airflow/dags/welcome_dag.py
[2025-09-01T08:19:41.381+0000] {logging_mixin.py:188} INFO - [2025-09-01T08:19:41.380+0000] {dag.py:3036} INFO - Sync 1 DAGs
[2025-09-01T08:19:41.444+0000] {logging_mixin.py:188} INFO - [2025-09-01T08:19:41.444+0000] {dag.py:3823} INFO - Setting next_dagrun for welcome_dag to 2025-08-31 23:00:00+00:00, run_after=2025-09-01 23:00:00+00:00
[2025-09-01T08:19:42.126+0000] {processor.py:183} INFO - Processing /opt/airflow/dags/welcome_dag.py took 1.290 seconds
[2025-09-01T08:20:16.799+0000] {processor.py:161} INFO - Started process (PID=265) to work on /opt/airflow/dags/welcome_dag.py
[2025-09-01T08:20:16.802+0000] {processor.py:830} INFO - Processing file /opt/airflow/dags/welcome_dag.py for tasks to queue
[2025-09-01T08:20:16.805+0000] {logging_mixin.py:188} INFO - [2025-09-01T08:20:16.804+0000] {dagbag.py:538} INFO - Filling up the DagBag from /opt/airflow/dags/welcome_dag.py
[2025-09-01T08:20:16.991+0000] {processor.py:840} INFO - DAG(s) 'welcome_dag' retrieved from /opt/airflow/dags/welcome_dag.py
[2025-09-01T08:20:17.051+0000] {logging_mixin.py:188} INFO - [2025-09-01T08:20:17.051+0000] {dag.py:3036} INFO - Sync 1 DAGs
[2025-09-01T08:20:17.097+0000] {logging_mixin.py:188} INFO - [2025-09-01T08:20:17.096+0000] {dag.py:3823} INFO - Setting next_dagrun for welcome_dag to 2025-08-31 23:00:00+00:00, run_after=2025-09-01 23:00:00+00:00
[2025-09-01T08:20:18.168+0000] {processor.py:183} INFO - Processing /opt/airflow/dags/welcome_dag.py took 1.382 seconds
[2025-09-01T08:20:48.531+0000] {processor.py:161} INFO - Started process (PID=282) to work on /opt/airflow/dags/welcome_dag.py
[2025-09-01T08:20:48.534+0000] {processor.py:830} INFO - Processing file /opt/airflow/dags/welcome_dag.py for tasks to queue
[2025-09-01T08:20:48.537+0000] {logging_mixin.py:188} INFO - [2025-09-01T08:20:48.536+0000] {dagbag.py:538} INFO - Filling up the DagBag from /opt/airflow/dags/welcome_dag.py
[2025-09-01T08:20:48.863+0000] {processor.py:840} INFO - DAG(s) 'welcome_dag' retrieved from /opt/airflow/dags/welcome_dag.py
[2025-09-01T08:20:48.929+0000] {logging_mixin.py:188} INFO - [2025-09-01T08:20:48.929+0000] {dag.py:3036} INFO - Sync 1 DAGs
[2025-09-01T08:20:48.996+0000] {logging_mixin.py:188} INFO - [2025-09-01T08:20:48.995+0000] {dag.py:3823} INFO - Setting next_dagrun for welcome_dag to 2025-08-31 23:00:00+00:00, run_after=2025-09-01 23:00:00+00:00
[2025-09-01T08:20:49.161+0000] {processor.py:183} INFO - Processing /opt/airflow/dags/welcome_dag.py took 0.639 seconds
[2025-09-01T08:21:19.577+0000] {processor.py:161} INFO - Started process (PID=297) to work on /opt/airflow/dags/welcome_dag.py
[2025-09-01T08:21:19.581+0000] {processor.py:830} INFO - Processing file /opt/airflow/dags/welcome_dag.py for tasks to queue
[2025-09-01T08:21:19.586+0000] {logging_mixin.py:188} INFO - [2025-09-01T08:21:19.584+0000] {dagbag.py:538} INFO - Filling up the DagBag from /opt/airflow/dags/welcome_dag.py
[2025-09-01T08:21:19.677+0000] {processor.py:840} INFO - DAG(s) 'welcome_dag' retrieved from /opt/airflow/dags/welcome_dag.py
[2025-09-01T08:21:19.897+0000] {logging_mixin.py:188} INFO - [2025-09-01T08:21:19.897+0000] {dag.py:3036} INFO - Sync 1 DAGs
[2025-09-01T08:21:19.956+0000] {logging_mixin.py:188} INFO - [2025-09-01T08:21:19.955+0000] {dag.py:3823} INFO - Setting next_dagrun for welcome_dag to 2025-08-31 23:00:00+00:00, run_after=2025-09-01 23:00:00+00:00
[2025-09-01T08:21:20.106+0000] {processor.py:183} INFO - Processing /opt/airflow/dags/welcome_dag.py took 0.544 seconds
[2025-09-01T08:21:50.845+0000] {processor.py:161} INFO - Started process (PID=312) to work on /opt/airflow/dags/welcome_dag.py
[2025-09-01T08:21:50.852+0000] {processor.py:830} INFO - Processing file /opt/airflow/dags/welcome_dag.py for tasks to queue
[2025-09-01T08:21:50.857+0000] {logging_mixin.py:188} INFO - [2025-09-01T08:21:50.856+0000] {dagbag.py:538} INFO - Filling up the DagBag from /opt/airflow/dags/welcome_dag.py
[2025-09-01T08:21:50.955+0000] {processor.py:840} INFO - DAG(s) 'welcome_dag' retrieved from /opt/airflow/dags/welcome_dag.py
[2025-09-01T08:21:51.075+0000] {logging_mixin.py:188} INFO - [2025-09-01T08:21:51.074+0000] {dag.py:3036} INFO - Sync 1 DAGs
[2025-09-01T08:21:51.130+0000] {logging_mixin.py:188} INFO - [2025-09-01T08:21:51.130+0000] {dag.py:3823} INFO - Setting next_dagrun for welcome_dag to 2025-08-31 23:00:00+00:00, run_after=2025-09-01 23:00:00+00:00
[2025-09-01T08:21:51.282+0000] {processor.py:183} INFO - Processing /opt/airflow/dags/welcome_dag.py took 0.455 seconds
[2025-09-01T08:22:21.659+0000] {processor.py:161} INFO - Started process (PID=327) to work on /opt/airflow/dags/welcome_dag.py
[2025-09-01T08:22:21.664+0000] {processor.py:830} INFO - Processing file /opt/airflow/dags/welcome_dag.py for tasks to queue
[2025-09-01T08:22:21.667+0000] {logging_mixin.py:188} INFO - [2025-09-01T08:22:21.666+0000] {dagbag.py:538} INFO - Filling up the DagBag from /opt/airflow/dags/welcome_dag.py
[2025-09-01T08:22:21.728+0000] {processor.py:840} INFO - DAG(s) 'welcome_dag' retrieved from /opt/airflow/dags/welcome_dag.py
[2025-09-01T08:22:21.818+0000] {logging_mixin.py:188} INFO - [2025-09-01T08:22:21.817+0000] {dag.py:3036} INFO - Sync 1 DAGs
[2025-09-01T08:22:21.914+0000] {logging_mixin.py:188} INFO - [2025-09-01T08:22:21.913+0000] {dag.py:3823} INFO - Setting next_dagrun for welcome_dag to 2025-08-31 23:00:00+00:00, run_after=2025-09-01 23:00:00+00:00
[2025-09-01T08:22:22.001+0000] {processor.py:183} INFO - Processing /opt/airflow/dags/welcome_dag.py took 0.354 seconds
[2025-09-01T08:22:54.957+0000] {processor.py:161} INFO - Started process (PID=342) to work on /opt/airflow/dags/welcome_dag.py
[2025-09-01T08:22:54.961+0000] {processor.py:830} INFO - Processing file /opt/airflow/dags/welcome_dag.py for tasks to queue
[2025-09-01T08:22:54.966+0000] {logging_mixin.py:188} INFO - [2025-09-01T08:22:54.965+0000] {dagbag.py:538} INFO - Filling up the DagBag from /opt/airflow/dags/welcome_dag.py
[2025-09-01T08:22:55.033+0000] {processor.py:840} INFO - DAG(s) 'welcome_dag' retrieved from /opt/airflow/dags/welcome_dag.py
[2025-09-01T08:22:55.419+0000] {logging_mixin.py:188} INFO - [2025-09-01T08:22:55.418+0000] {dag.py:3036} INFO - Sync 1 DAGs
[2025-09-01T08:22:55.481+0000] {logging_mixin.py:188} INFO - [2025-09-01T08:22:55.480+0000] {dag.py:3823} INFO - Setting next_dagrun for welcome_dag to 2025-08-31 23:00:00+00:00, run_after=2025-09-01 23:00:00+00:00
[2025-09-01T08:22:56.662+0000] {processor.py:183} INFO - Processing /opt/airflow/dags/welcome_dag.py took 1.719 seconds
[2025-09-01T08:24:08.043+0000] {processor.py:161} INFO - Started process (PID=355) to work on /opt/airflow/dags/welcome_dag.py
[2025-09-01T08:24:08.045+0000] {processor.py:830} INFO - Processing file /opt/airflow/dags/welcome_dag.py for tasks to queue
[2025-09-01T08:24:08.048+0000] {logging_mixin.py:188} INFO - [2025-09-01T08:24:08.047+0000] {dagbag.py:538} INFO - Filling up the DagBag from /opt/airflow/dags/welcome_dag.py
[2025-09-01T08:24:08.101+0000] {processor.py:840} INFO - DAG(s) 'welcome_dag' retrieved from /opt/airflow/dags/welcome_dag.py
[2025-09-01T08:24:20.049+0000] {logging_mixin.py:188} INFO - [2025-09-01T08:24:20.048+0000] {dag.py:3036} INFO - Sync 1 DAGs
[2025-09-01T08:24:20.687+0000] {logging_mixin.py:188} INFO - [2025-09-01T08:24:20.687+0000] {dag.py:3823} INFO - Setting next_dagrun for welcome_dag to 2025-08-31 23:00:00+00:00, run_after=2025-09-01 23:00:00+00:00
[2025-09-01T08:24:21.024+0000] {processor.py:183} INFO - Processing /opt/airflow/dags/welcome_dag.py took 12.990 seconds
[2025-09-01T08:24:51.782+0000] {processor.py:161} INFO - Started process (PID=372) to work on /opt/airflow/dags/welcome_dag.py
[2025-09-01T08:24:51.785+0000] {processor.py:830} INFO - Processing file /opt/airflow/dags/welcome_dag.py for tasks to queue
[2025-09-01T08:24:51.788+0000] {logging_mixin.py:188} INFO - [2025-09-01T08:24:51.787+0000] {dagbag.py:538} INFO - Filling up the DagBag from /opt/airflow/dags/welcome_dag.py
[2025-09-01T08:24:51.843+0000] {processor.py:840} INFO - DAG(s) 'welcome_dag' retrieved from /opt/airflow/dags/welcome_dag.py
[2025-09-01T08:24:52.088+0000] {logging_mixin.py:188} INFO - [2025-09-01T08:24:52.088+0000] {dag.py:3036} INFO - Sync 1 DAGs
[2025-09-01T08:24:52.136+0000] {logging_mixin.py:188} INFO - [2025-09-01T08:24:52.136+0000] {dag.py:3823} INFO - Setting next_dagrun for welcome_dag to 2025-08-31 23:00:00+00:00, run_after=2025-09-01 23:00:00+00:00
[2025-09-01T08:24:52.381+0000] {processor.py:183} INFO - Processing /opt/airflow/dags/welcome_dag.py took 0.611 seconds
[2025-09-01T08:25:23.417+0000] {processor.py:161} INFO - Started process (PID=385) to work on /opt/airflow/dags/welcome_dag.py
[2025-09-01T08:25:23.422+0000] {processor.py:830} INFO - Processing file /opt/airflow/dags/welcome_dag.py for tasks to queue
[2025-09-01T08:25:23.427+0000] {logging_mixin.py:188} INFO - [2025-09-01T08:25:23.425+0000] {dagbag.py:538} INFO - Filling up the DagBag from /opt/airflow/dags/welcome_dag.py
[2025-09-01T08:25:23.912+0000] {processor.py:840} INFO - DAG(s) 'welcome_dag' retrieved from /opt/airflow/dags/welcome_dag.py
[2025-09-01T08:25:24.161+0000] {logging_mixin.py:188} INFO - [2025-09-01T08:25:24.160+0000] {dag.py:3036} INFO - Sync 1 DAGs
[2025-09-01T08:25:24.232+0000] {logging_mixin.py:188} INFO - [2025-09-01T08:25:24.231+0000] {dag.py:3823} INFO - Setting next_dagrun for welcome_dag to 2025-08-31 23:00:00+00:00, run_after=2025-09-01 23:00:00+00:00
[2025-09-01T08:25:24.461+0000] {processor.py:183} INFO - Processing /opt/airflow/dags/welcome_dag.py took 1.754 seconds
[2025-09-01T08:25:56.409+0000] {processor.py:161} INFO - Started process (PID=400) to work on /opt/airflow/dags/welcome_dag.py
[2025-09-01T08:25:56.414+0000] {processor.py:830} INFO - Processing file /opt/airflow/dags/welcome_dag.py for tasks to queue
[2025-09-01T08:25:56.418+0000] {logging_mixin.py:188} INFO - [2025-09-01T08:25:56.417+0000] {dagbag.py:538} INFO - Filling up the DagBag from /opt/airflow/dags/welcome_dag.py
[2025-09-01T08:25:56.497+0000] {processor.py:840} INFO - DAG(s) 'welcome_dag' retrieved from /opt/airflow/dags/welcome_dag.py
[2025-09-01T08:25:59.709+0000] {logging_mixin.py:188} INFO - [2025-09-01T08:25:59.708+0000] {dag.py:3036} INFO - Sync 1 DAGs
[2025-09-01T08:25:59.759+0000] {logging_mixin.py:188} INFO - [2025-09-01T08:25:59.759+0000] {dag.py:3823} INFO - Setting next_dagrun for welcome_dag to 2025-08-31 23:00:00+00:00, run_after=2025-09-01 23:00:00+00:00
[2025-09-01T08:26:00.273+0000] {processor.py:183} INFO - Processing /opt/airflow/dags/welcome_dag.py took 3.877 seconds
[2025-09-01T08:26:30.912+0000] {processor.py:161} INFO - Started process (PID=417) to work on /opt/airflow/dags/welcome_dag.py
[2025-09-01T08:26:30.918+0000] {processor.py:830} INFO - Processing file /opt/airflow/dags/welcome_dag.py for tasks to queue
[2025-09-01T08:26:30.924+0000] {logging_mixin.py:188} INFO - [2025-09-01T08:26:30.922+0000] {dagbag.py:538} INFO - Filling up the DagBag from /opt/airflow/dags/welcome_dag.py
[2025-09-01T08:26:31.006+0000] {processor.py:840} INFO - DAG(s) 'welcome_dag' retrieved from /opt/airflow/dags/welcome_dag.py
[2025-09-01T08:26:31.078+0000] {logging_mixin.py:188} INFO - [2025-09-01T08:26:31.077+0000] {dag.py:3036} INFO - Sync 1 DAGs
[2025-09-01T08:26:31.123+0000] {logging_mixin.py:188} INFO - [2025-09-01T08:26:31.122+0000] {dag.py:3823} INFO - Setting next_dagrun for welcome_dag to 2025-08-31 23:00:00+00:00, run_after=2025-09-01 23:00:00+00:00
[2025-09-01T08:26:31.308+0000] {processor.py:183} INFO - Processing /opt/airflow/dags/welcome_dag.py took 0.414 seconds
[2025-09-01T08:27:01.945+0000] {processor.py:161} INFO - Started process (PID=432) to work on /opt/airflow/dags/welcome_dag.py
[2025-09-01T08:27:01.950+0000] {processor.py:830} INFO - Processing file /opt/airflow/dags/welcome_dag.py for tasks to queue
[2025-09-01T08:27:01.955+0000] {logging_mixin.py:188} INFO - [2025-09-01T08:27:01.954+0000] {dagbag.py:538} INFO - Filling up the DagBag from /opt/airflow/dags/welcome_dag.py
[2025-09-01T08:27:02.051+0000] {processor.py:840} INFO - DAG(s) 'welcome_dag' retrieved from /opt/airflow/dags/welcome_dag.py
[2025-09-01T08:27:02.616+0000] {logging_mixin.py:188} INFO - [2025-09-01T08:27:02.615+0000] {dag.py:3036} INFO - Sync 1 DAGs
[2025-09-01T08:27:02.676+0000] {logging_mixin.py:188} INFO - [2025-09-01T08:27:02.675+0000] {dag.py:3823} INFO - Setting next_dagrun for welcome_dag to 2025-08-31 23:00:00+00:00, run_after=2025-09-01 23:00:00+00:00
[2025-09-01T08:27:02.840+0000] {processor.py:183} INFO - Processing /opt/airflow/dags/welcome_dag.py took 0.911 seconds
[2025-09-01T08:27:33.136+0000] {processor.py:161} INFO - Started process (PID=447) to work on /opt/airflow/dags/welcome_dag.py
[2025-09-01T08:27:33.139+0000] {processor.py:830} INFO - Processing file /opt/airflow/dags/welcome_dag.py for tasks to queue
[2025-09-01T08:27:33.141+0000] {logging_mixin.py:188} INFO - [2025-09-01T08:27:33.140+0000] {dagbag.py:538} INFO - Filling up the DagBag from /opt/airflow/dags/welcome_dag.py
[2025-09-01T08:27:33.191+0000] {processor.py:840} INFO - DAG(s) 'welcome_dag' retrieved from /opt/airflow/dags/welcome_dag.py
[2025-09-01T08:27:33.251+0000] {logging_mixin.py:188} INFO - [2025-09-01T08:27:33.250+0000] {dag.py:3036} INFO - Sync 1 DAGs
[2025-09-01T08:27:33.296+0000] {logging_mixin.py:188} INFO - [2025-09-01T08:27:33.295+0000] {dag.py:3823} INFO - Setting next_dagrun for welcome_dag to 2025-08-31 23:00:00+00:00, run_after=2025-09-01 23:00:00+00:00
[2025-09-01T08:27:33.622+0000] {processor.py:183} INFO - Processing /opt/airflow/dags/welcome_dag.py took 0.494 seconds
[2025-09-01T08:28:05.240+0000] {processor.py:161} INFO - Started process (PID=462) to work on /opt/airflow/dags/welcome_dag.py
[2025-09-01T08:28:05.243+0000] {processor.py:830} INFO - Processing file /opt/airflow/dags/welcome_dag.py for tasks to queue
[2025-09-01T08:28:05.246+0000] {logging_mixin.py:188} INFO - [2025-09-01T08:28:05.245+0000] {dagbag.py:538} INFO - Filling up the DagBag from /opt/airflow/dags/welcome_dag.py
[2025-09-01T08:28:05.308+0000] {processor.py:840} INFO - DAG(s) 'welcome_dag' retrieved from /opt/airflow/dags/welcome_dag.py
[2025-09-01T08:28:05.694+0000] {logging_mixin.py:188} INFO - [2025-09-01T08:28:05.693+0000] {dag.py:3036} INFO - Sync 1 DAGs
[2025-09-01T08:28:05.744+0000] {logging_mixin.py:188} INFO - [2025-09-01T08:28:05.744+0000] {dag.py:3823} INFO - Setting next_dagrun for welcome_dag to 2025-08-31 23:00:00+00:00, run_after=2025-09-01 23:00:00+00:00
[2025-09-01T08:28:05.946+0000] {processor.py:183} INFO - Processing /opt/airflow/dags/welcome_dag.py took 0.717 seconds
[2025-09-01T08:28:36.823+0000] {processor.py:161} INFO - Started process (PID=477) to work on /opt/airflow/dags/welcome_dag.py
[2025-09-01T08:28:36.826+0000] {processor.py:830} INFO - Processing file /opt/airflow/dags/welcome_dag.py for tasks to queue
[2025-09-01T08:28:36.829+0000] {logging_mixin.py:188} INFO - [2025-09-01T08:28:36.828+0000] {dagbag.py:538} INFO - Filling up the DagBag from /opt/airflow/dags/welcome_dag.py
[2025-09-01T08:28:36.888+0000] {processor.py:840} INFO - DAG(s) 'welcome_dag' retrieved from /opt/airflow/dags/welcome_dag.py
[2025-09-01T08:28:37.446+0000] {logging_mixin.py:188} INFO - [2025-09-01T08:28:37.446+0000] {dag.py:3036} INFO - Sync 1 DAGs
[2025-09-01T08:28:37.495+0000] {logging_mixin.py:188} INFO - [2025-09-01T08:28:37.494+0000] {dag.py:3823} INFO - Setting next_dagrun for welcome_dag to 2025-08-31 23:00:00+00:00, run_after=2025-09-01 23:00:00+00:00
[2025-09-01T08:28:37.862+0000] {processor.py:183} INFO - Processing /opt/airflow/dags/welcome_dag.py took 1.046 seconds
