[2025-09-14T08:39:45.165+0000] {taskinstance.py:1956} INFO - Dependencies all met for dep_context=non-requeueable deps ti=<TaskInstance: ml_pipeline_orchestration.train_model scheduled__2025-09-13T00:00:00+00:00 [queued]>
[2025-09-14T08:39:45.188+0000] {taskinstance.py:1956} INFO - Dependencies all met for dep_context=requeueable deps ti=<TaskInstance: ml_pipeline_orchestration.train_model scheduled__2025-09-13T00:00:00+00:00 [queued]>
[2025-09-14T08:39:45.189+0000] {taskinstance.py:2170} INFO - Starting attempt 1 of 2
[2025-09-14T08:39:46.087+0000] {taskinstance.py:2191} INFO - Executing <Task(DockerOperator): train_model> on 2025-09-13 00:00:00+00:00
[2025-09-14T08:39:46.109+0000] {standard_task_runner.py:60} INFO - Started process 185 to run task
[2025-09-14T08:39:46.141+0000] {standard_task_runner.py:87} INFO - Running: ['***', 'tasks', 'run', 'ml_pipeline_orchestration', 'train_model', 'scheduled__2025-09-13T00:00:00+00:00', '--job-id', '110', '--raw', '--subdir', 'DAGS_FOLDER/orchestration.py', '--cfg-path', '/tmp/tmpq6249156']
[2025-09-14T08:39:46.154+0000] {standard_task_runner.py:88} INFO - Job 110: Subtask train_model
[2025-09-14T08:39:47.072+0000] {task_command.py:423} INFO - Running <TaskInstance: ml_pipeline_orchestration.train_model scheduled__2025-09-13T00:00:00+00:00 [running]> on host 0e9686140722
[2025-09-14T08:39:47.912+0000] {taskinstance.py:2480} INFO - Exporting env vars: AIRFLOW_CTX_DAG_OWNER='Jerr-williams' AIRFLOW_CTX_DAG_ID='ml_pipeline_orchestration' AIRFLOW_CTX_TASK_ID='train_model' AIRFLOW_CTX_EXECUTION_DATE='2025-09-13T00:00:00+00:00' AIRFLOW_CTX_TRY_NUMBER='1' AIRFLOW_CTX_DAG_RUN_ID='scheduled__2025-09-13T00:00:00+00:00'
[2025-09-14T08:39:48.373+0000] {docker.py:359} INFO - Starting docker container from image 972111245465383674563253/prediction-apps:latest
[2025-09-14T08:41:31.978+0000] {docker.py:429} INFO - /app/src/data/clean_data.py:26: FutureWarning: The default of observed=False is deprecated and will be changed to True in a future version of pandas. Pass observed=False to retain current behavior or observed=True to adopt the future default and silence this warning.
  median_by_tenure = df_clean.groupby(pd.cut(df_clean['tenure'], bins=[0, 12, 24, 48, 72]))['total_charges'].median()
[2025-09-14T08:41:56.382+0000] {docker.py:429} INFO - === CUSTOMER CHURN PREDICTION TRAINING ===

1. Loading data...
Loaded 5000 rows and 14 columns

2. Cleaning data...
Starting data cleaning...
Removed 0 duplicate rows
Data cleaning completed
Removed 293 outliers from total_charges
Data cleaning completed. Final shape: (4707, 14)

3. Transforming data...
Starting data transformation...
Fitted encoder for gender
Fitted encoder for contract
Fitted encoder for internet_service
Fitted encoder for online_security
Fitted encoder for tech_support
Fitted encoder for streaming_tv
Fitted encoder for payment_method
Fitted encoder for paperless_billing
Train set: 3765 samples
Test set: 942 samples
All transformers saved to /app/Models/transformers.joblib
Data transformation completed

4. Training models...
Training logistic_regression...
[2025-09-14T08:51:27.928+0000] {local_task_job_runner.py:234} INFO - Task exited with return code -9
[2025-09-14T08:54:03.203+0000] {taskinstance.py:3280} INFO - 0 downstream tasks scheduled from follow-on schedule check
[2025-09-14T12:33:32.042+0000] {taskinstance.py:1956} INFO - Dependencies all met for dep_context=non-requeueable deps ti=<TaskInstance: ml_pipeline_orchestration.train_model scheduled__2025-09-13T00:00:00+00:00 [queued]>
[2025-09-14T12:33:32.130+0000] {taskinstance.py:1956} INFO - Dependencies all met for dep_context=requeueable deps ti=<TaskInstance: ml_pipeline_orchestration.train_model scheduled__2025-09-13T00:00:00+00:00 [queued]>
[2025-09-14T12:33:32.132+0000] {taskinstance.py:2170} INFO - Starting attempt 1 of 2
[2025-09-14T12:33:32.262+0000] {taskinstance.py:2191} INFO - Executing <Task(DockerOperator): train_model> on 2025-09-13 00:00:00+00:00
[2025-09-14T12:33:32.278+0000] {standard_task_runner.py:60} INFO - Started process 524 to run task
[2025-09-14T12:33:32.297+0000] {standard_task_runner.py:87} INFO - Running: ['***', 'tasks', 'run', 'ml_pipeline_orchestration', 'train_model', 'scheduled__2025-09-13T00:00:00+00:00', '--job-id', '6', '--raw', '--subdir', 'DAGS_FOLDER/another.py', '--cfg-path', '/tmp/tmp6_w8yv27']
[2025-09-14T12:33:32.317+0000] {standard_task_runner.py:88} INFO - Job 6: Subtask train_model
[2025-09-14T12:33:32.598+0000] {task_command.py:423} INFO - Running <TaskInstance: ml_pipeline_orchestration.train_model scheduled__2025-09-13T00:00:00+00:00 [running]> on host 6003dd60b185
[2025-09-14T12:33:33.262+0000] {taskinstance.py:2480} INFO - Exporting env vars: AIRFLOW_CTX_DAG_OWNER='Jeremiah-williams' AIRFLOW_CTX_DAG_ID='ml_pipeline_orchestration' AIRFLOW_CTX_TASK_ID='train_model' AIRFLOW_CTX_EXECUTION_DATE='2025-09-13T00:00:00+00:00' AIRFLOW_CTX_TRY_NUMBER='1' AIRFLOW_CTX_DAG_RUN_ID='scheduled__2025-09-13T00:00:00+00:00'
[2025-09-14T12:33:34.215+0000] {docker.py:359} INFO - Starting docker container from image 972111245465383674563253/prediction-apps:latest
[2025-09-14T12:33:34.622+0000] {taskinstance.py:2698} ERROR - Task failed with exception
Traceback (most recent call last):
  File "/home/airflow/.local/lib/python3.8/site-packages/docker/api/client.py", line 265, in _raise_for_status
    response.raise_for_status()
  File "/home/airflow/.local/lib/python3.8/site-packages/requests/models.py", line 1021, in raise_for_status
    raise HTTPError(http_error_msg, response=self)
requests.exceptions.HTTPError: 400 Client Error: Bad Request for url: http+docker://localhost/v1.51/containers/create

The above exception was the direct cause of the following exception:

Traceback (most recent call last):
  File "/home/airflow/.local/lib/python3.8/site-packages/airflow/models/taskinstance.py", line 433, in _execute_task
    result = execute_callable(context=context, **execute_callable_kwargs)
  File "/home/airflow/.local/lib/python3.8/site-packages/airflow/providers/docker/operators/docker.py", line 502, in execute
    return self._run_image()
  File "/home/airflow/.local/lib/python3.8/site-packages/airflow/providers/docker/operators/docker.py", line 376, in _run_image
    return self._run_image_with_mounts(self.mounts, add_tmp_variable=False)
  File "/home/airflow/.local/lib/python3.8/site-packages/airflow/providers/docker/operators/docker.py", line 391, in _run_image_with_mounts
    self.container = self.cli.create_container(
  File "/home/airflow/.local/lib/python3.8/site-packages/docker/api/container.py", line 439, in create_container
    return self.create_container_from_config(config, name, platform)
  File "/home/airflow/.local/lib/python3.8/site-packages/docker/api/container.py", line 456, in create_container_from_config
    return self._result(res, True)
  File "/home/airflow/.local/lib/python3.8/site-packages/docker/api/client.py", line 271, in _result
    self._raise_for_status(response)
  File "/home/airflow/.local/lib/python3.8/site-packages/docker/api/client.py", line 267, in _raise_for_status
    raise create_api_error_from_http_exception(e) from e
  File "/home/airflow/.local/lib/python3.8/site-packages/docker/errors.py", line 39, in create_api_error_from_http_exception
    raise cls(e, response=response, explanation=explanation) from e
docker.errors.APIError: 400 Client Error for http+docker://localhost/v1.51/containers/create: Bad Request ("invalid mount config for type "bind": bind source path does not exist: /shared_data/Models")
[2025-09-14T12:33:34.785+0000] {taskinstance.py:1138} INFO - Marking task as UP_FOR_RETRY. dag_id=ml_pipeline_orchestration, task_id=train_model, execution_date=20250913T000000, start_date=20250914T123332, end_date=20250914T123334
[2025-09-14T12:33:35.418+0000] {standard_task_runner.py:107} ERROR - Failed to execute job 6 for task train_model (400 Client Error for http+docker://localhost/v1.51/containers/create: Bad Request ("invalid mount config for type "bind": bind source path does not exist: /shared_data/Models"); 524)
[2025-09-14T12:33:35.470+0000] {local_task_job_runner.py:234} INFO - Task exited with return code 1
[2025-09-14T12:33:35.579+0000] {taskinstance.py:3280} INFO - 0 downstream tasks scheduled from follow-on schedule check
